#
# A fatal error has been detected by the Java Runtime Environment:
#
#  EXCEPTION_ACCESS_VIOLATION (0xc0000005) at pc=0xffffffffa33c5120, pid=10532, tid=11780
#
# JRE version: Java(TM) SE Runtime Environment (8.0_91-b14) (build 1.8.0_91-b14)
# Java VM: Java HotSpot(TM) 64-Bit Server VM (25.91-b14 mixed mode windows-amd64 compressed oops)
# Problematic frame:
# C  0xffffffffa33c5120
#
# Failed to write core dump. Minidumps are not enabled by default on client versions of Windows
#
# If you would like to submit a bug report, please visit:
#   http://bugreport.java.com/bugreport/crash.jsp
#

---------------  T H R E A D  ---------------

Current thread (0x00000000023bd800):  JavaThread "main" [_thread_in_Java, id=11780, stack(0x0000000002090000,0x0000000002190000)]

siginfo: ExceptionCode=0xc0000005, ExceptionInformation=0x0000000000000008 0xffffffffa33c5120

Registers:
RAX=0x0000000014669c28, RBX=0x0000000014669c28, RCX=0x00000000ead47428, RDX=0x00000000ead47428
RSP=0x000000000218dc38, RBP=0x000000000218dc90, RSI=0x000000001467dec8, RDI=0x00000000000002e0
R8 =0x00000000ead45378, R9 =0x0000000000000002, R10=0x0000000076eb49a0, R11=0x00000000025d67a0
R12=0x0000000000000000, R13=0x000000000218dc48, R14=0x0000000000000000, R15=0x00000000023bd800
RIP=0xffffffffa33c5120, EFLAGS=0x0000000000010202

Top of Stack: (sp=0x000000000218dc38)
0x000000000218dc38:   00000000023c7ae0 00000000023c7ae0
0x000000000218dc48:   00000000ead47428 000000000218dc50
0x000000000218dc58:   000000001466988a 000000000218dcc8
0x000000000218dc68:   000000001467d980 0000000000000000
0x000000000218dc78:   0000000014669910 000000000218dc48
0x000000000218dc88:   000000000218dcb0 000000000218dd10
0x000000000218dc98:   00000000023c7ae0 0000000000000065
0x000000000218dca8:   0000000000000235 0000000000002000
0x000000000218dcb8:   0000000000000000 00000000ead34e78
0x000000000218dcc8:   00000000ead47428 000000000218dcd0
0x000000000218dcd8:   0000000014678657 000000000218dd48
0x000000000218dce8:   0000000014679b80 0000000014682b80
0x000000000218dcf8:   00000000146788b8 000000000218dcb0
0x000000000218dd08:   000000000218dd50 000000000218ddf0
0x000000000218dd18:   00000000025d27d4 0000000000000000
0x000000000218dd28:   0000000000000000 0000000000000000 

Instructions: (pc=0xffffffffa33c5120)
0xffffffffa33c5100:   
[error occurred during error reporting (printing registers, top of stack, instructions near pc), id 0xc0000005]

Register to memory mapping:

RAX={method} {0x0000000014669c30} 'read' '()I' in 'org/codehaus/plexus/util/InterpolationFilterReader'
RBX={method} {0x0000000014669c30} 'read' '()I' in 'org/codehaus/plexus/util/InterpolationFilterReader'
RCX=0x00000000ead47428 is an oop
org.codehaus.plexus.util.InterpolationFilterReader 
 - klass: 'org/codehaus/plexus/util/InterpolationFilterReader'
RDX=0x00000000ead47428 is an oop
org.codehaus.plexus.util.InterpolationFilterReader 
 - klass: 'org/codehaus/plexus/util/InterpolationFilterReader'
RSP=0x000000000218dc38 is pointing into the stack for thread: 0x00000000023bd800
RBP=0x000000000218dc90 is pointing into the stack for thread: 0x00000000023bd800
RSI=0x000000001467dec8 is pointing into metadata
RDI=0x00000000000002e0 is an unknown value
R8 =0x00000000ead45378 is an oop
java.io.InputStreamReader 
 - klass: 'java/io/InputStreamReader'
R9 =0x0000000000000002 is an unknown value
R10=0x0000000076eb49a0 is an unknown value
R11=0x00000000025d67a0 is at entry_point+32 in (nmethod*)0x00000000025d62d0
R12=0x0000000000000000 is an unknown value
R13=0x000000000218dc48 is pointing into the stack for thread: 0x00000000023bd800
R14=0x0000000000000000 is an unknown value
R15=0x00000000023bd800 is a thread


Stack: [0x0000000002090000,0x0000000002190000],  sp=0x000000000218dc38,  free space=1015k
Native frames: (J=compiled Java code, j=interpreted, Vv=VM code, C=native code)
C  0xffffffffa33c5120


---------------  P R O C E S S  ---------------

Java Threads: ( => current thread )
  0x0000000016400800 JavaThread "Service Thread" daemon [_thread_blocked, id=7680, stack(0x00000000167e0000,0x00000000168e0000)]
  0x0000000014a93800 JavaThread "C1 CompilerThread2" daemon [_thread_blocked, id=12056, stack(0x00000000162e0000,0x00000000163e0000)]
  0x0000000014a90800 JavaThread "C2 CompilerThread1" daemon [_thread_blocked, id=10860, stack(0x00000000161e0000,0x00000000162e0000)]
  0x0000000014a8d000 JavaThread "C2 CompilerThread0" daemon [_thread_blocked, id=8112, stack(0x00000000160e0000,0x00000000161e0000)]
  0x0000000014a8b800 JavaThread "Attach Listener" daemon [_thread_blocked, id=1524, stack(0x0000000015fe0000,0x00000000160e0000)]
  0x0000000014a8a000 JavaThread "Signal Dispatcher" daemon [_thread_blocked, id=11368, stack(0x0000000015ee0000,0x0000000015fe0000)]
  0x0000000014a79800 JavaThread "Finalizer" daemon [_thread_blocked, id=536, stack(0x0000000015cf0000,0x0000000015df0000)]
  0x00000000022f0000 JavaThread "Reference Handler" daemon [_thread_blocked, id=1384, stack(0x0000000015bf0000,0x0000000015cf0000)]
=>0x00000000023bd800 JavaThread "main" [_thread_in_Java, id=11780, stack(0x0000000002090000,0x0000000002190000)]

Other Threads:
  0x0000000014a57800 VMThread [stack: 0x0000000015af0000,0x0000000015bf0000] [id=2644]
  0x0000000014aee800 WatcherThread [stack: 0x00000000168e0000,0x00000000169e0000] [id=2280]

VM state:not at safepoint (normal execution)

VM Mutex/Monitor currently owned by a thread: None

Heap:
 PSYoungGen      total 18944K, used 4989K [0x00000000eab00000, 0x00000000ed000000, 0x0000000100000000)
  eden space 16384K, 14% used [0x00000000eab00000,0x00000000ead63598,0x00000000ebb00000)
  from space 2560K, 99% used [0x00000000ebb00000,0x00000000ebd7bee8,0x00000000ebd80000)
  to   space 2560K, 0% used [0x00000000ecd80000,0x00000000ecd80000,0x00000000ed000000)
 ParOldGen       total 44032K, used 646K [0x00000000c0000000, 0x00000000c2b00000, 0x00000000eab00000)
  object space 44032K, 1% used [0x00000000c0000000,0x00000000c00a1a68,0x00000000c2b00000)
 Metaspace       used 6752K, capacity 6876K, committed 7040K, reserved 1056768K
  class space    used 835K, capacity 888K, committed 896K, reserved 1048576K

Card table byte_map: [0x0000000011780000,0x0000000011990000] byte_map_base: 0x0000000011180000

Marking Bits: (ParMarkBitMap*) 0x0000000076ed2f70
 Begin Bits: [0x0000000011ef0000, 0x0000000012ef0000)
 End Bits:   [0x0000000012ef0000, 0x0000000013ef0000)

Polling page: 0x0000000000770000

CodeCache: size=245760Kb used=2605Kb max_used=2616Kb free=243154Kb
 bounds [0x00000000023c0000, 0x0000000002660000, 0x00000000113c0000]
 total_blobs=796 nmethods=525 adapters=186
 compilation: enabled

Compilation events (10 events):
Event: 0.967 Thread 0x0000000014a93800  524       2       java.util.TreeMap$PrivateEntryIterator::<init> (28 bytes)
Event: 0.967 Thread 0x0000000014a93800 nmethod 524 0x000000000262b450 code [0x000000000262b5a0, 0x000000000262b730]
Event: 0.968 Thread 0x0000000014a90800 nmethod 506 0x0000000002628ed0 code [0x0000000002629040, 0x00000000026294f8]
Event: 0.968 Thread 0x0000000014a90800  466       4       org.codehaus.plexus.util.InterpolationFilterReader::read (479 bytes)
Event: 0.970 Thread 0x0000000014a8d000 nmethod 465 0x000000000263d750 code [0x000000000263dae0, 0x0000000002640cd8]
Event: 0.970 Thread 0x0000000014a93800  525       3       org.codehaus.plexus.util.xml.pull.MXParser::require (443 bytes)
Event: 0.970 Thread 0x0000000014a8d000  467       4       java.io.Reader::read (21 bytes)
Event: 0.973 Thread 0x0000000014a8d000 nmethod 467 0x000000000262cf10 code [0x000000000262d060, 0x000000000262d1c8]
Event: 0.973 Thread 0x0000000014a8d000  468       4       org.codehaus.plexus.util.xml.XmlReader::read (11 bytes)
Event: 0.974 Thread 0x0000000014a90800 nmethod 466 0x000000000262c710 code [0x000000000262c880, 0x000000000262cac8]

GC Heap History (2 events):
Event: 0.870 GC heap before
{Heap before GC invocations=1 (full 0):
 PSYoungGen      total 18944K, used 16384K [0x00000000eab00000, 0x00000000ec000000, 0x0000000100000000)
  eden space 16384K, 100% used [0x00000000eab00000,0x00000000ebb00000,0x00000000ebb00000)
  from space 2560K, 0% used [0x00000000ebd80000,0x00000000ebd80000,0x00000000ec000000)
  to   space 2560K, 0% used [0x00000000ebb00000,0x00000000ebb00000,0x00000000ebd80000)
 ParOldGen       total 44032K, used 0K [0x00000000c0000000, 0x00000000c2b00000, 0x00000000eab00000)
  object space 44032K, 0% used [0x00000000c0000000,0x00000000c0000000,0x00000000c2b00000)
 Metaspace       used 6680K, capacity 6812K, committed 7040K, reserved 1056768K
  class space    used 821K, capacity 888K, committed 896K, reserved 1048576K
Event: 0.891 GC heap after
Heap after GC invocations=1 (full 0):
 PSYoungGen      total 18944K, used 2543K [0x00000000eab00000, 0x00000000ed000000, 0x0000000100000000)
  eden space 16384K, 0% used [0x00000000eab00000,0x00000000eab00000,0x00000000ebb00000)
  from space 2560K, 99% used [0x00000000ebb00000,0x00000000ebd7bee8,0x00000000ebd80000)
  to   space 2560K, 0% used [0x00000000ecd80000,0x00000000ecd80000,0x00000000ed000000)
 ParOldGen       total 44032K, used 646K [0x00000000c0000000, 0x00000000c2b00000, 0x00000000eab00000)
  object space 44032K, 1% used [0x00000000c0000000,0x00000000c00a1a68,0x00000000c2b00000)
 Metaspace       used 6680K, capacity 6812K, committed 7040K, reserved 1056768K
  class space    used 821K, capacity 888K, committed 896K, reserved 1048576K
}

Deoptimization events (0 events):
No events

Internal exceptions (10 events):
Event: 0.306 Thread 0x00000000023bd800 Exception <a 'java/security/PrivilegedActionException'> (0x00000000ead9b750) thrown at [C:\re\workspace\8-2-build-windows-amd64-cygwin\jdk8u91\6644\hotspot\src\share\vm\prims\jvm.cpp, line 1386]
Event: 0.306 Thread 0x00000000023bd800 Exception <a 'java/security/PrivilegedActionException'> (0x00000000ead9b960) thrown at [C:\re\workspace\8-2-build-windows-amd64-cygwin\jdk8u91\6644\hotspot\src\share\vm\prims\jvm.cpp, line 1386]
Event: 0.307 Thread 0x00000000023bd800 Exception <a 'java/security/PrivilegedActionException'> (0x00000000ead9f990) thrown at [C:\re\workspace\8-2-build-windows-amd64-cygwin\jdk8u91\6644\hotspot\src\share\vm\prims\jvm.cpp, line 1386]
Event: 0.307 Thread 0x00000000023bd800 Exception <a 'java/security/PrivilegedActionException'> (0x00000000ead9fba0) thrown at [C:\re\workspace\8-2-build-windows-amd64-cygwin\jdk8u91\6644\hotspot\src\share\vm\prims\jvm.cpp, line 1386]
Event: 0.627 Thread 0x00000000023bd800 Exception <a 'java/lang/ArrayIndexOutOfBoundsException': 18> (0x00000000eb4a30b8) thrown at [C:\re\workspace\8-2-build-windows-amd64-cygwin\jdk8u91\6644\hotspot\src\share\vm\interpreter\interpreterRuntime.cpp, line 366]
Event: 0.627 Thread 0x00000000023bd800 Exception <a 'java/lang/ArrayIndexOutOfBoundsException': 43> (0x00000000eb4a3f58) thrown at [C:\re\workspace\8-2-build-windows-amd64-cygwin\jdk8u91\6644\hotspot\src\share\vm\interpreter\interpreterRuntime.cpp, line 366]
Event: 0.628 Thread 0x00000000023bd800 Exception <a 'java/lang/ArrayIndexOutOfBoundsException': 92> (0x00000000eb4a57f0) thrown at [C:\re\workspace\8-2-build-windows-amd64-cygwin\jdk8u91\6644\hotspot\src\share\vm\interpreter\interpreterRuntime.cpp, line 366]
Event: 0.691 Thread 0x00000000023bd800 Exception <a 'java/lang/ArrayIndexOutOfBoundsException'> (0x00000000eb6eb470) thrown at [C:\re\workspace\8-2-build-windows-amd64-cygwin\jdk8u91\6644\hotspot\src\share\vm\runtime\sharedRuntime.cpp, line 605]
Event: 0.691 Thread 0x00000000023bd800 Exception <a 'java/lang/ArrayIndexOutOfBoundsException'> (0x00000000eb6ecba8) thrown at [C:\re\workspace\8-2-build-windows-amd64-cygwin\jdk8u91\6644\hotspot\src\share\vm\runtime\sharedRuntime.cpp, line 605]
Event: 0.710 Thread 0x00000000023bd800 Exception <a 'java/lang/ArrayIndexOutOfBoundsException'> (0x00000000eb74bdb0) thrown at [C:\re\workspace\8-2-build-windows-amd64-cygwin\jdk8u91\6644\hotspot\src\share\vm\runtime\sharedRuntime.cpp, line 605]

Events (10 events):
Event: 0.968 loading class org/codehaus/plexus/component/annotations/Configuration
Event: 0.968 loading class org/codehaus/plexus/component/annotations/Configuration done
Event: 0.969 loading class org/apache/maven/repository/metadata/GraphConflictResolutionPolicy
Event: 0.969 loading class org/apache/maven/repository/metadata/GraphConflictResolutionPolicy done
Event: 0.969 loading class org/apache/maven/repository/metadata/GraphConflictResolutionPolicy
Event: 0.969 loading class org/apache/maven/repository/metadata/GraphConflictResolutionPolicy done
Event: 0.970 loading class org/apache/maven/repository/metadata/GraphConflictResolver
Event: 0.970 loading class org/apache/maven/repository/metadata/GraphConflictResolver done
Event: 0.970 loading class org/apache/maven/repository/metadata/GraphConflictResolver
Event: 0.970 loading class org/apache/maven/repository/metadata/GraphConflictResolver done


Dynamic libraries:
0x00007ff774440000 - 0x00007ff774477000 	C:\Program Files\Java\jdk1.8.0_91\bin\java.exe
0x00007ffb9f7e0000 - 0x00007ffb9f9b1000 	C:\WINDOWS\SYSTEM32\ntdll.dll
0x00007ffb9e000000 - 0x00007ffb9e0ab000 	C:\WINDOWS\System32\KERNEL32.DLL
0x00007ffb83070000 - 0x00007ffb830c4000 	C:\Program Files (x86)\AVG\Av\avghooka.dll
0x00007ffb9bf60000 - 0x00007ffb9c17d000 	C:\WINDOWS\System32\KERNELBASE.dll
0x00007ffb9cf20000 - 0x00007ffb9cfc2000 	C:\WINDOWS\System32\ADVAPI32.dll
0x00007ffb9d410000 - 0x00007ffb9d4ae000 	C:\WINDOWS\System32\msvcrt.dll
0x00007ffb9e0b0000 - 0x00007ffb9e109000 	C:\WINDOWS\System32\sechost.dll
0x00007ffb9cd90000 - 0x00007ffb9ceb1000 	C:\WINDOWS\System32\RPCRT4.dll
0x00007ffb9de90000 - 0x00007ffb9dff5000 	C:\WINDOWS\System32\USER32.dll
0x00007ffb9bcd0000 - 0x00007ffb9bcee000 	C:\WINDOWS\System32\win32u.dll
0x00007ffb9dcf0000 - 0x00007ffb9dd24000 	C:\WINDOWS\System32\GDI32.dll
0x00007ffb9cb30000 - 0x00007ffb9ccb2000 	C:\WINDOWS\System32\gdi32full.dll
0x00007ffb91540000 - 0x00007ffb917b9000 	C:\WINDOWS\WinSxS\amd64_microsoft.windows.common-controls_6595b64144ccf1df_6.0.14393.447_none_42191651c6827bb3\COMCTL32.dll
0x00007ffb9d040000 - 0x00007ffb9d308000 	C:\WINDOWS\System32\combase.dll
0x00007ffb9c2a0000 - 0x00007ffb9c395000 	C:\WINDOWS\System32\ucrtbase.dll
0x00007ffb9c180000 - 0x00007ffb9c1ea000 	C:\WINDOWS\System32\bcryptPrimitives.dll
0x00007ffb9e280000 - 0x00007ffb9e2ae000 	C:\WINDOWS\System32\IMM32.DLL
0x00000000765e0000 - 0x00000000766b2000 	C:\Program Files\Java\jdk1.8.0_91\jre\bin\msvcr100.dll
0x00000000766c0000 - 0x0000000076f53000 	C:\Program Files\Java\jdk1.8.0_91\jre\bin\server\jvm.dll
0x00007ffb9f7d0000 - 0x00007ffb9f7d8000 	C:\WINDOWS\System32\PSAPI.DLL
0x00007ffb946b0000 - 0x00007ffb946b9000 	C:\WINDOWS\SYSTEM32\WSOCK32.dll
0x00007ffb9cfd0000 - 0x00007ffb9d03a000 	C:\WINDOWS\System32\WS2_32.dll
0x00007ffb9a0a0000 - 0x00007ffb9a0c3000 	C:\WINDOWS\SYSTEM32\WINMM.dll
0x00007ffb96b90000 - 0x00007ffb96b9a000 	C:\WINDOWS\SYSTEM32\VERSION.dll
0x00007ffb9a070000 - 0x00007ffb9a09b000 	C:\WINDOWS\SYSTEM32\WINMMBASE.dll
0x00007ffb9cd20000 - 0x00007ffb9cd62000 	C:\WINDOWS\System32\cfgmgr32.dll
0x0000000076590000 - 0x000000007659f000 	C:\Program Files\Java\jdk1.8.0_91\jre\bin\verify.dll
0x0000000076560000 - 0x0000000076589000 	C:\Program Files\Java\jdk1.8.0_91\jre\bin\java.dll
0x0000000076540000 - 0x0000000076556000 	C:\Program Files\Java\jdk1.8.0_91\jre\bin\zip.dll
0x00007ffb9e2c0000 - 0x00007ffb9f7c9000 	C:\WINDOWS\System32\SHELL32.dll
0x00007ffb9c3a0000 - 0x00007ffb9ca7a000 	C:\WINDOWS\System32\windows.storage.dll
0x00007ffb9bc70000 - 0x00007ffb9bcbc000 	C:\WINDOWS\System32\powrprof.dll
0x00007ffb9d580000 - 0x00007ffb9d5d2000 	C:\WINDOWS\System32\shlwapi.dll
0x00007ffb9bc60000 - 0x00007ffb9bc6f000 	C:\WINDOWS\System32\kernel.appcore.dll
0x00007ffb9ca80000 - 0x00007ffb9cb29000 	C:\WINDOWS\System32\shcore.dll
0x00007ffb9bc40000 - 0x00007ffb9bc54000 	C:\WINDOWS\System32\profapi.dll
0x00007ffb8a610000 - 0x00007ffb8a7a2000 	C:\WINDOWS\SYSTEM32\dbghelp.dll

VM Arguments:
jvm_args: -Dclassworlds.conf=C:\Program Files\NetBeans 8.2\java\maven\bin\m2.conf -Dmaven.home=C:\Program Files\NetBeans 8.2\java\maven 
java_command: org.codehaus.plexus.classworlds.launcher.Launcher -Dmaven.ext.class.path=C:\Program Files\NetBeans 8.2\java\maven-nblib\netbeans-eventspy.jar -Dfile.encoding=UTF-8 test
java_class_path (initial): C:\Program Files\NetBeans 8.2\java\maven\boot\plexus-classworlds-2.4.jar
Launcher Type: SUN_STANDARD

Environment Variables:
JAVA_HOME=C:\Program Files\Java\jdk1.8.0_91
PATH=C:\ProgramData\Oracle\Java\javapath;C:\WINDOWS\system32;C:\WINDOWS;C:\WINDOWS\System32\Wbem;C:\WINDOWS\System32\WindowsPowerShell\v1.0\;C:\Program Files (x86)\Skype\Phone\;C:\Program Files (x86)\NVIDIA Corporation\PhysX\Common;C:\WINDOWS\system32;C:\WINDOWS;C:\WINDOWS\System32\Wbem;C:\WINDOWS\System32\WindowsPowerShell\v1.0\;C:\Users\jaakk_000\AppData\Local\Microsoft\WindowsApps;
USERNAME=jaakk_000
OS=Windows_NT
PROCESSOR_IDENTIFIER=Intel64 Family 6 Model 23 Stepping 10, GenuineIntel



---------------  S Y S T E M  ---------------

OS: Windows 10.0 , 64 bit Build 14393 (10.0.14393.0)

CPU:total 4 (4 cores per cpu, 1 threads per core) family 6 model 23 stepping 10, cmov, cx8, fxsr, mmx, sse, sse2, sse3, ssse3, sse4.1, tsc

Memory: 4k page, physical 4193268k(1264376k free), swap 5831668k(1545988k free)

vm_info: Java HotSpot(TM) 64-Bit Server VM (25.91-b14) for windows-amd64 JRE (1.8.0_91-b14), built on Apr  1 2016 00:58:32 by "java_re" with MS VC++ 10.0 (VS2010)

time: Sun Mar 05 13:38:16 2017
elapsed time: 1 seconds (0d 0h 0m 1s)

