#
# A fatal error has been detected by the Java Runtime Environment:
#
#  EXCEPTION_ACCESS_VIOLATION (0xc0000005) at pc=0xffffffffa3e45120, pid=3060, tid=11564
#
# JRE version: Java(TM) SE Runtime Environment (8.0_91-b14) (build 1.8.0_91-b14)
# Java VM: Java HotSpot(TM) 64-Bit Server VM (25.91-b14 mixed mode windows-amd64 compressed oops)
# Problematic frame:
# C  0xffffffffa3e45120
#
# Failed to write core dump. Minidumps are not enabled by default on client versions of Windows
#
# If you would like to submit a bug report, please visit:
#   http://bugreport.java.com/bugreport/crash.jsp
#

---------------  T H R E A D  ---------------

Current thread (0x0000000002d3d800):  JavaThread "main" [_thread_in_Java, id=11564, stack(0x0000000002b80000,0x0000000002c80000)]

siginfo: ExceptionCode=0xc0000005, ExceptionInformation=0x0000000000000008 0xffffffffa3e45120

Registers:
RAX=0x0000000000000000, RBX=0x0000000000000000, RCX=0x0000000018d02768, RDX=0x00000000ec3b1168
RSP=0x0000000002c7ced8, RBP=0x0000000002c7d128, RSI=0x00000000ecd80010, RDI=0x00000000ec3b1168
R8 =0x0000000000000001, R9 =0x00000000ec662460, R10=0x0000000000000010, R11=0x0000000000000118
R12=0x0000000000000000, R13=0x0000000000001655, R14=0x00000000ec667408, R15=0x0000000002d3d800
RIP=0xffffffffa3e45120, EFLAGS=0x0000000000010206

Top of Stack: (sp=0x0000000002c7ced8)
0x0000000002c7ced8:   0000000003250dcc 0000000100001ef8
0x0000000002c7cee8:   0000000055024d22 00000000ecd8f4b0
0x0000000002c7cef8:   000000000327490c 00000000ecde1508
0x0000000002c7cf08:   00000000ec3b0fb8 00000000ecd8f4b0
0x0000000002c7cf18:   00000000eb23eca8 00000000ecd80010
0x0000000002c7cf28:   0000000002d3d800 000000005dfca332
0x0000000002c7cf38:   000000000312ceb4 0000000002d3d800
0x0000000002c7cf48:   00000000ec3b1168 00000000ecd80010
0x0000000002c7cf58:   00000000ec667408 00000000ec662460
0x0000000002c7cf68:   0000000000000000 00000000ecd8f4b0
0x0000000002c7cf78:   00000000ec2238b0 00000000ecdb0000
0x0000000002c7cf88:   00000000ec6623f0 00000000ecd8f4b0
0x0000000002c7cf98:   00000000eb23ec68 00000000ecd8f4b0
0x0000000002c7cfa8:   00000000ecd80010 00000000ec3b1168
0x0000000002c7cfb8:   0000000000000001 00000000ec3afda0
0x0000000002c7cfc8:   0000000000000202 0000000002c7d128 

Instructions: (pc=0xffffffffa3e45120)
0xffffffffa3e45100:   
[error occurred during error reporting (printing registers, top of stack, instructions near pc), id 0xc0000005]

Register to memory mapping:

RAX=0x0000000000000000 is an unknown value
RBX=0x0000000000000000 is an unknown value
RCX=0x0000000018d02768 is pointing into metadata
RDX=0x00000000ec3b1168 is an oop
java.lang.reflect.Field 
 - klass: 'java/lang/reflect/Field'
RSP=0x0000000002c7ced8 is pointing into the stack for thread: 0x0000000002d3d800
RBP=0x0000000002c7d128 is pointing into the stack for thread: 0x0000000002d3d800
RSI=0x00000000ecd80010 is an oop
java.lang.Class 
 - klass: 'java/lang/Class'
RDI=0x00000000ec3b1168 is an oop
java.lang.reflect.Field 
 - klass: 'java/lang/reflect/Field'
R8 =0x0000000000000001 is an unknown value
R9 =0x00000000ec662460 is an oop
org.codehaus.plexus.util.xml.Xpp3Dom 
 - klass: 'org/codehaus/plexus/util/xml/Xpp3Dom'
R10=0x0000000000000010 is an unknown value
R11=0x0000000000000118 is an unknown value
R12=0x0000000000000000 is an unknown value
R13=0x0000000000001655 is an unknown value
R14=0x00000000ec667408 is an oop
org.apache.maven.model.interpolation.StringSearchModelInterpolator$InterpolateObjectAction 
 - klass: 'org/apache/maven/model/interpolation/StringSearchModelInterpolator$InterpolateObjectAction'
R15=0x0000000002d3d800 is a thread


Stack: [0x0000000002b80000,0x0000000002c80000],  sp=0x0000000002c7ced8,  free space=1011k
Native frames: (J=compiled Java code, j=interpreted, Vv=VM code, C=native code)
C  0xffffffffa3e45120


---------------  P R O C E S S  ---------------

Java Threads: ( => current thread )
  0x0000000016eaa800 JavaThread "Service Thread" daemon [_thread_blocked, id=9632, stack(0x0000000017280000,0x0000000017380000)]
  0x0000000015518800 JavaThread "C1 CompilerThread2" daemon [_thread_blocked, id=11796, stack(0x0000000016d80000,0x0000000016e80000)]
  0x0000000015512000 JavaThread "C2 CompilerThread1" daemon [_thread_in_native, id=4572, stack(0x0000000016c80000,0x0000000016d80000)]
  0x000000001550e000 JavaThread "C2 CompilerThread0" daemon [_thread_blocked, id=888, stack(0x0000000016b80000,0x0000000016c80000)]
  0x000000001550c800 JavaThread "Attach Listener" daemon [_thread_blocked, id=8624, stack(0x0000000016a80000,0x0000000016b80000)]
  0x000000001550b800 JavaThread "Signal Dispatcher" daemon [_thread_blocked, id=5808, stack(0x0000000016980000,0x0000000016a80000)]
  0x00000000154fa000 JavaThread "Finalizer" daemon [_thread_blocked, id=5764, stack(0x0000000016790000,0x0000000016890000)]
  0x00000000154d9000 JavaThread "Reference Handler" daemon [_thread_blocked, id=5540, stack(0x0000000016690000,0x0000000016790000)]
=>0x0000000002d3d800 JavaThread "main" [_thread_in_Java, id=11564, stack(0x0000000002b80000,0x0000000002c80000)]

Other Threads:
  0x00000000154d7800 VMThread [stack: 0x0000000016590000,0x0000000016690000] [id=8728]
  0x0000000016ebe000 WatcherThread [stack: 0x0000000017380000,0x0000000017480000] [id=9036]

VM state:not at safepoint (normal execution)

VM Mutex/Monitor currently owned by a thread: None

Heap:
 PSYoungGen      total 35328K, used 30912K [0x00000000eab00000, 0x00000000ed000000, 0x0000000100000000)
  eden space 32768K, 86% used [0x00000000eab00000,0x00000000ec6b53f8,0x00000000ecb00000)
  from space 2560K, 99% used [0x00000000ecd80000,0x00000000ecffaf98,0x00000000ed000000)
  to   space 2560K, 0% used [0x00000000ecb00000,0x00000000ecb00000,0x00000000ecd80000)
 ParOldGen       total 44032K, used 790K [0x00000000c0000000, 0x00000000c2b00000, 0x00000000eab00000)
  object space 44032K, 1% used [0x00000000c0000000,0x00000000c00c5b28,0x00000000c2b00000)
 Metaspace       used 12007K, capacity 12236K, committed 12416K, reserved 1060864K
  class space    used 1482K, capacity 1541K, committed 1664K, reserved 1048576K

Card table byte_map: [0x0000000012200000,0x0000000012410000] byte_map_base: 0x0000000011c00000

Marking Bits: (ParMarkBitMap*) 0x0000000055622f70
 Begin Bits: [0x0000000012970000, 0x0000000013970000)
 End Bits:   [0x0000000013970000, 0x0000000014970000)

Polling page: 0x0000000001310000

CodeCache: size=245760Kb used=4345Kb max_used=4349Kb free=241415Kb
 bounds [0x0000000002e40000, 0x0000000003290000, 0x0000000011e40000]
 total_blobs=1567 nmethods=1250 adapters=231
 compilation: enabled

Compilation events (10 events):
Event: 2.882 Thread 0x0000000015518800 nmethod 1246 0x000000000327d6d0 code [0x000000000327d840, 0x000000000327d9c8]
Event: 2.882 Thread 0x0000000015518800 1248       3       org.codehaus.plexus.interpolation.StringSearchInterpolator::addValueSource (12 bytes)
Event: 2.882 Thread 0x0000000015518800 nmethod 1248 0x000000000327da50 code [0x000000000327dbc0, 0x000000000327dde8]
Event: 2.882 Thread 0x0000000015518800 1249       3       org.codehaus.plexus.interpolation.AbstractValueSource::clearFeedback (17 bytes)
Event: 2.883 Thread 0x0000000015518800 nmethod 1249 0x000000000327ded0 code [0x000000000327e040, 0x000000000327e2a8]
Event: 2.883 Thread 0x0000000015518800 1250       3       org.codehaus.plexus.interpolation.StringSearchInterpolator::removeValuesSource (12 bytes)
Event: 2.883 Thread 0x0000000015518800 nmethod 1250 0x000000000327e350 code [0x000000000327e4c0, 0x000000000327e6e8]
Event: 2.883 Thread 0x0000000015518800 1251   !   3       org.apache.maven.model.interpolation.StringSearchModelInterpolator$InterpolateObjectAction::interpolateMapField (177 bytes)
Event: 2.883 Thread 0x000000001550e000 nmethod 1247 0x0000000003281450 code [0x00000000032815a0, 0x0000000003281618]
Event: 2.885 Thread 0x0000000015518800 nmethod 1251 0x000000000327f910 code [0x000000000327fba0, 0x0000000003280d88]

GC Heap History (4 events):
Event: 1.333 GC heap before
{Heap before GC invocations=1 (full 0):
 PSYoungGen      total 18944K, used 16384K [0x00000000eab00000, 0x00000000ec000000, 0x0000000100000000)
  eden space 16384K, 100% used [0x00000000eab00000,0x00000000ebb00000,0x00000000ebb00000)
  from space 2560K, 0% used [0x00000000ebd80000,0x00000000ebd80000,0x00000000ec000000)
  to   space 2560K, 0% used [0x00000000ebb00000,0x00000000ebb00000,0x00000000ebd80000)
 ParOldGen       total 44032K, used 0K [0x00000000c0000000, 0x00000000c2b00000, 0x00000000eab00000)
  object space 44032K, 0% used [0x00000000c0000000,0x00000000c0000000,0x00000000c2b00000)
 Metaspace       used 6680K, capacity 6812K, committed 7040K, reserved 1056768K
  class space    used 821K, capacity 888K, committed 896K, reserved 1048576K
Event: 1.355 GC heap after
Heap after GC invocations=1 (full 0):
 PSYoungGen      total 18944K, used 2551K [0x00000000eab00000, 0x00000000ed000000, 0x0000000100000000)
  eden space 16384K, 0% used [0x00000000eab00000,0x00000000eab00000,0x00000000ebb00000)
  from space 2560K, 99% used [0x00000000ebb00000,0x00000000ebd7dde8,0x00000000ebd80000)
  to   space 2560K, 0% used [0x00000000ecd80000,0x00000000ecd80000,0x00000000ed000000)
 ParOldGen       total 44032K, used 644K [0x00000000c0000000, 0x00000000c2b00000, 0x00000000eab00000)
  object space 44032K, 1% used [0x00000000c0000000,0x00000000c00a12e8,0x00000000c2b00000)
 Metaspace       used 6680K, capacity 6812K, committed 7040K, reserved 1056768K
  class space    used 821K, capacity 888K, committed 896K, reserved 1048576K
}
Event: 1.716 GC heap before
{Heap before GC invocations=2 (full 0):
 PSYoungGen      total 18944K, used 18935K [0x00000000eab00000, 0x00000000ed000000, 0x0000000100000000)
  eden space 16384K, 100% used [0x00000000eab00000,0x00000000ebb00000,0x00000000ebb00000)
  from space 2560K, 99% used [0x00000000ebb00000,0x00000000ebd7dde8,0x00000000ebd80000)
  to   space 2560K, 0% used [0x00000000ecd80000,0x00000000ecd80000,0x00000000ed000000)
 ParOldGen       total 44032K, used 644K [0x00000000c0000000, 0x00000000c2b00000, 0x00000000eab00000)
  object space 44032K, 1% used [0x00000000c0000000,0x00000000c00a12e8,0x00000000c2b00000)
 Metaspace       used 7716K, capacity 7842K, committed 7936K, reserved 1056768K
  class space    used 978K, capacity 1017K, committed 1024K, reserved 1048576K
Event: 1.726 GC heap after
Heap after GC invocations=2 (full 0):
 PSYoungGen      total 35328K, used 2539K [0x00000000eab00000, 0x00000000ed000000, 0x0000000100000000)
  eden space 32768K, 0% used [0x00000000eab00000,0x00000000eab00000,0x00000000ecb00000)
  from space 2560K, 99% used [0x00000000ecd80000,0x00000000ecffaf98,0x00000000ed000000)
  to   space 2560K, 0% used [0x00000000ecb00000,0x00000000ecb00000,0x00000000ecd80000)
 ParOldGen       total 44032K, used 790K [0x00000000c0000000, 0x00000000c2b00000, 0x00000000eab00000)
  object space 44032K, 1% used [0x00000000c0000000,0x00000000c00c5b28,0x00000000c2b00000)
 Metaspace       used 7716K, capacity 7842K, committed 7936K, reserved 1056768K
  class space    used 978K, capacity 1017K, committed 1024K, reserved 1048576K
}

Deoptimization events (10 events):
Event: 1.782 Thread 0x0000000002d3d800 Uncommon trap: reason=class_check action=maybe_recompile pc=0x0000000003140548 method=java.lang.reflect.Executable.getAnnotation(Ljava/lang/Class;)Ljava/lang/annotation/Annotation; @ 11
Event: 1.890 Thread 0x0000000002d3d800 Uncommon trap: reason=bimorphic action=maybe_recompile pc=0x000000000316b9b8 method=java.util.HashMap.putVal(ILjava/lang/Object;Ljava/lang/Object;ZZ)Ljava/lang/Object; @ 203
Event: 1.890 Thread 0x0000000002d3d800 Uncommon trap: reason=bimorphic action=maybe_recompile pc=0x000000000316b9b8 method=java.util.HashMap.putVal(ILjava/lang/Object;Ljava/lang/Object;ZZ)Ljava/lang/Object; @ 203
Event: 1.890 Thread 0x0000000002d3d800 Uncommon trap: reason=bimorphic action=maybe_recompile pc=0x000000000316b9b8 method=java.util.HashMap.putVal(ILjava/lang/Object;Ljava/lang/Object;ZZ)Ljava/lang/Object; @ 203
Event: 1.890 Thread 0x0000000002d3d800 Uncommon trap: reason=bimorphic action=maybe_recompile pc=0x000000000316b9b8 method=java.util.HashMap.putVal(ILjava/lang/Object;Ljava/lang/Object;ZZ)Ljava/lang/Object; @ 203
Event: 2.367 Thread 0x0000000002d3d800 Uncommon trap: reason=unstable_if action=reinterpret pc=0x0000000003108f00 method=org.codehaus.plexus.util.xml.pull.MXParser.parseStartTag()I @ 443
Event: 2.394 Thread 0x0000000002d3d800 Uncommon trap: reason=class_check action=maybe_recompile pc=0x00000000030a8b10 method=java.nio.charset.CharsetDecoder.decode(Ljava/nio/ByteBuffer;Ljava/nio/CharBuffer;Z)Ljava/nio/charset/CoderResult; @ 57
Event: 2.447 Thread 0x0000000002d3d800 Uncommon trap: reason=class_check action=maybe_recompile pc=0x00000000030a8b10 method=java.nio.charset.CharsetDecoder.decode(Ljava/nio/ByteBuffer;Ljava/nio/CharBuffer;Z)Ljava/nio/charset/CoderResult; @ 57
Event: 2.448 Thread 0x0000000002d3d800 Uncommon trap: reason=class_check action=maybe_recompile pc=0x00000000030a8b10 method=java.nio.charset.CharsetDecoder.decode(Ljava/nio/ByteBuffer;Ljava/nio/CharBuffer;Z)Ljava/nio/charset/CoderResult; @ 57
Event: 2.636 Thread 0x0000000002d3d800 Uncommon trap: reason=unstable_if action=reinterpret pc=0x0000000002fde8e8 method=java.lang.String.replace(CC)Ljava/lang/String; @ 2

Internal exceptions (10 events):
Event: 1.083 Thread 0x0000000002d3d800 Exception <a 'java/lang/ArrayIndexOutOfBoundsException': 43> (0x00000000eb4a5e08) thrown at [C:\re\workspace\8-2-build-windows-amd64-cygwin\jdk8u91\6644\hotspot\src\share\vm\interpreter\interpreterRuntime.cpp, line 366]
Event: 1.084 Thread 0x0000000002d3d800 Exception <a 'java/lang/ArrayIndexOutOfBoundsException': 92> (0x00000000eb4a76a0) thrown at [C:\re\workspace\8-2-build-windows-amd64-cygwin\jdk8u91\6644\hotspot\src\share\vm\interpreter\interpreterRuntime.cpp, line 366]
Event: 1.155 Thread 0x0000000002d3d800 Exception <a 'java/lang/ArrayIndexOutOfBoundsException'> (0x00000000eb6ed930) thrown at [C:\re\workspace\8-2-build-windows-amd64-cygwin\jdk8u91\6644\hotspot\src\share\vm\runtime\sharedRuntime.cpp, line 605]
Event: 1.155 Thread 0x0000000002d3d800 Exception <a 'java/lang/ArrayIndexOutOfBoundsException'> (0x00000000eb6ef058) thrown at [C:\re\workspace\8-2-build-windows-amd64-cygwin\jdk8u91\6644\hotspot\src\share\vm\runtime\sharedRuntime.cpp, line 605]
Event: 1.172 Thread 0x0000000002d3d800 Exception <a 'java/lang/ArrayIndexOutOfBoundsException'> (0x00000000eb74e188) thrown at [C:\re\workspace\8-2-build-windows-amd64-cygwin\jdk8u91\6644\hotspot\src\share\vm\runtime\sharedRuntime.cpp, line 605]
Event: 1.543 Thread 0x0000000002d3d800 Exception <a 'java/lang/ArrayIndexOutOfBoundsException'> (0x00000000eb5ce108) thrown at [C:\re\workspace\8-2-build-windows-amd64-cygwin\jdk8u91\6644\hotspot\src\share\vm\runtime\sharedRuntime.cpp, line 605]
Event: 1.543 Thread 0x0000000002d3d800 Exception <a 'java/lang/ArrayIndexOutOfBoundsException'> (0x00000000eb5cfdb0) thrown at [C:\re\workspace\8-2-build-windows-amd64-cygwin\jdk8u91\6644\hotspot\src\share\vm\runtime\sharedRuntime.cpp, line 605]
Event: 1.706 Thread 0x0000000002d3d800 Exception <a 'java/lang/NoClassDefFoundError': org/slf4j/Logger> (0x00000000eba813b8) thrown at [C:\re\workspace\8-2-build-windows-amd64-cygwin\jdk8u91\6644\hotspot\src\share\vm\classfile\systemDictionary.cpp, line 199]
Event: 1.807 Thread 0x0000000002d3d800 Exception <a 'java/lang/NoClassDefFoundError': org/slf4j/LoggerFactory> (0x00000000ead559a8) thrown at [C:\re\workspace\8-2-build-windows-amd64-cygwin\jdk8u91\6644\hotspot\src\share\vm\classfile\systemDictionary.cpp, line 199]
Event: 1.807 Thread 0x0000000002d3d800 Exception <a 'java/lang/NoClassDefFoundError'> (0x00000000ead559a8) thrown at [C:\re\workspace\8-2-build-windows-amd64-cygwin\jdk8u91\6644\hotspot\src\share\vm\oops\instanceKlass.cpp, line 948]

Events (10 events):
Event: 2.801 loading class org/apache/maven/model/building/ModelCacheTag$2
Event: 2.801 loading class org/apache/maven/model/building/ModelCacheTag$2 done
Event: 2.802 loading class org/apache/maven/repository/internal/DefaultModelCache$Key
Event: 2.802 loading class org/apache/maven/repository/internal/DefaultModelCache$Key done
Event: 2.812 loading class org/apache/maven/model/Site
Event: 2.812 loading class org/apache/maven/model/Site done
Event: 2.826 loading class org/apache/maven/model/ActivationFile
Event: 2.826 loading class org/apache/maven/model/ActivationFile done
Event: 2.833 loading class java/util/Collections$SingletonList
Event: 2.834 loading class java/util/Collections$SingletonList done


Dynamic libraries:
0x00007ff6cebd0000 - 0x00007ff6cec07000 	C:\Program Files\Java\jdk1.8.0_91\bin\java.exe
0x00007ffa8cfe0000 - 0x00007ffa8d1b1000 	C:\WINDOWS\SYSTEM32\ntdll.dll
0x00007ffa8c530000 - 0x00007ffa8c5db000 	C:\WINDOWS\System32\KERNEL32.DLL
0x00007ffa71e90000 - 0x00007ffa71ee4000 	C:\Program Files (x86)\AVG\Av\avghooka.dll
0x00007ffa8a350000 - 0x00007ffa8a56d000 	C:\WINDOWS\System32\KERNELBASE.dll
0x00007ffa8c890000 - 0x00007ffa8c932000 	C:\WINDOWS\System32\ADVAPI32.dll
0x00007ffa8a970000 - 0x00007ffa8aa0e000 	C:\WINDOWS\System32\msvcrt.dll
0x00007ffa8cd50000 - 0x00007ffa8cda9000 	C:\WINDOWS\System32\sechost.dll
0x00007ffa8c400000 - 0x00007ffa8c521000 	C:\WINDOWS\System32\RPCRT4.dll
0x00007ffa8c6e0000 - 0x00007ffa8c845000 	C:\WINDOWS\System32\USER32.dll
0x00007ffa89ee0000 - 0x00007ffa89efe000 	C:\WINDOWS\System32\win32u.dll
0x00007ffa8cbb0000 - 0x00007ffa8cbe4000 	C:\WINDOWS\System32\GDI32.dll
0x00007ffa89fa0000 - 0x00007ffa8a122000 	C:\WINDOWS\System32\gdi32full.dll
0x00007ffa7bf60000 - 0x00007ffa7c1d9000 	C:\WINDOWS\WinSxS\amd64_microsoft.windows.common-controls_6595b64144ccf1df_6.0.14393.447_none_42191651c6827bb3\COMCTL32.dll
0x00007ffa8a570000 - 0x00007ffa8a838000 	C:\WINDOWS\System32\combase.dll
0x00007ffa89d30000 - 0x00007ffa89e25000 	C:\WINDOWS\System32\ucrtbase.dll
0x00007ffa89530000 - 0x00007ffa8959a000 	C:\WINDOWS\System32\bcryptPrimitives.dll
0x00007ffa8c860000 - 0x00007ffa8c88e000 	C:\WINDOWS\System32\IMM32.DLL
0x0000000054d30000 - 0x0000000054e02000 	C:\Program Files\Java\jdk1.8.0_91\jre\bin\msvcr100.dll
0x0000000054e10000 - 0x00000000556a3000 	C:\Program Files\Java\jdk1.8.0_91\jre\bin\server\jvm.dll
0x00007ffa8aa10000 - 0x00007ffa8aa18000 	C:\WINDOWS\System32\PSAPI.DLL
0x00007ffa87830000 - 0x00007ffa87839000 	C:\WINDOWS\SYSTEM32\WSOCK32.dll
0x00007ffa8ca80000 - 0x00007ffa8caea000 	C:\WINDOWS\System32\WS2_32.dll
0x00007ffa87450000 - 0x00007ffa87473000 	C:\WINDOWS\SYSTEM32\WINMM.dll
0x00007ffa844e0000 - 0x00007ffa844ea000 	C:\WINDOWS\SYSTEM32\VERSION.dll
0x00007ffa873f0000 - 0x00007ffa8741b000 	C:\WINDOWS\SYSTEM32\WINMMBASE.dll
0x00007ffa8a300000 - 0x00007ffa8a342000 	C:\WINDOWS\System32\cfgmgr32.dll
0x0000000054ce0000 - 0x0000000054cef000 	C:\Program Files\Java\jdk1.8.0_91\jre\bin\verify.dll
0x0000000054cb0000 - 0x0000000054cd9000 	C:\Program Files\Java\jdk1.8.0_91\jre\bin\java.dll
0x0000000054c90000 - 0x0000000054ca6000 	C:\Program Files\Java\jdk1.8.0_91\jre\bin\zip.dll
0x00007ffa8aef0000 - 0x00007ffa8c3f9000 	C:\WINDOWS\System32\SHELL32.dll
0x00007ffa89650000 - 0x00007ffa89d2a000 	C:\WINDOWS\System32\windows.storage.dll
0x00007ffa89470000 - 0x00007ffa894bc000 	C:\WINDOWS\System32\powrprof.dll
0x00007ffa8cf50000 - 0x00007ffa8cfa2000 	C:\WINDOWS\System32\shlwapi.dll
0x00007ffa894c0000 - 0x00007ffa894cf000 	C:\WINDOWS\System32\kernel.appcore.dll
0x00007ffa89e30000 - 0x00007ffa89ed9000 	C:\WINDOWS\System32\shcore.dll
0x00007ffa89440000 - 0x00007ffa89454000 	C:\WINDOWS\System32\profapi.dll
0x0000000054c70000 - 0x0000000054c8a000 	C:\Program Files\Java\jdk1.8.0_91\jre\bin\net.dll
0x00007ffa88d70000 - 0x00007ffa88dcc000 	C:\WINDOWS\system32\mswsock.dll
0x0000000054c50000 - 0x0000000054c61000 	C:\Program Files\Java\jdk1.8.0_91\jre\bin\nio.dll
0x00007ffa7a530000 - 0x00007ffa7a6c2000 	C:\WINDOWS\SYSTEM32\dbghelp.dll

VM Arguments:
jvm_args: -Dclassworlds.conf=C:\Program Files\NetBeans 8.2\java\maven\bin\m2.conf -Dmaven.home=C:\Program Files\NetBeans 8.2\java\maven 
java_command: org.codehaus.plexus.classworlds.launcher.Launcher -Dexec.args=-classpath %classpath virpi.virpigame.Main -Dexec.executable=C:\Program Files\Java\jdk1.8.0_91\bin\java.exe -Dmaven.ext.class.path=C:\Program Files\NetBeans 8.2\java\maven-nblib\netbeans-eventspy.jar -Dfile.encoding=UTF-8 org.codehaus.mojo:exec-maven-plugin:1.2.1:exec
java_class_path (initial): C:\Program Files\NetBeans 8.2\java\maven\boot\plexus-classworlds-2.4.jar
Launcher Type: SUN_STANDARD

Environment Variables:
JAVA_HOME=C:\Program Files\Java\jdk1.8.0_91
PATH=C:\ProgramData\Oracle\Java\javapath;C:\WINDOWS\system32;C:\WINDOWS;C:\WINDOWS\System32\Wbem;C:\WINDOWS\System32\WindowsPowerShell\v1.0\;C:\Program Files (x86)\Skype\Phone\;C:\Program Files (x86)\NVIDIA Corporation\PhysX\Common;C:\WINDOWS\system32;C:\WINDOWS;C:\WINDOWS\System32\Wbem;C:\WINDOWS\System32\WindowsPowerShell\v1.0\;C:\Users\jaakk_000\AppData\Local\Microsoft\WindowsApps;
USERNAME=jaakk_000
OS=Windows_NT
PROCESSOR_IDENTIFIER=Intel64 Family 6 Model 23 Stepping 10, GenuineIntel



---------------  S Y S T E M  ---------------

OS: Windows 10.0 , 64 bit Build 14393 (10.0.14393.0)

CPU:total 4 (4 cores per cpu, 1 threads per core) family 6 model 23 stepping 10, cmov, cx8, fxsr, mmx, sse, sse2, sse3, ssse3, sse4.1, tsc

Memory: 4k page, physical 4193268k(1078668k free), swap 6421492k(1373432k free)

vm_info: Java HotSpot(TM) 64-Bit Server VM (25.91-b14) for windows-amd64 JRE (1.8.0_91-b14), built on Apr  1 2016 00:58:32 by "java_re" with MS VC++ 10.0 (VS2010)

time: Fri Jan 27 21:00:22 2017
elapsed time: 2 seconds (0d 0h 0m 2s)

