#
# A fatal error has been detected by the Java Runtime Environment:
#
#  EXCEPTION_ACCESS_VIOLATION (0xc0000005) at pc=0xffffffffa3235120, pid=7304, tid=10988
#
# JRE version: Java(TM) SE Runtime Environment (8.0_91-b14) (build 1.8.0_91-b14)
# Java VM: Java HotSpot(TM) 64-Bit Server VM (25.91-b14 mixed mode windows-amd64 compressed oops)
# Problematic frame:
# C  0xffffffffa3235120
#
# Failed to write core dump. Minidumps are not enabled by default on client versions of Windows
#
# If you would like to submit a bug report, please visit:
#   http://bugreport.java.com/bugreport/crash.jsp
#

---------------  T H R E A D  ---------------

Current thread (0x0000000002131000):  JavaThread "main" [_thread_in_Java, id=10988, stack(0x0000000001f90000,0x0000000002090000)]

siginfo: ExceptionCode=0xc0000005, ExceptionInformation=0x0000000000000008 0xffffffffa3235120

Registers:
RAX=0x0000000013f65ee8, RBX=0x0000000013f65ee8, RCX=0x00000000eae70c10, RDX=0x00000000eae70c10
RSP=0x000000000208bfb8, RBP=0x000000000208c038, RSI=0x0000000020001d25, RDI=0x00000000eacba438
R8 =0x000000000000002f, R9 =0x000000000000005c, R10=0x00000000551349a0, R11=0x0000000002354360
R12=0x0000000000000000, R13=0x000000000208bfc8, R14=0x000000000208c070, R15=0x0000000002131000
RIP=0xffffffffa3235120, EFLAGS=0x0000000000010206

Top of Stack: (sp=0x000000000208bfb8)
0x000000000208bfb8:   0000000002237e20 0000000002237e20
0x000000000208bfc8:   000000000000005c 000000000000002f
0x000000000208bfd8:   00000000eae70c10 00000000eacbae90
0x000000000208bfe8:   00000000eae726e8 00000000eae726e8
0x000000000208bff8:   000000000208bff8 00000000141e0c9e
0x000000000208c008:   000000000208c070 00000000141e0d78
0x000000000208c018:   0000000000000000 00000000141e0cf8
0x000000000208c028:   000000000208bfc8 000000000208c060
0x000000000208c038:   000000000208c0b8 0000000002237e20
0x000000000208c048:   0000000000000000 00000000eae71d28
0x000000000208c058:   00000000eae72150 0000000000000000
0x000000000208c068:   00000000eae70c10 00000000eacba968
0x000000000208c078:   000000000208c078 000000001412557e
0x000000000208c088:   000000000208c0f8 0000000014126a50
0x000000000208c098:   0000000000000000 00000000141255a8
0x000000000208c0a8:   000000000208c060 000000000208c0e8 

Instructions: (pc=0xffffffffa3235120)
0xffffffffa3235100:   
[error occurred during error reporting (printing registers, top of stack, instructions near pc), id 0xc0000005]

Register to memory mapping:

RAX={method} {0x0000000013f65ef0} 'replace' '(CC)Ljava/lang/String;' in 'java/lang/String'
RBX={method} {0x0000000013f65ef0} 'replace' '(CC)Ljava/lang/String;' in 'java/lang/String'
RCX=0x00000000eae70c10 is an oop
java.lang.String 
 - klass: 'java/lang/String'
RDX=0x00000000eae70c10 is an oop
java.lang.String 
 - klass: 'java/lang/String'
RSP=0x000000000208bfb8 is pointing into the stack for thread: 0x0000000002131000
RBP=0x000000000208c038 is pointing into the stack for thread: 0x0000000002131000
RSI=0x0000000020001d25 is an unknown value
RDI=0x00000000eacba438 is an oop
[C 
 - klass: {type array char}
 - length: 2
R8 =0x000000000000002f is an unknown value
R9 =0x000000000000005c is an unknown value
R10=0x00000000551349a0 is an unknown value
R11=0x0000000002354360 is at entry_point+32 in (nmethod*)0x0000000002354190
R12=0x0000000000000000 is an unknown value
R13=0x000000000208bfc8 is pointing into the stack for thread: 0x0000000002131000
R14=0x000000000208c070 is pointing into the stack for thread: 0x0000000002131000
R15=0x0000000002131000 is a thread


Stack: [0x0000000001f90000,0x0000000002090000],  sp=0x000000000208bfb8,  free space=1007k
Native frames: (J=compiled Java code, j=interpreted, Vv=VM code, C=native code)
C  0xffffffffa3235120


---------------  P R O C E S S  ---------------

Java Threads: ( => current thread )
  0x000000001627b000 JavaThread "Service Thread" daemon [_thread_blocked, id=9228, stack(0x0000000016650000,0x0000000016750000)]
  0x000000001490d000 JavaThread "C1 CompilerThread2" daemon [_thread_blocked, id=5440, stack(0x0000000016150000,0x0000000016250000)]
  0x0000000014906000 JavaThread "C2 CompilerThread1" daemon [_thread_blocked, id=904, stack(0x0000000016050000,0x0000000016150000)]
  0x00000000148fc800 JavaThread "C2 CompilerThread0" daemon [_thread_blocked, id=6908, stack(0x0000000015f50000,0x0000000016050000)]
  0x00000000148fb800 JavaThread "Attach Listener" daemon [_thread_blocked, id=5560, stack(0x0000000015e50000,0x0000000015f50000)]
  0x00000000148fa000 JavaThread "Signal Dispatcher" daemon [_thread_blocked, id=7528, stack(0x0000000015d50000,0x0000000015e50000)]
  0x00000000148e8800 JavaThread "Finalizer" daemon [_thread_blocked, id=10204, stack(0x0000000015b60000,0x0000000015c60000)]
  0x0000000002220000 JavaThread "Reference Handler" daemon [_thread_blocked, id=9068, stack(0x0000000015a60000,0x0000000015b60000)]
=>0x0000000002131000 JavaThread "main" [_thread_in_Java, id=10988, stack(0x0000000001f90000,0x0000000002090000)]

Other Threads:
  0x00000000148c7800 VMThread [stack: 0x0000000015960000,0x0000000015a60000] [id=8564]
  0x0000000014946800 WatcherThread [stack: 0x0000000016750000,0x0000000016850000] [id=2332]

VM state:not at safepoint (normal execution)

VM Mutex/Monitor currently owned by a thread: None

Heap:
 PSYoungGen      total 18944K, used 3621K [0x00000000eab00000, 0x00000000ec000000, 0x0000000100000000)
  eden space 16384K, 22% used [0x00000000eab00000,0x00000000eae894c8,0x00000000ebb00000)
  from space 2560K, 0% used [0x00000000ebd80000,0x00000000ebd80000,0x00000000ec000000)
  to   space 2560K, 0% used [0x00000000ebb00000,0x00000000ebb00000,0x00000000ebd80000)
 ParOldGen       total 44032K, used 0K [0x00000000c0000000, 0x00000000c2b00000, 0x00000000eab00000)
  object space 44032K, 0% used [0x00000000c0000000,0x00000000c0000000,0x00000000c2b00000)
 Metaspace       used 4018K, capacity 5018K, committed 5120K, reserved 1056768K
  class space    used 470K, capacity 501K, committed 512K, reserved 1048576K

Card table byte_map: [0x00000000115f0000,0x0000000011800000] byte_map_base: 0x0000000010ff0000

Marking Bits: (ParMarkBitMap*) 0x0000000055152f70
 Begin Bits: [0x0000000011d60000, 0x0000000012d60000)
 End Bits:   [0x0000000012d60000, 0x0000000013d60000)

Polling page: 0x00000000006f0000

CodeCache: size=245760Kb used=1478Kb max_used=1490Kb free=244281Kb
 bounds [0x0000000002230000, 0x00000000024a0000, 0x0000000011230000]
 total_blobs=454 nmethods=211 adapters=158
 compilation: enabled

Compilation events (10 events):
Event: 0.301 Thread 0x000000001490d000 nmethod 207 0x000000000239e7d0 code [0x000000000239e9e0, 0x000000000239f5d8]
Event: 0.301 Thread 0x000000001490d000  208       1       java.util.zip.ZipCoder::isUTF8 (5 bytes)
Event: 0.301 Thread 0x000000001490d000 nmethod 208 0x000000000239e510 code [0x000000000239e660, 0x000000000239e770]
Event: 0.301 Thread 0x000000001490d000  210       3       java.util.WeakHashMap::remove (133 bytes)
Event: 0.303 Thread 0x000000001490d000 nmethod 210 0x000000000239d3d0 code [0x000000000239d5c0, 0x000000000239e088]
Event: 0.303 Thread 0x000000001490d000  209   !   3       java.util.zip.ZipFile$ZipFileInputStream::close (110 bytes)
Event: 0.304 Thread 0x000000001490d000 nmethod 209 0x000000000239fc10 code [0x000000000239fdc0, 0x00000000023a05d8]
Event: 0.304 Thread 0x000000001490d000  211       3       java.io.WinNTFileSystem::isLetter (30 bytes)
Event: 0.304 Thread 0x000000001490d000 nmethod 211 0x000000000239cf90 code [0x000000000239d100, 0x000000000239d350]
Event: 0.305 Thread 0x00000000148fc800 nmethod 201 0x00000000023a3a10 code [0x00000000023a3b60, 0x00000000023a3fd8]

GC Heap History (0 events):
No events

Deoptimization events (0 events):
No events

Internal exceptions (2 events):
Event: 0.039 Thread 0x0000000002131000 Exception <a 'java/lang/NoSuchMethodError': Method sun.misc.Unsafe.defineClass(Ljava/lang/String;[BII)Ljava/lang/Class; name or signature does not match> (0x00000000eab07cc0) thrown at [C:\re\workspace\8-2-build-windows-amd64-cygwin\jdk8u91\6644\hotspot\sr“{¾Ìñ£?
Event: 0.039 Thread 0x0000000002131000 Exception <a 'java/lang/NoSuchMethodError': Method sun.misc.Unsafe.prefetchRead(Ljava/lang/Object;J)V name or signature does not match> (0x00000000eab07fa8) thrown at [C:\re\workspace\8-2-build-windows-amd64-cygwin\jdk8u91\6644\hotspot\src\share\vm\prims\j

Events (10 events):
Event: 0.298 loading class org/junit/runner/manipulation/Filterable
Event: 0.298 loading class org/junit/runner/manipulation/Filterable done
Event: 0.300 loading class org/junit/runner/manipulation/Sortable
Event: 0.300 loading class org/junit/runner/manipulation/Sortable done
Event: 0.302 loading class org/junit/internal/builders/JUnit3Builder
Event: 0.302 loading class org/junit/internal/builders/JUnit3Builder done
Event: 0.304 loading class org/junit/internal/builders/JUnit4Builder
Event: 0.304 loading class org/junit/internal/builders/JUnit4Builder done
Event: 0.305 loading class org/junit/runners/BlockJUnit4ClassRunner
Event: 0.305 loading class org/junit/runners/BlockJUnit4ClassRunner done


Dynamic libraries:
0x00007ff74ee30000 - 0x00007ff74ee67000 	C:\Program Files\Java\jdk1.8.0_91\jre\bin\java.exe
0x00007ffa8cfe0000 - 0x00007ffa8d1b1000 	C:\WINDOWS\SYSTEM32\ntdll.dll
0x00007ffa8c530000 - 0x00007ffa8c5db000 	C:\WINDOWS\System32\KERNEL32.DLL
0x00007ffa71e90000 - 0x00007ffa71ee4000 	C:\Program Files (x86)\AVG\Av\avghooka.dll
0x00007ffa8a350000 - 0x00007ffa8a56d000 	C:\WINDOWS\System32\KERNELBASE.dll
0x00007ffa8c890000 - 0x00007ffa8c932000 	C:\WINDOWS\System32\ADVAPI32.dll
0x00007ffa8a970000 - 0x00007ffa8aa0e000 	C:\WINDOWS\System32\msvcrt.dll
0x00007ffa8cd50000 - 0x00007ffa8cda9000 	C:\WINDOWS\System32\sechost.dll
0x00007ffa8c400000 - 0x00007ffa8c521000 	C:\WINDOWS\System32\RPCRT4.dll
0x00007ffa8c6e0000 - 0x00007ffa8c845000 	C:\WINDOWS\System32\USER32.dll
0x00007ffa89ee0000 - 0x00007ffa89efe000 	C:\WINDOWS\System32\win32u.dll
0x00007ffa8cbb0000 - 0x00007ffa8cbe4000 	C:\WINDOWS\System32\GDI32.dll
0x00007ffa89fa0000 - 0x00007ffa8a122000 	C:\WINDOWS\System32\gdi32full.dll
0x00007ffa7bf60000 - 0x00007ffa7c1d9000 	C:\WINDOWS\WinSxS\amd64_microsoft.windows.common-controls_6595b64144ccf1df_6.0.14393.447_none_42191651c6827bb3\COMCTL32.dll
0x00007ffa8a570000 - 0x00007ffa8a838000 	C:\WINDOWS\System32\combase.dll
0x00007ffa89d30000 - 0x00007ffa89e25000 	C:\WINDOWS\System32\ucrtbase.dll
0x00007ffa89530000 - 0x00007ffa8959a000 	C:\WINDOWS\System32\bcryptPrimitives.dll
0x00007ffa8c860000 - 0x00007ffa8c88e000 	C:\WINDOWS\System32\IMM32.DLL
0x0000000054860000 - 0x0000000054932000 	C:\Program Files\Java\jdk1.8.0_91\jre\bin\msvcr100.dll
0x0000000054940000 - 0x00000000551d3000 	C:\Program Files\Java\jdk1.8.0_91\jre\bin\server\jvm.dll
0x00007ffa8aa10000 - 0x00007ffa8aa18000 	C:\WINDOWS\System32\PSAPI.DLL
0x00007ffa84fb0000 - 0x00007ffa84fb9000 	C:\WINDOWS\SYSTEM32\WSOCK32.dll
0x00007ffa8ca80000 - 0x00007ffa8caea000 	C:\WINDOWS\System32\WS2_32.dll
0x00007ffa87450000 - 0x00007ffa87473000 	C:\WINDOWS\SYSTEM32\WINMM.dll
0x00007ffa844e0000 - 0x00007ffa844ea000 	C:\WINDOWS\SYSTEM32\VERSION.dll
0x00007ffa873f0000 - 0x00007ffa8741b000 	C:\WINDOWS\SYSTEM32\WINMMBASE.dll
0x00007ffa8a300000 - 0x00007ffa8a342000 	C:\WINDOWS\System32\cfgmgr32.dll
0x0000000054810000 - 0x000000005481f000 	C:\Program Files\Java\jdk1.8.0_91\jre\bin\verify.dll
0x00000000547e0000 - 0x0000000054809000 	C:\Program Files\Java\jdk1.8.0_91\jre\bin\java.dll
0x00000000547c0000 - 0x00000000547d6000 	C:\Program Files\Java\jdk1.8.0_91\jre\bin\zip.dll
0x00007ffa8aef0000 - 0x00007ffa8c3f9000 	C:\WINDOWS\System32\SHELL32.dll
0x00007ffa89650000 - 0x00007ffa89d2a000 	C:\WINDOWS\System32\windows.storage.dll
0x00007ffa89470000 - 0x00007ffa894bc000 	C:\WINDOWS\System32\powrprof.dll
0x00007ffa8cf50000 - 0x00007ffa8cfa2000 	C:\WINDOWS\System32\shlwapi.dll
0x00007ffa894c0000 - 0x00007ffa894cf000 	C:\WINDOWS\System32\kernel.appcore.dll
0x00007ffa89e30000 - 0x00007ffa89ed9000 	C:\WINDOWS\System32\shcore.dll
0x00007ffa89440000 - 0x00007ffa89454000 	C:\WINDOWS\System32\profapi.dll
0x00007ffa7a530000 - 0x00007ffa7a6c2000 	C:\WINDOWS\SYSTEM32\dbghelp.dll

VM Arguments:
java_command: C:\Users\jaakk_000\Documents\GitHub\Virpi-and-friends\VirpiGame\target\surefire\surefirebooter6249396704170045644.jar C:\Users\jaakk_000\Documents\GitHub\Virpi-and-friends\VirpiGame\target\surefire\surefire8142333879478547573tmp C:\Users\jaakk_000\Documents\GitHub\Virpi-and-friends\VirpiGame\target\surefire\surefire1555575018388648915tmp
java_class_path (initial): C:\Users\jaakk_000\Documents\GitHub\Virpi-and-friends\VirpiGame\target\surefire\surefirebooter6249396704170045644.jar
Launcher Type: SUN_STANDARD

Environment Variables:
JAVA_HOME=C:\Program Files\Java\jdk1.8.0_91
PATH=C:\ProgramData\Oracle\Java\javapath;C:\WINDOWS\system32;C:\WINDOWS;C:\WINDOWS\System32\Wbem;C:\WINDOWS\System32\WindowsPowerShell\v1.0\;C:\Program Files (x86)\Skype\Phone\;C:\Program Files (x86)\NVIDIA Corporation\PhysX\Common;C:\WINDOWS\system32;C:\WINDOWS;C:\WINDOWS\System32\Wbem;C:\WINDOWS\System32\WindowsPowerShell\v1.0\;C:\Users\jaakk_000\AppData\Local\Microsoft\WindowsApps;
USERNAME=jaakk_000
OS=Windows_NT
PROCESSOR_IDENTIFIER=Intel64 Family 6 Model 23 Stepping 10, GenuineIntel



---------------  S Y S T E M  ---------------

OS: Windows 10.0 , 64 bit Build 14393 (10.0.14393.0)

CPU:total 4 (4 cores per cpu, 1 threads per core) family 6 model 23 stepping 10, cmov, cx8, fxsr, mmx, sse, sse2, sse3, ssse3, sse4.1, tsc

Memory: 4k page, physical 4193268k(803712k free), swap 7119984k(1194668k free)

vm_info: Java HotSpot(TM) 64-Bit Server VM (25.91-b14) for windows-amd64 JRE (1.8.0_91-b14), built on Apr  1 2016 00:58:32 by "java_re" with MS VC++ 10.0 (VS2010)

time: Sun Feb 05 19:11:21 2017
elapsed time: 0 seconds (0d 0h 0m 0s)

