#
# A fatal error has been detected by the Java Runtime Environment:
#
#  EXCEPTION_ACCESS_VIOLATION (0xc0000005) at pc=0xffffffffa36f5120, pid=5948, tid=10456
#
# JRE version: Java(TM) SE Runtime Environment (8.0_91-b14) (build 1.8.0_91-b14)
# Java VM: Java HotSpot(TM) 64-Bit Server VM (25.91-b14 mixed mode windows-amd64 compressed oops)
# Problematic frame:
# C  0xffffffffa36f5120
#
# Failed to write core dump. Minidumps are not enabled by default on client versions of Windows
#
# If you would like to submit a bug report, please visit:
#   http://bugreport.java.com/bugreport/crash.jsp
#

---------------  T H R E A D  ---------------

Current thread (0x0000000014daa800):  JavaThread "Finalizer" daemon [_thread_in_Java, id=10456, stack(0x0000000016010000,0x0000000016110000)]

siginfo: ExceptionCode=0xc0000005, ExceptionInformation=0x0000000000000008 0xffffffffa36f5120

Registers:
RAX=0x000000001444a368, RBX=0x000000001444a368, RCX=0x0000000014514ec8, RDX=0x00000000026f7e20
RSP=0x000000001610f018, RBP=0x000000001610f070, RSI=0x00000000000025e8, RDI=0x0000000000000118
R8 =0x00000000ecd81af8, R9 =0x00000000ecebc360, R10=0x00000000557749a0, R11=0x0000000002953c60
R12=0x0000000000000000, R13=0x000000001610f030, R14=0x000000001610f090, R15=0x0000000014daa800
RIP=0xffffffffa36f5120, EFLAGS=0x0000000000010202

Top of Stack: (sp=0x000000001610f018)
0x000000001610f018:   00000000026f7e20 00000000ecd81af8
0x000000001610f028:   00000000026f7e20 000000001610f030
0x000000001610f038:   0000000014514e19 000000001610f090
0x000000001610f048:   0000000014514ec8 0000000000000000
0x000000001610f058:   0000000014514e58 000000001610f030
0x000000001610f068:   000000001610f090 000000001610f170
0x000000001610f078:   00000000026f0622 00000000ecda9158
0x000000001610f088:   00000000ecd81af8 00000000ecd81968
0x000000001610f098:   0000000000000000 0000000000000000
0x000000001610f0a8:   0000000000000000 0000000000000000
0x000000001610f0b8:   0000000000000000 0000000000000000
0x000000001610f0c8:   0000000000000000 0000000000000000
0x000000001610f0d8:   0000000000000000 0000000000000000
0x000000001610f0e8:   0000000000000000 0000000000000000
0x000000001610f0f8:   0000000000000000 0000000000000000
0x000000001610f108:   0000000000000000 0000000000000000 

Instructions: (pc=0xffffffffa36f5120)
0xffffffffa36f5100:   
[error occurred during error reporting (printing registers, top of stack, instructions near pc), id 0xc0000005]

Register to memory mapping:

RAX={method} {0x000000001444a370} 'access$000' '()Ljava/lang/ref/ReferenceQueue;' in 'java/lang/ref/Finalizer'
RBX={method} {0x000000001444a370} 'access$000' '()Ljava/lang/ref/ReferenceQueue;' in 'java/lang/ref/Finalizer'
RCX=0x0000000014514ec8 is pointing into metadata
RDX=0x00000000026f7e20 is at code_begin+1664 in an Interpreter codelet
invoke return entry points  [0x00000000026f77a0, 0x00000000026f8180]  2528 bytes
RSP=0x000000001610f018 is pointing into the stack for thread: 0x0000000014daa800
RBP=0x000000001610f070 is pointing into the stack for thread: 0x0000000014daa800
RSI=0x00000000000025e8 is an unknown value
RDI=0x0000000000000118 is an unknown value
R8 =0x00000000ecd81af8 is an oop
java.lang.System$2 
 - klass: 'java/lang/System$2'
R9 =0x00000000ecebc360 is an oop
sun.net.www.protocol.jar.JarFileFactory 
 - klass: 'sun/net/www/protocol/jar/JarFileFactory'
R10=0x00000000557749a0 is an unknown value
R11=0x0000000002953c60 is at entry_point+0 in (nmethod*)0x0000000002953b10
R12=0x0000000000000000 is an unknown value
R13=0x000000001610f030 is pointing into the stack for thread: 0x0000000014daa800
R14=0x000000001610f090 is pointing into the stack for thread: 0x0000000014daa800
R15=0x0000000014daa800 is a thread


Stack: [0x0000000016010000,0x0000000016110000],  sp=0x000000001610f018,  free space=1020k
Native frames: (J=compiled Java code, j=interpreted, Vv=VM code, C=native code)
C  0xffffffffa36f5120


---------------  P R O C E S S  ---------------

Java Threads: ( => current thread )
  0x0000000016728800 JavaThread "Service Thread" daemon [_thread_blocked, id=11744, stack(0x0000000016b00000,0x0000000016c00000)]
  0x0000000014dc9000 JavaThread "C1 CompilerThread2" daemon [_thread_blocked, id=10140, stack(0x0000000016600000,0x0000000016700000)]
  0x0000000014dc2000 JavaThread "C2 CompilerThread1" daemon [_thread_blocked, id=11692, stack(0x0000000016500000,0x0000000016600000)]
  0x0000000014dbe800 JavaThread "C2 CompilerThread0" daemon [_thread_blocked, id=928, stack(0x0000000016400000,0x0000000016500000)]
  0x0000000014dbd800 JavaThread "Attach Listener" daemon [_thread_blocked, id=7172, stack(0x0000000016300000,0x0000000016400000)]
  0x0000000014dba800 JavaThread "Signal Dispatcher" daemon [_thread_blocked, id=8348, stack(0x0000000016200000,0x0000000016300000)]
=>0x0000000014daa800 JavaThread "Finalizer" daemon [_thread_in_Java, id=10456, stack(0x0000000016010000,0x0000000016110000)]
  0x0000000014d89000 JavaThread "Reference Handler" daemon [_thread_blocked, id=12624, stack(0x0000000015f10000,0x0000000016010000)]
  0x000000000256d800 JavaThread "main" [_thread_in_Java, id=4848, stack(0x0000000002410000,0x0000000002510000)]

Other Threads:
  0x0000000014d87800 VMThread [stack: 0x0000000015e10000,0x0000000015f10000] [id=9792]
  0x0000000014e0b000 WatcherThread [stack: 0x0000000016c00000,0x0000000016d00000] [id=2444]

VM state:not at safepoint (normal execution)

VM Mutex/Monitor currently owned by a thread: None

Heap:
 PSYoungGen      total 35328K, used 3207K [0x00000000eab00000, 0x00000000ed000000, 0x0000000100000000)
  eden space 32768K, 2% used [0x00000000eab00000,0x00000000eaba3ff0,0x00000000ecb00000)
  from space 2560K, 99% used [0x00000000ecd80000,0x00000000ecffde70,0x00000000ed000000)
  to   space 2560K, 0% used [0x00000000ecb00000,0x00000000ecb00000,0x00000000ecd80000)
 ParOldGen       total 44032K, used 1136K [0x00000000c0000000, 0x00000000c2b00000, 0x00000000eab00000)
  object space 44032K, 2% used [0x00000000c0000000,0x00000000c011c120,0x00000000c2b00000)
 Metaspace       used 8053K, capacity 8264K, committed 8320K, reserved 1056768K
  class space    used 1035K, capacity 1114K, committed 1152K, reserved 1048576K

Card table byte_map: [0x0000000011ab0000,0x0000000011cc0000] byte_map_base: 0x00000000114b0000

Marking Bits: (ParMarkBitMap*) 0x0000000055792f70
 Begin Bits: [0x0000000012220000, 0x0000000013220000)
 End Bits:   [0x0000000013220000, 0x0000000014220000)

Polling page: 0x0000000000aa0000

CodeCache: size=245760Kb used=3371Kb max_used=3371Kb free=242388Kb
 bounds [0x00000000026f0000, 0x0000000002a40000, 0x00000000116f0000]
 total_blobs=1135 nmethods=859 adapters=191
 compilation: enabled

Compilation events (10 events):
Event: 1.621 Thread 0x0000000014dc9000  851       1       com.google.common.collect.SingletonImmutableList::size (2 bytes)
Event: 1.621 Thread 0x0000000014dc9000 nmethod 851 0x0000000002a3a1d0 code [0x0000000002a3a320, 0x0000000002a3a430]
Event: 1.621 Thread 0x0000000014dc9000  853       3       java.util.zip.ZipFile$ZipFileInflaterInputStream::finalize (5 bytes)
Event: 1.621 Thread 0x0000000014dc9000 nmethod 853 0x0000000002a3a490 code [0x0000000002a3a600, 0x0000000002a3a788]
Event: 1.621 Thread 0x0000000014dc9000  852       1       com.google.inject.internal.BindingImpl::getInternalFactory (5 bytes)
Event: 1.621 Thread 0x0000000014dc9000 nmethod 852 0x0000000002a3a810 code [0x0000000002a3a960, 0x0000000002a3aa70]
Event: 1.622 Thread 0x0000000014dc9000  854       3       java.util.zip.ZipFile$ZipFileInputStream::finalize (5 bytes)
Event: 1.622 Thread 0x0000000014dc9000 nmethod 854 0x0000000002a3aad0 code [0x0000000002a3ac40, 0x0000000002a3adc8]
Event: 1.622 Thread 0x0000000014dc9000  855       1       java.lang.ref.Finalizer::access$000 (4 bytes)
Event: 1.622 Thread 0x0000000014dc9000 nmethod 855 0x0000000002a3ae50 code [0x0000000002a3afa0, 0x0000000002a3b090]

GC Heap History (4 events):
Event: 1.194 GC heap before
{Heap before GC invocations=1 (full 0):
 PSYoungGen      total 18944K, used 16384K [0x00000000eab00000, 0x00000000ec000000, 0x0000000100000000)
  eden space 16384K, 100% used [0x00000000eab00000,0x00000000ebb00000,0x00000000ebb00000)
  from space 2560K, 0% used [0x00000000ebd80000,0x00000000ebd80000,0x00000000ec000000)
  to   space 2560K, 0% used [0x00000000ebb00000,0x00000000ebb00000,0x00000000ebd80000)
 ParOldGen       total 44032K, used 0K [0x00000000c0000000, 0x00000000c2b00000, 0x00000000eab00000)
  object space 44032K, 0% used [0x00000000c0000000,0x00000000c0000000,0x00000000c2b00000)
 Metaspace       used 6681K, capacity 6812K, committed 7040K, reserved 1056768K
  class space    used 821K, capacity 888K, committed 896K, reserved 1048576K
Event: 1.212 GC heap after
Heap after GC invocations=1 (full 0):
 PSYoungGen      total 18944K, used 2543K [0x00000000eab00000, 0x00000000ed000000, 0x0000000100000000)
  eden space 16384K, 0% used [0x00000000eab00000,0x00000000eab00000,0x00000000ebb00000)
  from space 2560K, 99% used [0x00000000ebb00000,0x00000000ebd7bee8,0x00000000ebd80000)
  to   space 2560K, 0% used [0x00000000ecd80000,0x00000000ecd80000,0x00000000ed000000)
 ParOldGen       total 44032K, used 671K [0x00000000c0000000, 0x00000000c2b00000, 0x00000000eab00000)
  object space 44032K, 1% used [0x00000000c0000000,0x00000000c00a7e68,0x00000000c2b00000)
 Metaspace       used 6681K, capacity 6812K, committed 7040K, reserved 1056768K
  class space    used 821K, capacity 888K, committed 896K, reserved 1048576K
}
Event: 1.611 GC heap before
{Heap before GC invocations=2 (full 0):
 PSYoungGen      total 18944K, used 18927K [0x00000000eab00000, 0x00000000ed000000, 0x0000000100000000)
  eden space 16384K, 100% used [0x00000000eab00000,0x00000000ebb00000,0x00000000ebb00000)
  from space 2560K, 99% used [0x00000000ebb00000,0x00000000ebd7bee8,0x00000000ebd80000)
  to   space 2560K, 0% used [0x00000000ecd80000,0x00000000ecd80000,0x00000000ed000000)
 ParOldGen       total 44032K, used 671K [0x00000000c0000000, 0x00000000c2b00000, 0x00000000eab00000)
  object space 44032K, 1% used [0x00000000c0000000,0x00000000c00a7e68,0x00000000c2b00000)
 Metaspace       used 7985K, capacity 8168K, committed 8320K, reserved 1056768K
  class space    used 1021K, capacity 1082K, committed 1152K, reserved 1048576K
Event: 1.620 GC heap after
Heap after GC invocations=2 (full 0):
 PSYoungGen      total 35328K, used 2551K [0x00000000eab00000, 0x00000000ed000000, 0x0000000100000000)
  eden space 32768K, 0% used [0x00000000eab00000,0x00000000eab00000,0x00000000ecb00000)
  from space 2560K, 99% used [0x00000000ecd80000,0x00000000ecffde70,0x00000000ed000000)
  to   space 2560K, 0% used [0x00000000ecb00000,0x00000000ecb00000,0x00000000ecd80000)
 ParOldGen       total 44032K, used 1136K [0x00000000c0000000, 0x00000000c2b00000, 0x00000000eab00000)
  object space 44032K, 2% used [0x00000000c0000000,0x00000000c011c120,0x00000000c2b00000)
 Metaspace       used 7985K, capacity 8168K, committed 8320K, reserved 1056768K
  class space    used 1021K, capacity 1082K, committed 1152K, reserved 1048576K
}

Deoptimization events (9 events):
Event: 1.329 Thread 0x000000000256d800 Uncommon trap: reason=unstable_if action=reinterpret pc=0x0000000002987c04 method=org.codehaus.plexus.util.InterpolationFilterReader.read([CII)I @ 18
Event: 1.335 Thread 0x000000000256d800 Uncommon trap: reason=unstable_if action=reinterpret pc=0x0000000002972258 method=org.codehaus.plexus.util.xml.pull.MXParser.nextImpl()I @ 241
Event: 1.367 Thread 0x000000000256d800 Uncommon trap: reason=unstable_if action=reinterpret pc=0x0000000002985f28 method=org.codehaus.plexus.util.xml.pull.MXParser.isWhitespace()Z @ 20
Event: 1.499 Thread 0x000000000256d800 Uncommon trap: reason=class_check action=maybe_recompile pc=0x00000000029ef748 method=java.lang.reflect.Executable.getAnnotation(Ljava/lang/Class;)Ljava/lang/annotation/Annotation; @ 11
Event: 1.499 Thread 0x000000000256d800 Uncommon trap: reason=class_check action=maybe_recompile pc=0x00000000029ef748 method=java.lang.reflect.Executable.getAnnotation(Ljava/lang/Class;)Ljava/lang/annotation/Annotation; @ 11
Event: 1.520 Thread 0x000000000256d800 Uncommon trap: reason=unstable_if action=reinterpret pc=0x00000000029aa240 method=java.util.HashMap.getNode(ILjava/lang/Object;)Ljava/util/HashMap$Node; @ 129
Event: 1.520 Thread 0x000000000256d800 Uncommon trap: reason=unstable_if action=reinterpret pc=0x000000000292832c method=java.util.HashMap.getNode(ILjava/lang/Object;)Ljava/util/HashMap$Node; @ 129
Event: 1.585 Thread 0x000000000256d800 Uncommon trap: reason=class_check action=maybe_recompile pc=0x00000000029ef748 method=java.lang.reflect.Executable.getAnnotation(Ljava/lang/Class;)Ljava/lang/annotation/Annotation; @ 11
Event: 1.585 Thread 0x000000000256d800 Uncommon trap: reason=class_check action=maybe_recompile pc=0x00000000029ef748 method=java.lang.reflect.Executable.getAnnotation(Ljava/lang/Class;)Ljava/lang/annotation/Annotation; @ 11

Internal exceptions (10 events):
Event: 0.898 Thread 0x000000000256d800 Exception <a 'java/lang/ArrayIndexOutOfBoundsException': 43> (0x00000000eb4a7ff0) thrown at [C:\re\workspace\8-2-build-windows-amd64-cygwin\jdk8u91\6644\hotspot\src\share\vm\interpreter\interpreterRuntime.cpp, line 366]
Event: 0.901 Thread 0x000000000256d800 Exception <a 'java/lang/ArrayIndexOutOfBoundsException': 92> (0x00000000eb4a9888) thrown at [C:\re\workspace\8-2-build-windows-amd64-cygwin\jdk8u91\6644\hotspot\src\share\vm\interpreter\interpreterRuntime.cpp, line 366]
Event: 1.036 Thread 0x000000000256d800 Exception <a 'java/lang/ArrayIndexOutOfBoundsException'> (0x00000000eb6ef190) thrown at [C:\re\workspace\8-2-build-windows-amd64-cygwin\jdk8u91\6644\hotspot\src\share\vm\runtime\sharedRuntime.cpp, line 605]
Event: 1.036 Thread 0x000000000256d800 Exception <a 'java/lang/ArrayIndexOutOfBoundsException'> (0x00000000eb6f08b8) thrown at [C:\re\workspace\8-2-build-windows-amd64-cygwin\jdk8u91\6644\hotspot\src\share\vm\runtime\sharedRuntime.cpp, line 605]
Event: 1.061 Thread 0x000000000256d800 Exception <a 'java/lang/ArrayIndexOutOfBoundsException'> (0x00000000eb750340) thrown at [C:\re\workspace\8-2-build-windows-amd64-cygwin\jdk8u91\6644\hotspot\src\share\vm\runtime\sharedRuntime.cpp, line 605]
Event: 1.384 Thread 0x000000000256d800 Exception <a 'java/lang/ArrayIndexOutOfBoundsException'> (0x00000000eb394d78) thrown at [C:\re\workspace\8-2-build-windows-amd64-cygwin\jdk8u91\6644\hotspot\src\share\vm\runtime\sharedRuntime.cpp, line 605]
Event: 1.387 Thread 0x000000000256d800 Exception <a 'java/lang/ArrayIndexOutOfBoundsException'> (0x00000000eb396a20) thrown at [C:\re\workspace\8-2-build-windows-amd64-cygwin\jdk8u91\6644\hotspot\src\share\vm\runtime\sharedRuntime.cpp, line 605]
Event: 1.528 Thread 0x000000000256d800 Exception <a 'java/lang/NoClassDefFoundError': org/slf4j/Logger> (0x00000000eb847c40) thrown at [C:\re\workspace\8-2-build-windows-amd64-cygwin\jdk8u91\6644\hotspot\src\share\vm\classfile\systemDictionary.cpp, line 199]
Event: 1.607 Thread 0x000000000256d800 Exception <a 'java/lang/NoClassDefFoundError': org/slf4j/LoggerFactory> (0x00000000ebae59f8) thrown at [C:\re\workspace\8-2-build-windows-amd64-cygwin\jdk8u91\6644\hotspot\src\share\vm\classfile\systemDictionary.cpp, line 199]
Event: 1.607 Thread 0x000000000256d800 Exception <a 'java/lang/NoClassDefFoundError'> (0x00000000ebae59f8) thrown at [C:\re\workspace\8-2-build-windows-amd64-cygwin\jdk8u91\6644\hotspot\src\share\vm\oops\instanceKlass.cpp, line 948]

Events (10 events):
Event: 1.609 loading class java/util/concurrent/ConcurrentHashMap$ValueIterator
Event: 1.609 loading class java/util/concurrent/ConcurrentHashMap$BaseIterator
Event: 1.609 loading class java/util/concurrent/ConcurrentHashMap$Traverser
Event: 1.609 loading class java/util/concurrent/ConcurrentHashMap$Traverser done
Event: 1.609 loading class java/util/concurrent/ConcurrentHashMap$BaseIterator done
Event: 1.609 loading class java/util/concurrent/ConcurrentHashMap$ValueIterator done
Event: 1.610 loading class com/google/inject/internal/ConstructionContext
Event: 1.610 loading class com/google/inject/internal/ConstructionContext done
Event: 1.611 Executing VM operation: ParallelGCFailedAllocation
Event: 1.620 Executing VM operation: ParallelGCFailedAllocation done


Dynamic libraries:
0x00007ff714740000 - 0x00007ff714777000 	C:\Program Files\Java\jdk1.8.0_91\bin\java.exe
0x00007ffa8cfe0000 - 0x00007ffa8d1b1000 	C:\WINDOWS\SYSTEM32\ntdll.dll
0x00007ffa8c530000 - 0x00007ffa8c5db000 	C:\WINDOWS\System32\KERNEL32.DLL
0x00007ffa71e90000 - 0x00007ffa71ee4000 	C:\Program Files (x86)\AVG\Av\avghooka.dll
0x00007ffa8a350000 - 0x00007ffa8a56d000 	C:\WINDOWS\System32\KERNELBASE.dll
0x00007ffa8c890000 - 0x00007ffa8c932000 	C:\WINDOWS\System32\ADVAPI32.dll
0x00007ffa8a970000 - 0x00007ffa8aa0e000 	C:\WINDOWS\System32\msvcrt.dll
0x00007ffa8cd50000 - 0x00007ffa8cda9000 	C:\WINDOWS\System32\sechost.dll
0x00007ffa8c400000 - 0x00007ffa8c521000 	C:\WINDOWS\System32\RPCRT4.dll
0x00007ffa8c6e0000 - 0x00007ffa8c845000 	C:\WINDOWS\System32\USER32.dll
0x00007ffa89ee0000 - 0x00007ffa89efe000 	C:\WINDOWS\System32\win32u.dll
0x00007ffa8cbb0000 - 0x00007ffa8cbe4000 	C:\WINDOWS\System32\GDI32.dll
0x00007ffa89fa0000 - 0x00007ffa8a122000 	C:\WINDOWS\System32\gdi32full.dll
0x00007ffa7bf60000 - 0x00007ffa7c1d9000 	C:\WINDOWS\WinSxS\amd64_microsoft.windows.common-controls_6595b64144ccf1df_6.0.14393.447_none_42191651c6827bb3\COMCTL32.dll
0x00007ffa8a570000 - 0x00007ffa8a838000 	C:\WINDOWS\System32\combase.dll
0x00007ffa89d30000 - 0x00007ffa89e25000 	C:\WINDOWS\System32\ucrtbase.dll
0x00007ffa89530000 - 0x00007ffa8959a000 	C:\WINDOWS\System32\bcryptPrimitives.dll
0x00007ffa8c860000 - 0x00007ffa8c88e000 	C:\WINDOWS\System32\IMM32.DLL
0x0000000054ea0000 - 0x0000000054f72000 	C:\Program Files\Java\jdk1.8.0_91\jre\bin\msvcr100.dll
0x0000000054f80000 - 0x0000000055813000 	C:\Program Files\Java\jdk1.8.0_91\jre\bin\server\jvm.dll
0x00007ffa8aa10000 - 0x00007ffa8aa18000 	C:\WINDOWS\System32\PSAPI.DLL
0x00007ffa872d0000 - 0x00007ffa872d9000 	C:\WINDOWS\SYSTEM32\WSOCK32.dll
0x00007ffa8ca80000 - 0x00007ffa8caea000 	C:\WINDOWS\System32\WS2_32.dll
0x00007ffa87450000 - 0x00007ffa87473000 	C:\WINDOWS\SYSTEM32\WINMM.dll
0x00007ffa844e0000 - 0x00007ffa844ea000 	C:\WINDOWS\SYSTEM32\VERSION.dll
0x00007ffa873f0000 - 0x00007ffa8741b000 	C:\WINDOWS\SYSTEM32\WINMMBASE.dll
0x00007ffa8a300000 - 0x00007ffa8a342000 	C:\WINDOWS\System32\cfgmgr32.dll
0x0000000054e50000 - 0x0000000054e5f000 	C:\Program Files\Java\jdk1.8.0_91\jre\bin\verify.dll
0x0000000054e20000 - 0x0000000054e49000 	C:\Program Files\Java\jdk1.8.0_91\jre\bin\java.dll
0x0000000054e00000 - 0x0000000054e16000 	C:\Program Files\Java\jdk1.8.0_91\jre\bin\zip.dll
0x00007ffa8aef0000 - 0x00007ffa8c3f9000 	C:\WINDOWS\System32\SHELL32.dll
0x00007ffa89650000 - 0x00007ffa89d2a000 	C:\WINDOWS\System32\windows.storage.dll
0x00007ffa89470000 - 0x00007ffa894bc000 	C:\WINDOWS\System32\powrprof.dll
0x00007ffa8cf50000 - 0x00007ffa8cfa2000 	C:\WINDOWS\System32\shlwapi.dll
0x00007ffa894c0000 - 0x00007ffa894cf000 	C:\WINDOWS\System32\kernel.appcore.dll
0x00007ffa89e30000 - 0x00007ffa89ed9000 	C:\WINDOWS\System32\shcore.dll
0x00007ffa89440000 - 0x00007ffa89454000 	C:\WINDOWS\System32\profapi.dll
0x00007ffa7a530000 - 0x00007ffa7a6c2000 	C:\WINDOWS\SYSTEM32\dbghelp.dll

VM Arguments:
jvm_args: -Dclassworlds.conf=C:\Program Files\NetBeans 8.2\java\maven\bin\m2.conf -Dmaven.home=C:\Program Files\NetBeans 8.2\java\maven 
java_command: org.codehaus.plexus.classworlds.launcher.Launcher -Dexec.args=-classpath %classpath virpi.virpigame.Main -Dexec.executable=C:\Program Files\Java\jdk1.8.0_91\bin\java.exe -Dmaven.ext.class.path=C:\Program Files\NetBeans 8.2\java\maven-nblib\netbeans-eventspy.jar -Dfile.encoding=UTF-8 org.codehaus.mojo:exec-maven-plugin:1.2.1:exec
java_class_path (initial): C:\Program Files\NetBeans 8.2\java\maven\boot\plexus-classworlds-2.4.jar
Launcher Type: SUN_STANDARD

Environment Variables:
JAVA_HOME=C:\Program Files\Java\jdk1.8.0_91
PATH=C:\ProgramData\Oracle\Java\javapath;C:\WINDOWS\system32;C:\WINDOWS;C:\WINDOWS\System32\Wbem;C:\WINDOWS\System32\WindowsPowerShell\v1.0\;C:\Program Files (x86)\Skype\Phone\;C:\Program Files (x86)\NVIDIA Corporation\PhysX\Common;C:\WINDOWS\system32;C:\WINDOWS;C:\WINDOWS\System32\Wbem;C:\WINDOWS\System32\WindowsPowerShell\v1.0\;C:\Users\jaakk_000\AppData\Local\Microsoft\WindowsApps;
USERNAME=jaakk_000
OS=Windows_NT
PROCESSOR_IDENTIFIER=Intel64 Family 6 Model 23 Stepping 10, GenuineIntel



---------------  S Y S T E M  ---------------

OS: Windows 10.0 , 64 bit Build 14393 (10.0.14393.0)

CPU:total 4 (4 cores per cpu, 1 threads per core) family 6 model 23 stepping 10, cmov, cx8, fxsr, mmx, sse, sse2, sse3, ssse3, sse4.1, tsc

Memory: 4k page, physical 4193268k(1422436k free), swap 6421492k(2875524k free)

vm_info: Java HotSpot(TM) 64-Bit Server VM (25.91-b14) for windows-amd64 JRE (1.8.0_91-b14), built on Apr  1 2016 00:58:32 by "java_re" with MS VC++ 10.0 (VS2010)

time: Wed Feb 15 18:47:15 2017
elapsed time: 1 seconds (0d 0h 0m 1s)

