#
# A fatal error has been detected by the Java Runtime Environment:
#
#  EXCEPTION_ACCESS_VIOLATION (0xc0000005) at pc=0xffffffffa3385120, pid=7172, tid=11368
#
# JRE version: Java(TM) SE Runtime Environment (8.0_91-b14) (build 1.8.0_91-b14)
# Java VM: Java HotSpot(TM) 64-Bit Server VM (25.91-b14 mixed mode windows-amd64 compressed oops)
# Problematic frame:
# C  0xffffffffa3385120
#
# Failed to write core dump. Minidumps are not enabled by default on client versions of Windows
#
# If you would like to submit a bug report, please visit:
#   http://bugreport.java.com/bugreport/crash.jsp
#

---------------  T H R E A D  ---------------

Current thread (0x000000000237d800):  JavaThread "main" [_thread_in_Java, id=11368, stack(0x0000000001f80000,0x0000000002080000)]

siginfo: ExceptionCode=0xc0000005, ExceptionInformation=0x0000000000000008 0xffffffffa3385120

Registers:
RAX=0x00000000140b4e40, RBX=0x00000000140b4e40, RCX=0x00000000ec3aa7a0, RDX=0x00000000ec3aa7a0
RSP=0x000000000207d398, RBP=0x000000000207d3f8, RSI=0x00000000ec3aa7a0, RDI=0x0000000014425d28
R8 =0x00000000ece51670, R9 =0x00000000ec3aa618, R10=0x0000000058c949a0, R11=0x00000000024958a0
R12=0x0000000000000000, R13=0x000000000207d3a8, R14=0x000000000207d410, R15=0x000000000237d800
RIP=0xffffffffa3385120, EFLAGS=0x0000000000010206

Top of Stack: (sp=0x000000000207d398)
0x000000000207d398:   0000000002387870 0000000002387870
0x000000000207d3a8:   00000000ece51670 00000000ec3aa7a0
0x000000000207d3b8:   000000000207d3b8 00000000182697e6
0x000000000207d3c8:   000000000207d410 0000000018269b00
0x000000000207d3d8:   0000000000000000 0000000018269818
0x000000000207d3e8:   000000000207d3a8 000000000207d408
0x000000000207d3f8:   000000000207d458 0000000002387870
0x000000000207d408:   00000000ecda1ed0 00000000ec662938
0x000000000207d418:   000000000207d418 0000000018268e5e
0x000000000207d428:   000000000207d4b0 0000000018269b00
0x000000000207d438:   0000000000000000 0000000018268f50
0x000000000207d448:   000000000207d408 000000000207d4a0
0x000000000207d458:   000000000207d508 000000000238809d
0x000000000207d468:   0000000000000000 0000000000000000
0x000000000207d478:   0000000000000000 0000000000000000
0x000000000207d488:   0000000000000000 0000000000000000 

Instructions: (pc=0xffffffffa3385120)
0xffffffffa3385100:   
[error occurred during error reporting (printing registers, top of stack, instructions near pc), id 0xc0000005]

Register to memory mapping:

RAX={method} {0x00000000140b4e48} 'startsWith' '(Ljava/lang/String;)Z' in 'java/lang/String'
RBX={method} {0x00000000140b4e48} 'startsWith' '(Ljava/lang/String;)Z' in 'java/lang/String'
RCX=0x00000000ec3aa7a0 is an oop
java.lang.String 
 - klass: 'java/lang/String'
RDX=0x00000000ec3aa7a0 is an oop
java.lang.String 
 - klass: 'java/lang/String'
RSP=0x000000000207d398 is pointing into the stack for thread: 0x000000000237d800
RBP=0x000000000207d3f8 is pointing into the stack for thread: 0x000000000237d800
RSI=0x00000000ec3aa7a0 is an oop
java.lang.String 
 - klass: 'java/lang/String'
RDI=0x0000000014425d28 is pointing into metadata
R8 =0x00000000ece51670 is an oop
java.lang.String 
 - klass: 'java/lang/String'
R9 =0x00000000ec3aa618 is an oop
java.lang.reflect.Field 
 - klass: 'java/lang/reflect/Field'
R10=0x0000000058c949a0 is an unknown value
R11=0x00000000024958a0 is at entry_point+32 in (nmethod*)0x0000000002495710
R12=0x0000000000000000 is an unknown value
R13=0x000000000207d3a8 is pointing into the stack for thread: 0x000000000237d800
R14=0x000000000207d410 is pointing into the stack for thread: 0x000000000237d800
R15=0x000000000237d800 is a thread


Stack: [0x0000000001f80000,0x0000000002080000],  sp=0x000000000207d398,  free space=1012k
Native frames: (J=compiled Java code, j=interpreted, Vv=VM code, C=native code)
C  0xffffffffa3385120


---------------  P R O C E S S  ---------------

Java Threads: ( => current thread )
  0x0000000014aae800 JavaThread "Service Thread" daemon [_thread_blocked, id=6196, stack(0x00000000166d0000,0x00000000167d0000)]
  0x0000000014a58000 JavaThread "C1 CompilerThread2" daemon [_thread_blocked, id=4456, stack(0x00000000161d0000,0x00000000162d0000)]
  0x0000000014a51000 JavaThread "C2 CompilerThread1" daemon [_thread_blocked, id=2388, stack(0x00000000160d0000,0x00000000161d0000)]
  0x0000000014a4e000 JavaThread "C2 CompilerThread0" daemon [_thread_in_native, id=3156, stack(0x0000000015fd0000,0x00000000160d0000)]
  0x0000000014a4c800 JavaThread "Attach Listener" daemon [_thread_blocked, id=872, stack(0x0000000015ed0000,0x0000000015fd0000)]
  0x0000000014a4b800 JavaThread "Signal Dispatcher" daemon [_thread_blocked, id=7404, stack(0x0000000015dd0000,0x0000000015ed0000)]
  0x000000000227d800 JavaThread "Finalizer" daemon [_thread_blocked, id=11604, stack(0x0000000015cd0000,0x0000000015dd0000)]
  0x0000000002272000 JavaThread "Reference Handler" daemon [_thread_blocked, id=1380, stack(0x0000000015bd0000,0x0000000015cd0000)]
=>0x000000000237d800 JavaThread "main" [_thread_in_Java, id=11368, stack(0x0000000001f80000,0x0000000002080000)]

Other Threads:
  0x0000000014a17000 VMThread [stack: 0x0000000015ad0000,0x0000000015bd0000] [id=6772]
  0x0000000014aa6800 WatcherThread [stack: 0x00000000167d0000,0x00000000168d0000] [id=10936]

VM state:not at safepoint (normal execution)

VM Mutex/Monitor currently owned by a thread: None

Heap:
 PSYoungGen      total 35328K, used 31310K [0x00000000eab00000, 0x00000000ed000000, 0x0000000100000000)
  eden space 32768K, 87% used [0x00000000eab00000,0x00000000ec7155e0,0x00000000ecb00000)
  from space 2560K, 99% used [0x00000000ecd80000,0x00000000ecffe410,0x00000000ed000000)
  to   space 2560K, 0% used [0x00000000ecb00000,0x00000000ecb00000,0x00000000ecd80000)
 ParOldGen       total 44032K, used 707K [0x00000000c0000000, 0x00000000c2b00000, 0x00000000eab00000)
  object space 44032K, 1% used [0x00000000c0000000,0x00000000c00b0d98,0x00000000c2b00000)
 Metaspace       used 12002K, capacity 12172K, committed 12416K, reserved 1060864K
  class space    used 1482K, capacity 1541K, committed 1664K, reserved 1048576K

Card table byte_map: [0x0000000011740000,0x0000000011950000] byte_map_base: 0x0000000011140000

Marking Bits: (ParMarkBitMap*) 0x0000000058cb2f70
 Begin Bits: [0x0000000011eb0000, 0x0000000012eb0000)
 End Bits:   [0x0000000012eb0000, 0x0000000013eb0000)

Polling page: 0x0000000000670000

CodeCache: size=245760Kb used=4354Kb max_used=4356Kb free=241405Kb
 bounds [0x0000000002380000, 0x00000000027d0000, 0x0000000011380000]
 total_blobs=1552 nmethods=1235 adapters=231
 compilation: enabled

Compilation events (10 events):
Event: 2.103 Thread 0x0000000014a58000 nmethod 1223 0x00000000027b8290 code [0x00000000027b8420, 0x00000000027b87b8]
Event: 2.103 Thread 0x0000000014a58000 1224       3       java.util.regex.Pattern$Single::isSatisfiedBy (14 bytes)
Event: 2.103 Thread 0x0000000014a58000 nmethod 1224 0x00000000027b7f10 code [0x00000000027b8060, 0x00000000027b8210]
Event: 2.105 Thread 0x0000000014a58000 1225       3       org.codehaus.plexus.util.xml.pull.MXParser::nextImpl (1190 bytes)
Event: 2.110 Thread 0x0000000014a51000 1232       4       java.lang.String::startsWith (7 bytes)
Event: 2.111 Thread 0x0000000014a58000 nmethod 1225 0x00000000027bb410 code [0x00000000027bb9e0, 0x00000000027bf9c8]
Event: 2.111 Thread 0x0000000014a58000 1227       3       java.util.Hashtable$Entry::<init> (26 bytes)
Event: 2.112 Thread 0x0000000014a58000 nmethod 1227 0x00000000027b7750 code [0x00000000027b78a0, 0x00000000027b7a90]
Event: 2.112 Thread 0x0000000014a58000 1234       3       sun.reflect.UnsafeObjectFieldAccessorImpl::get (17 bytes)
Event: 2.112 Thread 0x0000000014a51000 nmethod 1232 0x00000000027c4110 code [0x00000000027c4260, 0x00000000027c4358]

GC Heap History (4 events):
Event: 0.764 GC heap before
{Heap before GC invocations=1 (full 0):
 PSYoungGen      total 18944K, used 16384K [0x00000000eab00000, 0x00000000ec000000, 0x0000000100000000)
  eden space 16384K, 100% used [0x00000000eab00000,0x00000000ebb00000,0x00000000ebb00000)
  from space 2560K, 0% used [0x00000000ebd80000,0x00000000ebd80000,0x00000000ec000000)
  to   space 2560K, 0% used [0x00000000ebb00000,0x00000000ebb00000,0x00000000ebd80000)
 ParOldGen       total 44032K, used 0K [0x00000000c0000000, 0x00000000c2b00000, 0x00000000eab00000)
  object space 44032K, 0% used [0x00000000c0000000,0x00000000c0000000,0x00000000c2b00000)
 Metaspace       used 6685K, capacity 6812K, committed 7040K, reserved 1056768K
  class space    used 821K, capacity 888K, committed 896K, reserved 1048576K
Event: 0.778 GC heap after
Heap after GC invocations=1 (full 0):
 PSYoungGen      total 18944K, used 2556K [0x00000000eab00000, 0x00000000ed000000, 0x0000000100000000)
  eden space 16384K, 0% used [0x00000000eab00000,0x00000000eab00000,0x00000000ebb00000)
  from space 2560K, 99% used [0x00000000ebb00000,0x00000000ebd7f380,0x00000000ebd80000)
  to   space 2560K, 0% used [0x00000000ecd80000,0x00000000ecd80000,0x00000000ed000000)
 ParOldGen       total 44032K, used 627K [0x00000000c0000000, 0x00000000c2b00000, 0x00000000eab00000)
  object space 44032K, 1% used [0x00000000c0000000,0x00000000c009cd98,0x00000000c2b00000)
 Metaspace       used 6685K, capacity 6812K, committed 7040K, reserved 1056768K
  class space    used 821K, capacity 888K, committed 896K, reserved 1048576K
}
Event: 1.137 GC heap before
{Heap before GC invocations=2 (full 0):
 PSYoungGen      total 18944K, used 18940K [0x00000000eab00000, 0x00000000ed000000, 0x0000000100000000)
  eden space 16384K, 100% used [0x00000000eab00000,0x00000000ebb00000,0x00000000ebb00000)
  from space 2560K, 99% used [0x00000000ebb00000,0x00000000ebd7f380,0x00000000ebd80000)
  to   space 2560K, 0% used [0x00000000ecd80000,0x00000000ecd80000,0x00000000ed000000)
 ParOldGen       total 44032K, used 627K [0x00000000c0000000, 0x00000000c2b00000, 0x00000000eab00000)
  object space 44032K, 1% used [0x00000000c0000000,0x00000000c009cd98,0x00000000c2b00000)
 Metaspace       used 7717K, capacity 7842K, committed 7936K, reserved 1056768K
  class space    used 977K, capacity 1017K, committed 1024K, reserved 1048576K
Event: 1.145 GC heap after
Heap after GC invocations=2 (full 0):
 PSYoungGen      total 35328K, used 2553K [0x00000000eab00000, 0x00000000ed000000, 0x0000000100000000)
  eden space 32768K, 0% used [0x00000000eab00000,0x00000000eab00000,0x00000000ecb00000)
  from space 2560K, 99% used [0x00000000ecd80000,0x00000000ecffe410,0x00000000ed000000)
  to   space 2560K, 0% used [0x00000000ecb00000,0x00000000ecb00000,0x00000000ecd80000)
 ParOldGen       total 44032K, used 707K [0x00000000c0000000, 0x00000000c2b00000, 0x00000000eab00000)
  object space 44032K, 1% used [0x00000000c0000000,0x00000000c00b0d98,0x00000000c2b00000)
 Metaspace       used 7717K, capacity 7842K, committed 7936K, reserved 1056768K
  class space    used 977K, capacity 1017K, committed 1024K, reserved 1048576K
}

Deoptimization events (10 events):
Event: 1.292 Thread 0x000000000237d800 Uncommon trap: reason=bimorphic action=maybe_recompile pc=0x00000000026b1e60 method=java.util.HashMap.putVal(ILjava/lang/Object;Ljava/lang/Object;ZZ)Ljava/lang/Object; @ 203
Event: 1.292 Thread 0x000000000237d800 Uncommon trap: reason=bimorphic action=maybe_recompile pc=0x00000000026b1e60 method=java.util.HashMap.putVal(ILjava/lang/Object;Ljava/lang/Object;ZZ)Ljava/lang/Object; @ 203
Event: 1.292 Thread 0x000000000237d800 Uncommon trap: reason=bimorphic action=maybe_recompile pc=0x00000000026b1e60 method=java.util.HashMap.putVal(ILjava/lang/Object;Ljava/lang/Object;ZZ)Ljava/lang/Object; @ 203
Event: 1.697 Thread 0x000000000237d800 Uncommon trap: reason=null_check action=make_not_entrant pc=0x000000000255125c method=java.lang.String.equals(Ljava/lang/Object;)Z @ 8
Event: 1.725 Thread 0x000000000237d800 Uncommon trap: reason=unstable_if action=reinterpret pc=0x0000000002649aa8 method=org.codehaus.plexus.util.xml.pull.MXParser.parseStartTag()I @ 443
Event: 1.752 Thread 0x000000000237d800 Uncommon trap: reason=class_check action=maybe_recompile pc=0x00000000025fbd90 method=java.nio.charset.CharsetDecoder.decode(Ljava/nio/ByteBuffer;Ljava/nio/CharBuffer;Z)Ljava/nio/charset/CoderResult; @ 57
Event: 1.796 Thread 0x000000000237d800 Uncommon trap: reason=class_check action=maybe_recompile pc=0x00000000025fbd90 method=java.nio.charset.CharsetDecoder.decode(Ljava/nio/ByteBuffer;Ljava/nio/CharBuffer;Z)Ljava/nio/charset/CoderResult; @ 57
Event: 1.796 Thread 0x000000000237d800 Uncommon trap: reason=class_check action=maybe_recompile pc=0x00000000025fbd90 method=java.nio.charset.CharsetDecoder.decode(Ljava/nio/ByteBuffer;Ljava/nio/CharBuffer;Z)Ljava/nio/charset/CoderResult; @ 57
Event: 1.949 Thread 0x000000000237d800 Uncommon trap: reason=unstable_if action=reinterpret pc=0x000000000251f4e8 method=java.lang.String.replace(CC)Ljava/lang/String; @ 2
Event: 2.087 Thread 0x000000000237d800 Uncommon trap: reason=unstable_if action=reinterpret pc=0x000000000278ed24 method=org.codehaus.plexus.util.xml.pull.MXParser.nextImpl()I @ 960

Internal exceptions (10 events):
Event: 0.549 Thread 0x000000000237d800 Exception <a 'java/lang/ArrayIndexOutOfBoundsException': 92> (0x00000000eb4a7850) thrown at [C:\re\workspace\8-2-build-windows-amd64-cygwin\jdk8u91\6644\hotspot\src\share\vm\interpreter\interpreterRuntime.cpp, line 366]
Event: 0.614 Thread 0x000000000237d800 Exception <a 'java/lang/ArrayIndexOutOfBoundsException'> (0x00000000eb6edce0) thrown at [C:\re\workspace\8-2-build-windows-amd64-cygwin\jdk8u91\6644\hotspot\src\share\vm\runtime\sharedRuntime.cpp, line 605]
Event: 0.614 Thread 0x000000000237d800 Exception <a 'java/lang/ArrayIndexOutOfBoundsException'> (0x00000000eb6ef408) thrown at [C:\re\workspace\8-2-build-windows-amd64-cygwin\jdk8u91\6644\hotspot\src\share\vm\runtime\sharedRuntime.cpp, line 605]
Event: 0.630 Thread 0x000000000237d800 Exception <a 'java/lang/ArrayIndexOutOfBoundsException'> (0x00000000eb74e4d0) thrown at [C:\re\workspace\8-2-build-windows-amd64-cygwin\jdk8u91\6644\hotspot\src\share\vm\runtime\sharedRuntime.cpp, line 605]
Event: 0.964 Thread 0x000000000237d800 Exception <a 'java/lang/ArrayIndexOutOfBoundsException'> (0x00000000eb5cf980) thrown at [C:\re\workspace\8-2-build-windows-amd64-cygwin\jdk8u91\6644\hotspot\src\share\vm\runtime\sharedRuntime.cpp, line 605]
Event: 0.964 Thread 0x000000000237d800 Exception <a 'java/lang/ArrayIndexOutOfBoundsException'> (0x00000000eb5d1628) thrown at [C:\re\workspace\8-2-build-windows-amd64-cygwin\jdk8u91\6644\hotspot\src\share\vm\runtime\sharedRuntime.cpp, line 605]
Event: 1.128 Thread 0x000000000237d800 Exception <a 'java/lang/NoClassDefFoundError': org/slf4j/Logger> (0x00000000eba838a8) thrown at [C:\re\workspace\8-2-build-windows-amd64-cygwin\jdk8u91\6644\hotspot\src\share\vm\classfile\systemDictionary.cpp, line 199]
Event: 1.225 Thread 0x000000000237d800 Exception <a 'java/lang/NoClassDefFoundError': org/slf4j/LoggerFactory> (0x00000000ead577a0) thrown at [C:\re\workspace\8-2-build-windows-amd64-cygwin\jdk8u91\6644\hotspot\src\share\vm\classfile\systemDictionary.cpp, line 199]
Event: 1.225 Thread 0x000000000237d800 Exception <a 'java/lang/NoClassDefFoundError'> (0x00000000ead577a0) thrown at [C:\re\workspace\8-2-build-windows-amd64-cygwin\jdk8u91\6644\hotspot\src\share\vm\oops\instanceKlass.cpp, line 948]
Event: 1.697 Thread 0x000000000237d800 Implicit null exception at 0x000000000255109b to 0x000000000255124d

Events (10 events):
Event: 2.074 Thread 0x000000000237d800 DEOPT UNPACKING pc=0x00000000023c71bf sp=0x000000000207d7a8 mode 0
Event: 2.078 loading class org/apache/maven/model/Site
Event: 2.078 loading class org/apache/maven/model/Site done
Event: 2.087 Thread 0x000000000237d800 Uncommon trap: trap_request=0xffffff65 fr.pc=0x000000000278ed24
Event: 2.088 Thread 0x000000000237d800 DEOPT PACKING pc=0x000000000278ed24 sp=0x000000000207dad0
Event: 2.088 Thread 0x000000000237d800 DEOPT UNPACKING pc=0x00000000023c556a sp=0x000000000207da40 mode 2
Event: 2.093 loading class org/apache/maven/model/ActivationFile
Event: 2.093 loading class org/apache/maven/model/ActivationFile done
Event: 2.100 loading class java/util/Collections$SingletonList
Event: 2.101 loading class java/util/Collections$SingletonList done


Dynamic libraries:
0x00007ff7daac0000 - 0x00007ff7daaf7000 	C:\Program Files\Java\jdk1.8.0_91\bin\java.exe
0x00007ffc8cb80000 - 0x00007ffc8cd51000 	C:\WINDOWS\SYSTEM32\ntdll.dll
0x00007ffc8cac0000 - 0x00007ffc8cb6b000 	C:\WINDOWS\System32\KERNEL32.DLL
0x00007ffc70ee0000 - 0x00007ffc70f34000 	C:\Program Files (x86)\AVG\Av\avghooka.dll
0x00007ffc89070000 - 0x00007ffc8928d000 	C:\WINDOWS\System32\KERNELBASE.dll
0x00007ffc8c0f0000 - 0x00007ffc8c192000 	C:\WINDOWS\System32\ADVAPI32.dll
0x00007ffc8c050000 - 0x00007ffc8c0ee000 	C:\WINDOWS\System32\msvcrt.dll
0x00007ffc8bc00000 - 0x00007ffc8bc59000 	C:\WINDOWS\System32\sechost.dll
0x00007ffc8b900000 - 0x00007ffc8ba21000 	C:\WINDOWS\System32\RPCRT4.dll
0x00007ffc8c8f0000 - 0x00007ffc8ca55000 	C:\WINDOWS\System32\USER32.dll
0x00007ffc89be0000 - 0x00007ffc89bfe000 	C:\WINDOWS\System32\win32u.dll
0x00007ffc8c010000 - 0x00007ffc8c044000 	C:\WINDOWS\System32\GDI32.dll
0x00007ffc89cb0000 - 0x00007ffc89e32000 	C:\WINDOWS\System32\gdi32full.dll
0x00007ffc7f5c0000 - 0x00007ffc7f839000 	C:\WINDOWS\WinSxS\amd64_microsoft.windows.common-controls_6595b64144ccf1df_6.0.14393.447_none_42191651c6827bb3\COMCTL32.dll
0x00007ffc8bd40000 - 0x00007ffc8c008000 	C:\WINDOWS\System32\combase.dll
0x00007ffc89290000 - 0x00007ffc89385000 	C:\WINDOWS\System32\ucrtbase.dll
0x00007ffc89b10000 - 0x00007ffc89b7a000 	C:\WINDOWS\System32\bcryptPrimitives.dll
0x00007ffc8c8c0000 - 0x00007ffc8c8ee000 	C:\WINDOWS\System32\IMM32.DLL
0x00000000583c0000 - 0x0000000058492000 	C:\Program Files\Java\jdk1.8.0_91\jre\bin\msvcr100.dll
0x00000000584a0000 - 0x0000000058d33000 	C:\Program Files\Java\jdk1.8.0_91\jre\bin\server\jvm.dll
0x00007ffc8cb70000 - 0x00007ffc8cb78000 	C:\WINDOWS\System32\PSAPI.DLL
0x00007ffc87500000 - 0x00007ffc87509000 	C:\WINDOWS\SYSTEM32\WSOCK32.dll
0x00007ffc8c210000 - 0x00007ffc8c27a000 	C:\WINDOWS\System32\WS2_32.dll
0x00007ffc87470000 - 0x00007ffc87493000 	C:\WINDOWS\SYSTEM32\WINMM.dll
0x00007ffc841a0000 - 0x00007ffc841aa000 	C:\WINDOWS\SYSTEM32\VERSION.dll
0x00007ffc87410000 - 0x00007ffc8743b000 	C:\WINDOWS\SYSTEM32\WINMMBASE.dll
0x00007ffc8a0c0000 - 0x00007ffc8a102000 	C:\WINDOWS\System32\cfgmgr32.dll
0x0000000058370000 - 0x000000005837f000 	C:\Program Files\Java\jdk1.8.0_91\jre\bin\verify.dll
0x0000000058340000 - 0x0000000058369000 	C:\Program Files\Java\jdk1.8.0_91\jre\bin\java.dll
0x0000000058320000 - 0x0000000058336000 	C:\Program Files\Java\jdk1.8.0_91\jre\bin\zip.dll
0x00007ffc8a2b0000 - 0x00007ffc8b7b9000 	C:\WINDOWS\System32\SHELL32.dll
0x00007ffc89390000 - 0x00007ffc89a6a000 	C:\WINDOWS\System32\windows.storage.dll
0x00007ffc89020000 - 0x00007ffc8906c000 	C:\WINDOWS\System32\powrprof.dll
0x00007ffc8ca60000 - 0x00007ffc8cab2000 	C:\WINDOWS\System32\shlwapi.dll
0x00007ffc89000000 - 0x00007ffc8900f000 	C:\WINDOWS\System32\kernel.appcore.dll
0x00007ffc89c00000 - 0x00007ffc89ca9000 	C:\WINDOWS\System32\shcore.dll
0x00007ffc88fe0000 - 0x00007ffc88ff4000 	C:\WINDOWS\System32\profapi.dll
0x0000000058300000 - 0x000000005831a000 	C:\Program Files\Java\jdk1.8.0_91\jre\bin\net.dll
0x00007ffc88910000 - 0x00007ffc8896c000 	C:\WINDOWS\system32\mswsock.dll
0x00000000582e0000 - 0x00000000582f1000 	C:\Program Files\Java\jdk1.8.0_91\jre\bin\nio.dll
0x00007ffc77840000 - 0x00007ffc779d2000 	C:\WINDOWS\SYSTEM32\dbghelp.dll

VM Arguments:
jvm_args: -Dclassworlds.conf=C:\Program Files\NetBeans 8.2\java\maven\bin\m2.conf -Dmaven.home=C:\Program Files\NetBeans 8.2\java\maven 
java_command: org.codehaus.plexus.classworlds.launcher.Launcher -Dexec.args=-classpath %classpath virpi.virpigame.Main -Dexec.executable=C:\Program Files\Java\jdk1.8.0_91\bin\java.exe -Dmaven.ext.class.path=C:\Program Files\NetBeans 8.2\java\maven-nblib\netbeans-eventspy.jar -Dfile.encoding=UTF-8 org.codehaus.mojo:exec-maven-plugin:1.2.1:exec
java_class_path (initial): C:\Program Files\NetBeans 8.2\java\maven\boot\plexus-classworlds-2.4.jar
Launcher Type: SUN_STANDARD

Environment Variables:
JAVA_HOME=C:\Program Files\Java\jdk1.8.0_91
PATH=C:\ProgramData\Oracle\Java\javapath;C:\WINDOWS\system32;C:\WINDOWS;C:\WINDOWS\System32\Wbem;C:\WINDOWS\System32\WindowsPowerShell\v1.0\;C:\Program Files (x86)\Skype\Phone\;C:\Program Files (x86)\NVIDIA Corporation\PhysX\Common;C:\WINDOWS\system32;C:\WINDOWS;C:\WINDOWS\System32\Wbem;C:\WINDOWS\System32\WindowsPowerShell\v1.0\;C:\Users\jaakk_000\AppData\Local\Microsoft\WindowsApps;
USERNAME=jaakk_000
OS=Windows_NT
PROCESSOR_IDENTIFIER=Intel64 Family 6 Model 23 Stepping 10, GenuineIntel



---------------  S Y S T E M  ---------------

OS: Windows 10.0 , 64 bit Build 14393 (10.0.14393.0)

CPU:total 4 (4 cores per cpu, 1 threads per core) family 6 model 23 stepping 10, cmov, cx8, fxsr, mmx, sse, sse2, sse3, ssse3, sse4.1, tsc

Memory: 4k page, physical 4193268k(1139896k free), swap 6525928k(1270568k free)

vm_info: Java HotSpot(TM) 64-Bit Server VM (25.91-b14) for windows-amd64 JRE (1.8.0_91-b14), built on Apr  1 2016 00:58:32 by "java_re" with MS VC++ 10.0 (VS2010)

time: Tue Feb 28 17:21:31 2017
elapsed time: 2 seconds (0d 0h 0m 2s)

