#
# A fatal error has been detected by the Java Runtime Environment:
#
#  EXCEPTION_ACCESS_VIOLATION (0xc0000005) at pc=0xffffffffa3d35120, pid=9320, tid=8472
#
# JRE version: Java(TM) SE Runtime Environment (8.0_91-b14) (build 1.8.0_91-b14)
# Java VM: Java HotSpot(TM) 64-Bit Server VM (25.91-b14 mixed mode windows-amd64 compressed oops)
# Problematic frame:
# C  0xffffffffa3d35120
#
# Failed to write core dump. Minidumps are not enabled by default on client versions of Windows
#
# If you would like to submit a bug report, please visit:
#   http://bugreport.java.com/bugreport/crash.jsp
#

---------------  T H R E A D  ---------------

Current thread (0x0000000002c1d800):  JavaThread "main" [_thread_in_Java, id=8472, stack(0x0000000002ab0000,0x0000000002bb0000)]

siginfo: ExceptionCode=0xc0000005, ExceptionInformation=0x0000000000000008 0xffffffffa3d35120

Registers:
RAX=0x000000007863412f, RBX=0x0000000014eefe40, RCX=0x00000000ecd98918, RDX=0x00000000ece08250
RSP=0x0000000002bab8d8, RBP=0x0000000002baba38, RSI=0x000000007863394c, RDI=0x0000000014cd1740
R8 =0x000000007863394c, R9 =0x00000000eb3328e0, R10=0x0000000100029a28, R11=0x0000000003085ec0
R12=0x0000000000000000, R13=0x0000000002bab9e8, R14=0x0000000002baba90, R15=0x0000000002c1d800
RIP=0xffffffffa3d35120, EFLAGS=0x0000000000010206

Top of Stack: (sp=0x0000000002bab8d8)
0x0000000002bab8d8:   000000000301644c 0000000002bab930
0x0000000002bab8e8:   00000000eb321730 0000000002bab9d8
0x0000000002bab8f8:   00000000030a78bc 0000000000000000
0x0000000002bab908:   0000000002c1d800 00000000176a9860
0x0000000002bab918:   000000005503946f 00000000ece08250
0x0000000002bab928:   00000000eb3328e0 00000000ecd8c3e0
0x0000000002bab938:   000000005509457b 0000000002baba38
0x0000000002bab948:   0000000003087584 00008ce561a2daf2
0x0000000002bab958:   00000000551b9667 0000000002bab9d8
0x0000000002bab968:   0000000002d3809d 0000000002d3809d
0x0000000002bab978:   00000000ece08318 0000000002baba38
0x0000000002bab988:   0000000003085fbc 00000000eb3328e0
0x0000000002bab998:   0000000002bab998 0000000014ef0821
0x0000000002bab9a8:   0000000002bab9f0 00000000ecd98918
0x0000000002bab9b8:   00000000eb3328e0 0000000014ef0848
0x0000000002bab9c8:   0000000000000000 0000000002baba38 

Instructions: (pc=0xffffffffa3d35120)
0xffffffffa3d35100:   
[error occurred during error reporting (printing registers, top of stack, instructions near pc), id 0xc0000005]

Register to memory mapping:

RAX=0x000000007863412f is an unknown value
RBX={method} {0x0000000014eefe48} 'hashCode' '()I' in 'com/google/inject/Key'
RCX=0x00000000ecd98918 is an oop
com.google.inject.internal.InheritingState 
 - klass: 'com/google/inject/internal/InheritingState'
RDX=0x00000000ece08250 is an oop
java.util.LinkedHashMap 
 - klass: 'java/util/LinkedHashMap'
RSP=0x0000000002bab8d8 is pointing into the stack for thread: 0x0000000002c1d800
RBP=0x0000000002baba38 is pointing into the stack for thread: 0x0000000002c1d800
RSI=0x000000007863394c is an unknown value
RDI=0x0000000014cd1740 is pointing into metadata
R8 =0x000000007863394c is an unknown value
R9 =0x00000000eb3328e0 is an oop
com.google.inject.Key 
 - klass: 'com/google/inject/Key'
R10=0x0000000100029a28 is pointing into metadata
R11=0x0000000003085ec0 is at entry_point+32 in (nmethod*)0x0000000003085d10
R12=0x0000000000000000 is an unknown value
R13=0x0000000002bab9e8 is pointing into the stack for thread: 0x0000000002c1d800
R14=0x0000000002baba90 is pointing into the stack for thread: 0x0000000002c1d800
R15=0x0000000002c1d800 is a thread


Stack: [0x0000000002ab0000,0x0000000002bb0000],  sp=0x0000000002bab8d8,  free space=1006k
Native frames: (J=compiled Java code, j=interpreted, Vv=VM code, C=native code)
C  0xffffffffa3d35120


---------------  P R O C E S S  ---------------

Java Threads: ( => current thread )
  0x0000000016d60800 JavaThread "Service Thread" daemon [_thread_blocked, id=11236, stack(0x0000000017140000,0x0000000017240000)]
  0x0000000015408800 JavaThread "C1 CompilerThread2" daemon [_thread_blocked, id=3008, stack(0x0000000016c40000,0x0000000016d40000)]
  0x0000000015404000 JavaThread "C2 CompilerThread1" daemon [_thread_blocked, id=12252, stack(0x0000000016b40000,0x0000000016c40000)]
  0x00000000153fe800 JavaThread "C2 CompilerThread0" daemon [_thread_blocked, id=6656, stack(0x0000000016a40000,0x0000000016b40000)]
  0x00000000153fd000 JavaThread "Attach Listener" daemon [_thread_blocked, id=8188, stack(0x0000000016940000,0x0000000016a40000)]
  0x00000000153fa000 JavaThread "Signal Dispatcher" daemon [_thread_blocked, id=13612, stack(0x0000000016840000,0x0000000016940000)]
  0x00000000153e9000 JavaThread "Finalizer" daemon [_thread_blocked, id=3548, stack(0x0000000016650000,0x0000000016750000)]
  0x0000000002d20000 JavaThread "Reference Handler" daemon [_thread_blocked, id=10856, stack(0x0000000016550000,0x0000000016650000)]
=>0x0000000002c1d800 JavaThread "main" [_thread_in_Java, id=8472, stack(0x0000000002ab0000,0x0000000002bb0000)]

Other Threads:
  0x00000000153c7800 VMThread [stack: 0x0000000016450000,0x0000000016550000] [id=9468]
  0x0000000016d8b000 WatcherThread [stack: 0x0000000017240000,0x0000000017340000] [id=11652]

VM state:not at safepoint (normal execution)

VM Mutex/Monitor currently owned by a thread: None

Heap:
 PSYoungGen      total 35328K, used 11159K [0x00000000eab00000, 0x00000000ed000000, 0x0000000100000000)
  eden space 32768K, 26% used [0x00000000eab00000,0x00000000eb36b050,0x00000000ecb00000)
  from space 2560K, 99% used [0x00000000ecd80000,0x00000000ecffaf98,0x00000000ed000000)
  to   space 2560K, 0% used [0x00000000ecb00000,0x00000000ecb00000,0x00000000ecd80000)
 ParOldGen       total 44032K, used 817K [0x00000000c0000000, 0x00000000c2b00000, 0x00000000eab00000)
  object space 44032K, 1% used [0x00000000c0000000,0x00000000c00cc6a8,0x00000000c2b00000)
 Metaspace       used 8818K, capacity 8956K, committed 9216K, reserved 1056768K
  class space    used 1132K, capacity 1213K, committed 1280K, reserved 1048576K

Card table byte_map: [0x00000000120f0000,0x0000000012300000] byte_map_base: 0x0000000011af0000

Marking Bits: (ParMarkBitMap*) 0x00000000557b2f70
 Begin Bits: [0x0000000012860000, 0x0000000013860000)
 End Bits:   [0x0000000013860000, 0x0000000014860000)

Polling page: 0x0000000002bb0000

CodeCache: size=245760Kb used=3568Kb max_used=3579Kb free=242191Kb
 bounds [0x0000000002d30000, 0x00000000030c0000, 0x0000000011d30000]
 total_blobs=1250 nmethods=972 adapters=192
 compilation: enabled

Compilation events (10 events):
Event: 1.782 Thread 0x0000000015408800  968       3       com.google.common.collect.CustomConcurrentHashMap$StrongEntry::<init> (27 bytes)
Event: 1.782 Thread 0x0000000015408800 nmethod 968 0x00000000030acb90 code [0x00000000030acd00, 0x00000000030acf50]
Event: 1.783 Thread 0x0000000015408800  969       3       com.google.inject.Key::get (12 bytes)
Event: 1.783 Thread 0x0000000015408800 nmethod 969 0x00000000030ad050 code [0x00000000030ad200, 0x00000000030ad788]
Event: 1.785 Thread 0x0000000015408800  970       3       java.lang.reflect.Modifier::isFinal (13 bytes)
Event: 1.785 Thread 0x0000000015408800 nmethod 970 0x00000000030ada90 code [0x00000000030adbe0, 0x00000000030add70]
Event: 1.785 Thread 0x0000000015408800  971       3       com.google.inject.internal.InternalContext::popStateAndSetDependency (10 bytes)
Event: 1.785 Thread 0x0000000015404000  972       4       java.util.HashMap::getNode (148 bytes)
Event: 1.785 Thread 0x0000000015408800 nmethod 971 0x00000000030addd0 code [0x00000000030adf60, 0x00000000030ae358]
Event: 1.789 Thread 0x0000000015404000 nmethod 972 0x00000000030b13d0 code [0x00000000030b1520, 0x00000000030b1758]

GC Heap History (4 events):
Event: 1.137 GC heap before
{Heap before GC invocations=1 (full 0):
 PSYoungGen      total 18944K, used 16384K [0x00000000eab00000, 0x00000000ec000000, 0x0000000100000000)
  eden space 16384K, 100% used [0x00000000eab00000,0x00000000ebb00000,0x00000000ebb00000)
  from space 2560K, 0% used [0x00000000ebd80000,0x00000000ebd80000,0x00000000ec000000)
  to   space 2560K, 0% used [0x00000000ebb00000,0x00000000ebb00000,0x00000000ebd80000)
 ParOldGen       total 44032K, used 0K [0x00000000c0000000, 0x00000000c2b00000, 0x00000000eab00000)
  object space 44032K, 0% used [0x00000000c0000000,0x00000000c0000000,0x00000000c2b00000)
 Metaspace       used 6685K, capacity 6812K, committed 7040K, reserved 1056768K
  class space    used 821K, capacity 888K, committed 896K, reserved 1048576K
Event: 1.150 GC heap after
Heap after GC invocations=1 (full 0):
 PSYoungGen      total 18944K, used 2551K [0x00000000eab00000, 0x00000000ed000000, 0x0000000100000000)
  eden space 16384K, 0% used [0x00000000eab00000,0x00000000eab00000,0x00000000ebb00000)
  from space 2560K, 99% used [0x00000000ebb00000,0x00000000ebd7dde8,0x00000000ebd80000)
  to   space 2560K, 0% used [0x00000000ecd80000,0x00000000ecd80000,0x00000000ed000000)
 ParOldGen       total 44032K, used 671K [0x00000000c0000000, 0x00000000c2b00000, 0x00000000eab00000)
  object space 44032K, 1% used [0x00000000c0000000,0x00000000c00a7e68,0x00000000c2b00000)
 Metaspace       used 6685K, capacity 6812K, committed 7040K, reserved 1056768K
  class space    used 821K, capacity 888K, committed 896K, reserved 1048576K
}
Event: 1.525 GC heap before
{Heap before GC invocations=2 (full 0):
 PSYoungGen      total 18944K, used 18935K [0x00000000eab00000, 0x00000000ed000000, 0x0000000100000000)
  eden space 16384K, 100% used [0x00000000eab00000,0x00000000ebb00000,0x00000000ebb00000)
  from space 2560K, 99% used [0x00000000ebb00000,0x00000000ebd7dde8,0x00000000ebd80000)
  to   space 2560K, 0% used [0x00000000ecd80000,0x00000000ecd80000,0x00000000ed000000)
 ParOldGen       total 44032K, used 671K [0x00000000c0000000, 0x00000000c2b00000, 0x00000000eab00000)
  object space 44032K, 1% used [0x00000000c0000000,0x00000000c00a7e68,0x00000000c2b00000)
 Metaspace       used 7725K, capacity 7842K, committed 7936K, reserved 1056768K
  class space    used 977K, capacity 1017K, committed 1024K, reserved 1048576K
Event: 1.533 GC heap after
Heap after GC invocations=2 (full 0):
 PSYoungGen      total 35328K, used 2539K [0x00000000eab00000, 0x00000000ed000000, 0x0000000100000000)
  eden space 32768K, 0% used [0x00000000eab00000,0x00000000eab00000,0x00000000ecb00000)
  from space 2560K, 99% used [0x00000000ecd80000,0x00000000ecffaf98,0x00000000ed000000)
  to   space 2560K, 0% used [0x00000000ecb00000,0x00000000ecb00000,0x00000000ecd80000)
 ParOldGen       total 44032K, used 817K [0x00000000c0000000, 0x00000000c2b00000, 0x00000000eab00000)
  object space 44032K, 1% used [0x00000000c0000000,0x00000000c00cc6a8,0x00000000c2b00000)
 Metaspace       used 7725K, capacity 7842K, committed 7936K, reserved 1056768K
  class space    used 977K, capacity 1017K, committed 1024K, reserved 1048576K
}

Deoptimization events (10 events):
Event: 1.480 Thread 0x0000000002c1d800 Uncommon trap: reason=class_check action=maybe_recompile pc=0x0000000003038f08 method=java.lang.reflect.Executable.getAnnotation(Ljava/lang/Class;)Ljava/lang/annotation/Annotation; @ 11
Event: 1.481 Thread 0x0000000002c1d800 Uncommon trap: reason=class_check action=maybe_recompile pc=0x0000000003038f08 method=java.lang.reflect.Executable.getAnnotation(Ljava/lang/Class;)Ljava/lang/annotation/Annotation; @ 11
Event: 1.505 Thread 0x0000000002c1d800 Uncommon trap: reason=unstable_if action=reinterpret pc=0x0000000002fc6048 method=java.util.HashMap.getNode(ILjava/lang/Object;)Ljava/util/HashMap$Node; @ 129
Event: 1.505 Thread 0x0000000002c1d800 Uncommon trap: reason=unstable_if action=reinterpret pc=0x0000000002fa3b2c method=java.util.HashMap.getNode(ILjava/lang/Object;)Ljava/util/HashMap$Node; @ 129
Event: 1.586 Thread 0x0000000002c1d800 Uncommon trap: reason=class_check action=maybe_recompile pc=0x0000000003038f08 method=java.lang.reflect.Executable.getAnnotation(Ljava/lang/Class;)Ljava/lang/annotation/Annotation; @ 11
Event: 1.586 Thread 0x0000000002c1d800 Uncommon trap: reason=class_check action=maybe_recompile pc=0x0000000003038f08 method=java.lang.reflect.Executable.getAnnotation(Ljava/lang/Class;)Ljava/lang/annotation/Annotation; @ 11
Event: 1.691 Thread 0x0000000002c1d800 Uncommon trap: reason=bimorphic action=maybe_recompile pc=0x000000000306e878 method=java.util.HashMap.putVal(ILjava/lang/Object;Ljava/lang/Object;ZZ)Ljava/lang/Object; @ 203
Event: 1.691 Thread 0x0000000002c1d800 Uncommon trap: reason=bimorphic action=maybe_recompile pc=0x000000000306e878 method=java.util.HashMap.putVal(ILjava/lang/Object;Ljava/lang/Object;ZZ)Ljava/lang/Object; @ 203
Event: 1.691 Thread 0x0000000002c1d800 Uncommon trap: reason=bimorphic action=maybe_recompile pc=0x000000000306e878 method=java.util.HashMap.putVal(ILjava/lang/Object;Ljava/lang/Object;ZZ)Ljava/lang/Object; @ 203
Event: 1.691 Thread 0x0000000002c1d800 Uncommon trap: reason=bimorphic action=maybe_recompile pc=0x000000000306e878 method=java.util.HashMap.putVal(ILjava/lang/Object;Ljava/lang/Object;ZZ)Ljava/lang/Object; @ 203

Internal exceptions (10 events):
Event: 0.900 Thread 0x0000000002c1d800 Exception <a 'java/lang/ArrayIndexOutOfBoundsException': 43> (0x00000000eb4a5ea0) thrown at [C:\re\workspace\8-2-build-windows-amd64-cygwin\jdk8u91\6644\hotspot\src\share\vm\interpreter\interpreterRuntime.cpp, line 366]
Event: 0.902 Thread 0x0000000002c1d800 Exception <a 'java/lang/ArrayIndexOutOfBoundsException': 92> (0x00000000eb4a7738) thrown at [C:\re\workspace\8-2-build-windows-amd64-cygwin\jdk8u91\6644\hotspot\src\share\vm\interpreter\interpreterRuntime.cpp, line 366]
Event: 0.972 Thread 0x0000000002c1d800 Exception <a 'java/lang/ArrayIndexOutOfBoundsException'> (0x00000000eb6ecfc0) thrown at [C:\re\workspace\8-2-build-windows-amd64-cygwin\jdk8u91\6644\hotspot\src\share\vm\runtime\sharedRuntime.cpp, line 605]
Event: 0.972 Thread 0x0000000002c1d800 Exception <a 'java/lang/ArrayIndexOutOfBoundsException'> (0x00000000eb6ee6e8) thrown at [C:\re\workspace\8-2-build-windows-amd64-cygwin\jdk8u91\6644\hotspot\src\share\vm\runtime\sharedRuntime.cpp, line 605]
Event: 0.987 Thread 0x0000000002c1d800 Exception <a 'java/lang/ArrayIndexOutOfBoundsException'> (0x00000000eb74e098) thrown at [C:\re\workspace\8-2-build-windows-amd64-cygwin\jdk8u91\6644\hotspot\src\share\vm\runtime\sharedRuntime.cpp, line 605]
Event: 1.332 Thread 0x0000000002c1d800 Exception <a 'java/lang/ArrayIndexOutOfBoundsException'> (0x00000000eb5cf788) thrown at [C:\re\workspace\8-2-build-windows-amd64-cygwin\jdk8u91\6644\hotspot\src\share\vm\runtime\sharedRuntime.cpp, line 605]
Event: 1.333 Thread 0x0000000002c1d800 Exception <a 'java/lang/ArrayIndexOutOfBoundsException'> (0x00000000eb5d1430) thrown at [C:\re\workspace\8-2-build-windows-amd64-cygwin\jdk8u91\6644\hotspot\src\share\vm\runtime\sharedRuntime.cpp, line 605]
Event: 1.511 Thread 0x0000000002c1d800 Exception <a 'java/lang/NoClassDefFoundError': org/slf4j/Logger> (0x00000000eba81c08) thrown at [C:\re\workspace\8-2-build-windows-amd64-cygwin\jdk8u91\6644\hotspot\src\share\vm\classfile\systemDictionary.cpp, line 199]
Event: 1.613 Thread 0x0000000002c1d800 Exception <a 'java/lang/NoClassDefFoundError': org/slf4j/LoggerFactory> (0x00000000ead54fd0) thrown at [C:\re\workspace\8-2-build-windows-amd64-cygwin\jdk8u91\6644\hotspot\src\share\vm\classfile\systemDictionary.cpp, line 199]
Event: 1.613 Thread 0x0000000002c1d800 Exception <a 'java/lang/NoClassDefFoundError'> (0x00000000ead54fd0) thrown at [C:\re\workspace\8-2-build-windows-amd64-cygwin\jdk8u91\6644\hotspot\src\share\vm\oops\instanceKlass.cpp, line 948]

Events (10 events):
Event: 1.785 loading class org/apache/maven/model/normalization/DefaultModelNormalizer
Event: 1.785 loading class org/apache/maven/model/normalization/DefaultModelNormalizer done
Event: 1.785 loading class org/apache/maven/model/normalization/DefaultModelNormalizer
Event: 1.785 loading class org/apache/maven/model/normalization/DefaultModelNormalizer done
Event: 1.786 loading class org/apache/maven/model/normalization/DefaultModelNormalizer$DuplicateMerger
Event: 1.786 loading class org/apache/maven/model/normalization/DefaultModelNormalizer$DuplicateMerger done
Event: 1.788 loading class org/apache/maven/project/DefaultProjectBuildingHelper
Event: 1.788 loading class org/apache/maven/project/DefaultProjectBuildingHelper done
Event: 1.788 loading class org/apache/maven/project/DefaultProjectBuildingHelper
Event: 1.788 loading class org/apache/maven/project/DefaultProjectBuildingHelper done


Dynamic libraries:
0x00007ff7b7630000 - 0x00007ff7b7667000 	C:\Program Files\Java\jdk1.8.0_91\bin\java.exe
0x00007ffa8cfe0000 - 0x00007ffa8d1b1000 	C:\WINDOWS\SYSTEM32\ntdll.dll
0x00007ffa8c530000 - 0x00007ffa8c5db000 	C:\WINDOWS\System32\KERNEL32.DLL
0x00007ffa71e90000 - 0x00007ffa71ee4000 	C:\Program Files (x86)\AVG\Av\avghooka.dll
0x00007ffa8a350000 - 0x00007ffa8a56d000 	C:\WINDOWS\System32\KERNELBASE.dll
0x00007ffa8c890000 - 0x00007ffa8c932000 	C:\WINDOWS\System32\ADVAPI32.dll
0x00007ffa8a970000 - 0x00007ffa8aa0e000 	C:\WINDOWS\System32\msvcrt.dll
0x00007ffa8cd50000 - 0x00007ffa8cda9000 	C:\WINDOWS\System32\sechost.dll
0x00007ffa8c400000 - 0x00007ffa8c521000 	C:\WINDOWS\System32\RPCRT4.dll
0x00007ffa8c6e0000 - 0x00007ffa8c845000 	C:\WINDOWS\System32\USER32.dll
0x00007ffa89ee0000 - 0x00007ffa89efe000 	C:\WINDOWS\System32\win32u.dll
0x00007ffa8cbb0000 - 0x00007ffa8cbe4000 	C:\WINDOWS\System32\GDI32.dll
0x00007ffa89fa0000 - 0x00007ffa8a122000 	C:\WINDOWS\System32\gdi32full.dll
0x00007ffa7bf60000 - 0x00007ffa7c1d9000 	C:\WINDOWS\WinSxS\amd64_microsoft.windows.common-controls_6595b64144ccf1df_6.0.14393.447_none_42191651c6827bb3\COMCTL32.dll
0x00007ffa8a570000 - 0x00007ffa8a838000 	C:\WINDOWS\System32\combase.dll
0x00007ffa89d30000 - 0x00007ffa89e25000 	C:\WINDOWS\System32\ucrtbase.dll
0x00007ffa89530000 - 0x00007ffa8959a000 	C:\WINDOWS\System32\bcryptPrimitives.dll
0x00007ffa8c860000 - 0x00007ffa8c88e000 	C:\WINDOWS\System32\IMM32.DLL
0x0000000054ec0000 - 0x0000000054f92000 	C:\Program Files\Java\jdk1.8.0_91\jre\bin\msvcr100.dll
0x0000000054fa0000 - 0x0000000055833000 	C:\Program Files\Java\jdk1.8.0_91\jre\bin\server\jvm.dll
0x00007ffa8aa10000 - 0x00007ffa8aa18000 	C:\WINDOWS\System32\PSAPI.DLL
0x00007ffa86f30000 - 0x00007ffa86f39000 	C:\WINDOWS\SYSTEM32\WSOCK32.dll
0x00007ffa8ca80000 - 0x00007ffa8caea000 	C:\WINDOWS\System32\WS2_32.dll
0x00007ffa87450000 - 0x00007ffa87473000 	C:\WINDOWS\SYSTEM32\WINMM.dll
0x00007ffa844e0000 - 0x00007ffa844ea000 	C:\WINDOWS\SYSTEM32\VERSION.dll
0x00007ffa873f0000 - 0x00007ffa8741b000 	C:\WINDOWS\SYSTEM32\WINMMBASE.dll
0x00007ffa8a300000 - 0x00007ffa8a342000 	C:\WINDOWS\System32\cfgmgr32.dll
0x0000000054e70000 - 0x0000000054e7f000 	C:\Program Files\Java\jdk1.8.0_91\jre\bin\verify.dll
0x0000000054e40000 - 0x0000000054e69000 	C:\Program Files\Java\jdk1.8.0_91\jre\bin\java.dll
0x0000000054e20000 - 0x0000000054e36000 	C:\Program Files\Java\jdk1.8.0_91\jre\bin\zip.dll
0x00007ffa8aef0000 - 0x00007ffa8c3f9000 	C:\WINDOWS\System32\SHELL32.dll
0x00007ffa89650000 - 0x00007ffa89d2a000 	C:\WINDOWS\System32\windows.storage.dll
0x00007ffa89470000 - 0x00007ffa894bc000 	C:\WINDOWS\System32\powrprof.dll
0x00007ffa8cf50000 - 0x00007ffa8cfa2000 	C:\WINDOWS\System32\shlwapi.dll
0x00007ffa894c0000 - 0x00007ffa894cf000 	C:\WINDOWS\System32\kernel.appcore.dll
0x00007ffa89e30000 - 0x00007ffa89ed9000 	C:\WINDOWS\System32\shcore.dll
0x00007ffa89440000 - 0x00007ffa89454000 	C:\WINDOWS\System32\profapi.dll
0x00007ffa7a530000 - 0x00007ffa7a6c2000 	C:\WINDOWS\SYSTEM32\dbghelp.dll

VM Arguments:
jvm_args: -Dclassworlds.conf=C:\Program Files\NetBeans 8.2\java\maven\bin\m2.conf -Dmaven.home=C:\Program Files\NetBeans 8.2\java\maven 
java_command: org.codehaus.plexus.classworlds.launcher.Launcher -Dexec.args=-classpath %classpath virpi.virpigame.Main -Dexec.executable=C:\Program Files\Java\jdk1.8.0_91\bin\java.exe -Dmaven.ext.class.path=C:\Program Files\NetBeans 8.2\java\maven-nblib\netbeans-eventspy.jar -Dfile.encoding=UTF-8 org.codehaus.mojo:exec-maven-plugin:1.2.1:exec
java_class_path (initial): C:\Program Files\NetBeans 8.2\java\maven\boot\plexus-classworlds-2.4.jar
Launcher Type: SUN_STANDARD

Environment Variables:
JAVA_HOME=C:\Program Files\Java\jdk1.8.0_91
PATH=C:\ProgramData\Oracle\Java\javapath;C:\WINDOWS\system32;C:\WINDOWS;C:\WINDOWS\System32\Wbem;C:\WINDOWS\System32\WindowsPowerShell\v1.0\;C:\Program Files (x86)\Skype\Phone\;C:\Program Files (x86)\NVIDIA Corporation\PhysX\Common;C:\WINDOWS\system32;C:\WINDOWS;C:\WINDOWS\System32\Wbem;C:\WINDOWS\System32\WindowsPowerShell\v1.0\;C:\Users\jaakk_000\AppData\Local\Microsoft\WindowsApps;
USERNAME=jaakk_000
OS=Windows_NT
PROCESSOR_IDENTIFIER=Intel64 Family 6 Model 23 Stepping 10, GenuineIntel



---------------  S Y S T E M  ---------------

OS: Windows 10.0 , 64 bit Build 14393 (10.0.14393.0)

CPU:total 4 (4 cores per cpu, 1 threads per core) family 6 model 23 stepping 10, cmov, cx8, fxsr, mmx, sse, sse2, sse3, ssse3, sse4.1, tsc

Memory: 4k page, physical 4193268k(746044k free), swap 6443112k(944748k free)

vm_info: Java HotSpot(TM) 64-Bit Server VM (25.91-b14) for windows-amd64 JRE (1.8.0_91-b14), built on Apr  1 2016 00:58:32 by "java_re" with MS VC++ 10.0 (VS2010)

time: Thu Feb 16 19:35:58 2017
elapsed time: 1 seconds (0d 0h 0m 1s)

