#
# A fatal error has been detected by the Java Runtime Environment:
#
#  EXCEPTION_ACCESS_VIOLATION (0xc0000005) at pc=0xffffffffa3775120, pid=6488, tid=5372
#
# JRE version: Java(TM) SE Runtime Environment (8.0_91-b14) (build 1.8.0_91-b14)
# Java VM: Java HotSpot(TM) 64-Bit Server VM (25.91-b14 mixed mode windows-amd64 compressed oops)
# Problematic frame:
# C  0xffffffffa3775120
#
# Failed to write core dump. Minidumps are not enabled by default on client versions of Windows
#
# If you would like to submit a bug report, please visit:
#   http://bugreport.java.com/bugreport/crash.jsp
#

---------------  T H R E A D  ---------------

Current thread (0x0000000014e29800):  JavaThread "Finalizer" daemon [_thread_in_Java, id=5372, stack(0x00000000160a0000,0x00000000161a0000)]

siginfo: ExceptionCode=0xc0000005, ExceptionInformation=0x0000000000000008 0xffffffffa3775120

Registers:
RAX=0x00000000144ca368, RBX=0x00000000144ca368, RCX=0x0000000014594ec8, RDX=0x0000000002777e20
RSP=0x000000001619f3d8, RBP=0x000000001619f430, RSI=0x00000000000022b8, RDI=0x0000000100046cc8
R8 =0x0000000000000001, R9 =0x00000000c00c4098, R10=0x00000000557949a0, R11=0x00000000029cf4e0
R12=0x0000000000000000, R13=0x000000001619f3f0, R14=0x000000001619f450, R15=0x0000000014e29800
RIP=0xffffffffa3775120, EFLAGS=0x0000000000010202

Top of Stack: (sp=0x000000001619f3d8)
0x000000001619f3d8:   0000000002777e20 00000000ecd90528
0x000000001619f3e8:   0000000002777e20 000000001619f3f0
0x000000001619f3f8:   0000000014594e19 000000001619f450
0x000000001619f408:   0000000014594ec8 0000000000000000
0x000000001619f418:   0000000014594e58 000000001619f3f0
0x000000001619f428:   000000001619f450 000000001619f530
0x000000001619f438:   0000000002770622 00000000ecda89b0
0x000000001619f448:   00000000ecd90528 00000000ecd90378
0x000000001619f458:   0000000000000000 0000000000000000
0x000000001619f468:   0000000000000000 0000000000000000
0x000000001619f478:   0000000000000000 0000000000000000
0x000000001619f488:   0000000000000000 0000000000000000
0x000000001619f498:   0000000000000000 0000000000000000
0x000000001619f4a8:   0000000000000000 0000000000000000
0x000000001619f4b8:   0000000000000000 0000000000000000
0x000000001619f4c8:   0000000000000000 0000000000000000 

Instructions: (pc=0xffffffffa3775120)
0xffffffffa3775100:   
[error occurred during error reporting (printing registers, top of stack, instructions near pc), id 0xc0000005]

Register to memory mapping:

RAX={method} {0x00000000144ca370} 'access$000' '()Ljava/lang/ref/ReferenceQueue;' in 'java/lang/ref/Finalizer'
RBX={method} {0x00000000144ca370} 'access$000' '()Ljava/lang/ref/ReferenceQueue;' in 'java/lang/ref/Finalizer'
RCX=0x0000000014594ec8 is pointing into metadata
RDX=0x0000000002777e20 is at code_begin+1664 in an Interpreter codelet
invoke return entry points  [0x00000000027777a0, 0x0000000002778180]  2528 bytes
RSP=0x000000001619f3d8 is pointing into the stack for thread: 0x0000000014e29800
RBP=0x000000001619f430 is pointing into the stack for thread: 0x0000000014e29800
RSI=0x00000000000022b8 is an unknown value
RDI=0x0000000100046cc8 is pointing into metadata
R8 =0x0000000000000001 is an unknown value
R9 =0x00000000c00c4098 is an oop
java.util.zip.ZStreamRef 
 - klass: 'java/util/zip/ZStreamRef'
R10=0x00000000557949a0 is an unknown value
R11=0x00000000029cf4e0 is at entry_point+0 in (nmethod*)0x00000000029cf390
R12=0x0000000000000000 is an unknown value
R13=0x000000001619f3f0 is pointing into the stack for thread: 0x0000000014e29800
R14=0x000000001619f450 is pointing into the stack for thread: 0x0000000014e29800
R15=0x0000000014e29800 is a thread


Stack: [0x00000000160a0000,0x00000000161a0000],  sp=0x000000001619f3d8,  free space=1020k
Native frames: (J=compiled Java code, j=interpreted, Vv=VM code, C=native code)
C  0xffffffffa3775120


---------------  P R O C E S S  ---------------

Java Threads: ( => current thread )
  0x0000000016790800 JavaThread "Service Thread" daemon [_thread_blocked, id=3216, stack(0x0000000016b90000,0x0000000016c90000)]
  0x0000000014e47800 JavaThread "C1 CompilerThread2" daemon [_thread_blocked, id=6728, stack(0x0000000016690000,0x0000000016790000)]
  0x0000000014e44000 JavaThread "C2 CompilerThread1" daemon [_thread_blocked, id=620, stack(0x0000000016590000,0x0000000016690000)]
  0x0000000014e3d800 JavaThread "C2 CompilerThread0" daemon [_thread_in_native, id=6120, stack(0x0000000016490000,0x0000000016590000)]
  0x0000000014e3b800 JavaThread "Attach Listener" daemon [_thread_blocked, id=7876, stack(0x0000000016390000,0x0000000016490000)]
  0x0000000014e3a800 JavaThread "Signal Dispatcher" daemon [_thread_blocked, id=8908, stack(0x0000000016290000,0x0000000016390000)]
=>0x0000000014e29800 JavaThread "Finalizer" daemon [_thread_in_Java, id=5372, stack(0x00000000160a0000,0x00000000161a0000)]
  0x0000000002760000 JavaThread "Reference Handler" daemon [_thread_blocked, id=2884, stack(0x0000000015fa0000,0x00000000160a0000)]
  0x000000000256d800 JavaThread "main" [_thread_in_Java, id=10912, stack(0x0000000002570000,0x0000000002670000)]

Other Threads:
  0x0000000014e07800 VMThread [stack: 0x0000000015ea0000,0x0000000015fa0000] [id=10852]
  0x0000000016796800 WatcherThread [stack: 0x0000000016c90000,0x0000000016d90000] [id=988]

VM state:not at safepoint (normal execution)

VM Mutex/Monitor currently owned by a thread: None

Heap:
 PSYoungGen      total 35328K, used 3403K [0x00000000eab00000, 0x00000000ed000000, 0x0000000100000000)
  eden space 32768K, 2% used [0x00000000eab00000,0x00000000eabd7df8,0x00000000ecb00000)
  from space 2560K, 99% used [0x00000000ecd80000,0x00000000ecffaf98,0x00000000ed000000)
  to   space 2560K, 0% used [0x00000000ecb00000,0x00000000ecb00000,0x00000000ecd80000)
 ParOldGen       total 44032K, used 785K [0x00000000c0000000, 0x00000000c2b00000, 0x00000000eab00000)
  object space 44032K, 1% used [0x00000000c0000000,0x00000000c00c4550,0x00000000c2b00000)
 Metaspace       used 7755K, capacity 7848K, committed 7936K, reserved 1056768K
  class space    used 980K, capacity 1018K, committed 1024K, reserved 1048576K

Card table byte_map: [0x0000000011b30000,0x0000000011d40000] byte_map_base: 0x0000000011530000

Marking Bits: (ParMarkBitMap*) 0x00000000557b2f70
 Begin Bits: [0x00000000122a0000, 0x00000000132a0000)
 End Bits:   [0x00000000132a0000, 0x00000000142a0000)

Polling page: 0x00000000024d0000

CodeCache: size=245760Kb used=3220Kb max_used=3220Kb free=242539Kb
 bounds [0x0000000002770000, 0x0000000002aa0000, 0x0000000011770000]
 total_blobs=1097 nmethods=821 adapters=191
 compilation: enabled

Compilation events (10 events):
Event: 1.560 Thread 0x0000000014e47800  768       1       sun.reflect.generics.tree.SimpleClassTypeSignature::getDollar (5 bytes)
Event: 1.560 Thread 0x0000000014e47800 nmethod 768 0x0000000002a85a90 code [0x0000000002a85be0, 0x0000000002a85cf0]
Event: 1.562 Thread 0x0000000014e3d800  769       4       java.lang.CharacterDataLatin1::isWhitespace (23 bytes)
Event: 1.563 Thread 0x0000000014e3d800 nmethod 769 0x0000000002a88ed0 code [0x0000000002a89000, 0x0000000002a89098]
Event: 1.576 Thread 0x0000000014e47800  770       1       java.util.LinkedHashMap::removeEldestEntry (2 bytes)
Event: 1.576 Thread 0x0000000014e47800 nmethod 770 0x0000000002a857d0 code [0x0000000002a85920, 0x0000000002a85a30]
Event: 1.593 Thread 0x0000000014e47800  771       3       java.util.zip.ZipFile$ZipFileInflaterInputStream::finalize (5 bytes)
Event: 1.593 Thread 0x0000000014e47800 nmethod 771 0x0000000002a85410 code [0x0000000002a85580, 0x0000000002a85728]
Event: 1.593 Thread 0x0000000014e47800  772       1       java.lang.ref.Finalizer::access$000 (4 bytes)
Event: 1.594 Thread 0x0000000014e47800 nmethod 772 0x0000000002a85190 code [0x0000000002a852e0, 0x0000000002a853d0]

GC Heap History (4 events):
Event: 1.142 GC heap before
{Heap before GC invocations=1 (full 0):
 PSYoungGen      total 18944K, used 16384K [0x00000000eab00000, 0x00000000ec000000, 0x0000000100000000)
  eden space 16384K, 100% used [0x00000000eab00000,0x00000000ebb00000,0x00000000ebb00000)
  from space 2560K, 0% used [0x00000000ebd80000,0x00000000ebd80000,0x00000000ec000000)
  to   space 2560K, 0% used [0x00000000ebb00000,0x00000000ebb00000,0x00000000ebd80000)
 ParOldGen       total 44032K, used 0K [0x00000000c0000000, 0x00000000c2b00000, 0x00000000eab00000)
  object space 44032K, 0% used [0x00000000c0000000,0x00000000c0000000,0x00000000c2b00000)
 Metaspace       used 6681K, capacity 6812K, committed 7040K, reserved 1056768K
  class space    used 821K, capacity 888K, committed 896K, reserved 1048576K
Event: 1.163 GC heap after
Heap after GC invocations=1 (full 0):
 PSYoungGen      total 18944K, used 2530K [0x00000000eab00000, 0x00000000ed000000, 0x0000000100000000)
  eden space 16384K, 0% used [0x00000000eab00000,0x00000000eab00000,0x00000000ebb00000)
  from space 2560K, 98% used [0x00000000ebb00000,0x00000000ebd788c0,0x00000000ebd80000)
  to   space 2560K, 0% used [0x00000000ecd80000,0x00000000ecd80000,0x00000000ed000000)
 ParOldGen       total 44032K, used 660K [0x00000000c0000000, 0x00000000c2b00000, 0x00000000eab00000)
  object space 44032K, 1% used [0x00000000c0000000,0x00000000c00a50f8,0x00000000c2b00000)
 Metaspace       used 6681K, capacity 6812K, committed 7040K, reserved 1056768K
  class space    used 821K, capacity 888K, committed 896K, reserved 1048576K
}
Event: 1.579 GC heap before
{Heap before GC invocations=2 (full 0):
 PSYoungGen      total 18944K, used 18914K [0x00000000eab00000, 0x00000000ed000000, 0x0000000100000000)
  eden space 16384K, 100% used [0x00000000eab00000,0x00000000ebb00000,0x00000000ebb00000)
  from space 2560K, 98% used [0x00000000ebb00000,0x00000000ebd788c0,0x00000000ebd80000)
  to   space 2560K, 0% used [0x00000000ecd80000,0x00000000ecd80000,0x00000000ed000000)
 ParOldGen       total 44032K, used 660K [0x00000000c0000000, 0x00000000c2b00000, 0x00000000eab00000)
  object space 44032K, 1% used [0x00000000c0000000,0x00000000c00a50f8,0x00000000c2b00000)
 Metaspace       used 7715K, capacity 7842K, committed 7936K, reserved 1056768K
  class space    used 977K, capacity 1017K, committed 1024K, reserved 1048576K
Event: 1.591 GC heap after
Heap after GC invocations=2 (full 0):
 PSYoungGen      total 35328K, used 2539K [0x00000000eab00000, 0x00000000ed000000, 0x0000000100000000)
  eden space 32768K, 0% used [0x00000000eab00000,0x00000000eab00000,0x00000000ecb00000)
  from space 2560K, 99% used [0x00000000ecd80000,0x00000000ecffaf98,0x00000000ed000000)
  to   space 2560K, 0% used [0x00000000ecb00000,0x00000000ecb00000,0x00000000ecd80000)
 ParOldGen       total 44032K, used 785K [0x00000000c0000000, 0x00000000c2b00000, 0x00000000eab00000)
  object space 44032K, 1% used [0x00000000c0000000,0x00000000c00c4550,0x00000000c2b00000)
 Metaspace       used 7715K, capacity 7842K, committed 7936K, reserved 1056768K
  class space    used 977K, capacity 1017K, committed 1024K, reserved 1048576K
}

Deoptimization events (8 events):
Event: 1.285 Thread 0x000000000256d800 Uncommon trap: reason=unstable_if action=reinterpret pc=0x0000000002a01f8c method=org.codehaus.plexus.util.InterpolationFilterReader.read([CII)I @ 18
Event: 1.296 Thread 0x000000000256d800 Uncommon trap: reason=unstable_if action=reinterpret pc=0x00000000029e98d4 method=org.codehaus.plexus.util.xml.pull.MXParser.nextImpl()I @ 241
Event: 1.326 Thread 0x000000000256d800 Uncommon trap: reason=unstable_if action=reinterpret pc=0x00000000029fd584 method=org.codehaus.plexus.util.InterpolationFilterReader.read([CII)I @ 18
Event: 1.333 Thread 0x000000000256d800 Uncommon trap: reason=unstable_if action=reinterpret pc=0x0000000002a03568 method=org.codehaus.plexus.util.xml.pull.MXParser.isWhitespace()Z @ 20
Event: 1.524 Thread 0x000000000256d800 Uncommon trap: reason=class_check action=maybe_recompile pc=0x0000000002a7c848 method=java.lang.reflect.Executable.getAnnotation(Ljava/lang/Class;)Ljava/lang/annotation/Annotation; @ 11
Event: 1.525 Thread 0x000000000256d800 Uncommon trap: reason=class_check action=maybe_recompile pc=0x0000000002a7c848 method=java.lang.reflect.Executable.getAnnotation(Ljava/lang/Class;)Ljava/lang/annotation/Annotation; @ 11
Event: 1.555 Thread 0x000000000256d800 Uncommon trap: reason=unstable_if action=reinterpret pc=0x0000000002a11c88 method=java.util.HashMap.getNode(ILjava/lang/Object;)Ljava/util/HashMap$Node; @ 129
Event: 1.555 Thread 0x000000000256d800 Uncommon trap: reason=unstable_if action=reinterpret pc=0x00000000029fdfa4 method=java.util.HashMap.getNode(ILjava/lang/Object;)Ljava/util/HashMap$Node; @ 129

Internal exceptions (10 events):
Event: 0.408 Thread 0x000000000256d800 Exception <a 'java/security/PrivilegedActionException'> (0x00000000ead9fbb0) thrown at [C:\re\workspace\8-2-build-windows-amd64-cygwin\jdk8u91\6644\hotspot\src\share\vm\prims\jvm.cpp, line 1386]
Event: 0.903 Thread 0x000000000256d800 Exception <a 'java/lang/ArrayIndexOutOfBoundsException': 18> (0x00000000eb4a54b8) thrown at [C:\re\workspace\8-2-build-windows-amd64-cygwin\jdk8u91\6644\hotspot\src\share\vm\interpreter\interpreterRuntime.cpp, line 366]
Event: 0.903 Thread 0x000000000256d800 Exception <a 'java/lang/ArrayIndexOutOfBoundsException': 43> (0x00000000eb4a6358) thrown at [C:\re\workspace\8-2-build-windows-amd64-cygwin\jdk8u91\6644\hotspot\src\share\vm\interpreter\interpreterRuntime.cpp, line 366]
Event: 0.904 Thread 0x000000000256d800 Exception <a 'java/lang/ArrayIndexOutOfBoundsException': 92> (0x00000000eb4a7bf0) thrown at [C:\re\workspace\8-2-build-windows-amd64-cygwin\jdk8u91\6644\hotspot\src\share\vm\interpreter\interpreterRuntime.cpp, line 366]
Event: 0.974 Thread 0x000000000256d800 Exception <a 'java/lang/ArrayIndexOutOfBoundsException'> (0x00000000eb6ed478) thrown at [C:\re\workspace\8-2-build-windows-amd64-cygwin\jdk8u91\6644\hotspot\src\share\vm\runtime\sharedRuntime.cpp, line 605]
Event: 0.974 Thread 0x000000000256d800 Exception <a 'java/lang/ArrayIndexOutOfBoundsException'> (0x00000000eb6eeba0) thrown at [C:\re\workspace\8-2-build-windows-amd64-cygwin\jdk8u91\6644\hotspot\src\share\vm\runtime\sharedRuntime.cpp, line 605]
Event: 0.989 Thread 0x000000000256d800 Exception <a 'java/lang/ArrayIndexOutOfBoundsException'> (0x00000000eb74e550) thrown at [C:\re\workspace\8-2-build-windows-amd64-cygwin\jdk8u91\6644\hotspot\src\share\vm\runtime\sharedRuntime.cpp, line 605]
Event: 1.353 Thread 0x000000000256d800 Exception <a 'java/lang/ArrayIndexOutOfBoundsException'> (0x00000000eb5ce198) thrown at [C:\re\workspace\8-2-build-windows-amd64-cygwin\jdk8u91\6644\hotspot\src\share\vm\runtime\sharedRuntime.cpp, line 605]
Event: 1.353 Thread 0x000000000256d800 Exception <a 'java/lang/ArrayIndexOutOfBoundsException'> (0x00000000eb5cfe40) thrown at [C:\re\workspace\8-2-build-windows-amd64-cygwin\jdk8u91\6644\hotspot\src\share\vm\runtime\sharedRuntime.cpp, line 605]
Event: 1.568 Thread 0x000000000256d800 Exception <a 'java/lang/NoClassDefFoundError': org/slf4j/Logger> (0x00000000eba81310) thrown at [C:\re\workspace\8-2-build-windows-amd64-cygwin\jdk8u91\6644\hotspot\src\share\vm\classfile\systemDictionary.cpp, line 199]

Events (10 events):
Event: 1.578 loading class com/google/inject/internal/ProvisionListenerStackCallback$ProvisionCallback
Event: 1.578 loading class com/google/inject/internal/ProvisionListenerStackCallback$ProvisionCallback done
Event: 1.578 loading class com/google/common/collect/CustomConcurrentHashMap$StrongEntry
Event: 1.578 loading class com/google/common/collect/CustomConcurrentHashMap$StrongEntry done
Event: 1.578 Executing VM operation: Deoptimize
Event: 1.579 Executing VM operation: Deoptimize done
Event: 1.579 loading class com/google/inject/internal/ProvisionListenerStackCallback
Event: 1.579 loading class com/google/inject/internal/ProvisionListenerStackCallback done
Event: 1.579 Executing VM operation: ParallelGCFailedAllocation
Event: 1.592 Executing VM operation: ParallelGCFailedAllocation done


Dynamic libraries:
0x00007ff6d21c0000 - 0x00007ff6d21f7000 	C:\Program Files\Java\jdk1.8.0_91\bin\java.exe
0x00007ffa8cfe0000 - 0x00007ffa8d1b1000 	C:\WINDOWS\SYSTEM32\ntdll.dll
0x00007ffa8c530000 - 0x00007ffa8c5db000 	C:\WINDOWS\System32\KERNEL32.DLL
0x00007ffa71e90000 - 0x00007ffa71ee4000 	C:\Program Files (x86)\AVG\Av\avghooka.dll
0x00007ffa8a350000 - 0x00007ffa8a56d000 	C:\WINDOWS\System32\KERNELBASE.dll
0x00007ffa8c890000 - 0x00007ffa8c932000 	C:\WINDOWS\System32\ADVAPI32.dll
0x00007ffa8a970000 - 0x00007ffa8aa0e000 	C:\WINDOWS\System32\msvcrt.dll
0x00007ffa8cd50000 - 0x00007ffa8cda9000 	C:\WINDOWS\System32\sechost.dll
0x00007ffa8c400000 - 0x00007ffa8c521000 	C:\WINDOWS\System32\RPCRT4.dll
0x00007ffa8c6e0000 - 0x00007ffa8c845000 	C:\WINDOWS\System32\USER32.dll
0x00007ffa89ee0000 - 0x00007ffa89efe000 	C:\WINDOWS\System32\win32u.dll
0x00007ffa8cbb0000 - 0x00007ffa8cbe4000 	C:\WINDOWS\System32\GDI32.dll
0x00007ffa89fa0000 - 0x00007ffa8a122000 	C:\WINDOWS\System32\gdi32full.dll
0x00007ffa7bf60000 - 0x00007ffa7c1d9000 	C:\WINDOWS\WinSxS\amd64_microsoft.windows.common-controls_6595b64144ccf1df_6.0.14393.447_none_42191651c6827bb3\COMCTL32.dll
0x00007ffa8a570000 - 0x00007ffa8a838000 	C:\WINDOWS\System32\combase.dll
0x00007ffa89d30000 - 0x00007ffa89e25000 	C:\WINDOWS\System32\ucrtbase.dll
0x00007ffa89530000 - 0x00007ffa8959a000 	C:\WINDOWS\System32\bcryptPrimitives.dll
0x00007ffa8c860000 - 0x00007ffa8c88e000 	C:\WINDOWS\System32\IMM32.DLL
0x0000000054ec0000 - 0x0000000054f92000 	C:\Program Files\Java\jdk1.8.0_91\jre\bin\msvcr100.dll
0x0000000054fa0000 - 0x0000000055833000 	C:\Program Files\Java\jdk1.8.0_91\jre\bin\server\jvm.dll
0x00007ffa8aa10000 - 0x00007ffa8aa18000 	C:\WINDOWS\System32\PSAPI.DLL
0x00007ffa878b0000 - 0x00007ffa878b9000 	C:\WINDOWS\SYSTEM32\WSOCK32.dll
0x00007ffa8ca80000 - 0x00007ffa8caea000 	C:\WINDOWS\System32\WS2_32.dll
0x00007ffa87450000 - 0x00007ffa87473000 	C:\WINDOWS\SYSTEM32\WINMM.dll
0x00007ffa844e0000 - 0x00007ffa844ea000 	C:\WINDOWS\SYSTEM32\VERSION.dll
0x00007ffa873f0000 - 0x00007ffa8741b000 	C:\WINDOWS\SYSTEM32\WINMMBASE.dll
0x00007ffa8a300000 - 0x00007ffa8a342000 	C:\WINDOWS\System32\cfgmgr32.dll
0x0000000054e70000 - 0x0000000054e7f000 	C:\Program Files\Java\jdk1.8.0_91\jre\bin\verify.dll
0x0000000054e40000 - 0x0000000054e69000 	C:\Program Files\Java\jdk1.8.0_91\jre\bin\java.dll
0x0000000054e20000 - 0x0000000054e36000 	C:\Program Files\Java\jdk1.8.0_91\jre\bin\zip.dll
0x00007ffa8aef0000 - 0x00007ffa8c3f9000 	C:\WINDOWS\System32\SHELL32.dll
0x00007ffa89650000 - 0x00007ffa89d2a000 	C:\WINDOWS\System32\windows.storage.dll
0x00007ffa89470000 - 0x00007ffa894bc000 	C:\WINDOWS\System32\powrprof.dll
0x00007ffa8cf50000 - 0x00007ffa8cfa2000 	C:\WINDOWS\System32\shlwapi.dll
0x00007ffa894c0000 - 0x00007ffa894cf000 	C:\WINDOWS\System32\kernel.appcore.dll
0x00007ffa89e30000 - 0x00007ffa89ed9000 	C:\WINDOWS\System32\shcore.dll
0x00007ffa89440000 - 0x00007ffa89454000 	C:\WINDOWS\System32\profapi.dll
0x00007ffa7a530000 - 0x00007ffa7a6c2000 	C:\WINDOWS\SYSTEM32\dbghelp.dll

VM Arguments:
jvm_args: -Dclassworlds.conf=C:\Program Files\NetBeans 8.2\java\maven\bin\m2.conf -Dmaven.home=C:\Program Files\NetBeans 8.2\java\maven 
java_command: org.codehaus.plexus.classworlds.launcher.Launcher -Dmaven.ext.class.path=C:\Program Files\NetBeans 8.2\java\maven-nblib\netbeans-eventspy.jar -Dfile.encoding=UTF-8 org.pitest:pitest-maven:mutationCoverage
java_class_path (initial): C:\Program Files\NetBeans 8.2\java\maven\boot\plexus-classworlds-2.4.jar
Launcher Type: SUN_STANDARD

Environment Variables:
JAVA_HOME=C:\Program Files\Java\jdk1.8.0_91
PATH=C:\ProgramData\Oracle\Java\javapath;C:\WINDOWS\system32;C:\WINDOWS;C:\WINDOWS\System32\Wbem;C:\WINDOWS\System32\WindowsPowerShell\v1.0\;C:\Program Files (x86)\Skype\Phone\;C:\Program Files (x86)\NVIDIA Corporation\PhysX\Common;C:\WINDOWS\system32;C:\WINDOWS;C:\WINDOWS\System32\Wbem;C:\WINDOWS\System32\WindowsPowerShell\v1.0\;C:\Users\jaakk_000\AppData\Local\Microsoft\WindowsApps;
USERNAME=jaakk_000
OS=Windows_NT
PROCESSOR_IDENTIFIER=Intel64 Family 6 Model 23 Stepping 10, GenuineIntel



---------------  S Y S T E M  ---------------

OS: Windows 10.0 , 64 bit Build 14393 (10.0.14393.0)

CPU:total 4 (4 cores per cpu, 1 threads per core) family 6 model 23 stepping 10, cmov, cx8, fxsr, mmx, sse, sse2, sse3, ssse3, sse4.1, tsc

Memory: 4k page, physical 4193268k(856204k free), swap 6426504k(1640772k free)

vm_info: Java HotSpot(TM) 64-Bit Server VM (25.91-b14) for windows-amd64 JRE (1.8.0_91-b14), built on Apr  1 2016 00:58:32 by "java_re" with MS VC++ 10.0 (VS2010)

time: Fri Feb 17 22:28:53 2017
elapsed time: 1 seconds (0d 0h 0m 1s)

