#
# A fatal error has been detected by the Java Runtime Environment:
#
#  EXCEPTION_ACCESS_VIOLATION (0xc0000005) at pc=0xffffffffa3fe5120, pid=1552, tid=11812
#
# JRE version: Java(TM) SE Runtime Environment (8.0_91-b14) (build 1.8.0_91-b14)
# Java VM: Java HotSpot(TM) 64-Bit Server VM (25.91-b14 mixed mode windows-amd64 compressed oops)
# Problematic frame:
# C  0xffffffffa3fe5120
#
# Failed to write core dump. Minidumps are not enabled by default on client versions of Windows
#
# If you would like to submit a bug report, please visit:
#   http://bugreport.java.com/bugreport/crash.jsp
#

---------------  T H R E A D  ---------------

Current thread (0x0000000002e1d800):  JavaThread "main" [_thread_in_Java, id=11812, stack(0x0000000002d00000,0x0000000002e00000)]

siginfo: ExceptionCode=0xc0000005, ExceptionInformation=0x0000000000000008 0xffffffffa3fe5120

Registers:
RAX=0x0000000015294760, RBX=0x0000000015294760, RCX=0x00000000ead38bc8, RDX=0x00000000ead38bc8
RSP=0x0000000002dfdbb8, RBP=0x0000000002dfdc50, RSI=0x00000000ead38bc8, RDI=0x00000000152a5e38
R8 =0x0000000000000022, R9 =0x00000000eae02940, R10=0x00000001000cb6f8, R11=0x000000000321a8e0
R12=0x0000000000000000, R13=0x0000000002dfdc08, R14=0x0000000000000000, R15=0x0000000002e1d800
RIP=0xffffffffa3fe5120, EFLAGS=0x0000000000010206

Top of Stack: (sp=0x0000000002dfdbb8)
0x0000000002dfdbb8:   000000000321a954 00000000eae02998
0x0000000002dfdbc8:   00000000ead38bc8 00000000eae026e8
0x0000000002dfdbd8:   0000000000000000 0000000002dfdc50
0x0000000002dfdbe8:   0000000002fe7e20 0000000002dfdc50
0x0000000002dfdbf8:   0000000002fe7ae0 0000000002fe7ae0
0x0000000002dfdc08:   00000000ead38bc8 0000000002dfdc10
0x0000000002dfdc18:   000000001527354b 0000000002dfdc90
0x0000000002dfdc28:   0000000015289d18 0000000000000000
0x0000000002dfdc38:   0000000015273638 0000000002dfdc08
0x0000000002dfdc48:   0000000002dfdc88 0000000002dfdcd8
0x0000000002dfdc58:   0000000002fe809d 0000000000000005
0x0000000002dfdc68:   00000000eae02730 00000000eae026e8
0x0000000002dfdc78:   00000000eae026a8 00000000eae026a8
0x0000000002dfdc88:   00000000eae02418 00000000ead38bc8
0x0000000002dfdc98:   0000000002dfdc98 0000000015273021
0x0000000002dfdca8:   0000000002dfdd40 0000000015289d18 

Instructions: (pc=0xffffffffa3fe5120)
0xffffffffa3fe5100:   
[error occurred during error reporting (printing registers, top of stack, instructions near pc), id 0xc0000005]

Register to memory mapping:

RAX={method} {0x0000000015294768} 'next' '()I' in 'org/codehaus/plexus/util/xml/pull/MXParser'
RBX={method} {0x0000000015294768} 'next' '()I' in 'org/codehaus/plexus/util/xml/pull/MXParser'
RCX=0x00000000ead38bc8 is an oop
org.codehaus.plexus.util.xml.pull.MXParser 
 - klass: 'org/codehaus/plexus/util/xml/pull/MXParser'
RDX=0x00000000ead38bc8 is an oop
org.codehaus.plexus.util.xml.pull.MXParser 
 - klass: 'org/codehaus/plexus/util/xml/pull/MXParser'
RSP=0x0000000002dfdbb8 is pointing into the stack for thread: 0x0000000002e1d800
RBP=0x0000000002dfdc50 is pointing into the stack for thread: 0x0000000002e1d800
RSI=0x00000000ead38bc8 is an oop
org.codehaus.plexus.util.xml.pull.MXParser 
 - klass: 'org/codehaus/plexus/util/xml/pull/MXParser'
RDI=0x00000000152a5e38 is pointing into metadata
R8 =0x0000000000000022 is an unknown value
R9 =0x00000000eae02940 is an oop
[C 
 - klass: {type array char}
 - length: 34
R10=0x00000001000cb6f8 is pointing into metadata
R11=0x000000000321a8e0 is at entry_point+32 in (nmethod*)0x000000000321a750
R12=0x0000000000000000 is an unknown value
R13=0x0000000002dfdc08 is pointing into the stack for thread: 0x0000000002e1d800
R14=0x0000000000000000 is an unknown value
R15=0x0000000002e1d800 is a thread


Stack: [0x0000000002d00000,0x0000000002e00000],  sp=0x0000000002dfdbb8,  free space=1014k
Native frames: (J=compiled Java code, j=interpreted, Vv=VM code, C=native code)
C  0xffffffffa3fe5120


---------------  P R O C E S S  ---------------

Java Threads: ( => current thread )
  0x0000000017021000 JavaThread "Service Thread" daemon [_thread_blocked, id=8128, stack(0x0000000017400000,0x0000000017500000)]
  0x00000000156d0800 JavaThread "C1 CompilerThread2" daemon [_thread_blocked, id=11660, stack(0x0000000016f00000,0x0000000017000000)]
  0x00000000156b1800 JavaThread "C2 CompilerThread1" daemon [_thread_blocked, id=10728, stack(0x0000000016e00000,0x0000000016f00000)]
  0x00000000156ae000 JavaThread "C2 CompilerThread0" daemon [_thread_blocked, id=11900, stack(0x0000000016d00000,0x0000000016e00000)]
  0x00000000156ac800 JavaThread "Attach Listener" daemon [_thread_blocked, id=11408, stack(0x0000000016c00000,0x0000000016d00000)]
  0x00000000156ab000 JavaThread "Signal Dispatcher" daemon [_thread_blocked, id=9752, stack(0x0000000016b00000,0x0000000016c00000)]
  0x0000000015699800 JavaThread "Finalizer" daemon [_thread_blocked, id=8132, stack(0x0000000016910000,0x0000000016a10000)]
  0x0000000002fd0000 JavaThread "Reference Handler" daemon [_thread_blocked, id=3580, stack(0x0000000016810000,0x0000000016910000)]
=>0x0000000002e1d800 JavaThread "main" [_thread_in_Java, id=11812, stack(0x0000000002d00000,0x0000000002e00000)]

Other Threads:
  0x0000000015677800 VMThread [stack: 0x0000000016710000,0x0000000016810000] [id=7396]
  0x000000001702b000 WatcherThread [stack: 0x0000000017500000,0x0000000017600000] [id=7972]

VM state:not at safepoint (normal execution)

VM Mutex/Monitor currently owned by a thread: None

Heap:
 PSYoungGen      total 18944K, used 5657K [0x00000000eab00000, 0x00000000ed000000, 0x0000000100000000)
  eden space 16384K, 19% used [0x00000000eab00000,0x00000000eae0a510,0x00000000ebb00000)
  from space 2560K, 99% used [0x00000000ebb00000,0x00000000ebd7bf68,0x00000000ebd80000)
  to   space 2560K, 0% used [0x00000000ecd80000,0x00000000ecd80000,0x00000000ed000000)
 ParOldGen       total 44032K, used 604K [0x00000000c0000000, 0x00000000c2b00000, 0x00000000eab00000)
  object space 44032K, 1% used [0x00000000c0000000,0x00000000c00972e8,0x00000000c2b00000)
 Metaspace       used 6773K, capacity 6876K, committed 7040K, reserved 1056768K
  class space    used 839K, capacity 888K, committed 896K, reserved 1048576K

Card table byte_map: [0x00000000123a0000,0x00000000125b0000] byte_map_base: 0x0000000011da0000

Marking Bits: (ParMarkBitMap*) 0x0000000076ed2f70
 Begin Bits: [0x0000000012b10000, 0x0000000013b10000)
 End Bits:   [0x0000000013b10000, 0x0000000014b10000)

Polling page: 0x0000000001580000

CodeCache: size=245760Kb used=2609Kb max_used=2622Kb free=243150Kb
 bounds [0x0000000002fe0000, 0x0000000003280000, 0x0000000011fe0000]
 total_blobs=796 nmethods=525 adapters=186
 compilation: enabled

Compilation events (10 events):
Event: 1.470 Thread 0x00000000156b1800 nmethod 477 0x00000000032608d0 code [0x0000000003260a20, 0x0000000003260bd8]
Event: 1.470 Thread 0x00000000156b1800  486       4       sun.nio.cs.UTF_8$Decoder::decodeLoop (28 bytes)
Event: 1.472 Thread 0x00000000156b1800 nmethod 486 0x0000000003256810 code [0x0000000003256960, 0x0000000003256a88]
Event: 1.475 Thread 0x00000000156d0800  524       3       java.util.HashMap::<init> (11 bytes)
Event: 1.476 Thread 0x00000000156d0800 nmethod 524 0x00000000032563d0 code [0x0000000003256540, 0x0000000003256750]
Event: 1.477 Thread 0x00000000156d0800  525       3       java.lang.String::<init> (100 bytes)
Event: 1.478 Thread 0x00000000156d0800 nmethod 525 0x00000000032485d0 code [0x0000000003248780, 0x0000000003248c68]
Event: 1.478 Thread 0x00000000156d0800  526       3       java.nio.charset.CharsetDecoder::implFlush (4 bytes)
Event: 1.478 Thread 0x00000000156d0800 nmethod 526 0x00000000032605d0 code [0x0000000003260720, 0x0000000003260870]
Event: 1.482 Thread 0x00000000156ae000 nmethod 521 0x0000000003271c10 code [0x0000000003271de0, 0x0000000003272620]

GC Heap History (2 events):
Event: 1.336 GC heap before
{Heap before GC invocations=1 (full 0):
 PSYoungGen      total 18944K, used 16384K [0x00000000eab00000, 0x00000000ec000000, 0x0000000100000000)
  eden space 16384K, 100% used [0x00000000eab00000,0x00000000ebb00000,0x00000000ebb00000)
  from space 2560K, 0% used [0x00000000ebd80000,0x00000000ebd80000,0x00000000ec000000)
  to   space 2560K, 0% used [0x00000000ebb00000,0x00000000ebb00000,0x00000000ebd80000)
 ParOldGen       total 44032K, used 0K [0x00000000c0000000, 0x00000000c2b00000, 0x00000000eab00000)
  object space 44032K, 0% used [0x00000000c0000000,0x00000000c0000000,0x00000000c2b00000)
 Metaspace       used 6686K, capacity 6812K, committed 7040K, reserved 1056768K
  class space    used 821K, capacity 888K, committed 896K, reserved 1048576K
Event: 1.356 GC heap after
Heap after GC invocations=1 (full 0):
 PSYoungGen      total 18944K, used 2543K [0x00000000eab00000, 0x00000000ed000000, 0x0000000100000000)
  eden space 16384K, 0% used [0x00000000eab00000,0x00000000eab00000,0x00000000ebb00000)
  from space 2560K, 99% used [0x00000000ebb00000,0x00000000ebd7bf68,0x00000000ebd80000)
  to   space 2560K, 0% used [0x00000000ecd80000,0x00000000ecd80000,0x00000000ed000000)
 ParOldGen       total 44032K, used 604K [0x00000000c0000000, 0x00000000c2b00000, 0x00000000eab00000)
  object space 44032K, 1% used [0x00000000c0000000,0x00000000c00972e8,0x00000000c2b00000)
 Metaspace       used 6686K, capacity 6812K, committed 7040K, reserved 1056768K
  class space    used 821K, capacity 888K, committed 896K, reserved 1048576K
}

Deoptimization events (0 events):
No events

Internal exceptions (10 events):
Event: 0.589 Thread 0x0000000002e1d800 Exception <a 'java/security/PrivilegedActionException'> (0x00000000ead9c898) thrown at [C:\re\workspace\8-2-build-windows-amd64-cygwin\jdk8u91\6644\hotspot\src\share\vm\prims\jvm.cpp, line 1386]
Event: 0.589 Thread 0x0000000002e1d800 Exception <a 'java/security/PrivilegedActionException'> (0x00000000ead9caa8) thrown at [C:\re\workspace\8-2-build-windows-amd64-cygwin\jdk8u91\6644\hotspot\src\share\vm\prims\jvm.cpp, line 1386]
Event: 0.591 Thread 0x0000000002e1d800 Exception <a 'java/security/PrivilegedActionException'> (0x00000000eada0ad8) thrown at [C:\re\workspace\8-2-build-windows-amd64-cygwin\jdk8u91\6644\hotspot\src\share\vm\prims\jvm.cpp, line 1386]
Event: 0.591 Thread 0x0000000002e1d800 Exception <a 'java/security/PrivilegedActionException'> (0x00000000eada0ce8) thrown at [C:\re\workspace\8-2-build-windows-amd64-cygwin\jdk8u91\6644\hotspot\src\share\vm\prims\jvm.cpp, line 1386]
Event: 1.031 Thread 0x0000000002e1d800 Exception <a 'java/lang/ArrayIndexOutOfBoundsException': 18> (0x00000000eb4a6700) thrown at [C:\re\workspace\8-2-build-windows-amd64-cygwin\jdk8u91\6644\hotspot\src\share\vm\interpreter\interpreterRuntime.cpp, line 366]
Event: 1.031 Thread 0x0000000002e1d800 Exception <a 'java/lang/ArrayIndexOutOfBoundsException': 43> (0x00000000eb4a75a0) thrown at [C:\re\workspace\8-2-build-windows-amd64-cygwin\jdk8u91\6644\hotspot\src\share\vm\interpreter\interpreterRuntime.cpp, line 366]
Event: 1.032 Thread 0x0000000002e1d800 Exception <a 'java/lang/ArrayIndexOutOfBoundsException': 92> (0x00000000eb4a8e38) thrown at [C:\re\workspace\8-2-build-windows-amd64-cygwin\jdk8u91\6644\hotspot\src\share\vm\interpreter\interpreterRuntime.cpp, line 366]
Event: 1.132 Thread 0x0000000002e1d800 Exception <a 'java/lang/ArrayIndexOutOfBoundsException'> (0x00000000eb6ef3d0) thrown at [C:\re\workspace\8-2-build-windows-amd64-cygwin\jdk8u91\6644\hotspot\src\share\vm\runtime\sharedRuntime.cpp, line 605]
Event: 1.133 Thread 0x0000000002e1d800 Exception <a 'java/lang/ArrayIndexOutOfBoundsException'> (0x00000000eb6f0af8) thrown at [C:\re\workspace\8-2-build-windows-amd64-cygwin\jdk8u91\6644\hotspot\src\share\vm\runtime\sharedRuntime.cpp, line 605]
Event: 1.159 Thread 0x0000000002e1d800 Exception <a 'java/lang/ArrayIndexOutOfBoundsException'> (0x00000000eb74fc08) thrown at [C:\re\workspace\8-2-build-windows-amd64-cygwin\jdk8u91\6644\hotspot\src\share\vm\runtime\sharedRuntime.cpp, line 605]

Events (10 events):
Event: 1.479 loading class org/apache/maven/artifact/handler/ArtifactHandler
Event: 1.479 loading class org/apache/maven/artifact/handler/ArtifactHandler done
Event: 1.479 loading class org/apache/maven/artifact/handler/ArtifactHandler
Event: 1.479 loading class org/apache/maven/artifact/handler/ArtifactHandler done
Event: 1.480 loading class org/apache/maven/lifecycle/mapping/LifecycleMapping
Event: 1.480 loading class org/apache/maven/lifecycle/mapping/LifecycleMapping done
Event: 1.480 loading class org/apache/maven/lifecycle/mapping/LifecycleMapping
Event: 1.480 loading class org/apache/maven/lifecycle/mapping/LifecycleMapping done
Event: 1.481 loading class org/apache/maven/artifact/handler/ArtifactHandler
Event: 1.481 loading class org/apache/maven/artifact/handler/ArtifactHandler done


Dynamic libraries:
0x00007ff774440000 - 0x00007ff774477000 	C:\Program Files\Java\jdk1.8.0_91\bin\java.exe
0x00007ffb9f7e0000 - 0x00007ffb9f9b1000 	C:\WINDOWS\SYSTEM32\ntdll.dll
0x00007ffb9e000000 - 0x00007ffb9e0ab000 	C:\WINDOWS\System32\KERNEL32.DLL
0x00007ffb83070000 - 0x00007ffb830c4000 	C:\Program Files (x86)\AVG\Av\avghooka.dll
0x00007ffb9bf60000 - 0x00007ffb9c17d000 	C:\WINDOWS\System32\KERNELBASE.dll
0x00007ffb9cf20000 - 0x00007ffb9cfc2000 	C:\WINDOWS\System32\ADVAPI32.dll
0x00007ffb9d410000 - 0x00007ffb9d4ae000 	C:\WINDOWS\System32\msvcrt.dll
0x00007ffb9e0b0000 - 0x00007ffb9e109000 	C:\WINDOWS\System32\sechost.dll
0x00007ffb9cd90000 - 0x00007ffb9ceb1000 	C:\WINDOWS\System32\RPCRT4.dll
0x00007ffb9de90000 - 0x00007ffb9dff5000 	C:\WINDOWS\System32\USER32.dll
0x00007ffb9bcd0000 - 0x00007ffb9bcee000 	C:\WINDOWS\System32\win32u.dll
0x00007ffb9dcf0000 - 0x00007ffb9dd24000 	C:\WINDOWS\System32\GDI32.dll
0x00007ffb9cb30000 - 0x00007ffb9ccb2000 	C:\WINDOWS\System32\gdi32full.dll
0x00007ffb91540000 - 0x00007ffb917b9000 	C:\WINDOWS\WinSxS\amd64_microsoft.windows.common-controls_6595b64144ccf1df_6.0.14393.447_none_42191651c6827bb3\COMCTL32.dll
0x00007ffb9d040000 - 0x00007ffb9d308000 	C:\WINDOWS\System32\combase.dll
0x00007ffb9c2a0000 - 0x00007ffb9c395000 	C:\WINDOWS\System32\ucrtbase.dll
0x00007ffb9c180000 - 0x00007ffb9c1ea000 	C:\WINDOWS\System32\bcryptPrimitives.dll
0x00007ffb9e280000 - 0x00007ffb9e2ae000 	C:\WINDOWS\System32\IMM32.DLL
0x00000000765e0000 - 0x00000000766b2000 	C:\Program Files\Java\jdk1.8.0_91\jre\bin\msvcr100.dll
0x00000000766c0000 - 0x0000000076f53000 	C:\Program Files\Java\jdk1.8.0_91\jre\bin\server\jvm.dll
0x00007ffb9f7d0000 - 0x00007ffb9f7d8000 	C:\WINDOWS\System32\PSAPI.DLL
0x00007ffb946b0000 - 0x00007ffb946b9000 	C:\WINDOWS\SYSTEM32\WSOCK32.dll
0x00007ffb9cfd0000 - 0x00007ffb9d03a000 	C:\WINDOWS\System32\WS2_32.dll
0x00007ffb9a0a0000 - 0x00007ffb9a0c3000 	C:\WINDOWS\SYSTEM32\WINMM.dll
0x00007ffb96b90000 - 0x00007ffb96b9a000 	C:\WINDOWS\SYSTEM32\VERSION.dll
0x00007ffb9a070000 - 0x00007ffb9a09b000 	C:\WINDOWS\SYSTEM32\WINMMBASE.dll
0x00007ffb9cd20000 - 0x00007ffb9cd62000 	C:\WINDOWS\System32\cfgmgr32.dll
0x0000000076590000 - 0x000000007659f000 	C:\Program Files\Java\jdk1.8.0_91\jre\bin\verify.dll
0x0000000076560000 - 0x0000000076589000 	C:\Program Files\Java\jdk1.8.0_91\jre\bin\java.dll
0x0000000076540000 - 0x0000000076556000 	C:\Program Files\Java\jdk1.8.0_91\jre\bin\zip.dll
0x00007ffb9e2c0000 - 0x00007ffb9f7c9000 	C:\WINDOWS\System32\SHELL32.dll
0x00007ffb9c3a0000 - 0x00007ffb9ca7a000 	C:\WINDOWS\System32\windows.storage.dll
0x00007ffb9bc70000 - 0x00007ffb9bcbc000 	C:\WINDOWS\System32\powrprof.dll
0x00007ffb9d580000 - 0x00007ffb9d5d2000 	C:\WINDOWS\System32\shlwapi.dll
0x00007ffb9bc60000 - 0x00007ffb9bc6f000 	C:\WINDOWS\System32\kernel.appcore.dll
0x00007ffb9ca80000 - 0x00007ffb9cb29000 	C:\WINDOWS\System32\shcore.dll
0x00007ffb9bc40000 - 0x00007ffb9bc54000 	C:\WINDOWS\System32\profapi.dll
0x00007ffb8a610000 - 0x00007ffb8a7a2000 	C:\WINDOWS\SYSTEM32\dbghelp.dll

VM Arguments:
jvm_args: -Dclassworlds.conf=C:\Program Files\NetBeans 8.2\java\maven\bin\m2.conf -Dmaven.home=C:\Program Files\NetBeans 8.2\java\maven 
java_command: org.codehaus.plexus.classworlds.launcher.Launcher -Dmaven.ext.class.path=C:\Program Files\NetBeans 8.2\java\maven-nblib\netbeans-eventspy.jar -Dfile.encoding=UTF-8 test
java_class_path (initial): C:\Program Files\NetBeans 8.2\java\maven\boot\plexus-classworlds-2.4.jar
Launcher Type: SUN_STANDARD

Environment Variables:
JAVA_HOME=C:\Program Files\Java\jdk1.8.0_91
PATH=C:\ProgramData\Oracle\Java\javapath;C:\WINDOWS\system32;C:\WINDOWS;C:\WINDOWS\System32\Wbem;C:\WINDOWS\System32\WindowsPowerShell\v1.0\;C:\Program Files (x86)\Skype\Phone\;C:\Program Files (x86)\NVIDIA Corporation\PhysX\Common;C:\WINDOWS\system32;C:\WINDOWS;C:\WINDOWS\System32\Wbem;C:\WINDOWS\System32\WindowsPowerShell\v1.0\;C:\Users\jaakk_000\AppData\Local\Microsoft\WindowsApps;
USERNAME=jaakk_000
OS=Windows_NT
PROCESSOR_IDENTIFIER=Intel64 Family 6 Model 23 Stepping 10, GenuineIntel



---------------  S Y S T E M  ---------------

OS: Windows 10.0 , 64 bit Build 14393 (10.0.14393.0)

CPU:total 4 (4 cores per cpu, 1 threads per core) family 6 model 23 stepping 10, cmov, cx8, fxsr, mmx, sse, sse2, sse3, ssse3, sse4.1, tsc

Memory: 4k page, physical 4193268k(1141972k free), swap 5831668k(1054164k free)

vm_info: Java HotSpot(TM) 64-Bit Server VM (25.91-b14) for windows-amd64 JRE (1.8.0_91-b14), built on Apr  1 2016 00:58:32 by "java_re" with MS VC++ 10.0 (VS2010)

time: Sun Mar 05 15:06:35 2017
elapsed time: 1 seconds (0d 0h 0m 1s)

