#
# A fatal error has been detected by the Java Runtime Environment:
#
#  EXCEPTION_ACCESS_VIOLATION (0xc0000005) at pc=0xffffffffa3275120, pid=10536, tid=4952
#
# JRE version: Java(TM) SE Runtime Environment (8.0_91-b14) (build 1.8.0_91-b14)
# Java VM: Java HotSpot(TM) 64-Bit Server VM (25.91-b14 mixed mode windows-amd64 compressed oops)
# Problematic frame:
# C  0xffffffffa3275120
#
# Failed to write core dump. Minidumps are not enabled by default on client versions of Windows
#
# If you would like to submit a bug report, please visit:
#   http://bugreport.java.com/bugreport/crash.jsp
#

---------------  T H R E A D  ---------------

Current thread (0x000000000226d800):  JavaThread "main" [_thread_in_Java, id=4952, stack(0x0000000001f30000,0x0000000002030000)]

siginfo: ExceptionCode=0xc0000005, ExceptionInformation=0x0000000000000008 0xffffffffa3275120

Registers:
RAX=0x0000000014349388, RBX=0x0000000100044378, RCX=0x00000000c9fa86a6, RDX=0x00000000ecb1c908
RSP=0x0000000002027ee8, RBP=0x00000000020283e0, RSI=0x00000000ecb1c908, RDI=0x0000000016a0db10
R8 =0x00000000eb59abf8, R9 =0x00000000eb59ec78, R10=0x0000000016a0db10, R11=0x0000000000000000
R12=0x0000000000000000, R13=0x00000000eb59edb8, R14=0x0000000000000030, R15=0x000000000226d800
RIP=0xffffffffa3275120, EFLAGS=0x0000000000010216

Top of Stack: (sp=0x0000000002027ee8)
0x0000000002027ee8:   000000000241c744 00000000eccd5698
0x0000000002027ef8:   00000000eb59eb20 000000000000006f
0x0000000002027f08:   0000000000000019 00000000ecb1cae0
0x0000000002027f18:   000000000242c244 00000000020283e0
0x0000000002027f28:   000000000246b644 0000000000000000
0x0000000002027f38:   0000000000000000 0000000000000000
0x0000000002027f48:   0000000000000000 0000000000000000
0x0000000002027f58:   00000000ecb1c810 00000000eb59e000
0x0000000002027f68:   0000000016a0db10 0000000002028048
0x0000000002027f78:   000000000226d800 0000000000000041
0x0000000002027f88:   0000000000000000 00000000ecb48a50
0x0000000002027f98:   00000000ecb1cae0 00000000ecb43dd8
0x0000000002027fa8:   00000000eb59ec98 00000000eab41058
0x0000000002027fb8:   0000000076648d94 000000001723bf60
0x0000000002027fc8:   0000000000000000 00000000ecb1c810
0x0000000002027fd8:   00000000ecbe5f10 00000000ecbe5f10 

Instructions: (pc=0xffffffffa3275120)
0xffffffffa3275100:   
[error occurred during error reporting (printing registers, top of stack, instructions near pc), id 0xc0000005]

Register to memory mapping:

RAX=0x0000000014349388 is pointing into metadata
RBX=0x0000000100044378 is pointing into metadata
RCX=0x00000000c9fa86a6 is an unallocated location in the heap
RDX=0x00000000ecb1c908 is an oop
java.util.zip.ZipCoder 
 - klass: 'java/util/zip/ZipCoder'
RSP=0x0000000002027ee8 is pointing into the stack for thread: 0x000000000226d800
RBP=0x00000000020283e0 is pointing into the stack for thread: 0x000000000226d800
RSI=0x00000000ecb1c908 is an oop
java.util.zip.ZipCoder 
 - klass: 'java/util/zip/ZipCoder'
RDI=0x0000000016a0db10 is an unknown value
R8 =0x00000000eb59abf8 is an oop
java.lang.String 
 - klass: 'java/lang/String'
R9 =0x00000000eb59ec78 is an oop
sun.misc.URLClassPath$JarLoader$2 
 - klass: 'sun/misc/URLClassPath$JarLoader$2'
R10=0x0000000016a0db10 is an unknown value
R11=0x0000000000000000 is an unknown value
R12=0x0000000000000000 is an unknown value
R13=0x00000000eb59edb8 is an oop

[error occurred during error reporting (printing register info), id 0xc0000005]

Stack: [0x0000000001f30000,0x0000000002030000],  sp=0x0000000002027ee8,  free space=991k
Native frames: (J=compiled Java code, j=interpreted, Vv=VM code, C=native code)
C  0xffffffffa3275120


---------------  P R O C E S S  ---------------

Java Threads: ( => current thread )
  0x0000000014999800 JavaThread "Service Thread" daemon [_thread_blocked, id=8004, stack(0x0000000016690000,0x0000000016790000)]
  0x000000001494f800 JavaThread "C1 CompilerThread2" daemon [_thread_blocked, id=2120, stack(0x0000000016190000,0x0000000016290000)]
  0x0000000014940800 JavaThread "C2 CompilerThread1" daemon [_thread_blocked, id=12612, stack(0x0000000016090000,0x0000000016190000)]
  0x000000001493d000 JavaThread "C2 CompilerThread0" daemon [_thread_blocked, id=13028, stack(0x0000000015f90000,0x0000000016090000)]
  0x000000001493b800 JavaThread "Attach Listener" daemon [_thread_blocked, id=9304, stack(0x0000000015e90000,0x0000000015f90000)]
  0x000000001493a000 JavaThread "Signal Dispatcher" daemon [_thread_blocked, id=4200, stack(0x0000000015d90000,0x0000000015e90000)]
  0x000000000219a000 JavaThread "Finalizer" daemon [_thread_blocked, id=10120, stack(0x0000000015ba0000,0x0000000015ca0000)]
  0x0000000014909000 JavaThread "Reference Handler" daemon [_thread_blocked, id=12536, stack(0x0000000015aa0000,0x0000000015ba0000)]
=>0x000000000226d800 JavaThread "main" [_thread_in_Java, id=4952, stack(0x0000000001f30000,0x0000000002030000)]

Other Threads:
  0x0000000014907800 VMThread [stack: 0x00000000159a0000,0x0000000015aa0000] [id=8520]
  0x000000001499d800 WatcherThread [stack: 0x0000000016790000,0x0000000016890000] [id=7180]

VM state:not at safepoint (normal execution)

VM Mutex/Monitor currently owned by a thread: None

Heap:
 PSYoungGen      total 35328K, used 13786K [0x00000000eab00000, 0x00000000ef000000, 0x0000000100000000)
  eden space 32768K, 34% used [0x00000000eab00000,0x00000000eb5fabb8,0x00000000ecb00000)
  from space 2560K, 99% used [0x00000000ecb00000,0x00000000ecd7bc70,0x00000000ecd80000)
  to   space 2560K, 0% used [0x00000000eed80000,0x00000000eed80000,0x00000000ef000000)
 ParOldGen       total 44032K, used 5184K [0x00000000c0000000, 0x00000000c2b00000, 0x00000000eab00000)
  object space 44032K, 11% used [0x00000000c0000000,0x00000000c0510280,0x00000000c2b00000)
 Metaspace       used 15290K, capacity 15570K, committed 15872K, reserved 1062912K
  class space    used 1872K, capacity 1943K, committed 2048K, reserved 1048576K

Card table byte_map: [0x0000000011630000,0x0000000011840000] byte_map_base: 0x0000000011030000

Marking Bits: (ParMarkBitMap*) 0x0000000076ed2f70
 Begin Bits: [0x0000000011da0000, 0x0000000012da0000)
 End Bits:   [0x0000000012da0000, 0x0000000013da0000)

Polling page: 0x00000000007e0000

CodeCache: size=245760Kb used=5737Kb max_used=5749Kb free=240022Kb
 bounds [0x0000000002270000, 0x0000000002820000, 0x0000000011270000]
 total_blobs=2080 nmethods=1724 adapters=270
 compilation: enabled

Compilation events (10 events):
Event: 3.032 Thread 0x000000001494f800 nmethod 1723 0x0000000002808750 code [0x00000000028089a0, 0x00000000028098f8]
Event: 3.032 Thread 0x000000001494f800 1724       3       java.lang.ClassLoader::compareCerts (149 bytes)
Event: 3.033 Thread 0x000000001494f800 nmethod 1724 0x0000000002807a10 code [0x0000000002807be0, 0x0000000002808478]
Event: 3.041 Thread 0x0000000014940800 1725       4       java.util.zip.ZipFile::ensureOpen (37 bytes)
Event: 3.042 Thread 0x0000000014940800 nmethod 1725 0x0000000002807390 code [0x00000000028074c0, 0x0000000002807558]
Event: 3.042 Thread 0x0000000014940800 1726       4       java.util.zip.ZipCoder::getBytes (192 bytes)
Event: 3.043 Thread 0x000000001494f800 1727       1       java.util.logging.Logger::getName (5 bytes)
Event: 3.043 Thread 0x000000001494f800 nmethod 1727 0x0000000002807090 code [0x00000000028071e0, 0x00000000028072f0]
Event: 3.047 Thread 0x000000001493d000 nmethod 1722 0x000000000280f210 code [0x000000000280f460, 0x00000000028102d8]
Event: 3.052 Thread 0x0000000014940800 nmethod 1726 0x000000000280b350 code [0x000000000280b500, 0x000000000280ba90]

GC Heap History (6 events):
Event: 0.844 GC heap before
{Heap before GC invocations=1 (full 0):
 PSYoungGen      total 18944K, used 16384K [0x00000000eab00000, 0x00000000ec000000, 0x0000000100000000)
  eden space 16384K, 100% used [0x00000000eab00000,0x00000000ebb00000,0x00000000ebb00000)
  from space 2560K, 0% used [0x00000000ebd80000,0x00000000ebd80000,0x00000000ec000000)
  to   space 2560K, 0% used [0x00000000ebb00000,0x00000000ebb00000,0x00000000ebd80000)
 ParOldGen       total 44032K, used 0K [0x00000000c0000000, 0x00000000c2b00000, 0x00000000eab00000)
  object space 44032K, 0% used [0x00000000c0000000,0x00000000c0000000,0x00000000c2b00000)
 Metaspace       used 6682K, capacity 6812K, committed 7040K, reserved 1056768K
  class space    used 821K, capacity 888K, committed 896K, reserved 1048576K
Event: 0.860 GC heap after
Heap after GC invocations=1 (full 0):
 PSYoungGen      total 18944K, used 2530K [0x00000000eab00000, 0x00000000ed000000, 0x0000000100000000)
  eden space 16384K, 0% used [0x00000000eab00000,0x00000000eab00000,0x00000000ebb00000)
  from space 2560K, 98% used [0x00000000ebb00000,0x00000000ebd788c0,0x00000000ebd80000)
  to   space 2560K, 0% used [0x00000000ecd80000,0x00000000ecd80000,0x00000000ed000000)
 ParOldGen       total 44032K, used 691K [0x00000000c0000000, 0x00000000c2b00000, 0x00000000eab00000)
  object space 44032K, 1% used [0x00000000c0000000,0x00000000c00acc68,0x00000000c2b00000)
 Metaspace       used 6682K, capacity 6812K, committed 7040K, reserved 1056768K
  class space    used 821K, capacity 888K, committed 896K, reserved 1048576K
}
Event: 1.224 GC heap before
{Heap before GC invocations=2 (full 0):
 PSYoungGen      total 18944K, used 18914K [0x00000000eab00000, 0x00000000ed000000, 0x0000000100000000)
  eden space 16384K, 100% used [0x00000000eab00000,0x00000000ebb00000,0x00000000ebb00000)
  from space 2560K, 98% used [0x00000000ebb00000,0x00000000ebd788c0,0x00000000ebd80000)
  to   space 2560K, 0% used [0x00000000ecd80000,0x00000000ecd80000,0x00000000ed000000)
 ParOldGen       total 44032K, used 691K [0x00000000c0000000, 0x00000000c2b00000, 0x00000000eab00000)
  object space 44032K, 1% used [0x00000000c0000000,0x00000000c00acc68,0x00000000c2b00000)
 Metaspace       used 7710K, capacity 7842K, committed 7936K, reserved 1056768K
  class space    used 976K, capacity 1017K, committed 1024K, reserved 1048576K
Event: 1.233 GC heap after
Heap after GC invocations=2 (full 0):
 PSYoungGen      total 35328K, used 2552K [0x00000000eab00000, 0x00000000ed000000, 0x0000000100000000)
  eden space 32768K, 0% used [0x00000000eab00000,0x00000000eab00000,0x00000000ecb00000)
  from space 2560K, 99% used [0x00000000ecd80000,0x00000000ecffe3f0,0x00000000ed000000)
  to   space 2560K, 0% used [0x00000000ecb00000,0x00000000ecb00000,0x00000000ecd80000)
 ParOldGen       total 44032K, used 771K [0x00000000c0000000, 0x00000000c2b00000, 0x00000000eab00000)
  object space 44032K, 1% used [0x00000000c0000000,0x00000000c00c0c68,0x00000000c2b00000)
 Metaspace       used 7710K, capacity 7842K, committed 7936K, reserved 1056768K
  class space    used 976K, capacity 1017K, committed 1024K, reserved 1048576K
}
Event: 2.453 GC heap before
{Heap before GC invocations=3 (full 0):
 PSYoungGen      total 35328K, used 35320K [0x00000000eab00000, 0x00000000ed000000, 0x0000000100000000)
  eden space 32768K, 100% used [0x00000000eab00000,0x00000000ecb00000,0x00000000ecb00000)
  from space 2560K, 99% used [0x00000000ecd80000,0x00000000ecffe3f0,0x00000000ed000000)
  to   space 2560K, 0% used [0x00000000ecb00000,0x00000000ecb00000,0x00000000ecd80000)
 ParOldGen       total 44032K, used 771K [0x00000000c0000000, 0x00000000c2b00000, 0x00000000eab00000)
  object space 44032K, 1% used [0x00000000c0000000,0x00000000c00c0c68,0x00000000c2b00000)
 Metaspace       used 12237K, capacity 12428K, committed 12672K, reserved 1060864K
  class space    used 1505K, capacity 1541K, committed 1664K, reserved 1048576K
Event: 2.482 GC heap after
Heap after GC invocations=3 (full 0):
 PSYoungGen      total 35328K, used 2543K [0x00000000eab00000, 0x00000000ef000000, 0x0000000100000000)
  eden space 32768K, 0% used [0x00000000eab00000,0x00000000eab00000,0x00000000ecb00000)
  from space 2560K, 99% used [0x00000000ecb00000,0x00000000ecd7bc70,0x00000000ecd80000)
  to   space 2560K, 0% used [0x00000000eed80000,0x00000000eed80000,0x00000000ef000000)
 ParOldGen       total 44032K, used 5184K [0x00000000c0000000, 0x00000000c2b00000, 0x00000000eab00000)
  object space 44032K, 11% used [0x00000000c0000000,0x00000000c0510280,0x00000000c2b00000)
 Metaspace       used 12237K, capacity 12428K, committed 12672K, reserved 1060864K
  class space    used 1505K, capacity 1541K, committed 1664K, reserved 1048576K
}

Deoptimization events (10 events):
Event: 2.292 Thread 0x000000000226d800 Uncommon trap: reason=unstable_if action=reinterpret pc=0x000000000269d698 method=org.codehaus.plexus.util.xml.pull.MXParser.nextImpl()I @ 867
Event: 2.551 Thread 0x000000000226d800 Uncommon trap: reason=unstable_if action=reinterpret pc=0x0000000002430810 method=sun.misc.MetaIndex.mayContain(Ljava/lang/String;)Z @ 38
Event: 2.575 Thread 0x000000000226d800 Uncommon trap: reason=unstable_if action=reinterpret pc=0x00000000025964b8 method=java.util.HashMap.putVal(ILjava/lang/Object;Ljava/lang/Object;ZZ)Ljava/lang/Object; @ 236
Event: 2.602 Thread 0x000000000226d800 Uncommon trap: reason=unstable_if action=reinterpret pc=0x000000000257cbbc method=java.lang.CharacterDataLatin1.isWhitespace(I)Z @ 14
Event: 2.635 Thread 0x000000000226d800 Uncommon trap: reason=unstable_if action=reinterpret pc=0x00000000027201a8 method=java.lang.String.trim()Ljava/lang/String; @ 63
Event: 2.659 Thread 0x000000000226d800 Uncommon trap: reason=bimorphic action=maybe_recompile pc=0x00000000026decc0 method=java.util.concurrent.ConcurrentHashMap.get(Ljava/lang/Object;)Ljava/lang/Object; @ 149
Event: 2.660 Thread 0x000000000226d800 Uncommon trap: reason=unstable_if action=reinterpret pc=0x000000000271f848 method=java.lang.reflect.Field.get(Ljava/lang/Object;)Ljava/lang/Object; @ 4
Event: 2.661 Thread 0x000000000226d800 Uncommon trap: reason=bimorphic action=maybe_recompile pc=0x00000000026decc0 method=java.util.concurrent.ConcurrentHashMap.get(Ljava/lang/Object;)Ljava/lang/Object; @ 149
Event: 2.662 Thread 0x000000000226d800 Uncommon trap: reason=bimorphic action=maybe_recompile pc=0x00000000026decc0 method=java.util.concurrent.ConcurrentHashMap.get(Ljava/lang/Object;)Ljava/lang/Object; @ 149
Event: 2.668 Thread 0x000000000226d800 Uncommon trap: reason=bimorphic action=maybe_recompile pc=0x00000000026decc0 method=java.util.concurrent.ConcurrentHashMap.get(Ljava/lang/Object;)Ljava/lang/Object; @ 149

Internal exceptions (10 events):
Event: 0.694 Thread 0x000000000226d800 Exception <a 'java/lang/ArrayIndexOutOfBoundsException'> (0x00000000eb6f06f8) thrown at [C:\re\workspace\8-2-build-windows-amd64-cygwin\jdk8u91\6644\hotspot\src\share\vm\runtime\sharedRuntime.cpp, line 605]
Event: 0.706 Thread 0x000000000226d800 Exception <a 'java/lang/ArrayIndexOutOfBoundsException'> (0x00000000eb74f8f0) thrown at [C:\re\workspace\8-2-build-windows-amd64-cygwin\jdk8u91\6644\hotspot\src\share\vm\runtime\sharedRuntime.cpp, line 605]
Event: 1.064 Thread 0x000000000226d800 Exception <a 'java/lang/ArrayIndexOutOfBoundsException'> (0x00000000eb5d1b58) thrown at [C:\re\workspace\8-2-build-windows-amd64-cygwin\jdk8u91\6644\hotspot\src\share\vm\runtime\sharedRuntime.cpp, line 605]
Event: 1.065 Thread 0x000000000226d800 Exception <a 'java/lang/ArrayIndexOutOfBoundsException'> (0x00000000eb5d3800) thrown at [C:\re\workspace\8-2-build-windows-amd64-cygwin\jdk8u91\6644\hotspot\src\share\vm\runtime\sharedRuntime.cpp, line 605]
Event: 1.212 Thread 0x000000000226d800 Exception <a 'java/lang/NoClassDefFoundError': org/slf4j/Logger> (0x00000000eba844b8) thrown at [C:\re\workspace\8-2-build-windows-amd64-cygwin\jdk8u91\6644\hotspot\src\share\vm\classfile\systemDictionary.cpp, line 199]
Event: 1.312 Thread 0x000000000226d800 Exception <a 'java/lang/NoClassDefFoundError': org/slf4j/LoggerFactory> (0x00000000ead58568) thrown at [C:\re\workspace\8-2-build-windows-amd64-cygwin\jdk8u91\6644\hotspot\src\share\vm\classfile\systemDictionary.cpp, line 199]
Event: 1.312 Thread 0x000000000226d800 Exception <a 'java/lang/NoClassDefFoundError'> (0x00000000ead58568) thrown at [C:\re\workspace\8-2-build-windows-amd64-cygwin\jdk8u91\6644\hotspot\src\share\vm\oops\instanceKlass.cpp, line 948]
Event: 2.544 Thread 0x000000000226d800 Exception <a 'java/lang/NoClassDefFoundError': org/apache/log4j/Category> (0x00000000ead68a58) thrown at [C:\re\workspace\8-2-build-windows-amd64-cygwin\jdk8u91\6644\hotspot\src\share\vm\classfile\systemDictionary.cpp, line 199]
Event: 2.713 Thread 0x000000000226d800 Exception <a 'java/lang/NoSuchFieldError': method resolution failed> (0x00000000eaf7b938) thrown at [C:\re\workspace\8-2-build-windows-amd64-cygwin\jdk8u91\6644\hotspot\src\share\vm\prims\methodHandles.cpp, line 1146]
Event: 2.715 Thread 0x000000000226d800 Exception <a 'java/lang/NoSuchFieldError': method resolution failed> (0x00000000eaf89798) thrown at [C:\re\workspace\8-2-build-windows-amd64-cygwin\jdk8u91\6644\hotspot\src\share\vm\prims\methodHandles.cpp, line 1146]

Events (10 events):
Event: 3.050 loading class org/apache/maven/wagon/providers/http/httpclient/io/HttpMessageParser
Event: 3.050 loading class org/apache/maven/wagon/providers/http/httpclient/io/HttpMessageParser done
Event: 3.050 loading class org/apache/maven/wagon/providers/http/httpclient/message/LineParser
Event: 3.050 loading class org/apache/maven/wagon/providers/http/httpclient/message/LineParser done
Event: 3.051 loading class org/apache/maven/wagon/providers/http/httpclient/HttpResponseFactory
Event: 3.051 loading class org/apache/maven/wagon/providers/http/httpclient/HttpResponseFactory done
Event: 3.051 loading class org/apache/maven/wagon/providers/http/httpclient/message/BasicLineParser
Event: 3.051 loading class org/apache/maven/wagon/providers/http/httpclient/message/BasicLineParser done
Event: 3.052 loading class org/apache/maven/wagon/providers/http/httpclient/ParseException
Event: 3.052 loading class org/apache/maven/wagon/providers/http/httpclient/ParseException done


Dynamic libraries:
0x00007ff636d50000 - 0x00007ff636d87000 	C:\Program Files\Java\jdk1.8.0_91\bin\java.exe
0x00007ffb9f7e0000 - 0x00007ffb9f9b1000 	C:\WINDOWS\SYSTEM32\ntdll.dll
0x00007ffb9e000000 - 0x00007ffb9e0ab000 	C:\WINDOWS\System32\KERNEL32.DLL
0x00007ffb83070000 - 0x00007ffb830c4000 	C:\Program Files (x86)\AVG\Av\avghooka.dll
0x00007ffb9bf60000 - 0x00007ffb9c17d000 	C:\WINDOWS\System32\KERNELBASE.dll
0x00007ffb9cf20000 - 0x00007ffb9cfc2000 	C:\WINDOWS\System32\ADVAPI32.dll
0x00007ffb9d410000 - 0x00007ffb9d4ae000 	C:\WINDOWS\System32\msvcrt.dll
0x00007ffb9e0b0000 - 0x00007ffb9e109000 	C:\WINDOWS\System32\sechost.dll
0x00007ffb9cd90000 - 0x00007ffb9ceb1000 	C:\WINDOWS\System32\RPCRT4.dll
0x00007ffb9de90000 - 0x00007ffb9dff5000 	C:\WINDOWS\System32\USER32.dll
0x00007ffb9bcd0000 - 0x00007ffb9bcee000 	C:\WINDOWS\System32\win32u.dll
0x00007ffb9dcf0000 - 0x00007ffb9dd24000 	C:\WINDOWS\System32\GDI32.dll
0x00007ffb9cb30000 - 0x00007ffb9ccb2000 	C:\WINDOWS\System32\gdi32full.dll
0x00007ffb91540000 - 0x00007ffb917b9000 	C:\WINDOWS\WinSxS\amd64_microsoft.windows.common-controls_6595b64144ccf1df_6.0.14393.447_none_42191651c6827bb3\COMCTL32.dll
0x00007ffb9d040000 - 0x00007ffb9d308000 	C:\WINDOWS\System32\combase.dll
0x00007ffb9c2a0000 - 0x00007ffb9c395000 	C:\WINDOWS\System32\ucrtbase.dll
0x00007ffb9c180000 - 0x00007ffb9c1ea000 	C:\WINDOWS\System32\bcryptPrimitives.dll
0x00007ffb9e280000 - 0x00007ffb9e2ae000 	C:\WINDOWS\System32\IMM32.DLL
0x00000000765e0000 - 0x00000000766b2000 	C:\Program Files\Java\jdk1.8.0_91\jre\bin\msvcr100.dll
0x00000000766c0000 - 0x0000000076f53000 	C:\Program Files\Java\jdk1.8.0_91\jre\bin\server\jvm.dll
0x00007ffb9f7d0000 - 0x00007ffb9f7d8000 	C:\WINDOWS\System32\PSAPI.DLL
0x00007ffb946b0000 - 0x00007ffb946b9000 	C:\WINDOWS\SYSTEM32\WSOCK32.dll
0x00007ffb9cfd0000 - 0x00007ffb9d03a000 	C:\WINDOWS\System32\WS2_32.dll
0x00007ffb9a0a0000 - 0x00007ffb9a0c3000 	C:\WINDOWS\SYSTEM32\WINMM.dll
0x00007ffb96b90000 - 0x00007ffb96b9a000 	C:\WINDOWS\SYSTEM32\VERSION.dll
0x00007ffb9a070000 - 0x00007ffb9a09b000 	C:\WINDOWS\SYSTEM32\WINMMBASE.dll
0x00007ffb9cd20000 - 0x00007ffb9cd62000 	C:\WINDOWS\System32\cfgmgr32.dll
0x0000000076590000 - 0x000000007659f000 	C:\Program Files\Java\jdk1.8.0_91\jre\bin\verify.dll
0x0000000076560000 - 0x0000000076589000 	C:\Program Files\Java\jdk1.8.0_91\jre\bin\java.dll
0x0000000076540000 - 0x0000000076556000 	C:\Program Files\Java\jdk1.8.0_91\jre\bin\zip.dll
0x00007ffb9e2c0000 - 0x00007ffb9f7c9000 	C:\WINDOWS\System32\SHELL32.dll
0x00007ffb9c3a0000 - 0x00007ffb9ca7a000 	C:\WINDOWS\System32\windows.storage.dll
0x00007ffb9bc70000 - 0x00007ffb9bcbc000 	C:\WINDOWS\System32\powrprof.dll
0x00007ffb9d580000 - 0x00007ffb9d5d2000 	C:\WINDOWS\System32\shlwapi.dll
0x00007ffb9bc60000 - 0x00007ffb9bc6f000 	C:\WINDOWS\System32\kernel.appcore.dll
0x00007ffb9ca80000 - 0x00007ffb9cb29000 	C:\WINDOWS\System32\shcore.dll
0x00007ffb9bc40000 - 0x00007ffb9bc54000 	C:\WINDOWS\System32\profapi.dll
0x0000000076520000 - 0x000000007653a000 	C:\Program Files\Java\jdk1.8.0_91\jre\bin\net.dll
0x00007ffb9b570000 - 0x00007ffb9b5cc000 	C:\WINDOWS\system32\mswsock.dll
0x0000000076500000 - 0x0000000076511000 	C:\Program Files\Java\jdk1.8.0_91\jre\bin\nio.dll
0x0000000076250000 - 0x0000000076274000 	C:\Program Files\Java\jdk1.8.0_91\jre\bin\sunec.dll
0x00007ffb9b720000 - 0x00007ffb9b737000 	C:\WINDOWS\SYSTEM32\CRYPTSP.dll
0x00007ffb9b180000 - 0x00007ffb9b1b3000 	C:\WINDOWS\system32\rsaenh.dll
0x00007ffb9b820000 - 0x00007ffb9b84b000 	C:\WINDOWS\SYSTEM32\bcrypt.dll
0x00007ffb9b3f0000 - 0x00007ffb9b40f000 	C:\WINDOWS\SYSTEM32\USERENV.dll
0x00007ffb9b710000 - 0x00007ffb9b71b000 	C:\WINDOWS\SYSTEM32\CRYPTBASE.dll
0x00007ffb9b300000 - 0x00007ffb9b338000 	C:\WINDOWS\SYSTEM32\IPHLPAPI.DLL
0x00007ffb9e2b0000 - 0x00007ffb9e2b8000 	C:\WINDOWS\System32\NSI.dll
0x00007ffb961d0000 - 0x00007ffb961e6000 	C:\WINDOWS\SYSTEM32\dhcpcsvc6.DLL
0x00007ffb968a0000 - 0x00007ffb968ba000 	C:\WINDOWS\SYSTEM32\dhcpcsvc.DLL
0x00007ffb8a610000 - 0x00007ffb8a7a2000 	C:\WINDOWS\SYSTEM32\dbghelp.dll

VM Arguments:
jvm_args: -Dclassworlds.conf=C:\Program Files\NetBeans 8.2\java\maven\bin\m2.conf -Dmaven.home=C:\Program Files\NetBeans 8.2\java\maven 
java_command: org.codehaus.plexus.classworlds.launcher.Launcher -Dmaven.ext.class.path=C:\Program Files\NetBeans 8.2\java\maven-nblib\netbeans-eventspy.jar -Dfile.encoding=UTF-8 javadoc:javadoc
java_class_path (initial): C:\Program Files\NetBeans 8.2\java\maven\boot\plexus-classworlds-2.4.jar
Launcher Type: SUN_STANDARD

Environment Variables:
JAVA_HOME=C:\Program Files\Java\jdk1.8.0_91
PATH=C:\ProgramData\Oracle\Java\javapath;C:\WINDOWS\system32;C:\WINDOWS;C:\WINDOWS\System32\Wbem;C:\WINDOWS\System32\WindowsPowerShell\v1.0\;C:\Program Files (x86)\Skype\Phone\;C:\Program Files (x86)\NVIDIA Corporation\PhysX\Common;C:\WINDOWS\system32;C:\WINDOWS;C:\WINDOWS\System32\Wbem;C:\WINDOWS\System32\WindowsPowerShell\v1.0\;C:\Users\jaakk_000\AppData\Local\Microsoft\WindowsApps;
USERNAME=jaakk_000
OS=Windows_NT
PROCESSOR_IDENTIFIER=Intel64 Family 6 Model 23 Stepping 10, GenuineIntel



---------------  S Y S T E M  ---------------

OS: Windows 10.0 , 64 bit Build 14393 (10.0.14393.0)

CPU:total 4 (4 cores per cpu, 1 threads per core) family 6 model 23 stepping 10, cmov, cx8, fxsr, mmx, sse, sse2, sse3, ssse3, sse4.1, tsc

Memory: 4k page, physical 4193268k(852032k free), swap 6943220k(1260764k free)

vm_info: Java HotSpot(TM) 64-Bit Server VM (25.91-b14) for windows-amd64 JRE (1.8.0_91-b14), built on Apr  1 2016 00:58:32 by "java_re" with MS VC++ 10.0 (VS2010)

time: Sun Mar 05 22:44:17 2017
elapsed time: 3 seconds (0d 0h 0m 3s)

