#
# A fatal error has been detected by the Java Runtime Environment:
#
#  EXCEPTION_ACCESS_VIOLATION (0xc0000005) at pc=0xffffffffa3555120, pid=12072, tid=5704
#
# JRE version: Java(TM) SE Runtime Environment (8.0_91-b14) (build 1.8.0_91-b14)
# Java VM: Java HotSpot(TM) 64-Bit Server VM (25.91-b14 mixed mode windows-amd64 compressed oops)
# Problematic frame:
# C  0xffffffffa3555120
#
# Failed to write core dump. Minidumps are not enabled by default on client versions of Windows
#
# If you would like to submit a bug report, please visit:
#   http://bugreport.java.com/bugreport/crash.jsp
#

---------------  T H R E A D  ---------------

Current thread (0x000000000234d800):  JavaThread "main" [_thread_in_Java, id=5704, stack(0x0000000002350000,0x0000000002450000)]

siginfo: ExceptionCode=0xc0000005, ExceptionInformation=0x0000000000000008 0xffffffffa3555120

Registers:
RAX=0x00000001000300c8, RBX=0x000000001482bd28, RCX=0x0000000020000041, RDX=0x00000000ebb20918
RSP=0x000000000244ded8, RBP=0x000000000244e140, RSI=0x00000000ebb20918, RDI=0x0000000000000001
R8 =0x00000000eacc1df0, R9 =0x0000000000000000, R10=0x00000001000300c8, R11=0x00000000ebb9f220
R12=0x0000000000000000, R13=0x000000000244e0f8, R14=0x0000000000000000, R15=0x000000000234d800
RIP=0xffffffffa3555120, EFLAGS=0x0000000000010206

Top of Stack: (sp=0x000000000244ded8)
0x000000000244ded8:   00000000027663c4 000000000244df30
0x000000000244dee8:   000000000244dfb8 000000000244dfc8
0x000000000244def8:   000000000244df30 0000000000000000
0x000000000244df08:   0000000000000000 000000000244e140
0x000000000244df18:   0000000002768684 00000000147f9910
0x000000000244df28:   000000000234d800 00000000147f9910
0x000000000244df38:   000000000234d800 0000000000000003
0x000000000244df48:   00000000024664b0 000000000244e140
0x000000000244df58:   0000000002765f54 000000000244dff9
0x000000000244df68:   0000000058559ae8 0000000002348a90
0x000000000244df78:   000000000234d800 000000000000002b
0x000000000244df88:   00000000eacc1df0 0000000000000003
0x000000000244df98:   0000000000000000 000000000244e140
0x000000000244dfa8:   000000000277698c 0000000000000000
0x000000000244dfb8:   00000000147f9910 000000000234d800
0x000000000244dfc8:   00000000147f9910 000000000234d800 

Instructions: (pc=0xffffffffa3555120)
0xffffffffa3555100:   
[error occurred during error reporting (printing registers, top of stack, instructions near pc), id 0xc0000005]

Register to memory mapping:

RAX=0x00000001000300c8 is pointing into metadata
RBX=0x000000001482bd28 is pointing into metadata
RCX=0x0000000020000041 is an unknown value
RDX=0x00000000ebb20918 is an oop
sun.nio.cs.StreamDecoder 
 - klass: 'sun/nio/cs/StreamDecoder'
RSP=0x000000000244ded8 is pointing into the stack for thread: 0x000000000234d800
RBP=0x000000000244e140 is pointing into the stack for thread: 0x000000000234d800
RSI=0x00000000ebb20918 is an oop
sun.nio.cs.StreamDecoder 
 - klass: 'sun/nio/cs/StreamDecoder'
RDI=0x0000000000000001 is an unknown value
R8 =0x00000000eacc1df0 is an oop
[C 
 - klass: {type array char}
 - length: 1
R9 =0x0000000000000000 is an unknown value
R10=0x00000001000300c8 is pointing into metadata
R11=0x00000000ebb9f220 is an oop
org.codehaus.plexus.util.xml.XmlStreamReader 
 - klass: 'org/codehaus/plexus/util/xml/XmlStreamReader'
R12=0x0000000000000000 is an unknown value
R13=0x000000000244e0f8 is pointing into the stack for thread: 0x000000000234d800
R14=0x0000000000000000 is an unknown value
R15=0x000000000234d800 is a thread


Stack: [0x0000000002350000,0x0000000002450000],  sp=0x000000000244ded8,  free space=1015k
Native frames: (J=compiled Java code, j=interpreted, Vv=VM code, C=native code)
C  0xffffffffa3555120


---------------  P R O C E S S  ---------------

Java Threads: ( => current thread )
  0x0000000016590800 JavaThread "Service Thread" daemon [_thread_blocked, id=7124, stack(0x0000000016970000,0x0000000016a70000)]
  0x0000000014c25000 JavaThread "C1 CompilerThread2" daemon [_thread_blocked, id=3576, stack(0x0000000016470000,0x0000000016570000)]
  0x0000000014c22000 JavaThread "C2 CompilerThread1" daemon [_thread_blocked, id=12168, stack(0x0000000016370000,0x0000000016470000)]
  0x0000000014c1e800 JavaThread "C2 CompilerThread0" daemon [_thread_blocked, id=9868, stack(0x0000000016270000,0x0000000016370000)]
  0x0000000014c1d800 JavaThread "Attach Listener" daemon [_thread_blocked, id=440, stack(0x0000000016170000,0x0000000016270000)]
  0x0000000014c1a800 JavaThread "Signal Dispatcher" daemon [_thread_blocked, id=1380, stack(0x0000000016070000,0x0000000016170000)]
  0x0000000014c0a800 JavaThread "Finalizer" daemon [_thread_blocked, id=11696, stack(0x0000000015e80000,0x0000000015f80000)]
  0x000000000253f000 JavaThread "Reference Handler" daemon [_thread_blocked, id=10916, stack(0x0000000015d80000,0x0000000015e80000)]
=>0x000000000234d800 JavaThread "main" [_thread_in_Java, id=5704, stack(0x0000000002350000,0x0000000002450000)]

Other Threads:
  0x0000000014be6800 VMThread [stack: 0x0000000015c80000,0x0000000015d80000] [id=1400]
  0x0000000016593800 WatcherThread [stack: 0x0000000016a70000,0x0000000016b70000] [id=6524]

VM state:not at safepoint (normal execution)

VM Mutex/Monitor currently owned by a thread: None

Heap:
 PSYoungGen      total 18944K, used 4653K [0x00000000eab00000, 0x00000000ed000000, 0x0000000100000000)
  eden space 16384K, 12% used [0x00000000eab00000,0x00000000ead11960,0x00000000ebb00000)
  from space 2560K, 99% used [0x00000000ebb00000,0x00000000ebd79dd8,0x00000000ebd80000)
  to   space 2560K, 0% used [0x00000000ecd80000,0x00000000ecd80000,0x00000000ed000000)
 ParOldGen       total 44032K, used 636K [0x00000000c0000000, 0x00000000c2b00000, 0x00000000eab00000)
  object space 44032K, 1% used [0x00000000c0000000,0x00000000c009f2e8,0x00000000c2b00000)
 Metaspace       used 6734K, capacity 6876K, committed 7040K, reserved 1056768K
  class space    used 830K, capacity 888K, committed 896K, reserved 1048576K

Card table byte_map: [0x0000000011910000,0x0000000011b20000] byte_map_base: 0x0000000011310000

Marking Bits: (ParMarkBitMap*) 0x0000000058cb2f70
 Begin Bits: [0x0000000012080000, 0x0000000013080000)
 End Bits:   [0x0000000013080000, 0x0000000014080000)

Polling page: 0x0000000000a40000

CodeCache: size=245760Kb used=2548Kb max_used=2561Kb free=243211Kb
 bounds [0x0000000002550000, 0x00000000027e0000, 0x0000000011550000]
 total_blobs=783 nmethods=512 adapters=186
 compilation: enabled

Compilation events (10 events):
Event: 1.106 Thread 0x0000000014c25000  510       2       org.sonatype.guice.plexus.scanners.PlexusXmlScanner::TEXT (10 bytes)
Event: 1.107 Thread 0x0000000014c25000 nmethod 510 0x00000000027b5b90 code [0x00000000027b5d00, 0x00000000027b5eb8]
Event: 1.107 Thread 0x0000000014c25000  511       2       org.codehaus.plexus.util.xml.pull.MXParser::nextText (103 bytes)
Event: 1.109 Thread 0x0000000014c25000 nmethod 511 0x00000000027b5fd0 code [0x00000000027b61e0, 0x00000000027b6c08]
Event: 1.116 Thread 0x0000000014c25000  512       2       java.util.Arrays::copyOf (46 bytes)
Event: 1.117 Thread 0x0000000014c25000 nmethod 512 0x00000000027b7110 code [0x00000000027b72a0, 0x00000000027b7688]
Event: 1.120 Thread 0x0000000014c25000  513       2       sun.misc.ASCIICaseInsensitiveComparator::compare (126 bytes)
Event: 1.121 Thread 0x0000000014c25000 nmethod 513 0x00000000027b7810 code [0x00000000027b79a0, 0x00000000027b7e38]
Event: 1.134 Thread 0x0000000014c22000 nmethod 457 0x00000000027be350 code [0x00000000027be720, 0x00000000027c1a98]
Event: 1.135 Thread 0x0000000014c22000  488       4       sun.nio.cs.UTF_8$Decoder::decodeArrayLoop (691 bytes)

GC Heap History (2 events):
Event: 1.060 GC heap before
{Heap before GC invocations=1 (full 0):
 PSYoungGen      total 18944K, used 16384K [0x00000000eab00000, 0x00000000ec000000, 0x0000000100000000)
  eden space 16384K, 100% used [0x00000000eab00000,0x00000000ebb00000,0x00000000ebb00000)
  from space 2560K, 0% used [0x00000000ebd80000,0x00000000ebd80000,0x00000000ec000000)
  to   space 2560K, 0% used [0x00000000ebb00000,0x00000000ebb00000,0x00000000ebd80000)
 ParOldGen       total 44032K, used 0K [0x00000000c0000000, 0x00000000c2b00000, 0x00000000eab00000)
  object space 44032K, 0% used [0x00000000c0000000,0x00000000c0000000,0x00000000c2b00000)
 Metaspace       used 6683K, capacity 6812K, committed 7040K, reserved 1056768K
  class space    used 819K, capacity 888K, committed 896K, reserved 1048576K
Event: 1.081 GC heap after
Heap after GC invocations=1 (full 0):
 PSYoungGen      total 18944K, used 2535K [0x00000000eab00000, 0x00000000ed000000, 0x0000000100000000)
  eden space 16384K, 0% used [0x00000000eab00000,0x00000000eab00000,0x00000000ebb00000)
  from space 2560K, 99% used [0x00000000ebb00000,0x00000000ebd79dd8,0x00000000ebd80000)
  to   space 2560K, 0% used [0x00000000ecd80000,0x00000000ecd80000,0x00000000ed000000)
 ParOldGen       total 44032K, used 636K [0x00000000c0000000, 0x00000000c2b00000, 0x00000000eab00000)
  object space 44032K, 1% used [0x00000000c0000000,0x00000000c009f2e8,0x00000000c2b00000)
 Metaspace       used 6683K, capacity 6812K, committed 7040K, reserved 1056768K
  class space    used 819K, capacity 888K, committed 896K, reserved 1048576K
}

Deoptimization events (0 events):
No events

Internal exceptions (10 events):
Event: 0.253 Thread 0x000000000234d800 Exception <a 'java/security/PrivilegedActionException'> (0x00000000ead9db28) thrown at [C:\re\workspace\8-2-build-windows-amd64-cygwin\jdk8u91\6644\hotspot\src\share\vm\prims\jvm.cpp, line 1386]
Event: 0.253 Thread 0x000000000234d800 Exception <a 'java/security/PrivilegedActionException'> (0x00000000ead9dd38) thrown at [C:\re\workspace\8-2-build-windows-amd64-cygwin\jdk8u91\6644\hotspot\src\share\vm\prims\jvm.cpp, line 1386]
Event: 0.253 Thread 0x000000000234d800 Exception <a 'java/security/PrivilegedActionException'> (0x00000000eada1d68) thrown at [C:\re\workspace\8-2-build-windows-amd64-cygwin\jdk8u91\6644\hotspot\src\share\vm\prims\jvm.cpp, line 1386]
Event: 0.253 Thread 0x000000000234d800 Exception <a 'java/security/PrivilegedActionException'> (0x00000000eada1f78) thrown at [C:\re\workspace\8-2-build-windows-amd64-cygwin\jdk8u91\6644\hotspot\src\share\vm\prims\jvm.cpp, line 1386]
Event: 0.693 Thread 0x000000000234d800 Exception <a 'java/lang/ArrayIndexOutOfBoundsException': 18> (0x00000000eb4a4e78) thrown at [C:\re\workspace\8-2-build-windows-amd64-cygwin\jdk8u91\6644\hotspot\src\share\vm\interpreter\interpreterRuntime.cpp, line 366]
Event: 0.694 Thread 0x000000000234d800 Exception <a 'java/lang/ArrayIndexOutOfBoundsException': 43> (0x00000000eb4a5d18) thrown at [C:\re\workspace\8-2-build-windows-amd64-cygwin\jdk8u91\6644\hotspot\src\share\vm\interpreter\interpreterRuntime.cpp, line 366]
Event: 0.695 Thread 0x000000000234d800 Exception <a 'java/lang/ArrayIndexOutOfBoundsException': 92> (0x00000000eb4a75b0) thrown at [C:\re\workspace\8-2-build-windows-amd64-cygwin\jdk8u91\6644\hotspot\src\share\vm\interpreter\interpreterRuntime.cpp, line 366]
Event: 0.829 Thread 0x000000000234d800 Exception <a 'java/lang/ArrayIndexOutOfBoundsException'> (0x00000000eb6ede20) thrown at [C:\re\workspace\8-2-build-windows-amd64-cygwin\jdk8u91\6644\hotspot\src\share\vm\runtime\sharedRuntime.cpp, line 605]
Event: 0.829 Thread 0x000000000234d800 Exception <a 'java/lang/ArrayIndexOutOfBoundsException'> (0x00000000eb6ef558) thrown at [C:\re\workspace\8-2-build-windows-amd64-cygwin\jdk8u91\6644\hotspot\src\share\vm\runtime\sharedRuntime.cpp, line 605]
Event: 0.857 Thread 0x000000000234d800 Exception <a 'java/lang/ArrayIndexOutOfBoundsException'> (0x00000000eb74e760) thrown at [C:\re\workspace\8-2-build-windows-amd64-cygwin\jdk8u91\6644\hotspot\src\share\vm\runtime\sharedRuntime.cpp, line 605]

Events (10 events):
Event: 1.128 loading class org/apache/maven/repository/RepositorySystem
Event: 1.128 loading class org/apache/maven/repository/RepositorySystem done
Event: 1.130 loading class org/apache/maven/repository/legacy/repository/ArtifactRepositoryFactory
Event: 1.130 loading class org/apache/maven/repository/legacy/repository/ArtifactRepositoryFactory done
Event: 1.130 loading class org/apache/maven/repository/legacy/repository/ArtifactRepositoryFactory
Event: 1.130 loading class org/apache/maven/repository/legacy/repository/ArtifactRepositoryFactory done
Event: 1.131 loading class org/apache/maven/repository/legacy/resolver/conflict/ConflictResolver
Event: 1.131 loading class org/apache/maven/repository/legacy/resolver/conflict/ConflictResolver done
Event: 1.131 loading class org/apache/maven/repository/legacy/resolver/conflict/ConflictResolver
Event: 1.131 loading class org/apache/maven/repository/legacy/resolver/conflict/ConflictResolver done


Dynamic libraries:
0x00007ff7daac0000 - 0x00007ff7daaf7000 	C:\Program Files\Java\jdk1.8.0_91\bin\java.exe
0x00007ffc8cb80000 - 0x00007ffc8cd51000 	C:\WINDOWS\SYSTEM32\ntdll.dll
0x00007ffc8cac0000 - 0x00007ffc8cb6b000 	C:\WINDOWS\System32\KERNEL32.DLL
0x00007ffc70ee0000 - 0x00007ffc70f34000 	C:\Program Files (x86)\AVG\Av\avghooka.dll
0x00007ffc89070000 - 0x00007ffc8928d000 	C:\WINDOWS\System32\KERNELBASE.dll
0x00007ffc8c0f0000 - 0x00007ffc8c192000 	C:\WINDOWS\System32\ADVAPI32.dll
0x00007ffc8c050000 - 0x00007ffc8c0ee000 	C:\WINDOWS\System32\msvcrt.dll
0x00007ffc8bc00000 - 0x00007ffc8bc59000 	C:\WINDOWS\System32\sechost.dll
0x00007ffc8b900000 - 0x00007ffc8ba21000 	C:\WINDOWS\System32\RPCRT4.dll
0x00007ffc8c8f0000 - 0x00007ffc8ca55000 	C:\WINDOWS\System32\USER32.dll
0x00007ffc89be0000 - 0x00007ffc89bfe000 	C:\WINDOWS\System32\win32u.dll
0x00007ffc8c010000 - 0x00007ffc8c044000 	C:\WINDOWS\System32\GDI32.dll
0x00007ffc89cb0000 - 0x00007ffc89e32000 	C:\WINDOWS\System32\gdi32full.dll
0x00007ffc7f5c0000 - 0x00007ffc7f839000 	C:\WINDOWS\WinSxS\amd64_microsoft.windows.common-controls_6595b64144ccf1df_6.0.14393.447_none_42191651c6827bb3\COMCTL32.dll
0x00007ffc8bd40000 - 0x00007ffc8c008000 	C:\WINDOWS\System32\combase.dll
0x00007ffc89290000 - 0x00007ffc89385000 	C:\WINDOWS\System32\ucrtbase.dll
0x00007ffc89b10000 - 0x00007ffc89b7a000 	C:\WINDOWS\System32\bcryptPrimitives.dll
0x00007ffc8c8c0000 - 0x00007ffc8c8ee000 	C:\WINDOWS\System32\IMM32.DLL
0x00000000583c0000 - 0x0000000058492000 	C:\Program Files\Java\jdk1.8.0_91\jre\bin\msvcr100.dll
0x00000000584a0000 - 0x0000000058d33000 	C:\Program Files\Java\jdk1.8.0_91\jre\bin\server\jvm.dll
0x00007ffc8cb70000 - 0x00007ffc8cb78000 	C:\WINDOWS\System32\PSAPI.DLL
0x00007ffc87500000 - 0x00007ffc87509000 	C:\WINDOWS\SYSTEM32\WSOCK32.dll
0x00007ffc8c210000 - 0x00007ffc8c27a000 	C:\WINDOWS\System32\WS2_32.dll
0x00007ffc87470000 - 0x00007ffc87493000 	C:\WINDOWS\SYSTEM32\WINMM.dll
0x00007ffc841a0000 - 0x00007ffc841aa000 	C:\WINDOWS\SYSTEM32\VERSION.dll
0x00007ffc87410000 - 0x00007ffc8743b000 	C:\WINDOWS\SYSTEM32\WINMMBASE.dll
0x00007ffc8a0c0000 - 0x00007ffc8a102000 	C:\WINDOWS\System32\cfgmgr32.dll
0x0000000058370000 - 0x000000005837f000 	C:\Program Files\Java\jdk1.8.0_91\jre\bin\verify.dll
0x0000000058340000 - 0x0000000058369000 	C:\Program Files\Java\jdk1.8.0_91\jre\bin\java.dll
0x0000000058320000 - 0x0000000058336000 	C:\Program Files\Java\jdk1.8.0_91\jre\bin\zip.dll
0x00007ffc8a2b0000 - 0x00007ffc8b7b9000 	C:\WINDOWS\System32\SHELL32.dll
0x00007ffc89390000 - 0x00007ffc89a6a000 	C:\WINDOWS\System32\windows.storage.dll
0x00007ffc89020000 - 0x00007ffc8906c000 	C:\WINDOWS\System32\powrprof.dll
0x00007ffc8ca60000 - 0x00007ffc8cab2000 	C:\WINDOWS\System32\shlwapi.dll
0x00007ffc89000000 - 0x00007ffc8900f000 	C:\WINDOWS\System32\kernel.appcore.dll
0x00007ffc89c00000 - 0x00007ffc89ca9000 	C:\WINDOWS\System32\shcore.dll
0x00007ffc88fe0000 - 0x00007ffc88ff4000 	C:\WINDOWS\System32\profapi.dll
0x00007ffc77840000 - 0x00007ffc779d2000 	C:\WINDOWS\SYSTEM32\dbghelp.dll

VM Arguments:
jvm_args: -Dclassworlds.conf=C:\Program Files\NetBeans 8.2\java\maven\bin\m2.conf -Dmaven.home=C:\Program Files\NetBeans 8.2\java\maven 
java_command: org.codehaus.plexus.classworlds.launcher.Launcher -Dexec.args=-classpath %classpath virpi.virpigame.Main -Dexec.executable=C:\Program Files\Java\jdk1.8.0_91\bin\java.exe -Dmaven.ext.class.path=C:\Program Files\NetBeans 8.2\java\maven-nblib\netbeans-eventspy.jar -Dfile.encoding=UTF-8 org.codehaus.mojo:exec-maven-plugin:1.2.1:exec
java_class_path (initial): C:\Program Files\NetBeans 8.2\java\maven\boot\plexus-classworlds-2.4.jar
Launcher Type: SUN_STANDARD

Environment Variables:
JAVA_HOME=C:\Program Files\Java\jdk1.8.0_91
PATH=C:\ProgramData\Oracle\Java\javapath;C:\WINDOWS\system32;C:\WINDOWS;C:\WINDOWS\System32\Wbem;C:\WINDOWS\System32\WindowsPowerShell\v1.0\;C:\Program Files (x86)\Skype\Phone\;C:\Program Files (x86)\NVIDIA Corporation\PhysX\Common;C:\WINDOWS\system32;C:\WINDOWS;C:\WINDOWS\System32\Wbem;C:\WINDOWS\System32\WindowsPowerShell\v1.0\;C:\Users\jaakk_000\AppData\Local\Microsoft\WindowsApps;
USERNAME=jaakk_000
OS=Windows_NT
PROCESSOR_IDENTIFIER=Intel64 Family 6 Model 23 Stepping 10, GenuineIntel



---------------  S Y S T E M  ---------------

OS: Windows 10.0 , 64 bit Build 14393 (10.0.14393.0)

CPU:total 4 (4 cores per cpu, 1 threads per core) family 6 model 23 stepping 10, cmov, cx8, fxsr, mmx, sse, sse2, sse3, ssse3, sse4.1, tsc

Memory: 4k page, physical 4193268k(987864k free), swap 6525928k(1297328k free)

vm_info: Java HotSpot(TM) 64-Bit Server VM (25.91-b14) for windows-amd64 JRE (1.8.0_91-b14), built on Apr  1 2016 00:58:32 by "java_re" with MS VC++ 10.0 (VS2010)

time: Tue Feb 28 16:11:21 2017
elapsed time: 1 seconds (0d 0h 0m 1s)

