#
# A fatal error has been detected by the Java Runtime Environment:
#
#  EXCEPTION_ACCESS_VIOLATION (0xc0000005) at pc=0xffffffffa3db5120, pid=11516, tid=11324
#
# JRE version: Java(TM) SE Runtime Environment (8.0_91-b14) (build 1.8.0_91-b14)
# Java VM: Java HotSpot(TM) 64-Bit Server VM (25.91-b14 mixed mode windows-amd64 compressed oops)
# Problematic frame:
# C  0xffffffffa3db5120
#
# Failed to write core dump. Minidumps are not enabled by default on client versions of Windows
#
# If you would like to submit a bug report, please visit:
#   http://bugreport.java.com/bugreport/crash.jsp
#

---------------  T H R E A D  ---------------

Current thread (0x0000000002dad800):  JavaThread "main" [_thread_in_Java, id=11324, stack(0x0000000001370000,0x0000000001470000)]

siginfo: ExceptionCode=0xc0000005, ExceptionInformation=0x0000000000000008 0xffffffffa3db5120

Registers:
RAX=0x00000000eb8f4230, RBX=0x0000000014d7c5a8, RCX=0x0000000000000701, RDX=0x00000000eb8f4230
RSP=0x000000000146da18, RBP=0x000000000146e090, RSI=0x0000000000000178, RDI=0x00000000000006c0
R8 =0x0000000000000000, R9 =0x0000000000000000, R10=0x00000001000300c8, R11=0x00000000000011ee
R12=0x0000000000000000, R13=0x00000000eb8e5b00, R14=0x0000000000000000, R15=0x0000000002dad800
RIP=0xffffffffa3db5120, EFLAGS=0x0000000000010206

Top of Stack: (sp=0x000000000146da18)
0x000000000146da18:   0000000002fc1aec 000000000146da38
0x000000000146da28:   000000000146da90 000000000146da90
0x000000000146da38:   0000000002db7870 0000000002db7870
0x000000000146da48:   00000000eab37bd8 000000000146da50
0x000000000146da58:   0000000014c60cc3 000000000146dad0
0x000000000146da68:   0000000014c615a0 000000001508bc88
0x000000000146da78:   0000000014c60dc0 00000000eb8f4230
0x000000000146da88:   ffffffff00000000 000000000146e090
0x000000000146da98:   0000000002fd73ac 0000000000000000
0x000000000146daa8:   00000000eab37bd8 0000000000000001
0x000000000146dab8:   0000000000000000 00000000eb8f41b8
0x000000000146dac8:   00000000eb8e5b58 000000000146e090
0x000000000146dad8:   0000000002fd6dfc 0000000000000000
0x000000000146dae8:   0000000000000000 4079000000000000
0x000000000146daf8:   0000000000000000 40948c0000000000
0x000000000146db08:   0000000000000000 4000000000000000 

Instructions: (pc=0xffffffffa3db5120)
0xffffffffa3db5100:   
[error occurred during error reporting (printing registers, top of stack, instructions near pc), id 0xc0000005]

Register to memory mapping:

RAX=0x00000000eb8f4230 is an oop
java.nio.HeapCharBuffer 
 - klass: 'java/nio/HeapCharBuffer'
RBX=0x0000000014d7c5a8 is pointing into metadata
RCX=0x0000000000000701 is an unknown value
RDX=0x00000000eb8f4230 is an oop
java.nio.HeapCharBuffer 
 - klass: 'java/nio/HeapCharBuffer'
RSP=0x000000000146da18 is pointing into the stack for thread: 0x0000000002dad800
RBP=0x000000000146e090 is pointing into the stack for thread: 0x0000000002dad800
RSI=0x0000000000000178 is an unknown value
RDI=0x00000000000006c0 is an unknown value
R8 =0x0000000000000000 is an unknown value
R9 =0x0000000000000000 is an unknown value
R10=0x00000001000300c8 is pointing into metadata
R11=0x00000000000011ee is an unknown value
R12=0x0000000000000000 is an unknown value
R13=0x00000000eb8e5b00 is an oop
sun.nio.cs.StreamDecoder 
 - klass: 'sun/nio/cs/StreamDecoder'
R14=0x0000000000000000 is an unknown value
R15=0x0000000002dad800 is a thread


Stack: [0x0000000001370000,0x0000000001470000],  sp=0x000000000146da18,  free space=1014k
Native frames: (J=compiled Java code, j=interpreted, Vv=VM code, C=native code)
C  0xffffffffa3db5120


---------------  P R O C E S S  ---------------

Java Threads: ( => current thread )
  0x00000000154de800 JavaThread "Service Thread" daemon [_thread_blocked, id=8188, stack(0x00000000171d0000,0x00000000172d0000)]
  0x0000000015488800 JavaThread "C1 CompilerThread2" daemon [_thread_blocked, id=9244, stack(0x0000000016cd0000,0x0000000016dd0000)]
  0x0000000015485800 JavaThread "C2 CompilerThread1" daemon [_thread_blocked, id=11492, stack(0x0000000016bd0000,0x0000000016cd0000)]
  0x000000001547e800 JavaThread "C2 CompilerThread0" daemon [_thread_blocked, id=7932, stack(0x0000000016ad0000,0x0000000016bd0000)]
  0x000000001547d800 JavaThread "Attach Listener" daemon [_thread_blocked, id=12040, stack(0x00000000169d0000,0x0000000016ad0000)]
  0x000000001547a800 JavaThread "Signal Dispatcher" daemon [_thread_blocked, id=10580, stack(0x00000000168d0000,0x00000000169d0000)]
  0x000000001546a800 JavaThread "Finalizer" daemon [_thread_blocked, id=6476, stack(0x00000000166e0000,0x00000000167e0000)]
  0x0000000002cff000 JavaThread "Reference Handler" daemon [_thread_blocked, id=1972, stack(0x00000000165e0000,0x00000000166e0000)]
=>0x0000000002dad800 JavaThread "main" [_thread_in_Java, id=11324, stack(0x0000000001370000,0x0000000001470000)]

Other Threads:
  0x0000000015446800 VMThread [stack: 0x00000000164e0000,0x00000000165e0000] [id=7300]
  0x0000000016dfd000 WatcherThread [stack: 0x00000000172d0000,0x00000000173d0000] [id=9336]

VM state:not at safepoint (normal execution)

VM Mutex/Monitor currently owned by a thread: None

Heap:
 PSYoungGen      total 18944K, used 14309K [0x00000000eab00000, 0x00000000ec000000, 0x0000000100000000)
  eden space 16384K, 87% used [0x00000000eab00000,0x00000000eb8f9778,0x00000000ebb00000)
  from space 2560K, 0% used [0x00000000ebd80000,0x00000000ebd80000,0x00000000ec000000)
  to   space 2560K, 0% used [0x00000000ebb00000,0x00000000ebb00000,0x00000000ebd80000)
 ParOldGen       total 44032K, used 0K [0x00000000c0000000, 0x00000000c2b00000, 0x00000000eab00000)
  object space 44032K, 0% used [0x00000000c0000000,0x00000000c0000000,0x00000000c2b00000)
 Metaspace       used 6602K, capacity 6716K, committed 6784K, reserved 1056768K
  class space    used 810K, capacity 856K, committed 896K, reserved 1048576K

Card table byte_map: [0x0000000012170000,0x0000000012380000] byte_map_base: 0x0000000011b70000

Marking Bits: (ParMarkBitMap*) 0x0000000058cb2f70
 Begin Bits: [0x00000000128e0000, 0x00000000138e0000)
 End Bits:   [0x00000000138e0000, 0x00000000148e0000)

Polling page: 0x0000000001250000

CodeCache: size=245760Kb used=2240Kb max_used=2240Kb free=243519Kb
 bounds [0x0000000002db0000, 0x0000000003020000, 0x0000000011db0000]
 total_blobs=722 nmethods=451 adapters=186
 compilation: enabled

Compilation events (10 events):
Event: 0.969 Thread 0x0000000015488800 nmethod 444 0x0000000002fd9110 code [0x0000000002fd92a0, 0x0000000002fd9658]
Event: 0.969 Thread 0x0000000015488800  446       3       java.nio.HeapCharBuffer::<init> (14 bytes)
Event: 0.969 Thread 0x0000000015488800 nmethod 446 0x0000000002fd98d0 code [0x0000000002fd9a40, 0x0000000002fd9c88]
Event: 0.969 Thread 0x0000000015488800  445   !   3       sun.nio.cs.StreamDecoder::read0 (116 bytes)
Event: 0.969 Thread 0x0000000015488800 nmethod 445 0x0000000002fd9dd0 code [0x0000000002fd9f60, 0x0000000002fda4c8]
Event: 0.969 Thread 0x0000000015488800  427   !   3       java.nio.charset.CharsetDecoder::decode (287 bytes)
Event: 0.970 Thread 0x000000001547e800  450       4       java.nio.Buffer::position (43 bytes)
Event: 0.971 Thread 0x0000000015485800 nmethod 449 0x0000000002fdd5d0 code [0x0000000002fdd720, 0x0000000002fddab8]
Event: 0.971 Thread 0x0000000015485800  451       4       java.nio.ByteBuffer::arrayOffset (35 bytes)
Event: 0.972 Thread 0x000000001547e800 nmethod 450 0x0000000002fda650 code [0x0000000002fda780, 0x0000000002fda838]

GC Heap History (0 events):
No events

Deoptimization events (0 events):
No events

Internal exceptions (10 events):
Event: 0.284 Thread 0x0000000002dad800 Exception <a 'java/security/PrivilegedActionException'> (0x00000000ead9d790) thrown at [C:\re\workspace\8-2-build-windows-amd64-cygwin\jdk8u91\6644\hotspot\src\share\vm\prims\jvm.cpp, line 1386]
Event: 0.284 Thread 0x0000000002dad800 Exception <a 'java/security/PrivilegedActionException'> (0x00000000ead9d9a0) thrown at [C:\re\workspace\8-2-build-windows-amd64-cygwin\jdk8u91\6644\hotspot\src\share\vm\prims\jvm.cpp, line 1386]
Event: 0.286 Thread 0x0000000002dad800 Exception <a 'java/security/PrivilegedActionException'> (0x00000000eada19d0) thrown at [C:\re\workspace\8-2-build-windows-amd64-cygwin\jdk8u91\6644\hotspot\src\share\vm\prims\jvm.cpp, line 1386]
Event: 0.286 Thread 0x0000000002dad800 Exception <a 'java/security/PrivilegedActionException'> (0x00000000eada1be0) thrown at [C:\re\workspace\8-2-build-windows-amd64-cygwin\jdk8u91\6644\hotspot\src\share\vm\prims\jvm.cpp, line 1386]
Event: 0.732 Thread 0x0000000002dad800 Exception <a 'java/lang/ArrayIndexOutOfBoundsException': 18> (0x00000000eb4a6ef0) thrown at [C:\re\workspace\8-2-build-windows-amd64-cygwin\jdk8u91\6644\hotspot\src\share\vm\interpreter\interpreterRuntime.cpp, line 366]
Event: 0.732 Thread 0x0000000002dad800 Exception <a 'java/lang/ArrayIndexOutOfBoundsException': 43> (0x00000000eb4a7d90) thrown at [C:\re\workspace\8-2-build-windows-amd64-cygwin\jdk8u91\6644\hotspot\src\share\vm\interpreter\interpreterRuntime.cpp, line 366]
Event: 0.734 Thread 0x0000000002dad800 Exception <a 'java/lang/ArrayIndexOutOfBoundsException': 92> (0x00000000eb4a9628) thrown at [C:\re\workspace\8-2-build-windows-amd64-cygwin\jdk8u91\6644\hotspot\src\share\vm\interpreter\interpreterRuntime.cpp, line 366]
Event: 0.837 Thread 0x0000000002dad800 Exception <a 'java/lang/ArrayIndexOutOfBoundsException'> (0x00000000eb6efbc0) thrown at [C:\re\workspace\8-2-build-windows-amd64-cygwin\jdk8u91\6644\hotspot\src\share\vm\runtime\sharedRuntime.cpp, line 605]
Event: 0.837 Thread 0x0000000002dad800 Exception <a 'java/lang/ArrayIndexOutOfBoundsException'> (0x00000000eb6f12e8) thrown at [C:\re\workspace\8-2-build-windows-amd64-cygwin\jdk8u91\6644\hotspot\src\share\vm\runtime\sharedRuntime.cpp, line 605]
Event: 0.859 Thread 0x0000000002dad800 Exception <a 'java/lang/ArrayIndexOutOfBoundsException'> (0x00000000eb750418) thrown at [C:\re\workspace\8-2-build-windows-amd64-cygwin\jdk8u91\6644\hotspot\src\share\vm\runtime\sharedRuntime.cpp, line 605]

Events (10 events):
Event: 0.963 loading class org/apache/maven/eventspy/EventSpy
Event: 0.963 loading class org/apache/maven/eventspy/EventSpy done
Event: 0.963 loading class org/apache/maven/eventspy/EventSpy
Event: 0.963 loading class org/apache/maven/eventspy/EventSpy done
Event: 0.964 loading class org/sonatype/guice/plexus/config/Roles
Event: 0.964 loading class org/sonatype/guice/plexus/config/Roles done
Event: 0.965 loading class org/sonatype/guice/plexus/scanners/PlexusXmlMetadata
Event: 0.965 loading class org/sonatype/guice/plexus/scanners/PlexusXmlMetadata done
Event: 0.967 loading class org/sonatype/guice/plexus/config/PlexusBeanMetadata
Event: 0.967 loading class org/sonatype/guice/plexus/config/PlexusBeanMetadata done


Dynamic libraries:
0x00007ff7daac0000 - 0x00007ff7daaf7000 	C:\Program Files\Java\jdk1.8.0_91\bin\java.exe
0x00007ffc8cb80000 - 0x00007ffc8cd51000 	C:\WINDOWS\SYSTEM32\ntdll.dll
0x00007ffc8cac0000 - 0x00007ffc8cb6b000 	C:\WINDOWS\System32\KERNEL32.DLL
0x00007ffc70ee0000 - 0x00007ffc70f34000 	C:\Program Files (x86)\AVG\Av\avghooka.dll
0x00007ffc89070000 - 0x00007ffc8928d000 	C:\WINDOWS\System32\KERNELBASE.dll
0x00007ffc8c0f0000 - 0x00007ffc8c192000 	C:\WINDOWS\System32\ADVAPI32.dll
0x00007ffc8c050000 - 0x00007ffc8c0ee000 	C:\WINDOWS\System32\msvcrt.dll
0x00007ffc8bc00000 - 0x00007ffc8bc59000 	C:\WINDOWS\System32\sechost.dll
0x00007ffc8b900000 - 0x00007ffc8ba21000 	C:\WINDOWS\System32\RPCRT4.dll
0x00007ffc8c8f0000 - 0x00007ffc8ca55000 	C:\WINDOWS\System32\USER32.dll
0x00007ffc89be0000 - 0x00007ffc89bfe000 	C:\WINDOWS\System32\win32u.dll
0x00007ffc8c010000 - 0x00007ffc8c044000 	C:\WINDOWS\System32\GDI32.dll
0x00007ffc89cb0000 - 0x00007ffc89e32000 	C:\WINDOWS\System32\gdi32full.dll
0x00007ffc7f5c0000 - 0x00007ffc7f839000 	C:\WINDOWS\WinSxS\amd64_microsoft.windows.common-controls_6595b64144ccf1df_6.0.14393.447_none_42191651c6827bb3\COMCTL32.dll
0x00007ffc8bd40000 - 0x00007ffc8c008000 	C:\WINDOWS\System32\combase.dll
0x00007ffc89290000 - 0x00007ffc89385000 	C:\WINDOWS\System32\ucrtbase.dll
0x00007ffc89b10000 - 0x00007ffc89b7a000 	C:\WINDOWS\System32\bcryptPrimitives.dll
0x00007ffc8c8c0000 - 0x00007ffc8c8ee000 	C:\WINDOWS\System32\IMM32.DLL
0x00000000583c0000 - 0x0000000058492000 	C:\Program Files\Java\jdk1.8.0_91\jre\bin\msvcr100.dll
0x00000000584a0000 - 0x0000000058d33000 	C:\Program Files\Java\jdk1.8.0_91\jre\bin\server\jvm.dll
0x00007ffc8cb70000 - 0x00007ffc8cb78000 	C:\WINDOWS\System32\PSAPI.DLL
0x00007ffc87500000 - 0x00007ffc87509000 	C:\WINDOWS\SYSTEM32\WSOCK32.dll
0x00007ffc8c210000 - 0x00007ffc8c27a000 	C:\WINDOWS\System32\WS2_32.dll
0x00007ffc87470000 - 0x00007ffc87493000 	C:\WINDOWS\SYSTEM32\WINMM.dll
0x00007ffc841a0000 - 0x00007ffc841aa000 	C:\WINDOWS\SYSTEM32\VERSION.dll
0x00007ffc87410000 - 0x00007ffc8743b000 	C:\WINDOWS\SYSTEM32\WINMMBASE.dll
0x00007ffc8a0c0000 - 0x00007ffc8a102000 	C:\WINDOWS\System32\cfgmgr32.dll
0x0000000058370000 - 0x000000005837f000 	C:\Program Files\Java\jdk1.8.0_91\jre\bin\verify.dll
0x0000000058340000 - 0x0000000058369000 	C:\Program Files\Java\jdk1.8.0_91\jre\bin\java.dll
0x0000000058320000 - 0x0000000058336000 	C:\Program Files\Java\jdk1.8.0_91\jre\bin\zip.dll
0x00007ffc8a2b0000 - 0x00007ffc8b7b9000 	C:\WINDOWS\System32\SHELL32.dll
0x00007ffc89390000 - 0x00007ffc89a6a000 	C:\WINDOWS\System32\windows.storage.dll
0x00007ffc89020000 - 0x00007ffc8906c000 	C:\WINDOWS\System32\powrprof.dll
0x00007ffc8ca60000 - 0x00007ffc8cab2000 	C:\WINDOWS\System32\shlwapi.dll
0x00007ffc89000000 - 0x00007ffc8900f000 	C:\WINDOWS\System32\kernel.appcore.dll
0x00007ffc89c00000 - 0x00007ffc89ca9000 	C:\WINDOWS\System32\shcore.dll
0x00007ffc88fe0000 - 0x00007ffc88ff4000 	C:\WINDOWS\System32\profapi.dll
0x00007ffc77840000 - 0x00007ffc779d2000 	C:\WINDOWS\SYSTEM32\dbghelp.dll

VM Arguments:
jvm_args: -Dclassworlds.conf=C:\Program Files\NetBeans 8.2\java\maven\bin\m2.conf -Dmaven.home=C:\Program Files\NetBeans 8.2\java\maven 
java_command: org.codehaus.plexus.classworlds.launcher.Launcher -Dexec.args=-classpath %classpath virpi.virpigame.Main -Dexec.executable=C:\Program Files\Java\jdk1.8.0_91\bin\java.exe -Dmaven.ext.class.path=C:\Program Files\NetBeans 8.2\java\maven-nblib\netbeans-eventspy.jar -Dfile.encoding=UTF-8 org.codehaus.mojo:exec-maven-plugin:1.2.1:exec
java_class_path (initial): C:\Program Files\NetBeans 8.2\java\maven\boot\plexus-classworlds-2.4.jar
Launcher Type: SUN_STANDARD

Environment Variables:
JAVA_HOME=C:\Program Files\Java\jdk1.8.0_91
PATH=C:\ProgramData\Oracle\Java\javapath;C:\WINDOWS\system32;C:\WINDOWS;C:\WINDOWS\System32\Wbem;C:\WINDOWS\System32\WindowsPowerShell\v1.0\;C:\Program Files (x86)\Skype\Phone\;C:\Program Files (x86)\NVIDIA Corporation\PhysX\Common;C:\WINDOWS\system32;C:\WINDOWS;C:\WINDOWS\System32\Wbem;C:\WINDOWS\System32\WindowsPowerShell\v1.0\;C:\Users\jaakk_000\AppData\Local\Microsoft\WindowsApps;
USERNAME=jaakk_000
OS=Windows_NT
PROCESSOR_IDENTIFIER=Intel64 Family 6 Model 23 Stepping 10, GenuineIntel



---------------  S Y S T E M  ---------------

OS: Windows 10.0 , 64 bit Build 14393 (10.0.14393.0)

CPU:total 4 (4 cores per cpu, 1 threads per core) family 6 model 23 stepping 10, cmov, cx8, fxsr, mmx, sse, sse2, sse3, ssse3, sse4.1, tsc

Memory: 4k page, physical 4193268k(1077332k free), swap 6525928k(1294528k free)

vm_info: Java HotSpot(TM) 64-Bit Server VM (25.91-b14) for windows-amd64 JRE (1.8.0_91-b14), built on Apr  1 2016 00:58:32 by "java_re" with MS VC++ 10.0 (VS2010)

time: Tue Feb 28 16:15:57 2017
elapsed time: 0 seconds (0d 0h 0m 0s)

