#
# A fatal error has been detected by the Java Runtime Environment:
#
#  EXCEPTION_ACCESS_VIOLATION (0xc0000005) at pc=0xffffffffa3fe5120, pid=3032, tid=10200
#
# JRE version: Java(TM) SE Runtime Environment (8.0_91-b14) (build 1.8.0_91-b14)
# Java VM: Java HotSpot(TM) 64-Bit Server VM (25.91-b14 mixed mode windows-amd64 compressed oops)
# Problematic frame:
# C  0xffffffffa3fe5120
#
# Failed to write core dump. Minidumps are not enabled by default on client versions of Windows
#
# If you would like to submit a bug report, please visit:
#   http://bugreport.java.com/bugreport/crash.jsp
#

---------------  T H R E A D  ---------------

Current thread (0x0000000002fdd800):  JavaThread "main" [_thread_in_Java, id=10200, stack(0x0000000002d00000,0x0000000002e00000)]

siginfo: ExceptionCode=0xc0000005, ExceptionInformation=0x0000000000000008 0xffffffffa3fe5120

Registers:
RAX=0x0000000014d15048, RBX=0x0000000014d15048, RCX=0x00000000eab0ab38, RDX=0x00000000eab0ab38
RSP=0x0000000002dff208, RBP=0x0000000002dff2b0, RSI=0x0000000014f27130, RDI=0x0000000000001fa8
R8 =0x000000000000002f, R9 =0x0000000000000000, R10=0x00000000556049a0, R11=0x00000000030f1f60
R12=0x0000000000000000, R13=0x0000000002dff260, R14=0x0000000002dff2f0, R15=0x0000000002fdd800
RIP=0xffffffffa3fe5120, EFLAGS=0x0000000000010202

Top of Stack: (sp=0x0000000002dff208)
0x0000000002dff208:   00000000030f203c 07fffffe07fffffe
0x0000000002dff218:   0000000002fe7940 03ff680000000000
0x0000000002dff228:   0000000000000003 0000000000000004
0x0000000002dff238:   00000000eac26a60 0000000002dff2b0
0x0000000002dff248:   0000000002fe7ae0 0000000014f9fe30
0x0000000002dff258:   0000000002fe7ae0 000000000000002f
0x0000000002dff268:   00000000eab0ab38 0000000002dff270
0x0000000002dff278:   0000000014f9ea34 0000000002dff2f0
0x0000000002dff288:   0000000014f9fe30 0000000000000000
0x0000000002dff298:   0000000014f9ea60 0000000002dff260
0x0000000002dff2a8:   0000000002dff2d0 0000000002dff338
0x0000000002dff2b8:   0000000002fe7ae0 000000000000002f
0x0000000002dff2c8:   0000000000000005 00000000eab98600
0x0000000002dff2d8:   00000000eab0ab38 000000000000004f
0x0000000002dff2e8:   0000000000000005 00000000eac26a40
0x0000000002dff2f8:   0000000002dff2f8 0000000014f9f049 

Instructions: (pc=0xffffffffa3fe5120)
0xffffffffa3fe5100:   
[error occurred during error reporting (printing registers, top of stack, instructions near pc), id 0xc0000005]

Register to memory mapping:

RAX={method} {0x0000000014d15050} 'indexOf' '(I)I' in 'java/lang/String'
RBX={method} {0x0000000014d15050} 'indexOf' '(I)I' in 'java/lang/String'
RCX=0x00000000eab0ab38 is an oop
java.lang.String 
 - klass: 'java/lang/String'
RDX=0x00000000eab0ab38 is an oop
java.lang.String 
 - klass: 'java/lang/String'
RSP=0x0000000002dff208 is pointing into the stack for thread: 0x0000000002fdd800
RBP=0x0000000002dff2b0 is pointing into the stack for thread: 0x0000000002fdd800
RSI=0x0000000014f27130 is pointing into metadata
RDI=0x0000000000001fa8 is an unknown value
R8 =0x000000000000002f is an unknown value
R9 =0x0000000000000000 is an unknown value
R10=0x00000000556049a0 is an unknown value
R11=0x00000000030f1f60 is at entry_point+32 in (nmethod*)0x00000000030f1dd0
R12=0x0000000000000000 is an unknown value
R13=0x0000000002dff260 is pointing into the stack for thread: 0x0000000002fdd800
R14=0x0000000002dff2f0 is pointing into the stack for thread: 0x0000000002fdd800
R15=0x0000000002fdd800 is a thread


Stack: [0x0000000002d00000,0x0000000002e00000],  sp=0x0000000002dff208,  free space=1020k
Native frames: (J=compiled Java code, j=interpreted, Vv=VM code, C=native code)
C  0xffffffffa3fe5120


---------------  P R O C E S S  ---------------

Java Threads: ( => current thread )
  0x0000000017028800 JavaThread "Service Thread" daemon [_thread_blocked, id=8752, stack(0x0000000017400000,0x0000000017500000)]
  0x00000000156ba000 JavaThread "C1 CompilerThread2" daemon [_thread_blocked, id=10244, stack(0x0000000016f00000,0x0000000017000000)]
  0x00000000156b0000 JavaThread "C2 CompilerThread1" daemon [_thread_blocked, id=8392, stack(0x0000000016e00000,0x0000000016f00000)]
  0x00000000156ad000 JavaThread "C2 CompilerThread0" daemon [_thread_blocked, id=6248, stack(0x0000000016d00000,0x0000000016e00000)]
  0x00000000156ab800 JavaThread "Attach Listener" daemon [_thread_blocked, id=10400, stack(0x0000000016c00000,0x0000000016d00000)]
  0x00000000156aa800 JavaThread "Signal Dispatcher" daemon [_thread_blocked, id=11548, stack(0x0000000016b00000,0x0000000016c00000)]
  0x0000000015699800 JavaThread "Finalizer" daemon [_thread_blocked, id=5688, stack(0x0000000016910000,0x0000000016a10000)]
  0x0000000002f21000 JavaThread "Reference Handler" daemon [_thread_blocked, id=4744, stack(0x0000000016810000,0x0000000016910000)]
=>0x0000000002fdd800 JavaThread "main" [_thread_in_Java, id=10200, stack(0x0000000002d00000,0x0000000002e00000)]

Other Threads:
  0x0000000015677000 VMThread [stack: 0x0000000016710000,0x0000000016810000] [id=10980]
  0x000000001570e000 WatcherThread [stack: 0x0000000017500000,0x0000000017600000] [id=4572]

VM state:not at safepoint (normal execution)

VM Mutex/Monitor currently owned by a thread: None

Heap:
 PSYoungGen      total 18944K, used 1311K [0x00000000eab00000, 0x00000000ec000000, 0x0000000100000000)
  eden space 16384K, 8% used [0x00000000eab00000,0x00000000eac47c20,0x00000000ebb00000)
  from space 2560K, 0% used [0x00000000ebd80000,0x00000000ebd80000,0x00000000ec000000)
  to   space 2560K, 0% used [0x00000000ebb00000,0x00000000ebb00000,0x00000000ebd80000)
 ParOldGen       total 44032K, used 0K [0x00000000c0000000, 0x00000000c2b00000, 0x00000000eab00000)
  object space 44032K, 0% used [0x00000000c0000000,0x00000000c0000000,0x00000000c2b00000)
 Metaspace       used 3300K, capacity 4600K, committed 4864K, reserved 1056768K
  class space    used 364K, capacity 424K, committed 512K, reserved 1048576K

Card table byte_map: [0x00000000123a0000,0x00000000125b0000] byte_map_base: 0x0000000011da0000

Marking Bits: (ParMarkBitMap*) 0x0000000055622f70
 Begin Bits: [0x0000000012b10000, 0x0000000013b10000)
 End Bits:   [0x0000000013b10000, 0x0000000014b10000)

Polling page: 0x0000000002e10000

CodeCache: size=245760Kb used=1152Kb max_used=1163Kb free=244608Kb
 bounds [0x0000000002fe0000, 0x0000000003250000, 0x0000000011fe0000]
 total_blobs=313 nmethods=60 adapters=168
 compilation: enabled

Compilation events (10 events):
Event: 0.274 Thread 0x00000000156ba000 nmethod 57 0x00000000030feb50 code [0x00000000030fecc0, 0x00000000030fef58]
Event: 0.274 Thread 0x00000000156ba000   56       3       java.lang.StringBuilder::toString (17 bytes)
Event: 0.275 Thread 0x00000000156ba000 nmethod 56 0x00000000030ff090 code [0x00000000030ff200, 0x00000000030ff408]
Event: 0.275 Thread 0x00000000156ba000   58       1       java.net.URL::getFile (5 bytes)
Event: 0.275 Thread 0x00000000156ba000 nmethod 58 0x00000000030ff4d0 code [0x00000000030ff620, 0x00000000030ff730]
Event: 0.275 Thread 0x00000000156ba000   60       1       java.net.URL::getRef (5 bytes)
Event: 0.275 Thread 0x00000000156ba000 nmethod 60 0x00000000030ff790 code [0x00000000030ff8e0, 0x00000000030ff9f0]
Event: 0.275 Thread 0x00000000156ba000   59       1       java.net.URL::getAuthority (5 bytes)
Event: 0.275 Thread 0x00000000156ba000 nmethod 59 0x00000000030ffa50 code [0x00000000030ffba0, 0x00000000030ffcb0]
Event: 0.276 Thread 0x00000000156b0000 nmethod 53 0x0000000003102ad0 code [0x0000000003102c20, 0x0000000003102dd8]

GC Heap History (0 events):
No events

Deoptimization events (0 events):
No events

Internal exceptions (2 events):
Event: 0.094 Thread 0x0000000002fdd800 Exception <a 'java/lang/NoSuchMethodError': Method sun.misc.Unsafe.defineClass(Ljava/lang/String;[BII)Ljava/lang/Class; name or signature does not match> (0x00000000eab07cc0) thrown at [C:\re\workspace\8-2-build-windows-amd64-cygwin\jdk8u91\6644\hotspot\sr	NάμΈ?
Event: 0.094 Thread 0x0000000002fdd800 Exception <a 'java/lang/NoSuchMethodError': Method sun.misc.Unsafe.prefetchRead(Ljava/lang/Object;J)V name or signature does not match> (0x00000000eab07fa8) thrown at [C:\re\workspace\8-2-build-windows-amd64-cygwin\jdk8u91\6644\hotspot\src\share\vm\prims\j

Events (10 events):
Event: 0.265 loading class org/codehaus/plexus/classworlds/strategy/StrategyFactory
Event: 0.265 loading class org/codehaus/plexus/classworlds/strategy/StrategyFactory done
Event: 0.266 loading class org/codehaus/plexus/classworlds/strategy/Strategy
Event: 0.266 loading class org/codehaus/plexus/classworlds/strategy/Strategy done
Event: 0.266 loading class org/codehaus/plexus/classworlds/strategy/SelfFirstStrategy
Event: 0.266 loading class org/codehaus/plexus/classworlds/strategy/SelfFirstStrategy done
Event: 0.267 loading class org/codehaus/plexus/classworlds/strategy/AbstractStrategy
Event: 0.267 loading class org/codehaus/plexus/classworlds/strategy/AbstractStrategy done
Event: 0.268 loading class org/codehaus/plexus/classworlds/launcher/ConfigurationParser$1
Event: 0.268 loading class org/codehaus/plexus/classworlds/launcher/ConfigurationParser$1 done


Dynamic libraries:
0x00007ff6cebd0000 - 0x00007ff6cec07000 	C:\Program Files\Java\jdk1.8.0_91\bin\java.exe
0x00007ffa8cfe0000 - 0x00007ffa8d1b1000 	C:\WINDOWS\SYSTEM32\ntdll.dll
0x00007ffa8c530000 - 0x00007ffa8c5db000 	C:\WINDOWS\System32\KERNEL32.DLL
0x00007ffa71e90000 - 0x00007ffa71ee4000 	C:\Program Files (x86)\AVG\Av\avghooka.dll
0x00007ffa8a350000 - 0x00007ffa8a56d000 	C:\WINDOWS\System32\KERNELBASE.dll
0x00007ffa8c890000 - 0x00007ffa8c932000 	C:\WINDOWS\System32\ADVAPI32.dll
0x00007ffa8a970000 - 0x00007ffa8aa0e000 	C:\WINDOWS\System32\msvcrt.dll
0x00007ffa8cd50000 - 0x00007ffa8cda9000 	C:\WINDOWS\System32\sechost.dll
0x00007ffa8c400000 - 0x00007ffa8c521000 	C:\WINDOWS\System32\RPCRT4.dll
0x00007ffa8c6e0000 - 0x00007ffa8c845000 	C:\WINDOWS\System32\USER32.dll
0x00007ffa89ee0000 - 0x00007ffa89efe000 	C:\WINDOWS\System32\win32u.dll
0x00007ffa8cbb0000 - 0x00007ffa8cbe4000 	C:\WINDOWS\System32\GDI32.dll
0x00007ffa89fa0000 - 0x00007ffa8a122000 	C:\WINDOWS\System32\gdi32full.dll
0x00007ffa7bf60000 - 0x00007ffa7c1d9000 	C:\WINDOWS\WinSxS\amd64_microsoft.windows.common-controls_6595b64144ccf1df_6.0.14393.447_none_42191651c6827bb3\COMCTL32.dll
0x00007ffa8a570000 - 0x00007ffa8a838000 	C:\WINDOWS\System32\combase.dll
0x00007ffa89d30000 - 0x00007ffa89e25000 	C:\WINDOWS\System32\ucrtbase.dll
0x00007ffa89530000 - 0x00007ffa8959a000 	C:\WINDOWS\System32\bcryptPrimitives.dll
0x00007ffa8c860000 - 0x00007ffa8c88e000 	C:\WINDOWS\System32\IMM32.DLL
0x0000000054d30000 - 0x0000000054e02000 	C:\Program Files\Java\jdk1.8.0_91\jre\bin\msvcr100.dll
0x0000000054e10000 - 0x00000000556a3000 	C:\Program Files\Java\jdk1.8.0_91\jre\bin\server\jvm.dll
0x00007ffa8aa10000 - 0x00007ffa8aa18000 	C:\WINDOWS\System32\PSAPI.DLL
0x00007ffa87830000 - 0x00007ffa87839000 	C:\WINDOWS\SYSTEM32\WSOCK32.dll
0x00007ffa8ca80000 - 0x00007ffa8caea000 	C:\WINDOWS\System32\WS2_32.dll
0x00007ffa87450000 - 0x00007ffa87473000 	C:\WINDOWS\SYSTEM32\WINMM.dll
0x00007ffa844e0000 - 0x00007ffa844ea000 	C:\WINDOWS\SYSTEM32\VERSION.dll
0x00007ffa873f0000 - 0x00007ffa8741b000 	C:\WINDOWS\SYSTEM32\WINMMBASE.dll
0x00007ffa8a300000 - 0x00007ffa8a342000 	C:\WINDOWS\System32\cfgmgr32.dll
0x0000000054ce0000 - 0x0000000054cef000 	C:\Program Files\Java\jdk1.8.0_91\jre\bin\verify.dll
0x0000000054cb0000 - 0x0000000054cd9000 	C:\Program Files\Java\jdk1.8.0_91\jre\bin\java.dll
0x0000000054c90000 - 0x0000000054ca6000 	C:\Program Files\Java\jdk1.8.0_91\jre\bin\zip.dll
0x00007ffa8aef0000 - 0x00007ffa8c3f9000 	C:\WINDOWS\System32\SHELL32.dll
0x00007ffa89650000 - 0x00007ffa89d2a000 	C:\WINDOWS\System32\windows.storage.dll
0x00007ffa89470000 - 0x00007ffa894bc000 	C:\WINDOWS\System32\powrprof.dll
0x00007ffa8cf50000 - 0x00007ffa8cfa2000 	C:\WINDOWS\System32\shlwapi.dll
0x00007ffa894c0000 - 0x00007ffa894cf000 	C:\WINDOWS\System32\kernel.appcore.dll
0x00007ffa89e30000 - 0x00007ffa89ed9000 	C:\WINDOWS\System32\shcore.dll
0x00007ffa89440000 - 0x00007ffa89454000 	C:\WINDOWS\System32\profapi.dll
0x0000000054c70000 - 0x0000000054c8a000 	C:\Program Files\Java\jdk1.8.0_91\jre\bin\net.dll
0x00007ffa88d70000 - 0x00007ffa88dcc000 	C:\WINDOWS\system32\mswsock.dll
0x0000000054c50000 - 0x0000000054c61000 	C:\Program Files\Java\jdk1.8.0_91\jre\bin\nio.dll
0x00007ffa7a530000 - 0x00007ffa7a6c2000 	C:\WINDOWS\SYSTEM32\dbghelp.dll

VM Arguments:
jvm_args: -Dclassworlds.conf=C:\Program Files\NetBeans 8.2\java\maven\bin\m2.conf -Dmaven.home=C:\Program Files\NetBeans 8.2\java\maven 
java_command: org.codehaus.plexus.classworlds.launcher.Launcher -Dtest=virpi.virpigame.objects.**.*Test -Dmaven.ext.class.path=C:\Program Files\NetBeans 8.2\java\maven-nblib\netbeans-eventspy.jar -Dfile.encoding=UTF-8 surefire:test
java_class_path (initial): C:\Program Files\NetBeans 8.2\java\maven\boot\plexus-classworlds-2.4.jar
Launcher Type: SUN_STANDARD

Environment Variables:
JAVA_HOME=C:\Program Files\Java\jdk1.8.0_91
PATH=C:\ProgramData\Oracle\Java\javapath;C:\WINDOWS\system32;C:\WINDOWS;C:\WINDOWS\System32\Wbem;C:\WINDOWS\System32\WindowsPowerShell\v1.0\;C:\Program Files (x86)\Skype\Phone\;C:\Program Files (x86)\NVIDIA Corporation\PhysX\Common;C:\WINDOWS\system32;C:\WINDOWS;C:\WINDOWS\System32\Wbem;C:\WINDOWS\System32\WindowsPowerShell\v1.0\;C:\Users\jaakk_000\AppData\Local\Microsoft\WindowsApps;
USERNAME=jaakk_000
OS=Windows_NT
PROCESSOR_IDENTIFIER=Intel64 Family 6 Model 23 Stepping 10, GenuineIntel



---------------  S Y S T E M  ---------------

OS: Windows 10.0 , 64 bit Build 14393 (10.0.14393.0)

CPU:total 4 (4 cores per cpu, 1 threads per core) family 6 model 23 stepping 10, cmov, cx8, fxsr, mmx, sse, sse2, sse3, ssse3, sse4.1, tsc

Memory: 4k page, physical 4193268k(960216k free), swap 7082020k(1454804k free)

vm_info: Java HotSpot(TM) 64-Bit Server VM (25.91-b14) for windows-amd64 JRE (1.8.0_91-b14), built on Apr  1 2016 00:58:32 by "java_re" with MS VC++ 10.0 (VS2010)

time: Fri Jan 27 22:26:48 2017
elapsed time: 0 seconds (0d 0h 0m 0s)

