#
# A fatal error has been detected by the Java Runtime Environment:
#
#  EXCEPTION_ACCESS_VIOLATION (0xc0000005) at pc=0xffffffffa3765120, pid=8504, tid=8828
#
# JRE version: Java(TM) SE Runtime Environment (8.0_91-b14) (build 1.8.0_91-b14)
# Java VM: Java HotSpot(TM) 64-Bit Server VM (25.91-b14 mixed mode windows-amd64 compressed oops)
# Problematic frame:
# C  0xffffffffa3765120
#
# Failed to write core dump. Minidumps are not enabled by default on client versions of Windows
#
# If you would like to submit a bug report, please visit:
#   http://bugreport.java.com/bugreport/crash.jsp
#

---------------  T H R E A D  ---------------

Current thread (0x000000000275d800):  JavaThread "main" [_thread_in_Java, id=8828, stack(0x0000000000d90000,0x0000000000e90000)]

siginfo: ExceptionCode=0xc0000005, ExceptionInformation=0x0000000000000008 0xffffffffa3765120

Registers:
RAX=0x00000001001bce58, RBX=0x000000001999e580, RCX=0x0000000000000000, RDX=0x00000000eb3d1a30
RSP=0x0000000000e8d538, RBP=0x0000000000e8d708, RSI=0x00000001001bce58, RDI=0x0000000000000077
R8 =0x00000000eb072ab0, R9 =0x00000000eb33c8c0, R10=0x00000001001bce58, R11=0x00000000eb33c8c0
R12=0x0000000000000000, R13=0x0000000000e8d6b0, R14=0x0000000000000000, R15=0x000000000275d800
RIP=0xffffffffa3765120, EFLAGS=0x0000000000010246

Top of Stack: (sp=0x0000000000e8d538)
0x0000000000e8d538:   0000000003158964 0000000000000000
0x0000000000e8d548:   0000000000e8d568 0000000000e8d5b8
0x0000000000e8d558:   000000000276809d 00000000c09319d8
0x0000000000e8d568:   00000000eb0cdb88 00000000eb3d18a0
0x0000000000e8d578:   0000000000e8d578 0000000019e258c5
0x0000000000e8d588:   0000000000e8d5d0 0000000019e27898
0x0000000000e8d598:   0000000000000000 00000000eb0745b8
0x0000000000e8d5a8:   00000000eb072ab0 00000000eb33c8c0
0x0000000000e8d5b8:   0000000000000000 00000000eb3d1a30
0x0000000000e8d5c8:   00000000eb0cf108 0000000000e8d708
0x0000000000e8d5d8:   00000000031573c4 0000000019a20da0
0x0000000000e8d5e8:   000000000275d800 0000000000000000
0x0000000000e8d5f8:   0000000011520000 0000000000759e8c
0x0000000000e8d608:   00000000027a619e 0000000000000000
0x0000000000e8d618:   00000000031e19bc 0000000019e257b8
0x0000000000e8d628:   0000000000e8d680 0000000019e27898 

Instructions: (pc=0xffffffffa3765120)
0xffffffffa3765100:   
[error occurred during error reporting (printing registers, top of stack, instructions near pc), id 0xc0000005]

Register to memory mapping:

RAX=0x00000001001bce58 is pointing into metadata
RBX={method} {0x000000001999e588} 'hasNext' '()Z' in 'com/sun/tools/javac/util/List$3'
RCX=0x0000000000000000 is an unknown value
RDX=0x00000000eb3d1a30 is an oop
com.sun.tools.javac.util.List$3 
 - klass: 'com/sun/tools/javac/util/List$3'
RSP=0x0000000000e8d538 is pointing into the stack for thread: 0x000000000275d800
RBP=0x0000000000e8d708 is pointing into the stack for thread: 0x000000000275d800
RSI=0x00000001001bce58 is pointing into metadata
RDI=0x0000000000000077 is an unknown value
R8 =0x00000000eb072ab0 is an oop
com.sun.tools.javac.code.Lint 
 - klass: 'com/sun/tools/javac/code/Lint'
R9 =0x00000000eb33c8c0 is an oop
com.sun.tools.javac.util.List 
 - klass: 'com/sun/tools/javac/util/List'
R10=0x00000001001bce58 is pointing into metadata
R11=0x00000000eb33c8c0 is an oop
com.sun.tools.javac.util.List 
 - klass: 'com/sun/tools/javac/util/List'
R12=0x0000000000000000 is an unknown value
R13=0x0000000000e8d6b0 is pointing into the stack for thread: 0x000000000275d800
R14=0x0000000000000000 is an unknown value
R15=0x000000000275d800 is a thread


Stack: [0x0000000000d90000,0x0000000000e90000],  sp=0x0000000000e8d538,  free space=1013k
Native frames: (J=compiled Java code, j=interpreted, Vv=VM code, C=native code)
C  0xffffffffa3765120


---------------  P R O C E S S  ---------------

Java Threads: ( => current thread )
  0x0000000014e79800 JavaThread "Service Thread" daemon [_thread_blocked, id=3832, stack(0x0000000016b90000,0x0000000016c90000)]
  0x0000000014e41000 JavaThread "C1 CompilerThread2" daemon [_thread_blocked, id=1272, stack(0x0000000016690000,0x0000000016790000)]
  0x0000000014e32000 JavaThread "C2 CompilerThread1" daemon [_thread_in_native, id=4720, stack(0x0000000016590000,0x0000000016690000)]
  0x0000000014e2e800 JavaThread "C2 CompilerThread0" daemon [_thread_blocked, id=7280, stack(0x0000000016490000,0x0000000016590000)]
  0x0000000014e2d800 JavaThread "Attach Listener" daemon [_thread_blocked, id=8848, stack(0x0000000016390000,0x0000000016490000)]
  0x0000000014e2c000 JavaThread "Signal Dispatcher" daemon [_thread_blocked, id=9300, stack(0x0000000016290000,0x0000000016390000)]
  0x0000000014e19000 JavaThread "Finalizer" daemon [_thread_blocked, id=9036, stack(0x00000000160a0000,0x00000000161a0000)]
  0x00000000026f2000 JavaThread "Reference Handler" daemon [_thread_blocked, id=5620, stack(0x0000000015fa0000,0x00000000160a0000)]
=>0x000000000275d800 JavaThread "main" [_thread_in_Java, id=8828, stack(0x0000000000d90000,0x0000000000e90000)]

Other Threads:
  0x0000000014df7000 VMThread [stack: 0x0000000015ea0000,0x0000000015fa0000] [id=1736]
  0x00000000167cc000 WatcherThread [stack: 0x0000000016c90000,0x0000000016d90000] [id=8088]

VM state:not at safepoint (normal execution)

VM Mutex/Monitor currently owned by a thread: None

Heap:
 PSYoungGen      total 68096K, used 11986K [0x00000000eab00000, 0x00000000f4200000, 0x0000000100000000)
  eden space 65536K, 14% used [0x00000000eab00000,0x00000000eb434828,0x00000000eeb00000)
  from space 2560K, 100% used [0x00000000eeb00000,0x00000000eed80000,0x00000000eed80000)
  to   space 11776K, 0% used [0x00000000f3680000,0x00000000f3680000,0x00000000f4200000)
 ParOldGen       total 44032K, used 16759K [0x00000000c0000000, 0x00000000c2b00000, 0x00000000eab00000)
  object space 44032K, 38% used [0x00000000c0000000,0x00000000c105dc70,0x00000000c2b00000)
 Metaspace       used 19347K, capacity 19776K, committed 19840K, reserved 1067008K
  class space    used 2316K, capacity 2412K, committed 2432K, reserved 1048576K

Card table byte_map: [0x0000000011b20000,0x0000000011d30000] byte_map_base: 0x0000000011520000

Marking Bits: (ParMarkBitMap*) 0x00000000557b2f70
 Begin Bits: [0x0000000012290000, 0x0000000013290000)
 End Bits:   [0x0000000013290000, 0x0000000014290000)

Polling page: 0x0000000000b70000

CodeCache: size=245760Kb used=11401Kb max_used=11401Kb free=234358Kb
 bounds [0x0000000002760000, 0x0000000003290000, 0x0000000011760000]
 total_blobs=3629 nmethods=3275 adapters=268
 compilation: enabled

Compilation events (10 events):
Event: 8.750 Thread 0x0000000014e41000 nmethod 3266 0x0000000003274e90 code [0x00000000032750a0, 0x0000000003275b78]
Event: 8.750 Thread 0x0000000014e41000 3268       3       sun.util.locale.provider.LocaleProviderAdapter::getAdapter (171 bytes)
Event: 8.752 Thread 0x0000000014e41000 nmethod 3268 0x000000000327dfd0 code [0x000000000327e280, 0x000000000327f438]
Event: 8.752 Thread 0x0000000014e41000 3269       3       java.util.Locale::getCountry (8 bytes)
Event: 8.752 Thread 0x0000000014e41000 nmethod 3269 0x00000000032745d0 code [0x0000000003274720, 0x0000000003274910]
Event: 8.752 Thread 0x0000000014e41000 3270       3       com.sun.tools.javac.code.Type::hashCode (5 bytes)
Event: 8.752 Thread 0x0000000014e41000 nmethod 3270 0x0000000003274250 code [0x00000000032743c0, 0x0000000003274548]
Event: 8.752 Thread 0x0000000014e41000 3267       3       com.sun.tools.javac.comp.Attr::visitSelect (1224 bytes)
Event: 8.756 Thread 0x0000000014e2e800 3278       4       com.sun.tools.javac.util.List$3::next (39 bytes)
Event: 8.758 Thread 0x0000000014e2e800 nmethod 3278 0x00000000032769d0 code [0x0000000003276b00, 0x0000000003276bb8]

GC Heap History (10 events):
Event: 0.876 GC heap before
{Heap before GC invocations=1 (full 0):
 PSYoungGen      total 18944K, used 16384K [0x00000000eab00000, 0x00000000ec000000, 0x0000000100000000)
  eden space 16384K, 100% used [0x00000000eab00000,0x00000000ebb00000,0x00000000ebb00000)
  from space 2560K, 0% used [0x00000000ebd80000,0x00000000ebd80000,0x00000000ec000000)
  to   space 2560K, 0% used [0x00000000ebb00000,0x00000000ebb00000,0x00000000ebd80000)
 ParOldGen       total 44032K, used 0K [0x00000000c0000000, 0x00000000c2b00000, 0x00000000eab00000)
  object space 44032K, 0% used [0x00000000c0000000,0x00000000c0000000,0x00000000c2b00000)
 Metaspace       used 6685K, capacity 6812K, committed 7040K, reserved 1056768K
  class space    used 821K, capacity 888K, committed 896K, reserved 1048576K
Event: 0.894 GC heap after
Heap after GC invocations=1 (full 0):
 PSYoungGen      total 18944K, used 2559K [0x00000000eab00000, 0x00000000ed000000, 0x0000000100000000)
  eden space 16384K, 0% used [0x00000000eab00000,0x00000000eab00000,0x00000000ebb00000)
  from space 2560K, 99% used [0x00000000ebb00000,0x00000000ebd7fef8,0x00000000ebd80000)
  to   space 2560K, 0% used [0x00000000ecd80000,0x00000000ecd80000,0x00000000ed000000)
 ParOldGen       total 44032K, used 644K [0x00000000c0000000, 0x00000000c2b00000, 0x00000000eab00000)
  object space 44032K, 1% used [0x00000000c0000000,0x00000000c00a12e8,0x00000000c2b00000)
 Metaspace       used 6685K, capacity 6812K, committed 7040K, reserved 1056768K
  class space    used 821K, capacity 888K, committed 896K, reserved 1048576K
}
Event: 1.229 GC heap before
{Heap before GC invocations=2 (full 0):
 PSYoungGen      total 18944K, used 18943K [0x00000000eab00000, 0x00000000ed000000, 0x0000000100000000)
  eden space 16384K, 100% used [0x00000000eab00000,0x00000000ebb00000,0x00000000ebb00000)
  from space 2560K, 99% used [0x00000000ebb00000,0x00000000ebd7fef8,0x00000000ebd80000)
  to   space 2560K, 0% used [0x00000000ecd80000,0x00000000ecd80000,0x00000000ed000000)
 ParOldGen       total 44032K, used 644K [0x00000000c0000000, 0x00000000c2b00000, 0x00000000eab00000)
  object space 44032K, 1% used [0x00000000c0000000,0x00000000c00a12e8,0x00000000c2b00000)
 Metaspace       used 7718K, capacity 7842K, committed 7936K, reserved 1056768K
  class space    used 977K, capacity 1017K, committed 1024K, reserved 1048576K
Event: 1.237 GC heap after
Heap after GC invocations=2 (full 0):
 PSYoungGen      total 35328K, used 2548K [0x00000000eab00000, 0x00000000ed000000, 0x0000000100000000)
  eden space 32768K, 0% used [0x00000000eab00000,0x00000000eab00000,0x00000000ecb00000)
  from space 2560K, 99% used [0x00000000ecd80000,0x00000000ecffd148,0x00000000ed000000)
  to   space 2560K, 0% used [0x00000000ecb00000,0x00000000ecb00000,0x00000000ecd80000)
 ParOldGen       total 44032K, used 777K [0x00000000c0000000, 0x00000000c2b00000, 0x00000000eab00000)
  object space 44032K, 1% used [0x00000000c0000000,0x00000000c00c2740,0x00000000c2b00000)
 Metaspace       used 7718K, capacity 7842K, committed 7936K, reserved 1056768K
  class space    used 977K, capacity 1017K, committed 1024K, reserved 1048576K
}
Event: 2.501 GC heap before
{Heap before GC invocations=3 (full 0):
 PSYoungGen      total 35328K, used 35316K [0x00000000eab00000, 0x00000000ed000000, 0x0000000100000000)
  eden space 32768K, 100% used [0x00000000eab00000,0x00000000ecb00000,0x00000000ecb00000)
  from space 2560K, 99% used [0x00000000ecd80000,0x00000000ecffd148,0x00000000ed000000)
  to   space 2560K, 0% used [0x00000000ecb00000,0x00000000ecb00000,0x00000000ecd80000)
 ParOldGen       total 44032K, used 777K [0x00000000c0000000, 0x00000000c2b00000, 0x00000000eab00000)
  object space 44032K, 1% used [0x00000000c0000000,0x00000000c00c2740,0x00000000c2b00000)
 Metaspace       used 12146K, capacity 12376K, committed 12672K, reserved 1060864K
  class space    used 1494K, capacity 1543K, committed 1664K, reserved 1048576K
Event: 2.524 GC heap after
Heap after GC invocations=3 (full 0):
 PSYoungGen      total 35328K, used 2534K [0x00000000eab00000, 0x00000000ef000000, 0x0000000100000000)
  eden space 32768K, 0% used [0x00000000eab00000,0x00000000eab00000,0x00000000ecb00000)
  from space 2560K, 99% used [0x00000000ecb00000,0x00000000ecd79b88,0x00000000ecd80000)
  to   space 2560K, 0% used [0x00000000eed80000,0x00000000eed80000,0x00000000ef000000)
 ParOldGen       total 44032K, used 5219K [0x00000000c0000000, 0x00000000c2b00000, 0x00000000eab00000)
  object space 44032K, 11% used [0x00000000c0000000,0x00000000c0518f30,0x00000000c2b00000)
 Metaspace       used 12146K, capacity 12376K, committed 12672K, reserved 1060864K
  class space    used 1494K, capacity 1543K, committed 1664K, reserved 1048576K
}
Event: 4.716 GC heap before
{Heap before GC invocations=4 (full 0):
 PSYoungGen      total 35328K, used 35302K [0x00000000eab00000, 0x00000000ef000000, 0x0000000100000000)
  eden space 32768K, 100% used [0x00000000eab00000,0x00000000ecb00000,0x00000000ecb00000)
  from space 2560K, 99% used [0x00000000ecb00000,0x00000000ecd79b88,0x00000000ecd80000)
  to   space 2560K, 0% used [0x00000000eed80000,0x00000000eed80000,0x00000000ef000000)
 ParOldGen       total 44032K, used 5219K [0x00000000c0000000, 0x00000000c2b00000, 0x00000000eab00000)
  object space 44032K, 11% used [0x00000000c0000000,0x00000000c0518f30,0x00000000c2b00000)
 Metaspace       used 13160K, capacity 13524K, committed 13824K, reserved 1060864K
  class space    used 1608K, capacity 1689K, committed 1792K, reserved 1048576K
Event: 4.751 GC heap after
Heap after GC invocations=4 (full 0):
 PSYoungGen      total 68096K, used 2528K [0x00000000eab00000, 0x00000000ef000000, 0x0000000100000000)
  eden space 65536K, 0% used [0x00000000eab00000,0x00000000eab00000,0x00000000eeb00000)
  from space 2560K, 98% used [0x00000000eed80000,0x00000000eeff8020,0x00000000ef000000)
  to   space 2560K, 0% used [0x00000000eeb00000,0x00000000eeb00000,0x00000000eed80000)
 ParOldGen       total 44032K, used 7381K [0x00000000c0000000, 0x00000000c2b00000, 0x00000000eab00000)
  object space 44032K, 16% used [0x00000000c0000000,0x00000000c07357a8,0x00000000c2b00000)
 Metaspace       used 13160K, capacity 13524K, committed 13824K, reserved 1060864K
  class space    used 1608K, capacity 1689K, committed 1792K, reserved 1048576K
}
Event: 7.465 GC heap before
{Heap before GC invocations=5 (full 0):
 PSYoungGen      total 68096K, used 68064K [0x00000000eab00000, 0x00000000ef000000, 0x0000000100000000)
  eden space 65536K, 100% used [0x00000000eab00000,0x00000000eeb00000,0x00000000eeb00000)
  from space 2560K, 98% used [0x00000000eed80000,0x00000000eeff8020,0x00000000ef000000)
  to   space 2560K, 0% used [0x00000000eeb00000,0x00000000eeb00000,0x00000000eed80000)
 ParOldGen       total 44032K, used 7381K [0x00000000c0000000, 0x00000000c2b00000, 0x00000000eab00000)
  object space 44032K, 16% used [0x00000000c0000000,0x00000000c07357a8,0x00000000c2b00000)
 Metaspace       used 18700K, capacity 19098K, committed 19328K, reserved 1067008K
  class space    used 2269K, capacity 2379K, committed 2432K, reserved 1048576K
Event: 7.557 GC heap after
Heap after GC invocations=5 (full 0):
 PSYoungGen      total 68096K, used 2560K [0x00000000eab00000, 0x00000000f4200000, 0x0000000100000000)
  eden space 65536K, 0% used [0x00000000eab00000,0x00000000eab00000,0x00000000eeb00000)
  from space 2560K, 100% used [0x00000000eeb00000,0x00000000eed80000,0x00000000eed80000)
  to   space 11776K, 0% used [0x00000000f3680000,0x00000000f3680000,0x00000000f4200000)
 ParOldGen       total 44032K, used 16759K [0x00000000c0000000, 0x00000000c2b00000, 0x00000000eab00000)
  object space 44032K, 38% used [0x00000000c0000000,0x00000000c105dc70,0x00000000c2b00000)
 Metaspace       used 18700K, capacity 19098K, committed 19328K, reserved 1067008K
  class space    used 2269K, capacity 2379K, committed 2432K, reserved 1048576K
}

Deoptimization events (10 events):
Event: 7.151 Thread 0x000000000275d800 Uncommon trap: reason=bimorphic action=maybe_recompile pc=0x0000000002dda4ec method=java.util.HashMap.putVal(ILjava/lang/Object;Ljava/lang/Object;ZZ)Ljava/lang/Object; @ 253
Event: 7.153 Thread 0x000000000275d800 Uncommon trap: reason=bimorphic action=maybe_recompile pc=0x0000000002d1f588 method=java.util.HashMap.putVal(ILjava/lang/Object;Ljava/lang/Object;ZZ)Ljava/lang/Object; @ 253
Event: 7.353 Thread 0x000000000275d800 Uncommon trap: reason=unstable_if action=reinterpret pc=0x000000000300c640 method=com.sun.tools.javac.util.ArrayUtils.ensureCapacity([BI)[B @ 3
Event: 7.359 Thread 0x000000000275d800 Uncommon trap: reason=unstable_if action=reinterpret pc=0x000000000302298c method=com.sun.tools.javac.util.Convert.chars2utf([CI[BII)I @ 35
Event: 7.912 Thread 0x000000000275d800 Uncommon trap: reason=unstable_if action=reinterpret pc=0x00000000030492a8 method=java.util.concurrent.ConcurrentHashMap.putVal(Ljava/lang/Object;Ljava/lang/Object;Z)Ljava/lang/Object; @ 181
Event: 8.466 Thread 0x000000000275d800 Uncommon trap: reason=class_check action=maybe_recompile pc=0x0000000002909b58 method=sun.misc.URLClassPath.getLoader(I)Lsun/misc/URLClassPath$Loader; @ 94
Event: 8.466 Thread 0x000000000275d800 Uncommon trap: reason=class_check action=maybe_recompile pc=0x0000000002909b58 method=sun.misc.URLClassPath.getLoader(I)Lsun/misc/URLClassPath$Loader; @ 94
Event: 8.467 Thread 0x000000000275d800 Uncommon trap: reason=class_check action=maybe_recompile pc=0x0000000002911e68 method=sun.misc.URLClassPath.getLoader(I)Lsun/misc/URLClassPath$Loader; @ 94
Event: 8.481 Thread 0x000000000275d800 Uncommon trap: reason=unstable_if action=reinterpret pc=0x0000000002a7207c method=java.lang.CharacterDataLatin1.isWhitespace(I)Z @ 14
Event: 8.481 Thread 0x000000000275d800 Uncommon trap: reason=unstable_if action=reinterpret pc=0x0000000002f6eff0 method=com.sun.tools.javac.parser.UnicodeReader.scanCommentChar()V @ 10

Internal exceptions (10 events):
Event: 2.546 Thread 0x000000000275d800 Implicit null exception at 0x0000000002c3e0d7 to 0x0000000002c3f045
Event: 2.777 Thread 0x000000000275d800 Implicit null exception at 0x0000000002ad40bb to 0x0000000002ad465d
Event: 2.993 Thread 0x000000000275d800 Exception <a 'java/lang/NoClassDefFoundError': org/slf4j/Logger> (0x00000000eb45e5a0) thrown at [C:\re\workspace\8-2-build-windows-amd64-cygwin\jdk8u91\6644\hotspot\src\share\vm\oops\constantPool.cpp, line 235]
Event: 4.084 Thread 0x000000000275d800 Exception <a 'java/lang/NoClassDefFoundError': org/slf4j/Logger> (0x00000000ec4eabe0) thrown at [C:\re\workspace\8-2-build-windows-amd64-cygwin\jdk8u91\6644\hotspot\src\share\vm\oops\constantPool.cpp, line 235]
Event: 5.720 Thread 0x000000000275d800 Exception <a 'java/lang/NoClassDefFoundError': org/slf4j/Logger> (0x00000000ec522da8) thrown at [C:\re\workspace\8-2-build-windows-amd64-cygwin\jdk8u91\6644\hotspot\src\share\vm\oops\constantPool.cpp, line 235]
Event: 5.843 Thread 0x000000000275d800 Exception <a 'java/lang/ClassNotFoundException': com/sun/tools/javac/api/JavacTool> (0x00000000ec810688) thrown at [C:\re\workspace\8-2-build-windows-amd64-cygwin\jdk8u91\6644\hotspot\src\share\vm\classfile\systemDictionary.cpp, line 210]
Event: 6.709 Thread 0x000000000275d800 Exception <a 'java/io/FileNotFoundException'> (0x00000000ed9a5d20) thrown at [C:\re\workspace\8-2-build-windows-amd64-cygwin\jdk8u91\6644\hotspot\src\share\vm\prims\jni.cpp, line 709]
Event: 6.719 Thread 0x000000000275d800 Exception <a 'java/io/FileNotFoundException'> (0x00000000ed9da130) thrown at [C:\re\workspace\8-2-build-windows-amd64-cygwin\jdk8u91\6644\hotspot\src\share\vm\prims\jni.cpp, line 709]
Event: 8.510 Thread 0x000000000275d800 Exception <a 'java/io/FileNotFoundException'> (0x00000000eb1ac348) thrown at [C:\re\workspace\8-2-build-windows-amd64-cygwin\jdk8u91\6644\hotspot\src\share\vm\prims\jni.cpp, line 709]
Event: 8.511 Thread 0x000000000275d800 Exception <a 'java/io/FileNotFoundException'> (0x00000000eb1ade28) thrown at [C:\re\workspace\8-2-build-windows-amd64-cygwin\jdk8u91\6644\hotspot\src\share\vm\prims\jni.cpp, line 709]

Events (10 events):
Event: 8.520 Thread 0x000000000275d800 DEOPT PACKING pc=0x0000000002fad9ff sp=0x0000000000e8cf20
Event: 8.520 Thread 0x000000000275d800 DEOPT UNPACKING pc=0x00000000027a71bf sp=0x0000000000e8cd48 mode 0
Event: 8.578 loading class com/sun/tools/javac/comp/MemberEnter$1
Event: 8.578 loading class com/sun/tools/javac/comp/MemberEnter$1 done
Event: 8.581 loading class com/sun/tools/javac/comp/MemberEnter$2
Event: 8.581 loading class com/sun/tools/javac/comp/MemberEnter$2 done
Event: 8.591 loading class com/sun/tools/javac/comp/MemberEnter$3
Event: 8.591 loading class com/sun/tools/javac/comp/MemberEnter$3 done
Event: 8.593 loading class com/sun/tools/javac/comp/MemberEnter$4
Event: 8.593 loading class com/sun/tools/javac/comp/MemberEnter$4 done


Dynamic libraries:
0x00007ff6d21c0000 - 0x00007ff6d21f7000 	C:\Program Files\Java\jdk1.8.0_91\bin\java.exe
0x00007ffa8cfe0000 - 0x00007ffa8d1b1000 	C:\WINDOWS\SYSTEM32\ntdll.dll
0x00007ffa8c530000 - 0x00007ffa8c5db000 	C:\WINDOWS\System32\KERNEL32.DLL
0x00007ffa71e90000 - 0x00007ffa71ee4000 	C:\Program Files (x86)\AVG\Av\avghooka.dll
0x00007ffa8a350000 - 0x00007ffa8a56d000 	C:\WINDOWS\System32\KERNELBASE.dll
0x00007ffa8c890000 - 0x00007ffa8c932000 	C:\WINDOWS\System32\ADVAPI32.dll
0x00007ffa8a970000 - 0x00007ffa8aa0e000 	C:\WINDOWS\System32\msvcrt.dll
0x00007ffa8cd50000 - 0x00007ffa8cda9000 	C:\WINDOWS\System32\sechost.dll
0x00007ffa8c400000 - 0x00007ffa8c521000 	C:\WINDOWS\System32\RPCRT4.dll
0x00007ffa8c6e0000 - 0x00007ffa8c845000 	C:\WINDOWS\System32\USER32.dll
0x00007ffa89ee0000 - 0x00007ffa89efe000 	C:\WINDOWS\System32\win32u.dll
0x00007ffa8cbb0000 - 0x00007ffa8cbe4000 	C:\WINDOWS\System32\GDI32.dll
0x00007ffa89fa0000 - 0x00007ffa8a122000 	C:\WINDOWS\System32\gdi32full.dll
0x00007ffa7bf60000 - 0x00007ffa7c1d9000 	C:\WINDOWS\WinSxS\amd64_microsoft.windows.common-controls_6595b64144ccf1df_6.0.14393.447_none_42191651c6827bb3\COMCTL32.dll
0x00007ffa8a570000 - 0x00007ffa8a838000 	C:\WINDOWS\System32\combase.dll
0x00007ffa89d30000 - 0x00007ffa89e25000 	C:\WINDOWS\System32\ucrtbase.dll
0x00007ffa89530000 - 0x00007ffa8959a000 	C:\WINDOWS\System32\bcryptPrimitives.dll
0x00007ffa8c860000 - 0x00007ffa8c88e000 	C:\WINDOWS\System32\IMM32.DLL
0x0000000054ec0000 - 0x0000000054f92000 	C:\Program Files\Java\jdk1.8.0_91\jre\bin\msvcr100.dll
0x0000000054fa0000 - 0x0000000055833000 	C:\Program Files\Java\jdk1.8.0_91\jre\bin\server\jvm.dll
0x00007ffa8aa10000 - 0x00007ffa8aa18000 	C:\WINDOWS\System32\PSAPI.DLL
0x00007ffa878b0000 - 0x00007ffa878b9000 	C:\WINDOWS\SYSTEM32\WSOCK32.dll
0x00007ffa8ca80000 - 0x00007ffa8caea000 	C:\WINDOWS\System32\WS2_32.dll
0x00007ffa87450000 - 0x00007ffa87473000 	C:\WINDOWS\SYSTEM32\WINMM.dll
0x00007ffa844e0000 - 0x00007ffa844ea000 	C:\WINDOWS\SYSTEM32\VERSION.dll
0x00007ffa873f0000 - 0x00007ffa8741b000 	C:\WINDOWS\SYSTEM32\WINMMBASE.dll
0x00007ffa8a300000 - 0x00007ffa8a342000 	C:\WINDOWS\System32\cfgmgr32.dll
0x0000000054e70000 - 0x0000000054e7f000 	C:\Program Files\Java\jdk1.8.0_91\jre\bin\verify.dll
0x0000000054e40000 - 0x0000000054e69000 	C:\Program Files\Java\jdk1.8.0_91\jre\bin\java.dll
0x0000000054e20000 - 0x0000000054e36000 	C:\Program Files\Java\jdk1.8.0_91\jre\bin\zip.dll
0x00007ffa8aef0000 - 0x00007ffa8c3f9000 	C:\WINDOWS\System32\SHELL32.dll
0x00007ffa89650000 - 0x00007ffa89d2a000 	C:\WINDOWS\System32\windows.storage.dll
0x00007ffa89470000 - 0x00007ffa894bc000 	C:\WINDOWS\System32\powrprof.dll
0x00007ffa8cf50000 - 0x00007ffa8cfa2000 	C:\WINDOWS\System32\shlwapi.dll
0x00007ffa894c0000 - 0x00007ffa894cf000 	C:\WINDOWS\System32\kernel.appcore.dll
0x00007ffa89e30000 - 0x00007ffa89ed9000 	C:\WINDOWS\System32\shcore.dll
0x00007ffa89440000 - 0x00007ffa89454000 	C:\WINDOWS\System32\profapi.dll
0x0000000054e00000 - 0x0000000054e1a000 	C:\Program Files\Java\jdk1.8.0_91\jre\bin\net.dll
0x00007ffa88d70000 - 0x00007ffa88dcc000 	C:\WINDOWS\system32\mswsock.dll
0x0000000054de0000 - 0x0000000054df1000 	C:\Program Files\Java\jdk1.8.0_91\jre\bin\nio.dll
0x00007ffa7a530000 - 0x00007ffa7a6c2000 	C:\WINDOWS\SYSTEM32\dbghelp.dll

VM Arguments:
jvm_args: -Dclassworlds.conf=C:\Program Files\NetBeans 8.2\java\maven\bin\m2.conf -Dmaven.home=C:\Program Files\NetBeans 8.2\java\maven 
java_command: org.codehaus.plexus.classworlds.launcher.Launcher -Dmaven.ext.class.path=C:\Program Files\NetBeans 8.2\java\maven-nblib\netbeans-eventspy.jar -Dfile.encoding=UTF-8 clean install
java_class_path (initial): C:\Program Files\NetBeans 8.2\java\maven\boot\plexus-classworlds-2.4.jar
Launcher Type: SUN_STANDARD

Environment Variables:
JAVA_HOME=C:\Program Files\Java\jdk1.8.0_91
PATH=C:\ProgramData\Oracle\Java\javapath;C:\WINDOWS\system32;C:\WINDOWS;C:\WINDOWS\System32\Wbem;C:\WINDOWS\System32\WindowsPowerShell\v1.0\;C:\Program Files (x86)\Skype\Phone\;C:\Program Files (x86)\NVIDIA Corporation\PhysX\Common;C:\WINDOWS\system32;C:\WINDOWS;C:\WINDOWS\System32\Wbem;C:\WINDOWS\System32\WindowsPowerShell\v1.0\;C:\Users\jaakk_000\AppData\Local\Microsoft\WindowsApps;
USERNAME=jaakk_000
OS=Windows_NT
PROCESSOR_IDENTIFIER=Intel64 Family 6 Model 23 Stepping 10, GenuineIntel



---------------  S Y S T E M  ---------------

OS: Windows 10.0 , 64 bit Build 14393 (10.0.14393.0)

CPU:total 4 (4 cores per cpu, 1 threads per core) family 6 model 23 stepping 10, cmov, cx8, fxsr, mmx, sse, sse2, sse3, ssse3, sse4.1, tsc

Memory: 4k page, physical 4193268k(804976k free), swap 6426504k(1409124k free)

vm_info: Java HotSpot(TM) 64-Bit Server VM (25.91-b14) for windows-amd64 JRE (1.8.0_91-b14), built on Apr  1 2016 00:58:32 by "java_re" with MS VC++ 10.0 (VS2010)

time: Fri Feb 17 20:41:17 2017
elapsed time: 8 seconds (0d 0h 0m 8s)

