#
# A fatal error has been detected by the Java Runtime Environment:
#
#  EXCEPTION_ACCESS_VIOLATION (0xc0000005) at pc=0xffffffffa3cf5120, pid=10196, tid=7156
#
# JRE version: Java(TM) SE Runtime Environment (8.0_91-b14) (build 1.8.0_91-b14)
# Java VM: Java HotSpot(TM) 64-Bit Server VM (25.91-b14 mixed mode windows-amd64 compressed oops)
# Problematic frame:
# C  0xffffffffa3cf5120
#
# Failed to write core dump. Minidumps are not enabled by default on client versions of Windows
#
# If you would like to submit a bug report, please visit:
#   http://bugreport.java.com/bugreport/crash.jsp
#

---------------  T H R E A D  ---------------

Current thread (0x000000000122d800):  JavaThread "main" [_thread_in_Java, id=7156, stack(0x0000000002a60000,0x0000000002b60000)]

siginfo: ExceptionCode=0xc0000005, ExceptionInformation=0x0000000000000008 0xffffffffa3cf5120

Registers:
RAX=0x0000000014a23d68, RBX=0x0000000014a23d68, RCX=0x00000000eab66758, RDX=0x00000000eab66758
RSP=0x0000000002b5d428, RBP=0x0000000002b5d490, RSI=0x0000000000000138, RDI=0x000000000000003e
R8 =0x000000000000002a, R9 =0x1fffffffffffffff, R10=0x00000000557949a0, R11=0x0000000002dfcae0
R12=0x0000000000000000, R13=0x0000000002b5d438, R14=0x0000000002b5d4e0, R15=0x000000000122d800
RIP=0xffffffffa3cf5120, EFLAGS=0x0000000000010206

Top of Stack: (sp=0x0000000002b5d428)
0x0000000002b5d428:   0000000002cf7940 0000000002cf7940
0x0000000002b5d438:   000000000000002a 00000000eab66758
0x0000000002b5d448:   00000000eab2baf0 0000000002b5d450
0x0000000002b5d458:   0000000014b78b79 0000000002b5d4e0
0x0000000002b5d468:   0000000014b7c278 0000000000000000
0x0000000002b5d478:   0000000014b78c28 0000000002b5d438
0x0000000002b5d488:   0000000002b5d4c8 0000000002b5d528
0x0000000002b5d498:   0000000002cf7e20 0000000000000000
0x0000000002b5d4a8:   000000000000002f 00000000eab66838
0x0000000002b5d4b8:   000000000000005c 000000000000002a
0x0000000002b5d4c8:   0000000000000000 0000000000000049
0x0000000002b5d4d8:   00000000eab66758 00000000eab2baf0
0x0000000002b5d4e8:   0000000002b5d4e8 0000000014b78a25
0x0000000002b5d4f8:   0000000002b5d570 0000000014b7c278
0x0000000002b5d508:   0000000000000000 0000000014b78a90
0x0000000002b5d518:   0000000002b5d4c8 0000000002b5d568 

Instructions: (pc=0xffffffffa3cf5120)
0xffffffffa3cf5100:   
[error occurred during error reporting (printing registers, top of stack, instructions near pc), id 0xc0000005]

Register to memory mapping:

RAX={method} {0x0000000014a23d70} 'charAt' '(I)C' in 'java/lang/String'
RBX={method} {0x0000000014a23d70} 'charAt' '(I)C' in 'java/lang/String'
RCX=0x00000000eab66758 is an oop
java.lang.String 
 - klass: 'java/lang/String'
RDX=0x00000000eab66758 is an oop
java.lang.String 
 - klass: 'java/lang/String'
RSP=0x0000000002b5d428 is pointing into the stack for thread: 0x000000000122d800
RBP=0x0000000002b5d490 is pointing into the stack for thread: 0x000000000122d800
RSI=0x0000000000000138 is an unknown value
RDI=0x000000000000003e is an unknown value
R8 =0x000000000000002a is an unknown value
R9 =0x1fffffffffffffff is an unknown value
R10=0x00000000557949a0 is an unknown value
R11=0x0000000002dfcae0 is at entry_point+32 in (nmethod*)0x0000000002dfc950
R12=0x0000000000000000 is an unknown value
R13=0x0000000002b5d438 is pointing into the stack for thread: 0x000000000122d800
R14=0x0000000002b5d4e0 is pointing into the stack for thread: 0x000000000122d800
R15=0x000000000122d800 is a thread


Stack: [0x0000000002a60000,0x0000000002b60000],  sp=0x0000000002b5d428,  free space=1013k
Native frames: (J=compiled Java code, j=interpreted, Vv=VM code, C=native code)
C  0xffffffffa3cf5120


---------------  P R O C E S S  ---------------

Java Threads: ( => current thread )
  0x0000000016d28800 JavaThread "Service Thread" daemon [_thread_blocked, id=11248, stack(0x0000000017100000,0x0000000017200000)]
  0x00000000153ca000 JavaThread "C1 CompilerThread2" daemon [_thread_blocked, id=5928, stack(0x0000000016c00000,0x0000000016d00000)]
  0x00000000153c8800 JavaThread "C2 CompilerThread1" daemon [_thread_blocked, id=184, stack(0x0000000016b00000,0x0000000016c00000)]
  0x00000000153bd800 JavaThread "C2 CompilerThread0" daemon [_thread_blocked, id=7876, stack(0x0000000016a00000,0x0000000016b00000)]
  0x00000000153bc000 JavaThread "Attach Listener" daemon [_thread_blocked, id=2772, stack(0x0000000016900000,0x0000000016a00000)]
  0x00000000153bb000 JavaThread "Signal Dispatcher" daemon [_thread_blocked, id=3724, stack(0x0000000016800000,0x0000000016900000)]
  0x00000000153a9000 JavaThread "Finalizer" daemon [_thread_blocked, id=13936, stack(0x0000000016610000,0x0000000016710000)]
  0x0000000002ce0000 JavaThread "Reference Handler" daemon [_thread_blocked, id=6480, stack(0x0000000016510000,0x0000000016610000)]
=>0x000000000122d800 JavaThread "main" [_thread_in_Java, id=7156, stack(0x0000000002a60000,0x0000000002b60000)]

Other Threads:
  0x0000000015387800 VMThread [stack: 0x0000000016410000,0x0000000016510000] [id=9932]
  0x0000000016d44800 WatcherThread [stack: 0x0000000017200000,0x0000000017300000] [id=1276]

VM state:not at safepoint (normal execution)

VM Mutex/Monitor currently owned by a thread: None

Heap:
 PSYoungGen      total 18944K, used 983K [0x00000000eab00000, 0x00000000ec000000, 0x0000000100000000)
  eden space 16384K, 6% used [0x00000000eab00000,0x00000000eabf5c70,0x00000000ebb00000)
  from space 2560K, 0% used [0x00000000ebd80000,0x00000000ebd80000,0x00000000ec000000)
  to   space 2560K, 0% used [0x00000000ebb00000,0x00000000ebb00000,0x00000000ebd80000)
 ParOldGen       total 44032K, used 0K [0x00000000c0000000, 0x00000000c2b00000, 0x00000000eab00000)
  object space 44032K, 0% used [0x00000000c0000000,0x00000000c0000000,0x00000000c2b00000)
 Metaspace       used 2405K, capacity 4480K, committed 4480K, reserved 1056768K
  class space    used 263K, capacity 384K, committed 384K, reserved 1048576K

Card table byte_map: [0x00000000120b0000,0x00000000122c0000] byte_map_base: 0x0000000011ab0000

Marking Bits: (ParMarkBitMap*) 0x00000000557b2f70
 Begin Bits: [0x0000000012820000, 0x0000000013820000)
 End Bits:   [0x0000000013820000, 0x0000000014820000)

Polling page: 0x0000000001210000

CodeCache: size=245760Kb used=1099Kb max_used=1110Kb free=244660Kb
 bounds [0x0000000002cf0000, 0x0000000002f60000, 0x0000000011cf0000]
 total_blobs=252 nmethods=27 adapters=141
 compilation: enabled

Compilation events (10 events):
Event: 0.127 Thread 0x00000000153ca000   23       3       java.lang.String::getChars (62 bytes)
Event: 0.127 Thread 0x00000000153ca000 nmethod 23 0x0000000002e00f50 code [0x0000000002e01100, 0x0000000002e01538]
Event: 0.127 Thread 0x00000000153ca000   24       3       java.lang.String::equals (81 bytes)
Event: 0.127 Thread 0x00000000153ca000 nmethod 24 0x0000000002e01750 code [0x0000000002e018e0, 0x0000000002e01e30]
Event: 0.128 Thread 0x00000000153c8800   25       4       java.lang.String::charAt (29 bytes)
Event: 0.128 Thread 0x00000000153ca000   26       3       java.lang.AbstractStringBuilder::append (50 bytes)
Event: 0.129 Thread 0x00000000153ca000 nmethod 26 0x0000000002e02010 code [0x0000000002e021a0, 0x0000000002e026a8]
Event: 0.129 Thread 0x00000000153ca000   27       3       java.lang.String::indexOf (7 bytes)
Event: 0.129 Thread 0x00000000153ca000 nmethod 27 0x0000000002e02890 code [0x0000000002e02a00, 0x0000000002e02c08]
Event: 0.129 Thread 0x00000000153c8800 nmethod 25 0x0000000002e05950 code [0x0000000002e05aa0, 0x0000000002e05b58]

GC Heap History (0 events):
No events

Deoptimization events (0 events):
No events

Internal exceptions (2 events):
Event: 0.041 Thread 0x000000000122d800 Exception <a 'java/lang/NoSuchMethodError': Method sun.misc.Unsafe.defineClass(Ljava/lang/String;[BII)Ljava/lang/Class; name or signature does not match> (0x00000000eab07cc0) thrown at [C:\re\workspace\8-2-build-windows-amd64-cygwin\jdk8u91\6644\hotspot\srt$˜{¥?
Event: 0.041 Thread 0x000000000122d800 Exception <a 'java/lang/NoSuchMethodError': Method sun.misc.Unsafe.prefetchRead(Ljava/lang/Object;J)V name or signature does not match> (0x00000000eab07fa8) thrown at [C:\re\workspace\8-2-build-windows-amd64-cygwin\jdk8u91\6644\hotspot\src\share\vm\prims\j

Events (10 events):
Event: 0.124 loading class sun/nio/cs/ThreadLocalCoders
Event: 0.124 loading class sun/nio/cs/ThreadLocalCoders done
Event: 0.124 loading class sun/nio/cs/ThreadLocalCoders$1
Event: 0.124 loading class sun/nio/cs/ThreadLocalCoders$Cache
Event: 0.124 loading class sun/nio/cs/ThreadLocalCoders$Cache done
Event: 0.124 loading class sun/nio/cs/ThreadLocalCoders$1 done
Event: 0.124 loading class sun/nio/cs/ThreadLocalCoders$2
Event: 0.124 loading class sun/nio/cs/ThreadLocalCoders$2 done
Event: 0.124 loading class sun/nio/cs/UTF_8$Decoder
Event: 0.124 loading class sun/nio/cs/UTF_8$Decoder done


Dynamic libraries:
0x00007ff6d21c0000 - 0x00007ff6d21f7000 	C:\Program Files\Java\jdk1.8.0_91\bin\java.exe
0x00007ffa8cfe0000 - 0x00007ffa8d1b1000 	C:\WINDOWS\SYSTEM32\ntdll.dll
0x00007ffa8c530000 - 0x00007ffa8c5db000 	C:\WINDOWS\System32\KERNEL32.DLL
0x00007ffa71e90000 - 0x00007ffa71ee4000 	C:\Program Files (x86)\AVG\Av\avghooka.dll
0x00007ffa8a350000 - 0x00007ffa8a56d000 	C:\WINDOWS\System32\KERNELBASE.dll
0x00007ffa8c890000 - 0x00007ffa8c932000 	C:\WINDOWS\System32\ADVAPI32.dll
0x00007ffa8a970000 - 0x00007ffa8aa0e000 	C:\WINDOWS\System32\msvcrt.dll
0x00007ffa8cd50000 - 0x00007ffa8cda9000 	C:\WINDOWS\System32\sechost.dll
0x00007ffa8c400000 - 0x00007ffa8c521000 	C:\WINDOWS\System32\RPCRT4.dll
0x00007ffa8c6e0000 - 0x00007ffa8c845000 	C:\WINDOWS\System32\USER32.dll
0x00007ffa89ee0000 - 0x00007ffa89efe000 	C:\WINDOWS\System32\win32u.dll
0x00007ffa8cbb0000 - 0x00007ffa8cbe4000 	C:\WINDOWS\System32\GDI32.dll
0x00007ffa89fa0000 - 0x00007ffa8a122000 	C:\WINDOWS\System32\gdi32full.dll
0x00007ffa7bf60000 - 0x00007ffa7c1d9000 	C:\WINDOWS\WinSxS\amd64_microsoft.windows.common-controls_6595b64144ccf1df_6.0.14393.447_none_42191651c6827bb3\COMCTL32.dll
0x00007ffa8a570000 - 0x00007ffa8a838000 	C:\WINDOWS\System32\combase.dll
0x00007ffa89d30000 - 0x00007ffa89e25000 	C:\WINDOWS\System32\ucrtbase.dll
0x00007ffa89530000 - 0x00007ffa8959a000 	C:\WINDOWS\System32\bcryptPrimitives.dll
0x00007ffa8c860000 - 0x00007ffa8c88e000 	C:\WINDOWS\System32\IMM32.DLL
0x0000000054ec0000 - 0x0000000054f92000 	C:\Program Files\Java\jdk1.8.0_91\jre\bin\msvcr100.dll
0x0000000054fa0000 - 0x0000000055833000 	C:\Program Files\Java\jdk1.8.0_91\jre\bin\server\jvm.dll
0x00007ffa8aa10000 - 0x00007ffa8aa18000 	C:\WINDOWS\System32\PSAPI.DLL
0x00007ffa878b0000 - 0x00007ffa878b9000 	C:\WINDOWS\SYSTEM32\WSOCK32.dll
0x00007ffa8ca80000 - 0x00007ffa8caea000 	C:\WINDOWS\System32\WS2_32.dll
0x00007ffa87450000 - 0x00007ffa87473000 	C:\WINDOWS\SYSTEM32\WINMM.dll
0x00007ffa844e0000 - 0x00007ffa844ea000 	C:\WINDOWS\SYSTEM32\VERSION.dll
0x00007ffa873f0000 - 0x00007ffa8741b000 	C:\WINDOWS\SYSTEM32\WINMMBASE.dll
0x00007ffa8a300000 - 0x00007ffa8a342000 	C:\WINDOWS\System32\cfgmgr32.dll
0x0000000054e70000 - 0x0000000054e7f000 	C:\Program Files\Java\jdk1.8.0_91\jre\bin\verify.dll
0x0000000054e40000 - 0x0000000054e69000 	C:\Program Files\Java\jdk1.8.0_91\jre\bin\java.dll
0x0000000054e20000 - 0x0000000054e36000 	C:\Program Files\Java\jdk1.8.0_91\jre\bin\zip.dll
0x00007ffa8aef0000 - 0x00007ffa8c3f9000 	C:\WINDOWS\System32\SHELL32.dll
0x00007ffa89650000 - 0x00007ffa89d2a000 	C:\WINDOWS\System32\windows.storage.dll
0x00007ffa89470000 - 0x00007ffa894bc000 	C:\WINDOWS\System32\powrprof.dll
0x00007ffa8cf50000 - 0x00007ffa8cfa2000 	C:\WINDOWS\System32\shlwapi.dll
0x00007ffa894c0000 - 0x00007ffa894cf000 	C:\WINDOWS\System32\kernel.appcore.dll
0x00007ffa89e30000 - 0x00007ffa89ed9000 	C:\WINDOWS\System32\shcore.dll
0x00007ffa89440000 - 0x00007ffa89454000 	C:\WINDOWS\System32\profapi.dll
0x00007ffa7a530000 - 0x00007ffa7a6c2000 	C:\WINDOWS\SYSTEM32\dbghelp.dll

VM Arguments:
jvm_args: -Dclassworlds.conf=C:\Program Files\NetBeans 8.2\java\maven\bin\m2.conf -Dmaven.home=C:\Program Files\NetBeans 8.2\java\maven 
java_command: org.codehaus.plexus.classworlds.launcher.Launcher -Dexec.args=-classpath %classpath virpi.virpigame.Main -Dexec.executable=C:\Program Files\Java\jdk1.8.0_91\bin\java.exe -Dmaven.ext.class.path=C:\Program Files\NetBeans 8.2\java\maven-nblib\netbeans-eventspy.jar -Dfile.encoding=UTF-8 org.codehaus.mojo:exec-maven-plugin:1.2.1:exec
java_class_path (initial): C:\Program Files\NetBeans 8.2\java\maven\boot\plexus-classworlds-2.4.jar
Launcher Type: SUN_STANDARD

Environment Variables:
JAVA_HOME=C:\Program Files\Java\jdk1.8.0_91
PATH=C:\ProgramData\Oracle\Java\javapath;C:\WINDOWS\system32;C:\WINDOWS;C:\WINDOWS\System32\Wbem;C:\WINDOWS\System32\WindowsPowerShell\v1.0\;C:\Program Files (x86)\Skype\Phone\;C:\Program Files (x86)\NVIDIA Corporation\PhysX\Common;C:\WINDOWS\system32;C:\WINDOWS;C:\WINDOWS\System32\Wbem;C:\WINDOWS\System32\WindowsPowerShell\v1.0\;C:\Users\jaakk_000\AppData\Local\Microsoft\WindowsApps;
USERNAME=jaakk_000
OS=Windows_NT
PROCESSOR_IDENTIFIER=Intel64 Family 6 Model 23 Stepping 10, GenuineIntel



---------------  S Y S T E M  ---------------

OS: Windows 10.0 , 64 bit Build 14393 (10.0.14393.0)

CPU:total 4 (4 cores per cpu, 1 threads per core) family 6 model 23 stepping 10, cmov, cx8, fxsr, mmx, sse, sse2, sse3, ssse3, sse4.1, tsc

Memory: 4k page, physical 4193268k(960436k free), swap 6426504k(1608748k free)

vm_info: Java HotSpot(TM) 64-Bit Server VM (25.91-b14) for windows-amd64 JRE (1.8.0_91-b14), built on Apr  1 2016 00:58:32 by "java_re" with MS VC++ 10.0 (VS2010)

time: Fri Feb 17 20:41:03 2017
elapsed time: 0 seconds (0d 0h 0m 0s)

