#
# A fatal error has been detected by the Java Runtime Environment:
#
#  EXCEPTION_ACCESS_VIOLATION (0xc0000005) at pc=0xffffffffa3995120, pid=5764, tid=10164
#
# JRE version: Java(TM) SE Runtime Environment (8.0_91-b14) (build 1.8.0_91-b14)
# Java VM: Java HotSpot(TM) 64-Bit Server VM (25.91-b14 mixed mode windows-amd64 compressed oops)
# Problematic frame:
# C  0xffffffffa3995120
#
# Failed to write core dump. Minidumps are not enabled by default on client versions of Windows
#
# If you would like to submit a bug report, please visit:
#   http://bugreport.java.com/bugreport/crash.jsp
#

---------------  T H R E A D  ---------------

Current thread (0x000000000288d800):  JavaThread "main" [_thread_in_Java, id=10164, stack(0x00000000026a0000,0x00000000027a0000)]

siginfo: ExceptionCode=0xc0000005, ExceptionInformation=0x0000000000000008 0xffffffffa3995120

Registers:
RAX=0x0000000014a28530, RBX=0x0000000014a28530, RCX=0x0000000014a29e00, RDX=0x00000000c07479d8
RSP=0x000000000279d638, RBP=0x000000000279d6a0, RSI=0x00000000ebd6f7c0, RDI=0x0000000000000016
R8 =0x0000000000000200, R9 =0x00000000eee72758, R10=0x00000000556049a0, R11=0x0000000002ca9900
R12=0x0000000000000000, R13=0x000000000279d650, R14=0x000000000279d6e0, R15=0x000000000288d800
RIP=0xffffffffa3995120, EFLAGS=0x0000000000010202

Top of Stack: (sp=0x000000000279d638)
0x000000000279d638:   0000000002997ae0 000000000279d6a0
0x000000000279d648:   0000000002997ae0 0000000000000200
0x000000000279d658:   00000000c07479d8 000000000279d660
0x000000000279d668:   0000000014a28669 000000000279d6e0
0x000000000279d678:   0000000014a29e00 0000000018a04090
0x000000000279d688:   0000000014a286a8 000000000279d650
0x000000000279d698:   000000000279d6f0 000000000279db90
0x000000000279d6a8:   0000000002f8d964 0000000000000000
0x000000000279d6b8:   0000000000000000 0000000000000200
0x000000000279d6c8:   00000000ebd6f7e8 00000000c07479d8
0x000000000279d6d8:   00000000c07479d8 00000000ebd6f7c0
0x000000000279d6e8:   0000000002f8d964 000000000279db90
0x000000000279d6f8:   0000000002f91ebc 00000000ebd864c0
0x000000000279d708:   0000000055005a5d 00000000c074a598
0x000000000279d718:   000000005504b766 0000000000000200
0x000000000279d728:   0000000000000000 000000000279d7a0 

Instructions: (pc=0xffffffffa3995120)
0xffffffffa3995100:   
[error occurred during error reporting (printing registers, top of stack, instructions near pc), id 0xc0000005]

Register to memory mapping:

RAX={method} {0x0000000014a28538} 'hash' '(Ljava/lang/Object;I)I' in 'java/util/IdentityHashMap'
RBX={method} {0x0000000014a28538} 'hash' '(Ljava/lang/Object;I)I' in 'java/util/IdentityHashMap'
RCX=0x0000000014a29e00 is pointing into metadata
RDX=0x00000000c07479d8 is an oop
org.sonatype.aether.impl.internal.GraphEdge 
 - klass: 'org/sonatype/aether/impl/internal/GraphEdge'
RSP=0x000000000279d638 is pointing into the stack for thread: 0x000000000288d800
RBP=0x000000000279d6a0 is pointing into the stack for thread: 0x000000000288d800
RSI=0x00000000ebd6f7c0 is an oop
java.util.IdentityHashMap 
 - klass: 'java/util/IdentityHashMap'
RDI=0x0000000000000016 is an unknown value
R8 =0x0000000000000200 is an unknown value
R9 =0x00000000eee72758 is an oop
java.lang.Integer 
 - klass: 'java/lang/Integer'
R10=0x00000000556049a0 is an unknown value
R11=0x0000000002ca9900 is at entry_point+0 in (nmethod*)0x0000000002ca9790
R12=0x0000000000000000 is an unknown value
R13=0x000000000279d650 is pointing into the stack for thread: 0x000000000288d800
R14=0x000000000279d6e0 is pointing into the stack for thread: 0x000000000288d800
R15=0x000000000288d800 is a thread


Stack: [0x00000000026a0000,0x00000000027a0000],  sp=0x000000000279d638,  free space=1013k
Native frames: (J=compiled Java code, j=interpreted, Vv=VM code, C=native code)
C  0xffffffffa3995120


---------------  P R O C E S S  ---------------

Java Threads: ( => current thread )
  0x00000000169b0800 JavaThread "Service Thread" daemon [_thread_blocked, id=9208, stack(0x0000000016da0000,0x0000000016ea0000)]
  0x0000000015063800 JavaThread "C1 CompilerThread2" daemon [_thread_blocked, id=2880, stack(0x00000000168a0000,0x00000000169a0000)]
  0x0000000015062800 JavaThread "C2 CompilerThread1" daemon [_thread_in_native, id=2384, stack(0x00000000167a0000,0x00000000168a0000)]
  0x000000001505c800 JavaThread "C2 CompilerThread0" daemon [_thread_blocked, id=9560, stack(0x00000000166a0000,0x00000000167a0000)]
  0x000000001505b800 JavaThread "Attach Listener" daemon [_thread_blocked, id=9288, stack(0x00000000165a0000,0x00000000166a0000)]
  0x000000001505a000 JavaThread "Signal Dispatcher" daemon [_thread_blocked, id=568, stack(0x00000000164a0000,0x00000000165a0000)]
  0x0000000002985800 JavaThread "Finalizer" daemon [_thread_blocked, id=8876, stack(0x00000000162b0000,0x00000000163b0000)]
  0x0000000002980000 JavaThread "Reference Handler" daemon [_thread_blocked, id=9656, stack(0x00000000161b0000,0x00000000162b0000)]
=>0x000000000288d800 JavaThread "main" [_thread_in_Java, id=10164, stack(0x00000000026a0000,0x00000000027a0000)]

Other Threads:
  0x0000000015027000 VMThread [stack: 0x00000000160b0000,0x00000000161b0000] [id=8412]
  0x00000000169c1800 WatcherThread [stack: 0x0000000016ea0000,0x0000000016fa0000] [id=2176]

VM state:not at safepoint (normal execution)

VM Mutex/Monitor currently owned by a thread: None

Heap:
 PSYoungGen      total 68096K, used 22396K [0x00000000eab00000, 0x00000000ef000000, 0x0000000100000000)
  eden space 65536K, 30% used [0x00000000eab00000,0x00000000ebe63340,0x00000000eeb00000)
  from space 2560K, 99% used [0x00000000eed80000,0x00000000eeffc010,0x00000000ef000000)
  to   space 2560K, 0% used [0x00000000eeb00000,0x00000000eeb00000,0x00000000eed80000)
 ParOldGen       total 44032K, used 7611K [0x00000000c0000000, 0x00000000c2b00000, 0x00000000eab00000)
  object space 44032K, 17% used [0x00000000c0000000,0x00000000c076ee60,0x00000000c2b00000)
 Metaspace       used 13290K, capacity 13566K, committed 13824K, reserved 1060864K
  class space    used 1602K, capacity 1683K, committed 1792K, reserved 1048576K

Card table byte_map: [0x0000000011d50000,0x0000000011f60000] byte_map_base: 0x0000000011750000

Marking Bits: (ParMarkBitMap*) 0x0000000055622f70
 Begin Bits: [0x00000000124c0000, 0x00000000134c0000)
 End Bits:   [0x00000000134c0000, 0x00000000144c0000)

Polling page: 0x00000000027a0000

CodeCache: size=245760Kb used=7471Kb max_used=7472Kb free=238288Kb
 bounds [0x0000000002990000, 0x00000000030f0000, 0x0000000011990000]
 total_blobs=2506 nmethods=2186 adapters=234
 compilation: enabled

Compilation events (10 events):
Event: 5.584 Thread 0x000000001505c800 nmethod 2176 0x000000000303d9d0 code [0x000000000303db00, 0x000000000303db78]
Event: 5.590 Thread 0x0000000015063800 2178       3       java.util.Collections::singleton (9 bytes)
Event: 5.591 Thread 0x0000000015063800 nmethod 2178 0x00000000030cb590 code [0x00000000030cb700, 0x00000000030cba10]
Event: 5.591 Thread 0x0000000015063800 2182       3       org.sonatype.aether.util.graph.transformer.ConflictMarker::analyze (328 bytes)
Event: 5.592 Thread 0x000000001505c800 2186       4       java.util.IdentityHashMap::maskNull (12 bytes)
Event: 5.593 Thread 0x000000001505c800 nmethod 2186 0x000000000305f150 code [0x000000000305f280, 0x000000000305f2d8]
Event: 5.594 Thread 0x000000001505c800 2189       4       java.util.IdentityHashMap::hash (18 bytes)
Event: 5.594 Thread 0x0000000015063800 nmethod 2182 0x00000000030daa90 code [0x00000000030dadc0, 0x00000000030dc5c8]
Event: 5.594 Thread 0x0000000015063800 2184       3       java.util.IdentityHashMap::get (60 bytes)
Event: 5.595 Thread 0x000000001505c800 nmethod 2189 0x00000000030937d0 code [0x0000000003093920, 0x00000000030939c8]

GC Heap History (8 events):
Event: 1.405 GC heap before
{Heap before GC invocations=1 (full 0):
 PSYoungGen      total 18944K, used 16384K [0x00000000eab00000, 0x00000000ec000000, 0x0000000100000000)
  eden space 16384K, 100% used [0x00000000eab00000,0x00000000ebb00000,0x00000000ebb00000)
  from space 2560K, 0% used [0x00000000ebd80000,0x00000000ebd80000,0x00000000ec000000)
  to   space 2560K, 0% used [0x00000000ebb00000,0x00000000ebb00000,0x00000000ebd80000)
 ParOldGen       total 44032K, used 0K [0x00000000c0000000, 0x00000000c2b00000, 0x00000000eab00000)
  object space 44032K, 0% used [0x00000000c0000000,0x00000000c0000000,0x00000000c2b00000)
 Metaspace       used 6692K, capacity 6812K, committed 7040K, reserved 1056768K
  class space    used 821K, capacity 888K, committed 896K, reserved 1048576K
Event: 1.424 GC heap after
Heap after GC invocations=1 (full 0):
 PSYoungGen      total 18944K, used 2543K [0x00000000eab00000, 0x00000000ed000000, 0x0000000100000000)
  eden space 16384K, 0% used [0x00000000eab00000,0x00000000eab00000,0x00000000ebb00000)
  from space 2560K, 99% used [0x00000000ebb00000,0x00000000ebd7bee8,0x00000000ebd80000)
  to   space 2560K, 0% used [0x00000000ecd80000,0x00000000ecd80000,0x00000000ed000000)
 ParOldGen       total 44032K, used 671K [0x00000000c0000000, 0x00000000c2b00000, 0x00000000eab00000)
  object space 44032K, 1% used [0x00000000c0000000,0x00000000c00a7e68,0x00000000c2b00000)
 Metaspace       used 6692K, capacity 6812K, committed 7040K, reserved 1056768K
  class space    used 821K, capacity 888K, committed 896K, reserved 1048576K
}
Event: 1.824 GC heap before
{Heap before GC invocations=2 (full 0):
 PSYoungGen      total 18944K, used 18927K [0x00000000eab00000, 0x00000000ed000000, 0x0000000100000000)
  eden space 16384K, 100% used [0x00000000eab00000,0x00000000ebb00000,0x00000000ebb00000)
  from space 2560K, 99% used [0x00000000ebb00000,0x00000000ebd7bee8,0x00000000ebd80000)
  to   space 2560K, 0% used [0x00000000ecd80000,0x00000000ecd80000,0x00000000ed000000)
 ParOldGen       total 44032K, used 671K [0x00000000c0000000, 0x00000000c2b00000, 0x00000000eab00000)
  object space 44032K, 1% used [0x00000000c0000000,0x00000000c00a7e68,0x00000000c2b00000)
 Metaspace       used 7731K, capacity 7842K, committed 7936K, reserved 1056768K
  class space    used 977K, capacity 1017K, committed 1024K, reserved 1048576K
Event: 1.833 GC heap after
Heap after GC invocations=2 (full 0):
 PSYoungGen      total 35328K, used 2548K [0x00000000eab00000, 0x00000000ed000000, 0x0000000100000000)
  eden space 32768K, 0% used [0x00000000eab00000,0x00000000eab00000,0x00000000ecb00000)
  from space 2560K, 99% used [0x00000000ecd80000,0x00000000ecffd128,0x00000000ed000000)
  to   space 2560K, 0% used [0x00000000ecb00000,0x00000000ecb00000,0x00000000ecd80000)
 ParOldGen       total 44032K, used 828K [0x00000000c0000000, 0x00000000c2b00000, 0x00000000eab00000)
  object space 44032K, 1% used [0x00000000c0000000,0x00000000c00cf230,0x00000000c2b00000)
 Metaspace       used 7731K, capacity 7842K, committed 7936K, reserved 1056768K
  class space    used 977K, capacity 1017K, committed 1024K, reserved 1048576K
}
Event: 3.232 GC heap before
{Heap before GC invocations=3 (full 0):
 PSYoungGen      total 35328K, used 35316K [0x00000000eab00000, 0x00000000ed000000, 0x0000000100000000)
  eden space 32768K, 100% used [0x00000000eab00000,0x00000000ecb00000,0x00000000ecb00000)
  from space 2560K, 99% used [0x00000000ecd80000,0x00000000ecffd128,0x00000000ed000000)
  to   space 2560K, 0% used [0x00000000ecb00000,0x00000000ecb00000,0x00000000ecd80000)
 ParOldGen       total 44032K, used 828K [0x00000000c0000000, 0x00000000c2b00000, 0x00000000eab00000)
  object space 44032K, 1% used [0x00000000c0000000,0x00000000c00cf230,0x00000000c2b00000)
 Metaspace       used 12143K, capacity 12364K, committed 12672K, reserved 1060864K
  class space    used 1492K, capacity 1541K, committed 1664K, reserved 1048576K
Event: 3.264 GC heap after
Heap after GC invocations=3 (full 0):
 PSYoungGen      total 35328K, used 2544K [0x00000000eab00000, 0x00000000ef000000, 0x0000000100000000)
  eden space 32768K, 0% used [0x00000000eab00000,0x00000000eab00000,0x00000000ecb00000)
  from space 2560K, 99% used [0x00000000ecb00000,0x00000000ecd7c010,0x00000000ecd80000)
  to   space 2560K, 0% used [0x00000000eed80000,0x00000000eed80000,0x00000000ef000000)
 ParOldGen       total 44032K, used 5347K [0x00000000c0000000, 0x00000000c2b00000, 0x00000000eab00000)
  object space 44032K, 12% used [0x00000000c0000000,0x00000000c0538d88,0x00000000c2b00000)
 Metaspace       used 12143K, capacity 12364K, committed 12672K, reserved 1060864K
  class space    used 1492K, capacity 1541K, committed 1664K, reserved 1048576K
}
Event: 4.992 GC heap before
{Heap before GC invocations=4 (full 0):
 PSYoungGen      total 35328K, used 35312K [0x00000000eab00000, 0x00000000ef000000, 0x0000000100000000)
  eden space 32768K, 100% used [0x00000000eab00000,0x00000000ecb00000,0x00000000ecb00000)
  from space 2560K, 99% used [0x00000000ecb00000,0x00000000ecd7c010,0x00000000ecd80000)
  to   space 2560K, 0% used [0x00000000eed80000,0x00000000eed80000,0x00000000ef000000)
 ParOldGen       total 44032K, used 5347K [0x00000000c0000000, 0x00000000c2b00000, 0x00000000eab00000)
  object space 44032K, 12% used [0x00000000c0000000,0x00000000c0538d88,0x00000000c2b00000)
 Metaspace       used 13138K, capacity 13438K, committed 13824K, reserved 1060864K
  class space    used 1601K, capacity 1683K, committed 1792K, reserved 1048576K
Event: 5.021 GC heap after
Heap after GC invocations=4 (full 0):
 PSYoungGen      total 68096K, used 2544K [0x00000000eab00000, 0x00000000ef000000, 0x0000000100000000)
  eden space 65536K, 0% used [0x00000000eab00000,0x00000000eab00000,0x00000000eeb00000)
  from space 2560K, 99% used [0x00000000eed80000,0x00000000eeffc010,0x00000000ef000000)
  to   space 2560K, 0% used [0x00000000eeb00000,0x00000000eeb00000,0x00000000eed80000)
 ParOldGen       total 44032K, used 7611K [0x00000000c0000000, 0x00000000c2b00000, 0x00000000eab00000)
  object space 44032K, 17% used [0x00000000c0000000,0x00000000c076ee60,0x00000000c2b00000)
 Metaspace       used 13138K, capacity 13438K, committed 13824K, reserved 1060864K
  class space    used 1601K, capacity 1683K, committed 1792K, reserved 1048576K
}

Deoptimization events (10 events):
Event: 4.732 Thread 0x000000000288d800 Uncommon trap: reason=bimorphic action=maybe_recompile pc=0x0000000002e40dc8 method=java.util.concurrent.ConcurrentHashMap.get(Ljava/lang/Object;)Ljava/lang/Object; @ 149
Event: 4.750 Thread 0x000000000288d800 Uncommon trap: reason=bimorphic action=maybe_recompile pc=0x0000000002e40dc8 method=java.util.concurrent.ConcurrentHashMap.get(Ljava/lang/Object;)Ljava/lang/Object; @ 149
Event: 4.779 Thread 0x000000000288d800 Uncommon trap: reason=bimorphic action=maybe_recompile pc=0x0000000002e40dc8 method=java.util.concurrent.ConcurrentHashMap.get(Ljava/lang/Object;)Ljava/lang/Object; @ 149
Event: 4.865 Thread 0x000000000288d800 Uncommon trap: reason=unstable_if action=reinterpret pc=0x0000000002fc7fbc method=org.apache.maven.model.io.xpp3.MavenXpp3Reader.nextTag(Lorg/codehaus/plexus/util/xml/pull/XmlPullParser;)I @ 9
Event: 5.237 Thread 0x000000000288d800 Uncommon trap: reason=speculate_class_check action=maybe_recompile pc=0x0000000002f6f13c method=java.nio.charset.CharsetDecoder.decode(Ljava/nio/ByteBuffer;Ljava/nio/CharBuffer;Z)Ljava/nio/charset/CoderResult; @ 57
Event: 5.238 Thread 0x000000000288d800 Uncommon trap: reason=speculate_class_check action=maybe_recompile pc=0x0000000002f6f13c method=java.nio.charset.CharsetDecoder.decode(Ljava/nio/ByteBuffer;Ljava/nio/CharBuffer;Z)Ljava/nio/charset/CoderResult; @ 57
Event: 5.239 Thread 0x000000000288d800 Uncommon trap: reason=speculate_class_check action=maybe_recompile pc=0x0000000002e7b200 method=java.nio.charset.CharsetDecoder.decode(Ljava/nio/ByteBuffer;Ljava/nio/CharBuffer;Z)Ljava/nio/charset/CoderResult; @ 57
Event: 5.248 Thread 0x000000000288d800 Uncommon trap: reason=class_check action=maybe_recompile pc=0x0000000002efe964 method=org.apache.maven.model.interpolation.StringSearchModelInterpolator$InterpolateObjectAction.interpolateMapField(Ljava/lang/Object;Ljava/lang/reflect/Field;)V @ 126
Event: 5.585 Thread 0x000000000288d800 Uncommon trap: reason=unstable_if action=reinterpret pc=0x0000000002f93e5c method=java.util.LinkedHashMap.afterNodeInsertion(Z)V @ 18
Event: 5.591 Thread 0x000000000288d800 Uncommon trap: reason=unstable_if action=reinterpret pc=0x000000000306c648 method=java.util.IdentityHashMap.nextKeyIndex(II)I @ 4

Internal exceptions (10 events):
Event: 1.651 Thread 0x000000000288d800 Exception <a 'java/lang/ArrayIndexOutOfBoundsException'> (0x00000000eb5ca6c0) thrown at [C:\re\workspace\8-2-build-windows-amd64-cygwin\jdk8u91\6644\hotspot\src\share\vm\runtime\sharedRuntime.cpp, line 605]
Event: 1.810 Thread 0x000000000288d800 Exception <a 'java/lang/NoClassDefFoundError': org/slf4j/Logger> (0x00000000eba7c3c0) thrown at [C:\re\workspace\8-2-build-windows-amd64-cygwin\jdk8u91\6644\hotspot\src\share\vm\classfile\systemDictionary.cpp, line 199]
Event: 1.911 Thread 0x000000000288d800 Exception <a 'java/lang/NoClassDefFoundError': org/slf4j/LoggerFactory> (0x00000000ead503d0) thrown at [C:\re\workspace\8-2-build-windows-amd64-cygwin\jdk8u91\6644\hotspot\src\share\vm\classfile\systemDictionary.cpp, line 199]
Event: 1.911 Thread 0x000000000288d800 Exception <a 'java/lang/NoClassDefFoundError'> (0x00000000ead503d0) thrown at [C:\re\workspace\8-2-build-windows-amd64-cygwin\jdk8u91\6644\hotspot\src\share\vm\oops\instanceKlass.cpp, line 948]
Event: 2.468 Thread 0x000000000288d800 Implicit null exception at 0x0000000002b60d5b to 0x0000000002b60f0d
Event: 3.083 Thread 0x000000000288d800 Implicit null exception at 0x0000000002d28c15 to 0x0000000002d28ded
Event: 3.083 Thread 0x000000000288d800 Implicit null exception at 0x0000000002c7aaaf to 0x0000000002c7ab19
Event: 3.209 Thread 0x000000000288d800 Implicit null exception at 0x0000000002e3c951 to 0x0000000002e3d941
Event: 3.395 Thread 0x000000000288d800 Implicit null exception at 0x0000000002d0237b to 0x0000000002d0292d
Event: 4.427 Thread 0x000000000288d800 Exception <a 'java/lang/NoClassDefFoundError': org/slf4j/Logger> (0x00000000ebe34ee0) thrown at [C:\re\workspace\8-2-build-windows-amd64-cygwin\jdk8u91\6644\hotspot\src\share\vm\oops\constantPool.cpp, line 235]

Events (10 events):
Event: 5.248 Thread 0x000000000288d800 DEOPT PACKING pc=0x0000000002efe964 sp=0x000000000279c6e0
Event: 5.248 Thread 0x000000000288d800 DEOPT UNPACKING pc=0x00000000029d556a sp=0x000000000279c618 mode 2
Event: 5.388 loading class org/sonatype/aether/collection/DependencyManagement
Event: 5.388 loading class org/sonatype/aether/collection/DependencyManagement done
Event: 5.585 Thread 0x000000000288d800 Uncommon trap: trap_request=0xffffff65 fr.pc=0x0000000002f93e5c
Event: 5.585 Thread 0x000000000288d800 DEOPT PACKING pc=0x0000000002f93e5c sp=0x000000000279d260
Event: 5.585 Thread 0x000000000288d800 DEOPT UNPACKING pc=0x00000000029d556a sp=0x000000000279d1e8 mode 2
Event: 5.591 Thread 0x000000000288d800 Uncommon trap: trap_request=0xffffff65 fr.pc=0x000000000306c648
Event: 5.591 Thread 0x000000000288d800 DEOPT PACKING pc=0x000000000306c648 sp=0x000000000279d7b0
Event: 5.591 Thread 0x000000000288d800 DEOPT UNPACKING pc=0x00000000029d556a sp=0x000000000279d6d8 mode 2


Dynamic libraries:
0x00007ff6cebd0000 - 0x00007ff6cec07000 	C:\Program Files\Java\jdk1.8.0_91\bin\java.exe
0x00007ffa8cfe0000 - 0x00007ffa8d1b1000 	C:\WINDOWS\SYSTEM32\ntdll.dll
0x00007ffa8c530000 - 0x00007ffa8c5db000 	C:\WINDOWS\System32\KERNEL32.DLL
0x00007ffa71e90000 - 0x00007ffa71ee4000 	C:\Program Files (x86)\AVG\Av\avghooka.dll
0x00007ffa8a350000 - 0x00007ffa8a56d000 	C:\WINDOWS\System32\KERNELBASE.dll
0x00007ffa8c890000 - 0x00007ffa8c932000 	C:\WINDOWS\System32\ADVAPI32.dll
0x00007ffa8a970000 - 0x00007ffa8aa0e000 	C:\WINDOWS\System32\msvcrt.dll
0x00007ffa8cd50000 - 0x00007ffa8cda9000 	C:\WINDOWS\System32\sechost.dll
0x00007ffa8c400000 - 0x00007ffa8c521000 	C:\WINDOWS\System32\RPCRT4.dll
0x00007ffa8c6e0000 - 0x00007ffa8c845000 	C:\WINDOWS\System32\USER32.dll
0x00007ffa89ee0000 - 0x00007ffa89efe000 	C:\WINDOWS\System32\win32u.dll
0x00007ffa8cbb0000 - 0x00007ffa8cbe4000 	C:\WINDOWS\System32\GDI32.dll
0x00007ffa89fa0000 - 0x00007ffa8a122000 	C:\WINDOWS\System32\gdi32full.dll
0x00007ffa7bf60000 - 0x00007ffa7c1d9000 	C:\WINDOWS\WinSxS\amd64_microsoft.windows.common-controls_6595b64144ccf1df_6.0.14393.447_none_42191651c6827bb3\COMCTL32.dll
0x00007ffa8a570000 - 0x00007ffa8a838000 	C:\WINDOWS\System32\combase.dll
0x00007ffa89d30000 - 0x00007ffa89e25000 	C:\WINDOWS\System32\ucrtbase.dll
0x00007ffa89530000 - 0x00007ffa8959a000 	C:\WINDOWS\System32\bcryptPrimitives.dll
0x00007ffa8c860000 - 0x00007ffa8c88e000 	C:\WINDOWS\System32\IMM32.DLL
0x0000000054d30000 - 0x0000000054e02000 	C:\Program Files\Java\jdk1.8.0_91\jre\bin\msvcr100.dll
0x0000000054e10000 - 0x00000000556a3000 	C:\Program Files\Java\jdk1.8.0_91\jre\bin\server\jvm.dll
0x00007ffa8aa10000 - 0x00007ffa8aa18000 	C:\WINDOWS\System32\PSAPI.DLL
0x00007ffa87830000 - 0x00007ffa87839000 	C:\WINDOWS\SYSTEM32\WSOCK32.dll
0x00007ffa8ca80000 - 0x00007ffa8caea000 	C:\WINDOWS\System32\WS2_32.dll
0x00007ffa87450000 - 0x00007ffa87473000 	C:\WINDOWS\SYSTEM32\WINMM.dll
0x00007ffa844e0000 - 0x00007ffa844ea000 	C:\WINDOWS\SYSTEM32\VERSION.dll
0x00007ffa873f0000 - 0x00007ffa8741b000 	C:\WINDOWS\SYSTEM32\WINMMBASE.dll
0x00007ffa8a300000 - 0x00007ffa8a342000 	C:\WINDOWS\System32\cfgmgr32.dll
0x0000000054ce0000 - 0x0000000054cef000 	C:\Program Files\Java\jdk1.8.0_91\jre\bin\verify.dll
0x0000000054cb0000 - 0x0000000054cd9000 	C:\Program Files\Java\jdk1.8.0_91\jre\bin\java.dll
0x0000000054c90000 - 0x0000000054ca6000 	C:\Program Files\Java\jdk1.8.0_91\jre\bin\zip.dll
0x00007ffa8aef0000 - 0x00007ffa8c3f9000 	C:\WINDOWS\System32\SHELL32.dll
0x00007ffa89650000 - 0x00007ffa89d2a000 	C:\WINDOWS\System32\windows.storage.dll
0x00007ffa89470000 - 0x00007ffa894bc000 	C:\WINDOWS\System32\powrprof.dll
0x00007ffa8cf50000 - 0x00007ffa8cfa2000 	C:\WINDOWS\System32\shlwapi.dll
0x00007ffa894c0000 - 0x00007ffa894cf000 	C:\WINDOWS\System32\kernel.appcore.dll
0x00007ffa89e30000 - 0x00007ffa89ed9000 	C:\WINDOWS\System32\shcore.dll
0x00007ffa89440000 - 0x00007ffa89454000 	C:\WINDOWS\System32\profapi.dll
0x0000000054c70000 - 0x0000000054c8a000 	C:\Program Files\Java\jdk1.8.0_91\jre\bin\net.dll
0x00007ffa88d70000 - 0x00007ffa88dcc000 	C:\WINDOWS\system32\mswsock.dll
0x0000000054c50000 - 0x0000000054c61000 	C:\Program Files\Java\jdk1.8.0_91\jre\bin\nio.dll
0x00007ffa7a530000 - 0x00007ffa7a6c2000 	C:\WINDOWS\SYSTEM32\dbghelp.dll

VM Arguments:
jvm_args: -Dclassworlds.conf=C:\Program Files\NetBeans 8.2\java\maven\bin\m2.conf -Dmaven.home=C:\Program Files\NetBeans 8.2\java\maven 
java_command: org.codehaus.plexus.classworlds.launcher.Launcher -Dmaven.ext.class.path=C:\Program Files\NetBeans 8.2\java\maven-nblib\netbeans-eventspy.jar -Dfile.encoding=UTF-8 test
java_class_path (initial): C:\Program Files\NetBeans 8.2\java\maven\boot\plexus-classworlds-2.4.jar
Launcher Type: SUN_STANDARD

Environment Variables:
JAVA_HOME=C:\Program Files\Java\jdk1.8.0_91
PATH=C:\ProgramData\Oracle\Java\javapath;C:\WINDOWS\system32;C:\WINDOWS;C:\WINDOWS\System32\Wbem;C:\WINDOWS\System32\WindowsPowerShell\v1.0\;C:\Program Files (x86)\Skype\Phone\;C:\Program Files (x86)\NVIDIA Corporation\PhysX\Common;C:\WINDOWS\system32;C:\WINDOWS;C:\WINDOWS\System32\Wbem;C:\WINDOWS\System32\WindowsPowerShell\v1.0\;C:\Users\jaakk_000\AppData\Local\Microsoft\WindowsApps;
USERNAME=jaakk_000
OS=Windows_NT
PROCESSOR_IDENTIFIER=Intel64 Family 6 Model 23 Stepping 10, GenuineIntel



---------------  S Y S T E M  ---------------

OS: Windows 10.0 , 64 bit Build 14393 (10.0.14393.0)

CPU:total 4 (4 cores per cpu, 1 threads per core) family 6 model 23 stepping 10, cmov, cx8, fxsr, mmx, sse, sse2, sse3, ssse3, sse4.1, tsc

Memory: 4k page, physical 4193268k(848200k free), swap 6828564k(1265216k free)

vm_info: Java HotSpot(TM) 64-Bit Server VM (25.91-b14) for windows-amd64 JRE (1.8.0_91-b14), built on Apr  1 2016 00:58:32 by "java_re" with MS VC++ 10.0 (VS2010)

time: Fri Jan 27 22:49:14 2017
elapsed time: 5 seconds (0d 0h 0m 5s)

