#
# A fatal error has been detected by the Java Runtime Environment:
#
#  EXCEPTION_ACCESS_VIOLATION (0xc0000005) at pc=0xffffffffa3b95120, pid=12280, tid=13204
#
# JRE version: Java(TM) SE Runtime Environment (8.0_91-b14) (build 1.8.0_91-b14)
# Java VM: Java HotSpot(TM) 64-Bit Server VM (25.91-b14 mixed mode windows-amd64 compressed oops)
# Problematic frame:
# C  0xffffffffa3b95120
#
# Failed to write core dump. Minidumps are not enabled by default on client versions of Windows
#
# If you would like to submit a bug report, please visit:
#   http://bugreport.java.com/bugreport/crash.jsp
#

---------------  T H R E A D  ---------------

Current thread (0x00000000028fd800):  JavaThread "main" [_thread_in_Java, id=13204, stack(0x0000000002990000,0x0000000002a90000)]

siginfo: ExceptionCode=0xc0000005, ExceptionInformation=0x0000000000000008 0xffffffffa3b95120

Registers:
RAX=0x0000000000000000, RBX=0x0000000000000000, RCX=0x0000000018a24b88, RDX=0x00000000ec3d0820
RSP=0x0000000002a8d1a8, RBP=0x0000000002a8d3f8, RSI=0x00000000ecd90010, RDI=0x00000000ec3d0820
R8 =0x0000000000000001, R9 =0x00000000ec686508, R10=0x0000000000000010, R11=0x0000000000000118
R12=0x0000000000000000, R13=0x0000000000001432, R14=0x00000000ec6875d8, R15=0x00000000028fd800
RIP=0xffffffffa3b95120, EFLAGS=0x0000000000010202

Top of Stack: (sp=0x0000000002a8d1a8)
0x0000000002a8d1a8:   0000000002fa8e8c ffffffffffffffff
0x0000000002a8d1b8:   0000000018b493a0 00000000ecda91b8
0x0000000002a8d1c8:   0000000002fd19cc 0000000017b410c0
0x0000000002a8d1d8:   0000000002d0a340 00000000ecda91b8
0x0000000002a8d1e8:   00000000eb1de2d8 00000000ecd90010
0x0000000002a8d1f8:   00000000028fd800 000000005dfca332
0x0000000002a8d208:   0000000002e83b74 00000000028fd800
0x0000000002a8d218:   00000000ec3d0820 00000000ecd90010
0x0000000002a8d228:   00000000ec6875d8 00000000ec686508
0x0000000002a8d238:   0000000000000000 00000000ecda91b8
0x0000000002a8d248:   00000000ec23ff68 00000000c00a17f0
0x0000000002a8d258:   00000000ec6866e8 00000000ecda91b8
0x0000000002a8d268:   00000000eb1de298 00000000ecda91b8
0x0000000002a8d278:   00000000ecd90010 00000000ec3d0820
0x0000000002a8d288:   0000000002fd1560 0000000000000138
0x0000000002a8d298:   0000000000000206 0000000002a8d3f8 

Instructions: (pc=0xffffffffa3b95120)
0xffffffffa3b95100:   
[error occurred during error reporting (printing registers, top of stack, instructions near pc), id 0xc0000005]

Register to memory mapping:

RAX=0x0000000000000000 is an unknown value
RBX=0x0000000000000000 is an unknown value
RCX=0x0000000018a24b88 is pointing into metadata
RDX=0x00000000ec3d0820 is an oop
java.lang.reflect.Field 
 - klass: 'java/lang/reflect/Field'
RSP=0x0000000002a8d1a8 is pointing into the stack for thread: 0x00000000028fd800
RBP=0x0000000002a8d3f8 is pointing into the stack for thread: 0x00000000028fd800
RSI=0x00000000ecd90010 is an oop
java.lang.Class 
 - klass: 'java/lang/Class'
RDI=0x00000000ec3d0820 is an oop
java.lang.reflect.Field 
 - klass: 'java/lang/reflect/Field'
R8 =0x0000000000000001 is an unknown value
R9 =0x00000000ec686508 is an oop
org.codehaus.plexus.util.xml.Xpp3Dom 
 - klass: 'org/codehaus/plexus/util/xml/Xpp3Dom'
R10=0x0000000000000010 is an unknown value
R11=0x0000000000000118 is an unknown value
R12=0x0000000000000000 is an unknown value
R13=0x0000000000001432 is an unknown value
R14=0x00000000ec6875d8 is an oop
org.apache.maven.model.interpolation.StringSearchModelInterpolator$InterpolateObjectAction 
 - klass: 'org/apache/maven/model/interpolation/StringSearchModelInterpolator$InterpolateObjectAction'
R15=0x00000000028fd800 is a thread


Stack: [0x0000000002990000,0x0000000002a90000],  sp=0x0000000002a8d1a8,  free space=1012k
Native frames: (J=compiled Java code, j=interpreted, Vv=VM code, C=native code)
C  0xffffffffa3b95120


---------------  P R O C E S S  ---------------

Java Threads: ( => current thread )
  0x00000000152bd800 JavaThread "Service Thread" daemon [_thread_blocked, id=8620, stack(0x0000000016fb0000,0x00000000170b0000)]
  0x0000000015268800 JavaThread "C1 CompilerThread2" daemon [_thread_blocked, id=9172, stack(0x0000000016ab0000,0x0000000016bb0000)]
  0x0000000015263800 JavaThread "C2 CompilerThread1" daemon [_thread_blocked, id=604, stack(0x00000000169b0000,0x0000000016ab0000)]
  0x000000001525d800 JavaThread "C2 CompilerThread0" daemon [_thread_in_native, id=7180, stack(0x00000000168b0000,0x00000000169b0000)]
  0x000000001525c800 JavaThread "Attach Listener" daemon [_thread_blocked, id=9756, stack(0x00000000167b0000,0x00000000168b0000)]
  0x000000001525b000 JavaThread "Signal Dispatcher" daemon [_thread_blocked, id=11292, stack(0x00000000166b0000,0x00000000167b0000)]
  0x000000001524a800 JavaThread "Finalizer" daemon [_thread_blocked, id=11632, stack(0x00000000164c0000,0x00000000165c0000)]
  0x0000000002b80000 JavaThread "Reference Handler" daemon [_thread_blocked, id=4864, stack(0x00000000163c0000,0x00000000164c0000)]
=>0x00000000028fd800 JavaThread "main" [_thread_in_Java, id=13204, stack(0x0000000002990000,0x0000000002a90000)]

Other Threads:
  0x0000000015227800 VMThread [stack: 0x00000000162c0000,0x00000000163c0000] [id=368]
  0x0000000016bdc800 WatcherThread [stack: 0x00000000170b0000,0x00000000171b0000] [id=10588]

VM state:not at safepoint (normal execution)

VM Mutex/Monitor currently owned by a thread: None

Heap:
 PSYoungGen      total 35328K, used 30978K [0x00000000eab00000, 0x00000000ed000000, 0x0000000100000000)
  eden space 32768K, 86% used [0x00000000eab00000,0x00000000ec6c2ae0,0x00000000ecb00000)
  from space 2560K, 99% used [0x00000000ecd80000,0x00000000ecffddc8,0x00000000ed000000)
  to   space 2560K, 0% used [0x00000000ecb00000,0x00000000ecb00000,0x00000000ecd80000)
 ParOldGen       total 44032K, used 745K [0x00000000c0000000, 0x00000000c2b00000, 0x00000000eab00000)
  object space 44032K, 1% used [0x00000000c0000000,0x00000000c00ba568,0x00000000c2b00000)
 Metaspace       used 12014K, capacity 12172K, committed 12416K, reserved 1060864K
  class space    used 1483K, capacity 1541K, committed 1664K, reserved 1048576K

Card table byte_map: [0x0000000011f50000,0x0000000012160000] byte_map_base: 0x0000000011950000

Marking Bits: (ParMarkBitMap*) 0x0000000076ed2f70
 Begin Bits: [0x00000000126c0000, 0x00000000136c0000)
 End Bits:   [0x00000000136c0000, 0x00000000146c0000)

Polling page: 0x0000000002800000

CodeCache: size=245760Kb used=4364Kb max_used=4372Kb free=241395Kb
 bounds [0x0000000002b90000, 0x0000000002fe0000, 0x0000000011b90000]
 total_blobs=1570 nmethods=1253 adapters=231
 compilation: enabled

Compilation events (10 events):
Event: 2.210 Thread 0x0000000015263800 1253       4       java.lang.reflect.AccessibleObject::setAccessible0 (42 bytes)
Event: 2.211 Thread 0x0000000015268800 nmethod 1251 0x0000000002fd2f50 code [0x0000000002fd30e0, 0x0000000002fd35b8]
Event: 2.211 Thread 0x0000000015268800 1250       1       java.util.LinkedList::size (5 bytes)
Event: 2.211 Thread 0x0000000015268800 nmethod 1250 0x0000000002fd3750 code [0x0000000002fd38a0, 0x0000000002fd39b0]
Event: 2.211 Thread 0x0000000015268800 1247       3       java.util.AbstractList$Itr::<init> (6 bytes)
Event: 2.211 Thread 0x0000000015268800 nmethod 1247 0x0000000002fd3a10 code [0x0000000002fd3b80, 0x0000000002fd3dd0]
Event: 2.211 Thread 0x0000000015268800 1252       3       java.util.LinkedList::add (7 bytes)
Event: 2.211 Thread 0x0000000015268800 nmethod 1252 0x0000000002fd3f10 code [0x0000000002fd4080, 0x0000000002fd4208]
Event: 2.211 Thread 0x0000000015268800 1254       3       org.apache.maven.model.interpolation.StringSearchModelInterpolator$InterpolateObjectAction::evaluateArray (98 bytes)
Event: 2.212 Thread 0x0000000015263800 nmethod 1253 0x0000000002fd6f10 code [0x0000000002fd7060, 0x0000000002fd70d8]

GC Heap History (4 events):
Event: 0.842 GC heap before
{Heap before GC invocations=1 (full 0):
 PSYoungGen      total 18944K, used 16384K [0x00000000eab00000, 0x00000000ec000000, 0x0000000100000000)
  eden space 16384K, 100% used [0x00000000eab00000,0x00000000ebb00000,0x00000000ebb00000)
  from space 2560K, 0% used [0x00000000ebd80000,0x00000000ebd80000,0x00000000ec000000)
  to   space 2560K, 0% used [0x00000000ebb00000,0x00000000ebb00000,0x00000000ebd80000)
 ParOldGen       total 44032K, used 0K [0x00000000c0000000, 0x00000000c2b00000, 0x00000000eab00000)
  object space 44032K, 0% used [0x00000000c0000000,0x00000000c0000000,0x00000000c2b00000)
 Metaspace       used 6692K, capacity 6812K, committed 7040K, reserved 1056768K
  class space    used 821K, capacity 888K, committed 896K, reserved 1048576K
Event: 0.859 GC heap after
Heap after GC invocations=1 (full 0):
 PSYoungGen      total 18944K, used 2543K [0x00000000eab00000, 0x00000000ed000000, 0x0000000100000000)
  eden space 16384K, 0% used [0x00000000eab00000,0x00000000eab00000,0x00000000ebb00000)
  from space 2560K, 99% used [0x00000000ebb00000,0x00000000ebd7bf68,0x00000000ebd80000)
  to   space 2560K, 0% used [0x00000000ecd80000,0x00000000ecd80000,0x00000000ed000000)
 ParOldGen       total 44032K, used 644K [0x00000000c0000000, 0x00000000c2b00000, 0x00000000eab00000)
  object space 44032K, 1% used [0x00000000c0000000,0x00000000c00a12e8,0x00000000c2b00000)
 Metaspace       used 6692K, capacity 6812K, committed 7040K, reserved 1056768K
  class space    used 821K, capacity 888K, committed 896K, reserved 1048576K
}
Event: 1.197 GC heap before
{Heap before GC invocations=2 (full 0):
 PSYoungGen      total 18944K, used 18927K [0x00000000eab00000, 0x00000000ed000000, 0x0000000100000000)
  eden space 16384K, 100% used [0x00000000eab00000,0x00000000ebb00000,0x00000000ebb00000)
  from space 2560K, 99% used [0x00000000ebb00000,0x00000000ebd7bf68,0x00000000ebd80000)
  to   space 2560K, 0% used [0x00000000ecd80000,0x00000000ecd80000,0x00000000ed000000)
 ParOldGen       total 44032K, used 644K [0x00000000c0000000, 0x00000000c2b00000, 0x00000000eab00000)
  object space 44032K, 1% used [0x00000000c0000000,0x00000000c00a12e8,0x00000000c2b00000)
 Metaspace       used 7718K, capacity 7842K, committed 7936K, reserved 1056768K
  class space    used 978K, capacity 1017K, committed 1024K, reserved 1048576K
Event: 1.205 GC heap after
Heap after GC invocations=2 (full 0):
 PSYoungGen      total 35328K, used 2551K [0x00000000eab00000, 0x00000000ed000000, 0x0000000100000000)
  eden space 32768K, 0% used [0x00000000eab00000,0x00000000eab00000,0x00000000ecb00000)
  from space 2560K, 99% used [0x00000000ecd80000,0x00000000ecffddc8,0x00000000ed000000)
  to   space 2560K, 0% used [0x00000000ecb00000,0x00000000ecb00000,0x00000000ecd80000)
 ParOldGen       total 44032K, used 745K [0x00000000c0000000, 0x00000000c2b00000, 0x00000000eab00000)
  object space 44032K, 1% used [0x00000000c0000000,0x00000000c00ba568,0x00000000c2b00000)
 Metaspace       used 7718K, capacity 7842K, committed 7936K, reserved 1056768K
  class space    used 978K, capacity 1017K, committed 1024K, reserved 1048576K
}

Deoptimization events (10 events):
Event: 1.351 Thread 0x00000000028fd800 Uncommon trap: reason=bimorphic action=maybe_recompile pc=0x0000000002ebfd58 method=java.util.HashMap.putVal(ILjava/lang/Object;Ljava/lang/Object;ZZ)Ljava/lang/Object; @ 203
Event: 1.351 Thread 0x00000000028fd800 Uncommon trap: reason=bimorphic action=maybe_recompile pc=0x0000000002ebfd58 method=java.util.HashMap.putVal(ILjava/lang/Object;Ljava/lang/Object;ZZ)Ljava/lang/Object; @ 203
Event: 1.351 Thread 0x00000000028fd800 Uncommon trap: reason=bimorphic action=maybe_recompile pc=0x0000000002ebfd58 method=java.util.HashMap.putVal(ILjava/lang/Object;Ljava/lang/Object;ZZ)Ljava/lang/Object; @ 203
Event: 1.351 Thread 0x00000000028fd800 Uncommon trap: reason=bimorphic action=maybe_recompile pc=0x0000000002ebfd58 method=java.util.HashMap.putVal(ILjava/lang/Object;Ljava/lang/Object;ZZ)Ljava/lang/Object; @ 203
Event: 1.773 Thread 0x00000000028fd800 Uncommon trap: reason=null_check action=make_not_entrant pc=0x0000000002d6105c method=java.lang.String.equals(Ljava/lang/Object;)Z @ 8
Event: 1.801 Thread 0x00000000028fd800 Uncommon trap: reason=unstable_if action=reinterpret pc=0x0000000002e66e80 method=org.codehaus.plexus.util.xml.pull.MXParser.parseStartTag()I @ 443
Event: 1.828 Thread 0x00000000028fd800 Uncommon trap: reason=class_check action=maybe_recompile pc=0x0000000002e1f890 method=java.nio.charset.CharsetDecoder.decode(Ljava/nio/ByteBuffer;Ljava/nio/CharBuffer;Z)Ljava/nio/charset/CoderResult; @ 57
Event: 1.882 Thread 0x00000000028fd800 Uncommon trap: reason=class_check action=maybe_recompile pc=0x0000000002e1f890 method=java.nio.charset.CharsetDecoder.decode(Ljava/nio/ByteBuffer;Ljava/nio/CharBuffer;Z)Ljava/nio/charset/CoderResult; @ 57
Event: 1.883 Thread 0x00000000028fd800 Uncommon trap: reason=class_check action=maybe_recompile pc=0x0000000002e1f890 method=java.nio.charset.CharsetDecoder.decode(Ljava/nio/ByteBuffer;Ljava/nio/CharBuffer;Z)Ljava/nio/charset/CoderResult; @ 57
Event: 2.025 Thread 0x00000000028fd800 Uncommon trap: reason=unstable_if action=reinterpret pc=0x0000000002d31be8 method=java.lang.String.replace(CC)Ljava/lang/String; @ 2

Internal exceptions (10 events):
Event: 0.614 Thread 0x00000000028fd800 Exception <a 'java/lang/ArrayIndexOutOfBoundsException': 92> (0x00000000eb4a7630) thrown at [C:\re\workspace\8-2-build-windows-amd64-cygwin\jdk8u91\6644\hotspot\src\share\vm\interpreter\interpreterRuntime.cpp, line 366]
Event: 0.683 Thread 0x00000000028fd800 Exception <a 'java/lang/ArrayIndexOutOfBoundsException'> (0x00000000eb6ee2a0) thrown at [C:\re\workspace\8-2-build-windows-amd64-cygwin\jdk8u91\6644\hotspot\src\share\vm\runtime\sharedRuntime.cpp, line 605]
Event: 0.684 Thread 0x00000000028fd800 Exception <a 'java/lang/ArrayIndexOutOfBoundsException'> (0x00000000eb6ef9c8) thrown at [C:\re\workspace\8-2-build-windows-amd64-cygwin\jdk8u91\6644\hotspot\src\share\vm\runtime\sharedRuntime.cpp, line 605]
Event: 0.699 Thread 0x00000000028fd800 Exception <a 'java/lang/ArrayIndexOutOfBoundsException'> (0x00000000eb74eac8) thrown at [C:\re\workspace\8-2-build-windows-amd64-cygwin\jdk8u91\6644\hotspot\src\share\vm\runtime\sharedRuntime.cpp, line 605]
Event: 1.037 Thread 0x00000000028fd800 Exception <a 'java/lang/ArrayIndexOutOfBoundsException'> (0x00000000eb5cdc38) thrown at [C:\re\workspace\8-2-build-windows-amd64-cygwin\jdk8u91\6644\hotspot\src\share\vm\runtime\sharedRuntime.cpp, line 605]
Event: 1.037 Thread 0x00000000028fd800 Exception <a 'java/lang/ArrayIndexOutOfBoundsException'> (0x00000000eb5cf8e0) thrown at [C:\re\workspace\8-2-build-windows-amd64-cygwin\jdk8u91\6644\hotspot\src\share\vm\runtime\sharedRuntime.cpp, line 605]
Event: 1.184 Thread 0x00000000028fd800 Exception <a 'java/lang/NoClassDefFoundError': org/slf4j/Logger> (0x00000000eba80658) thrown at [C:\re\workspace\8-2-build-windows-amd64-cygwin\jdk8u91\6644\hotspot\src\share\vm\classfile\systemDictionary.cpp, line 199]
Event: 1.283 Thread 0x00000000028fd800 Exception <a 'java/lang/NoClassDefFoundError': org/slf4j/LoggerFactory> (0x00000000ead54788) thrown at [C:\re\workspace\8-2-build-windows-amd64-cygwin\jdk8u91\6644\hotspot\src\share\vm\classfile\systemDictionary.cpp, line 199]
Event: 1.283 Thread 0x00000000028fd800 Exception <a 'java/lang/NoClassDefFoundError'> (0x00000000ead54788) thrown at [C:\re\workspace\8-2-build-windows-amd64-cygwin\jdk8u91\6644\hotspot\src\share\vm\oops\instanceKlass.cpp, line 948]
Event: 1.773 Thread 0x00000000028fd800 Implicit null exception at 0x0000000002d60e9b to 0x0000000002d6104d

Events (10 events):
Event: 2.138 loading class org/apache/maven/repository/internal/DefaultModelCache$Key
Event: 2.138 loading class org/apache/maven/repository/internal/DefaultModelCache$Key done
Event: 2.141 Thread 0x00000000028fd800 DEOPT PACKING pc=0x0000000002d1085a sp=0x0000000002a8d790
Event: 2.141 Thread 0x00000000028fd800 DEOPT UNPACKING pc=0x0000000002bd71bf sp=0x0000000002a8d638 mode 0
Event: 2.146 loading class org/apache/maven/model/Site
Event: 2.146 loading class org/apache/maven/model/Site done
Event: 2.164 loading class org/apache/maven/model/ActivationFile
Event: 2.164 loading class org/apache/maven/model/ActivationFile done
Event: 2.187 loading class java/util/Collections$SingletonList
Event: 2.188 loading class java/util/Collections$SingletonList done


Dynamic libraries:
0x00007ff636d50000 - 0x00007ff636d87000 	C:\Program Files\Java\jdk1.8.0_91\bin\java.exe
0x00007ffb9f7e0000 - 0x00007ffb9f9b1000 	C:\WINDOWS\SYSTEM32\ntdll.dll
0x00007ffb9e000000 - 0x00007ffb9e0ab000 	C:\WINDOWS\System32\KERNEL32.DLL
0x00007ffb83070000 - 0x00007ffb830c4000 	C:\Program Files (x86)\AVG\Av\avghooka.dll
0x00007ffb9bf60000 - 0x00007ffb9c17d000 	C:\WINDOWS\System32\KERNELBASE.dll
0x00007ffb9cf20000 - 0x00007ffb9cfc2000 	C:\WINDOWS\System32\ADVAPI32.dll
0x00007ffb9d410000 - 0x00007ffb9d4ae000 	C:\WINDOWS\System32\msvcrt.dll
0x00007ffb9e0b0000 - 0x00007ffb9e109000 	C:\WINDOWS\System32\sechost.dll
0x00007ffb9cd90000 - 0x00007ffb9ceb1000 	C:\WINDOWS\System32\RPCRT4.dll
0x00007ffb9de90000 - 0x00007ffb9dff5000 	C:\WINDOWS\System32\USER32.dll
0x00007ffb9bcd0000 - 0x00007ffb9bcee000 	C:\WINDOWS\System32\win32u.dll
0x00007ffb9dcf0000 - 0x00007ffb9dd24000 	C:\WINDOWS\System32\GDI32.dll
0x00007ffb9cb30000 - 0x00007ffb9ccb2000 	C:\WINDOWS\System32\gdi32full.dll
0x00007ffb91540000 - 0x00007ffb917b9000 	C:\WINDOWS\WinSxS\amd64_microsoft.windows.common-controls_6595b64144ccf1df_6.0.14393.447_none_42191651c6827bb3\COMCTL32.dll
0x00007ffb9d040000 - 0x00007ffb9d308000 	C:\WINDOWS\System32\combase.dll
0x00007ffb9c2a0000 - 0x00007ffb9c395000 	C:\WINDOWS\System32\ucrtbase.dll
0x00007ffb9c180000 - 0x00007ffb9c1ea000 	C:\WINDOWS\System32\bcryptPrimitives.dll
0x00007ffb9e280000 - 0x00007ffb9e2ae000 	C:\WINDOWS\System32\IMM32.DLL
0x00000000765e0000 - 0x00000000766b2000 	C:\Program Files\Java\jdk1.8.0_91\jre\bin\msvcr100.dll
0x00000000766c0000 - 0x0000000076f53000 	C:\Program Files\Java\jdk1.8.0_91\jre\bin\server\jvm.dll
0x00007ffb9f7d0000 - 0x00007ffb9f7d8000 	C:\WINDOWS\System32\PSAPI.DLL
0x00007ffb946b0000 - 0x00007ffb946b9000 	C:\WINDOWS\SYSTEM32\WSOCK32.dll
0x00007ffb9cfd0000 - 0x00007ffb9d03a000 	C:\WINDOWS\System32\WS2_32.dll
0x00007ffb9a0a0000 - 0x00007ffb9a0c3000 	C:\WINDOWS\SYSTEM32\WINMM.dll
0x00007ffb96b90000 - 0x00007ffb96b9a000 	C:\WINDOWS\SYSTEM32\VERSION.dll
0x00007ffb9a070000 - 0x00007ffb9a09b000 	C:\WINDOWS\SYSTEM32\WINMMBASE.dll
0x00007ffb9cd20000 - 0x00007ffb9cd62000 	C:\WINDOWS\System32\cfgmgr32.dll
0x0000000076590000 - 0x000000007659f000 	C:\Program Files\Java\jdk1.8.0_91\jre\bin\verify.dll
0x0000000076560000 - 0x0000000076589000 	C:\Program Files\Java\jdk1.8.0_91\jre\bin\java.dll
0x0000000076540000 - 0x0000000076556000 	C:\Program Files\Java\jdk1.8.0_91\jre\bin\zip.dll
0x00007ffb9e2c0000 - 0x00007ffb9f7c9000 	C:\WINDOWS\System32\SHELL32.dll
0x00007ffb9c3a0000 - 0x00007ffb9ca7a000 	C:\WINDOWS\System32\windows.storage.dll
0x00007ffb9bc70000 - 0x00007ffb9bcbc000 	C:\WINDOWS\System32\powrprof.dll
0x00007ffb9d580000 - 0x00007ffb9d5d2000 	C:\WINDOWS\System32\shlwapi.dll
0x00007ffb9bc60000 - 0x00007ffb9bc6f000 	C:\WINDOWS\System32\kernel.appcore.dll
0x00007ffb9ca80000 - 0x00007ffb9cb29000 	C:\WINDOWS\System32\shcore.dll
0x00007ffb9bc40000 - 0x00007ffb9bc54000 	C:\WINDOWS\System32\profapi.dll
0x0000000076520000 - 0x000000007653a000 	C:\Program Files\Java\jdk1.8.0_91\jre\bin\net.dll
0x00007ffb9b570000 - 0x00007ffb9b5cc000 	C:\WINDOWS\system32\mswsock.dll
0x0000000076500000 - 0x0000000076511000 	C:\Program Files\Java\jdk1.8.0_91\jre\bin\nio.dll
0x00007ffb8a610000 - 0x00007ffb8a7a2000 	C:\WINDOWS\SYSTEM32\dbghelp.dll

VM Arguments:
jvm_args: -Dclassworlds.conf=C:\Program Files\NetBeans 8.2\java\maven\bin\m2.conf -Dmaven.home=C:\Program Files\NetBeans 8.2\java\maven 
java_command: org.codehaus.plexus.classworlds.launcher.Launcher -Dexec.args=-classpath %classpath virpi.virpigame.Main -Dexec.executable=C:\Program Files\Java\jdk1.8.0_91\bin\java.exe -Dmaven.ext.class.path=C:\Program Files\NetBeans 8.2\java\maven-nblib\netbeans-eventspy.jar -Dfile.encoding=UTF-8 org.codehaus.mojo:exec-maven-plugin:1.2.1:exec
java_class_path (initial): C:\Program Files\NetBeans 8.2\java\maven\boot\plexus-classworlds-2.4.jar
Launcher Type: SUN_STANDARD

Environment Variables:
JAVA_HOME=C:\Program Files\Java\jdk1.8.0_91
PATH=C:\ProgramData\Oracle\Java\javapath;C:\WINDOWS\system32;C:\WINDOWS;C:\WINDOWS\System32\Wbem;C:\WINDOWS\System32\WindowsPowerShell\v1.0\;C:\Program Files (x86)\Skype\Phone\;C:\Program Files (x86)\NVIDIA Corporation\PhysX\Common;C:\WINDOWS\system32;C:\WINDOWS;C:\WINDOWS\System32\Wbem;C:\WINDOWS\System32\WindowsPowerShell\v1.0\;C:\Users\jaakk_000\AppData\Local\Microsoft\WindowsApps;
USERNAME=jaakk_000
OS=Windows_NT
PROCESSOR_IDENTIFIER=Intel64 Family 6 Model 23 Stepping 10, GenuineIntel



---------------  S Y S T E M  ---------------

OS: Windows 10.0 , 64 bit Build 14393 (10.0.14393.0)

CPU:total 4 (4 cores per cpu, 1 threads per core) family 6 model 23 stepping 10, cmov, cx8, fxsr, mmx, sse, sse2, sse3, ssse3, sse4.1, tsc

Memory: 4k page, physical 4193268k(972104k free), swap 6532892k(1262936k free)

vm_info: Java HotSpot(TM) 64-Bit Server VM (25.91-b14) for windows-amd64 JRE (1.8.0_91-b14), built on Apr  1 2016 00:58:32 by "java_re" with MS VC++ 10.0 (VS2010)

time: Sun Mar 05 21:42:58 2017
elapsed time: 2 seconds (0d 0h 0m 2s)

