#
# A fatal error has been detected by the Java Runtime Environment:
#
#  EXCEPTION_ACCESS_VIOLATION (0xc0000005) at pc=0xffffffffa35b5120, pid=12760, tid=12768
#
# JRE version: Java(TM) SE Runtime Environment (8.0_91-b14) (build 1.8.0_91-b14)
# Java VM: Java HotSpot(TM) 64-Bit Server VM (25.91-b14 mixed mode windows-amd64 compressed oops)
# Problematic frame:
# C  0xffffffffa35b5120
#
# Failed to write core dump. Minidumps are not enabled by default on client versions of Windows
#
# If you would like to submit a bug report, please visit:
#   http://bugreport.java.com/bugreport/crash.jsp
#

---------------  T H R E A D  ---------------

Current thread (0x000000000230d800):  JavaThread "main" [_thread_in_Java, id=12768, stack(0x00000000023b0000,0x00000000024b0000)]

siginfo: ExceptionCode=0xc0000005, ExceptionInformation=0x0000000000000008 0xffffffffa35b5120

Registers:
RAX=0x000000001451fea8, RBX=0x000000001451fea8, RCX=0x00000000edfb15e8, RDX=0x00000000edfb15e8
RSP=0x00000000024ad958, RBP=0x00000000024ad9d0, RSI=0x0000000000000248, RDI=0x0000000000000005
R8 =0x00000000024ad990, R9 =0x00000000edfb1448, R10=0x0000000076eb49a0, R11=0x00000000026d8c00
R12=0x0000000000000000, R13=0x00000000024ad970, R14=0x0000000019876938, R15=0x000000000230d800
RIP=0xffffffffa35b5120, EFLAGS=0x0000000000010206

Top of Stack: (sp=0x00000000024ad958)
0x00000000024ad958:   00000000025b7bb0 00000000024ad978
0x00000000024ad968:   00000000025b7bb0 00000000edfb15e8
0x00000000024ad978:   00000000edfb1578 00000000edfb15e8
0x00000000024ad988:   00000000edfb15e8 00000000024ad980
0x00000000024ad998:   0000000019873574 00000000024ada20
0x00000000024ad9a8:   0000000019874188 0000000019876938
0x00000000024ad9b8:   00000000198735d8 00000000024ad970
0x00000000024ad9c8:   00000000024ada00 00000000024ada68
0x00000000024ad9d8:   00000000025b7ae0 0000000000000000
0x00000000024ad9e8:   0000000000000000 0000000000000001
0x00000000024ad9f8:   00000000edfb15e8 0000000000000000
0x00000000024ada08:   0000000000000200 0000000000000000
0x00000000024ada18:   00000000edfb1668 00000000edfb1578
0x00000000024ada28:   00000000024ada28 00000000198733fd
0x00000000024ada38:   00000000024ada90 0000000019874188
0x00000000024ada48:   0000000019876698 0000000019873408 

Instructions: (pc=0xffffffffa35b5120)
0xffffffffa35b5100:   
[error occurred during error reporting (printing registers, top of stack, instructions near pc), id 0xc0000005]

Register to memory mapping:

RAX={method} {0x000000001451feb0} 'address' '()J' in 'java/util/zip/ZStreamRef'
RBX={method} {0x000000001451feb0} 'address' '()J' in 'java/util/zip/ZStreamRef'
RCX=0x00000000edfb15e8 is an oop
java.util.zip.ZStreamRef 
 - klass: 'java/util/zip/ZStreamRef'
RDX=0x00000000edfb15e8 is an oop
java.util.zip.ZStreamRef 
 - klass: 'java/util/zip/ZStreamRef'
RSP=0x00000000024ad958 is pointing into the stack for thread: 0x000000000230d800
RBP=0x00000000024ad9d0 is pointing into the stack for thread: 0x000000000230d800
RSI=0x0000000000000248 is an unknown value
RDI=0x0000000000000005 is an unknown value
R8 =0x00000000024ad990 is pointing into the stack for thread: 0x000000000230d800
R9 =0x00000000edfb1448 is an oop
java.lang.Class 
 - klass: 'java/lang/Class'
R10=0x0000000076eb49a0 is an unknown value
R11=0x00000000026d8c00 is at entry_point+32 in (nmethod*)0x00000000026d8a90
R12=0x0000000000000000 is an unknown value
R13=0x00000000024ad970 is pointing into the stack for thread: 0x000000000230d800
R14=0x0000000019876938 is pointing into metadata
R15=0x000000000230d800 is a thread


Stack: [0x00000000023b0000,0x00000000024b0000],  sp=0x00000000024ad958,  free space=1014k
Native frames: (J=compiled Java code, j=interpreted, Vv=VM code, C=native code)
C  0xffffffffa35b5120


---------------  P R O C E S S  ---------------

Java Threads: ( => current thread )
  0x0000000018d0c800 JavaThread "resolver-4" daemon [_thread_blocked, id=5488, stack(0x0000000019c80000,0x0000000019d80000)]
  0x0000000018d0b800 JavaThread "resolver-3" daemon [_thread_blocked, id=7788, stack(0x0000000019b80000,0x0000000019c80000)]
  0x0000000018a4e800 JavaThread "resolver-2" daemon [_thread_blocked, id=12588, stack(0x0000000019a80000,0x0000000019b80000)]
  0x0000000018a4e000 JavaThread "resolver-1" daemon [_thread_blocked, id=12580, stack(0x0000000019980000,0x0000000019a80000)]
  0x0000000014cdb800 JavaThread "Service Thread" daemon [_thread_blocked, id=12692, stack(0x00000000169e0000,0x0000000016ae0000)]
  0x0000000014cab800 JavaThread "C1 CompilerThread2" daemon [_thread_blocked, id=12708, stack(0x00000000164e0000,0x00000000165e0000)]
  0x0000000014c81800 JavaThread "C2 CompilerThread1" daemon [_thread_blocked, id=12772, stack(0x00000000163e0000,0x00000000164e0000)]
  0x0000000014c7e000 JavaThread "C2 CompilerThread0" daemon [_thread_blocked, id=12688, stack(0x00000000162e0000,0x00000000163e0000)]
  0x0000000014c7c800 JavaThread "Attach Listener" daemon [_thread_blocked, id=12684, stack(0x00000000161e0000,0x00000000162e0000)]
  0x0000000014c7b000 JavaThread "Signal Dispatcher" daemon [_thread_blocked, id=12680, stack(0x00000000160e0000,0x00000000161e0000)]
  0x0000000014c69000 JavaThread "Finalizer" daemon [_thread_blocked, id=12676, stack(0x0000000015ef0000,0x0000000015ff0000)]
  0x00000000025a0000 JavaThread "Reference Handler" daemon [_thread_blocked, id=12664, stack(0x0000000015df0000,0x0000000015ef0000)]
=>0x000000000230d800 JavaThread "main" [_thread_in_Java, id=12768, stack(0x00000000023b0000,0x00000000024b0000)]

Other Threads:
  0x0000000014c47800 VMThread [stack: 0x0000000015cf0000,0x0000000015df0000] [id=12672]
  0x000000001660a000 WatcherThread [stack: 0x0000000016ae0000,0x0000000016be0000] [id=12660]

VM state:not at safepoint (normal execution)

VM Mutex/Monitor currently owned by a thread: None

Heap:
 PSYoungGen      total 68096K, used 57690K [0x00000000eab00000, 0x00000000ef000000, 0x0000000100000000)
  eden space 65536K, 84% used [0x00000000eab00000,0x00000000ee0da8f8,0x00000000eeb00000)
  from space 2560K, 99% used [0x00000000eed80000,0x00000000eeffc010,0x00000000ef000000)
  to   space 2560K, 0% used [0x00000000eeb00000,0x00000000eeb00000,0x00000000eed80000)
 ParOldGen       total 44032K, used 7345K [0x00000000c0000000, 0x00000000c2b00000, 0x00000000eab00000)
  object space 44032K, 16% used [0x00000000c0000000,0x00000000c072c5e8,0x00000000c2b00000)
 Metaspace       used 14793K, capacity 15110K, committed 15232K, reserved 1062912K
  class space    used 1747K, capacity 1854K, committed 1920K, reserved 1048576K

Card table byte_map: [0x0000000011970000,0x0000000011b80000] byte_map_base: 0x0000000011370000

Marking Bits: (ParMarkBitMap*) 0x0000000076ed2f70
 Begin Bits: [0x00000000120e0000, 0x00000000130e0000)
 End Bits:   [0x00000000130e0000, 0x00000000140e0000)

Polling page: 0x0000000002260000

CodeCache: size=245760Kb used=8538Kb max_used=8538Kb free=237221Kb
 bounds [0x00000000025b0000, 0x0000000002e10000, 0x00000000115b0000]
 total_blobs=2880 nmethods=2540 adapters=254
 compilation: enabled

Compilation events (10 events):
Event: 6.491 Thread 0x0000000014cab800 nmethod 2526 0x0000000002e07650 code [0x0000000002e077a0, 0x0000000002e078b0]
Event: 6.495 Thread 0x0000000014cab800 2528       3       java.io.BufferedWriter::ensureOpen (18 bytes)
Event: 6.495 Thread 0x0000000014cab800 nmethod 2528 0x0000000002e071d0 code [0x0000000002e07340, 0x0000000002e07588]
Event: 6.525 Thread 0x0000000014cab800 2529   !   3       java.util.zip.Deflater::finished (19 bytes)
Event: 6.526 Thread 0x0000000014cab800 nmethod 2529 0x0000000002e06ad0 code [0x0000000002e06c20, 0x0000000002e06f10]
Event: 6.526 Thread 0x0000000014cab800 2530   !   3       java.util.zip.Deflater::needsInput (27 bytes)
Event: 6.527 Thread 0x0000000014cab800 nmethod 2530 0x0000000002e06190 code [0x0000000002e06300, 0x0000000002e06650]
Event: 6.527 Thread 0x0000000014cab800 2535       1       java.util.zip.ZStreamRef::address (5 bytes)
Event: 6.527 Thread 0x0000000014cab800 nmethod 2535 0x0000000002e05ed0 code [0x0000000002e06020, 0x0000000002e06130]
Event: 6.527 Thread 0x0000000014cab800 2540       3       java.util.zip.DeflaterOutputStream::write (88 bytes)

GC Heap History (8 events):
Event: 0.992 GC heap before
{Heap before GC invocations=1 (full 0):
 PSYoungGen      total 18944K, used 16384K [0x00000000eab00000, 0x00000000ec000000, 0x0000000100000000)
  eden space 16384K, 100% used [0x00000000eab00000,0x00000000ebb00000,0x00000000ebb00000)
  from space 2560K, 0% used [0x00000000ebd80000,0x00000000ebd80000,0x00000000ec000000)
  to   space 2560K, 0% used [0x00000000ebb00000,0x00000000ebb00000,0x00000000ebd80000)
 ParOldGen       total 44032K, used 0K [0x00000000c0000000, 0x00000000c2b00000, 0x00000000eab00000)
  object space 44032K, 0% used [0x00000000c0000000,0x00000000c0000000,0x00000000c2b00000)
 Metaspace       used 6687K, capacity 6812K, committed 7040K, reserved 1056768K
  class space    used 821K, capacity 888K, committed 896K, reserved 1048576K
Event: 1.013 GC heap after
Heap after GC invocations=1 (full 0):
 PSYoungGen      total 18944K, used 2551K [0x00000000eab00000, 0x00000000ed000000, 0x0000000100000000)
  eden space 16384K, 0% used [0x00000000eab00000,0x00000000eab00000,0x00000000ebb00000)
  from space 2560K, 99% used [0x00000000ebb00000,0x00000000ebd7dde8,0x00000000ebd80000)
  to   space 2560K, 0% used [0x00000000ecd80000,0x00000000ecd80000,0x00000000ed000000)
 ParOldGen       total 44032K, used 636K [0x00000000c0000000, 0x00000000c2b00000, 0x00000000eab00000)
  object space 44032K, 1% used [0x00000000c0000000,0x00000000c009f2e8,0x00000000c2b00000)
 Metaspace       used 6687K, capacity 6812K, committed 7040K, reserved 1056768K
  class space    used 821K, capacity 888K, committed 896K, reserved 1048576K
}
Event: 1.466 GC heap before
{Heap before GC invocations=2 (full 0):
 PSYoungGen      total 18944K, used 18935K [0x00000000eab00000, 0x00000000ed000000, 0x0000000100000000)
  eden space 16384K, 100% used [0x00000000eab00000,0x00000000ebb00000,0x00000000ebb00000)
  from space 2560K, 99% used [0x00000000ebb00000,0x00000000ebd7dde8,0x00000000ebd80000)
  to   space 2560K, 0% used [0x00000000ecd80000,0x00000000ecd80000,0x00000000ed000000)
 ParOldGen       total 44032K, used 636K [0x00000000c0000000, 0x00000000c2b00000, 0x00000000eab00000)
  object space 44032K, 1% used [0x00000000c0000000,0x00000000c009f2e8,0x00000000c2b00000)
 Metaspace       used 7719K, capacity 7842K, committed 7936K, reserved 1056768K
  class space    used 976K, capacity 1017K, committed 1024K, reserved 1048576K
Event: 1.477 GC heap after
Heap after GC invocations=2 (full 0):
 PSYoungGen      total 35328K, used 2555K [0x00000000eab00000, 0x00000000ed000000, 0x0000000100000000)
  eden space 32768K, 0% used [0x00000000eab00000,0x00000000eab00000,0x00000000ecb00000)
  from space 2560K, 99% used [0x00000000ecd80000,0x00000000ecffefa8,0x00000000ed000000)
  to   space 2560K, 0% used [0x00000000ecb00000,0x00000000ecb00000,0x00000000ecd80000)
 ParOldGen       total 44032K, used 729K [0x00000000c0000000, 0x00000000c2b00000, 0x00000000eab00000)
  object space 44032K, 1% used [0x00000000c0000000,0x00000000c00b6740,0x00000000c2b00000)
 Metaspace       used 7719K, capacity 7842K, committed 7936K, reserved 1056768K
  class space    used 976K, capacity 1017K, committed 1024K, reserved 1048576K
}
Event: 2.734 GC heap before
{Heap before GC invocations=3 (full 0):
 PSYoungGen      total 35328K, used 35323K [0x00000000eab00000, 0x00000000ed000000, 0x0000000100000000)
  eden space 32768K, 100% used [0x00000000eab00000,0x00000000ecb00000,0x00000000ecb00000)
  from space 2560K, 99% used [0x00000000ecd80000,0x00000000ecffefa8,0x00000000ed000000)
  to   space 2560K, 0% used [0x00000000ecb00000,0x00000000ecb00000,0x00000000ecd80000)
 ParOldGen       total 44032K, used 729K [0x00000000c0000000, 0x00000000c2b00000, 0x00000000eab00000)
  object space 44032K, 1% used [0x00000000c0000000,0x00000000c00b6740,0x00000000c2b00000)
 Metaspace       used 12140K, capacity 12364K, committed 12672K, reserved 1060864K
  class space    used 1493K, capacity 1541K, committed 1664K, reserved 1048576K
Event: 2.762 GC heap after
Heap after GC invocations=3 (full 0):
 PSYoungGen      total 35328K, used 2544K [0x00000000eab00000, 0x00000000ef000000, 0x0000000100000000)
  eden space 32768K, 0% used [0x00000000eab00000,0x00000000eab00000,0x00000000ecb00000)
  from space 2560K, 99% used [0x00000000ecb00000,0x00000000ecd7c030,0x00000000ecd80000)
  to   space 2560K, 0% used [0x00000000eed80000,0x00000000eed80000,0x00000000ef000000)
 ParOldGen       total 44032K, used 5100K [0x00000000c0000000, 0x00000000c2b00000, 0x00000000eab00000)
  object space 44032K, 11% used [0x00000000c0000000,0x00000000c04fb1e8,0x00000000c2b00000)
 Metaspace       used 12140K, capacity 12364K, committed 12672K, reserved 1060864K
  class space    used 1493K, capacity 1541K, committed 1664K, reserved 1048576K
}
Event: 4.107 GC heap before
{Heap before GC invocations=4 (full 0):
 PSYoungGen      total 35328K, used 35312K [0x00000000eab00000, 0x00000000ef000000, 0x0000000100000000)
  eden space 32768K, 100% used [0x00000000eab00000,0x00000000ecb00000,0x00000000ecb00000)
  from space 2560K, 99% used [0x00000000ecb00000,0x00000000ecd7c030,0x00000000ecd80000)
  to   space 2560K, 0% used [0x00000000eed80000,0x00000000eed80000,0x00000000ef000000)
 ParOldGen       total 44032K, used 5100K [0x00000000c0000000, 0x00000000c2b00000, 0x00000000eab00000)
  object space 44032K, 11% used [0x00000000c0000000,0x00000000c04fb1e8,0x00000000c2b00000)
 Metaspace       used 13159K, capacity 13438K, committed 13824K, reserved 1060864K
  class space    used 1604K, capacity 1683K, committed 1792K, reserved 1048576K
Event: 4.129 GC heap after
Heap after GC invocations=4 (full 0):
 PSYoungGen      total 68096K, used 2544K [0x00000000eab00000, 0x00000000ef000000, 0x0000000100000000)
  eden space 65536K, 0% used [0x00000000eab00000,0x00000000eab00000,0x00000000eeb00000)
  from space 2560K, 99% used [0x00000000eed80000,0x00000000eeffc010,0x00000000ef000000)
  to   space 2560K, 0% used [0x00000000eeb00000,0x00000000eeb00000,0x00000000eed80000)
 ParOldGen       total 44032K, used 7345K [0x00000000c0000000, 0x00000000c2b00000, 0x00000000eab00000)
  object space 44032K, 16% used [0x00000000c0000000,0x00000000c072c5e8,0x00000000c2b00000)
 Metaspace       used 13159K, capacity 13438K, committed 13824K, reserved 1060864K
  class space    used 1604K, capacity 1683K, committed 1792K, reserved 1048576K
}

Deoptimization events (10 events):
Event: 4.734 Thread 0x000000000230d800 Uncommon trap: reason=unstable_if action=reinterpret pc=0x0000000002cb30c8 method=java.util.IdentityHashMap.nextKeyIndex(II)I @ 4
Event: 4.928 Thread 0x000000000230d800 Uncommon trap: reason=speculate_class_check action=maybe_recompile pc=0x0000000002d0e170 method=java.nio.charset.CharsetDecoder.decode(Ljava/nio/ByteBuffer;Ljava/nio/CharBuffer;Z)Ljava/nio/charset/CoderResult; @ 57
Event: 5.999 Thread 0x000000000230d800 Uncommon trap: reason=unstable_if action=reinterpret pc=0x0000000002dcb238 method=org.codehaus.plexus.classworlds.realm.Entry.matches(Ljava/lang/String;)Z @ 131
Event: 6.076 Thread 0x000000000230d800 Uncommon trap: reason=unstable_if action=reinterpret pc=0x0000000002c39e14 method=org.apache.maven.model.ConfigurationContainer.setLocation(Ljava/lang/Object;Lorg/apache/maven/model/InputLocation;)V @ 1
Event: 6.101 Thread 0x000000000230d800 Uncommon trap: reason=unstable_if action=reinterpret pc=0x0000000002c6b85c method=org.apache.maven.model.ConfigurationContainer.getLocation(Ljava/lang/Object;)Lorg/apache/maven/model/InputLocation; @ 4
Event: 6.150 Thread 0x000000000230d800 Uncommon trap: reason=null_check action=make_not_entrant pc=0x0000000002ddfb68 method=org.apache.maven.model.io.xpp3.MavenXpp3ReaderEx.checkFieldWithDuplicate(Lorg/codehaus/plexus/util/xml/pull/XmlPullParser;Ljava/lang/String;Ljava/lang/String;Ljava/util/SÁ²Éš4@
Event: 6.301 Thread 0x000000000230d800 Uncommon trap: reason=unstable_if action=reinterpret pc=0x0000000002df8cec method=java.io.WinNTFileSystem.normalize(Ljava/lang/String;)Ljava/lang/String; @ 128
Event: 6.301 Thread 0x000000000230d800 Uncommon trap: reason=class_check action=maybe_recompile pc=0x0000000002be2310 method=java.util.AbstractList$Itr.hasNext()Z @ 8
Event: 6.301 Thread 0x000000000230d800 Uncommon trap: reason=class_check action=maybe_recompile pc=0x0000000002c2b4c4 method=java.util.AbstractList$Itr.next()Ljava/lang/Object; @ 14
Event: 6.490 Thread 0x000000000230d800 Uncommon trap: reason=unstable_if action=reinterpret pc=0x0000000002d26a9c method=java.util.StringTokenizer.setMaxDelimCodePoint()V @ 71

Internal exceptions (10 events):
Event: 1.588 Thread 0x000000000230d800 Exception <a 'java/lang/NoClassDefFoundError': org/slf4j/LoggerFactory> (0x00000000ead586a0) thrown at [C:\re\workspace\8-2-build-windows-amd64-cygwin\jdk8u91\6644\hotspot\src\share\vm\classfile\systemDictionary.cpp, line 199]
Event: 1.588 Thread 0x000000000230d800 Exception <a 'java/lang/NoClassDefFoundError'> (0x00000000ead586a0) thrown at [C:\re\workspace\8-2-build-windows-amd64-cygwin\jdk8u91\6644\hotspot\src\share\vm\oops\instanceKlass.cpp, line 948]
Event: 2.609 Thread 0x000000000230d800 Implicit null exception at 0x0000000002949ad5 to 0x0000000002949cad
Event: 2.609 Thread 0x000000000230d800 Implicit null exception at 0x000000000289b0af to 0x000000000289b119
Event: 2.906 Thread 0x000000000230d800 Implicit null exception at 0x0000000002921e3b to 0x00000000029223dd
Event: 2.938 Thread 0x000000000230d800 Implicit null exception at 0x0000000002aa2351 to 0x0000000002aa334d
Event: 3.755 Thread 0x000000000230d800 Exception <a 'java/lang/NoClassDefFoundError': org/slf4j/Logger> (0x00000000ebe76028) thrown at [C:\re\workspace\8-2-build-windows-amd64-cygwin\jdk8u91\6644\hotspot\src\share\vm\oops\constantPool.cpp, line 235]
Event: 4.812 Thread 0x000000000230d800 Exception <a 'java/lang/NoClassDefFoundError': org/slf4j/Logger> (0x00000000ec074e60) thrown at [C:\re\workspace\8-2-build-windows-amd64-cygwin\jdk8u91\6644\hotspot\src\share\vm\oops\constantPool.cpp, line 235]
Event: 5.890 Thread 0x000000000230d800 Exception <a 'java/lang/NoClassDefFoundError': org/slf4j/Logger> (0x00000000ed405d98) thrown at [C:\re\workspace\8-2-build-windows-amd64-cygwin\jdk8u91\6644\hotspot\src\share\vm\oops\constantPool.cpp, line 235]
Event: 6.150 Thread 0x000000000230d800 Implicit null exception at 0x0000000002ddf913 to 0x0000000002ddfb49

Events (10 events):
Event: 6.516 loading class java/util/zip/ZipOutputStream$XEntry
Event: 6.516 loading class java/util/zip/ZipOutputStream$XEntry done
Event: 6.518 loading class org/apache/maven/surefire/util/UrlUtils
Event: 6.518 loading class org/apache/maven/surefire/util/UrlUtils done
Event: 6.518 loading class org/apache/maven/surefire/util/UrlUtils
Event: 6.518 loading class org/apache/maven/surefire/util/UrlUtils done
Event: 6.522 loading class org/apache/maven/surefire/booter/ForkedBooter
Event: 6.522 loading class org/apache/maven/surefire/booter/ForkedBooter done
Event: 6.522 loading class org/apache/maven/surefire/booter/ForkedBooter
Event: 6.522 loading class org/apache/maven/surefire/booter/ForkedBooter done


Dynamic libraries:
0x00007ff6d4560000 - 0x00007ff6d4597000 	C:\Program Files\Java\jdk1.8.0_91\bin\java.exe
0x00007ffb9f7e0000 - 0x00007ffb9f9b1000 	C:\WINDOWS\SYSTEM32\ntdll.dll
0x00007ffb9e000000 - 0x00007ffb9e0ab000 	C:\WINDOWS\System32\KERNEL32.DLL
0x00007ffb83070000 - 0x00007ffb830c4000 	C:\Program Files (x86)\AVG\Av\avghooka.dll
0x00007ffb9bf60000 - 0x00007ffb9c17d000 	C:\WINDOWS\System32\KERNELBASE.dll
0x00007ffb9cf20000 - 0x00007ffb9cfc2000 	C:\WINDOWS\System32\ADVAPI32.dll
0x00007ffb9d410000 - 0x00007ffb9d4ae000 	C:\WINDOWS\System32\msvcrt.dll
0x00007ffb9e0b0000 - 0x00007ffb9e109000 	C:\WINDOWS\System32\sechost.dll
0x00007ffb9cd90000 - 0x00007ffb9ceb1000 	C:\WINDOWS\System32\RPCRT4.dll
0x00007ffb9de90000 - 0x00007ffb9dff5000 	C:\WINDOWS\System32\USER32.dll
0x00007ffb9bcd0000 - 0x00007ffb9bcee000 	C:\WINDOWS\System32\win32u.dll
0x00007ffb9dcf0000 - 0x00007ffb9dd24000 	C:\WINDOWS\System32\GDI32.dll
0x00007ffb9cb30000 - 0x00007ffb9ccb2000 	C:\WINDOWS\System32\gdi32full.dll
0x00007ffb91540000 - 0x00007ffb917b9000 	C:\WINDOWS\WinSxS\amd64_microsoft.windows.common-controls_6595b64144ccf1df_6.0.14393.447_none_42191651c6827bb3\COMCTL32.dll
0x00007ffb9d040000 - 0x00007ffb9d308000 	C:\WINDOWS\System32\combase.dll
0x00007ffb9c2a0000 - 0x00007ffb9c395000 	C:\WINDOWS\System32\ucrtbase.dll
0x00007ffb9c180000 - 0x00007ffb9c1ea000 	C:\WINDOWS\System32\bcryptPrimitives.dll
0x00007ffb9e280000 - 0x00007ffb9e2ae000 	C:\WINDOWS\System32\IMM32.DLL
0x00000000765e0000 - 0x00000000766b2000 	C:\Program Files\Java\jdk1.8.0_91\jre\bin\msvcr100.dll
0x00000000766c0000 - 0x0000000076f53000 	C:\Program Files\Java\jdk1.8.0_91\jre\bin\server\jvm.dll
0x00007ffb9f7d0000 - 0x00007ffb9f7d8000 	C:\WINDOWS\System32\PSAPI.DLL
0x00007ffb946b0000 - 0x00007ffb946b9000 	C:\WINDOWS\SYSTEM32\WSOCK32.dll
0x00007ffb9cfd0000 - 0x00007ffb9d03a000 	C:\WINDOWS\System32\WS2_32.dll
0x00007ffb9a0a0000 - 0x00007ffb9a0c3000 	C:\WINDOWS\SYSTEM32\WINMM.dll
0x00007ffb96b90000 - 0x00007ffb96b9a000 	C:\WINDOWS\SYSTEM32\VERSION.dll
0x00007ffb9a070000 - 0x00007ffb9a09b000 	C:\WINDOWS\SYSTEM32\WINMMBASE.dll
0x00007ffb9cd20000 - 0x00007ffb9cd62000 	C:\WINDOWS\System32\cfgmgr32.dll
0x0000000076590000 - 0x000000007659f000 	C:\Program Files\Java\jdk1.8.0_91\jre\bin\verify.dll
0x0000000076560000 - 0x0000000076589000 	C:\Program Files\Java\jdk1.8.0_91\jre\bin\java.dll
0x0000000076540000 - 0x0000000076556000 	C:\Program Files\Java\jdk1.8.0_91\jre\bin\zip.dll
0x00007ffb9e2c0000 - 0x00007ffb9f7c9000 	C:\WINDOWS\System32\SHELL32.dll
0x00007ffb9c3a0000 - 0x00007ffb9ca7a000 	C:\WINDOWS\System32\windows.storage.dll
0x00007ffb9bc70000 - 0x00007ffb9bcbc000 	C:\WINDOWS\System32\powrprof.dll
0x00007ffb9d580000 - 0x00007ffb9d5d2000 	C:\WINDOWS\System32\shlwapi.dll
0x00007ffb9bc60000 - 0x00007ffb9bc6f000 	C:\WINDOWS\System32\kernel.appcore.dll
0x00007ffb9ca80000 - 0x00007ffb9cb29000 	C:\WINDOWS\System32\shcore.dll
0x00007ffb9bc40000 - 0x00007ffb9bc54000 	C:\WINDOWS\System32\profapi.dll
0x0000000076520000 - 0x000000007653a000 	C:\Program Files\Java\jdk1.8.0_91\jre\bin\net.dll
0x00007ffb9b570000 - 0x00007ffb9b5cc000 	C:\WINDOWS\system32\mswsock.dll
0x0000000076500000 - 0x0000000076511000 	C:\Program Files\Java\jdk1.8.0_91\jre\bin\nio.dll
0x00007ffb9b720000 - 0x00007ffb9b737000 	C:\WINDOWS\SYSTEM32\CRYPTSP.dll
0x00007ffb9b180000 - 0x00007ffb9b1b3000 	C:\WINDOWS\system32\rsaenh.dll
0x00007ffb9b820000 - 0x00007ffb9b84b000 	C:\WINDOWS\SYSTEM32\bcrypt.dll
0x00007ffb9b3f0000 - 0x00007ffb9b40f000 	C:\WINDOWS\SYSTEM32\USERENV.dll
0x00007ffb9b710000 - 0x00007ffb9b71b000 	C:\WINDOWS\SYSTEM32\CRYPTBASE.dll
0x00007ffb9b300000 - 0x00007ffb9b338000 	C:\WINDOWS\SYSTEM32\IPHLPAPI.DLL
0x00007ffb9e2b0000 - 0x00007ffb9e2b8000 	C:\WINDOWS\System32\NSI.dll
0x00007ffb961d0000 - 0x00007ffb961e6000 	C:\WINDOWS\SYSTEM32\dhcpcsvc6.DLL
0x00007ffb968a0000 - 0x00007ffb968ba000 	C:\WINDOWS\SYSTEM32\dhcpcsvc.DLL
0x00007ffb8a610000 - 0x00007ffb8a7a2000 	C:\WINDOWS\SYSTEM32\dbghelp.dll

VM Arguments:
jvm_args: -Dclassworlds.conf=C:\Program Files\NetBeans 8.2\java\maven\bin\m2.conf -Dmaven.home=C:\Program Files\NetBeans 8.2\java\maven 
java_command: org.codehaus.plexus.classworlds.launcher.Launcher -Dmaven.ext.class.path=C:\Program Files\NetBeans 8.2\java\maven-nblib\netbeans-eventspy.jar -Dfile.encoding=UTF-8 test
java_class_path (initial): C:\Program Files\NetBeans 8.2\java\maven\boot\plexus-classworlds-2.4.jar
Launcher Type: SUN_STANDARD

Environment Variables:
JAVA_HOME=C:\Program Files\Java\jdk1.8.0_91
PATH=C:\ProgramData\Oracle\Java\javapath;C:\WINDOWS\system32;C:\WINDOWS;C:\WINDOWS\System32\Wbem;C:\WINDOWS\System32\WindowsPowerShell\v1.0\;C:\Program Files (x86)\Skype\Phone\;C:\Program Files (x86)\NVIDIA Corporation\PhysX\Common;C:\WINDOWS\system32;C:\WINDOWS;C:\WINDOWS\System32\Wbem;C:\WINDOWS\System32\WindowsPowerShell\v1.0\;C:\Users\jaakk_000\AppData\Local\Microsoft\WindowsApps;
USERNAME=jaakk_000
OS=Windows_NT
PROCESSOR_IDENTIFIER=Intel64 Family 6 Model 23 Stepping 10, GenuineIntel



---------------  S Y S T E M  ---------------

OS: Windows 10.0 , 64 bit Build 14393 (10.0.14393.0)

CPU:total 4 (4 cores per cpu, 1 threads per core) family 6 model 23 stepping 10, cmov, cx8, fxsr, mmx, sse, sse2, sse3, ssse3, sse4.1, tsc

Memory: 4k page, physical 4193268k(876104k free), swap 7319544k(1386500k free)

vm_info: Java HotSpot(TM) 64-Bit Server VM (25.91-b14) for windows-amd64 JRE (1.8.0_91-b14), built on Apr  1 2016 00:58:32 by "java_re" with MS VC++ 10.0 (VS2010)

time: Sun Mar 05 20:24:16 2017
elapsed time: 6 seconds (0d 0h 0m 6s)

