#
# A fatal error has been detected by the Java Runtime Environment:
#
#  EXCEPTION_ACCESS_VIOLATION (0xc0000005) at pc=0xffffffffa38b5120, pid=11352, tid=1996
#
# JRE version: Java(TM) SE Runtime Environment (8.0_91-b14) (build 1.8.0_91-b14)
# Java VM: Java HotSpot(TM) 64-Bit Server VM (25.91-b14 mixed mode windows-amd64 compressed oops)
# Problematic frame:
# C  0xffffffffa38b5120
#
# Failed to write core dump. Minidumps are not enabled by default on client versions of Windows
#
# If you would like to submit a bug report, please visit:
#   http://bugreport.java.com/bugreport/crash.jsp
#

---------------  T H R E A D  ---------------

Current thread (0x00000000028ad800):  JavaThread "main" [_thread_in_Java, id=1996, stack(0x0000000002530000,0x0000000002630000)]

siginfo: ExceptionCode=0xc0000005, ExceptionInformation=0x0000000000000008 0xffffffffa38b5120

Registers:
RAX=0x00000000147a2a20, RBX=0x00000000147a2a20, RCX=0x00000000eb918c00, RDX=0x00000000eb918c00
RSP=0x000000000262c968, RBP=0x000000000262c9c8, RSI=0x000000002000706b, RDI=0x00000000eb918b30
R8 =0x0000000000000001, R9 =0x0000000000000000, R10=0x0000000076eb49a0, R11=0x0000000002ced440
R12=0x0000000000000000, R13=0x000000000262c978, R14=0x000000000262ca20, R15=0x00000000028ad800
RIP=0xffffffffa38b5120, EFLAGS=0x0000000000010202

Top of Stack: (sp=0x000000000262c968)
0x000000000262c968:   00000000028b809d 00000000028b809d
0x000000000262c978:   00000000eb918c00 00000000eb918c00
0x000000000262c988:   000000000262c988 000000001883b3fd
0x000000000262c998:   000000000262ca20 0000000018841028
0x000000000262c9a8:   0000000000000000 000000001883b698
0x000000000262c9b8:   000000000262c978 000000000262ca08
0x000000000262c9c8:   000000000262ca70 00000000028b7e20
0x000000000262c9d8:   0000000000000000 0000000000000000
0x000000000262c9e8:   00000000ffffffff 00000000eb918b30
0x000000000262c9f8:   00000000eb918b00 00000000eb918ac0
0x000000000262ca08:   00000000eb8d5eb8 0000000000000000
0x000000000262ca18:   00000000eb8e25c8 00000000eb8e25b8
0x000000000262ca28:   00000000eb918aa8 000000000262ca30
0x000000000262ca38:   000000001883ac6d 000000000262cac8
0x000000000262ca48:   0000000018841028 0000000000000000
0x000000000262ca58:   000000001883ae80 000000000262ca08 

Instructions: (pc=0xffffffffa38b5120)
0xffffffffa38b5100:   
[error occurred during error reporting (printing registers, top of stack, instructions near pc), id 0xc0000005]

Register to memory mapping:

RAX={method} {0x00000000147a2a28} '<init>' '()V' in 'java/util/HashSet'
RBX={method} {0x00000000147a2a28} '<init>' '()V' in 'java/util/HashSet'
RCX=0x00000000eb918c00 is an oop
java.util.HashSet 
 - klass: 'java/util/HashSet'
RDX=0x00000000eb918c00 is an oop
java.util.HashSet 
 - klass: 'java/util/HashSet'
RSP=0x000000000262c968 is pointing into the stack for thread: 0x00000000028ad800
RBP=0x000000000262c9c8 is pointing into the stack for thread: 0x00000000028ad800
RSI=0x000000002000706b is an unknown value
RDI=0x00000000eb918b30 is an oop
org.apache.maven.model.InputLocation 
 - klass: 'org/apache/maven/model/InputLocation'
R8 =0x0000000000000001 is an unknown value
R9 =0x0000000000000000 is an unknown value
R10=0x0000000076eb49a0 is an unknown value
R11=0x0000000002ced440 is at entry_point+32 in (nmethod*)0x0000000002ced290
R12=0x0000000000000000 is an unknown value
R13=0x000000000262c978 is pointing into the stack for thread: 0x00000000028ad800
R14=0x000000000262ca20 is pointing into the stack for thread: 0x00000000028ad800
R15=0x00000000028ad800 is a thread


Stack: [0x0000000002530000,0x0000000002630000],  sp=0x000000000262c968,  free space=1010k
Native frames: (J=compiled Java code, j=interpreted, Vv=VM code, C=native code)
C  0xffffffffa38b5120


---------------  P R O C E S S  ---------------

Java Threads: ( => current thread )
  0x0000000017938000 JavaThread "resolver-2" daemon [_thread_blocked, id=5784, stack(0x0000000019d70000,0x0000000019e70000)]
  0x0000000017935800 JavaThread "resolver-1" daemon [_thread_blocked, id=7472, stack(0x0000000019c70000,0x0000000019d70000)]
  0x00000000167eb800 JavaThread "Service Thread" daemon [_thread_blocked, id=3568, stack(0x0000000016cd0000,0x0000000016dd0000)]
  0x0000000014fdd000 JavaThread "C1 CompilerThread2" daemon [_thread_blocked, id=8868, stack(0x0000000016bd0000,0x0000000016cd0000)]
  0x0000000014f84000 JavaThread "C2 CompilerThread1" daemon [_thread_in_native, id=5396, stack(0x00000000166d0000,0x00000000167d0000)]
  0x0000000014f7d000 JavaThread "C2 CompilerThread0" daemon [_thread_blocked, id=10604, stack(0x00000000165d0000,0x00000000166d0000)]
  0x0000000014f7b800 JavaThread "Attach Listener" daemon [_thread_blocked, id=9876, stack(0x00000000164d0000,0x00000000165d0000)]
  0x0000000014f7a800 JavaThread "Signal Dispatcher" daemon [_thread_blocked, id=6512, stack(0x00000000163d0000,0x00000000164d0000)]
  0x0000000014f6a800 JavaThread "Finalizer" daemon [_thread_blocked, id=4920, stack(0x00000000161e0000,0x00000000162e0000)]
  0x0000000014f49000 JavaThread "Reference Handler" daemon [_thread_blocked, id=5852, stack(0x00000000160e0000,0x00000000161e0000)]
=>0x00000000028ad800 JavaThread "main" [_thread_in_Java, id=1996, stack(0x0000000002530000,0x0000000002630000)]

Other Threads:
  0x0000000014f47800 VMThread [stack: 0x0000000015fe0000,0x00000000160e0000] [id=9992]
  0x00000000167ef800 WatcherThread [stack: 0x0000000016dd0000,0x0000000016ed0000] [id=5428]

VM state:not at safepoint (normal execution)

VM Mutex/Monitor currently owned by a thread: None

Heap:
 PSYoungGen      total 71680K, used 20324K [0x00000000eab00000, 0x00000000ef700000, 0x0000000100000000)
  eden space 65536K, 24% used [0x00000000eab00000,0x00000000eba62620,0x00000000eeb00000)
  from space 6144K, 74% used [0x00000000ef100000,0x00000000ef576d18,0x00000000ef700000)
  to   space 6144K, 0% used [0x00000000eeb00000,0x00000000eeb00000,0x00000000ef100000)
 ParOldGen       total 44032K, used 7373K [0x00000000c0000000, 0x00000000c2b00000, 0x00000000eab00000)
  object space 44032K, 16% used [0x00000000c0000000,0x00000000c0733720,0x00000000c2b00000)
 Metaspace       used 14161K, capacity 14566K, committed 14848K, reserved 1062912K
  class space    used 1668K, capacity 1758K, committed 1792K, reserved 1048576K

Card table byte_map: [0x0000000011c70000,0x0000000011e80000] byte_map_base: 0x0000000011670000

Marking Bits: (ParMarkBitMap*) 0x0000000076ed2f70
 Begin Bits: [0x00000000123e0000, 0x00000000133e0000)
 End Bits:   [0x00000000133e0000, 0x00000000143e0000)

Polling page: 0x0000000000b20000

CodeCache: size=245760Kb used=8621Kb max_used=8632Kb free=237139Kb
 bounds [0x00000000028b0000, 0x0000000003130000, 0x00000000118b0000]
 total_blobs=2837 nmethods=2516 adapters=235
 compilation: enabled

Compilation events (10 events):
Event: 11.224 Thread 0x0000000014f7d000 2526       4       org.apache.maven.model.merge.MavenModelMerger::getPluginKey (5 bytes)
Event: 11.228 Thread 0x0000000014f7d000 nmethod 2526 0x0000000003118d10 code [0x0000000003118e60, 0x0000000003119118]
Event: 11.242 Thread 0x0000000014fdd000 2527       1       org.apache.maven.artifact.DefaultArtifact::getFile (5 bytes)
Event: 11.243 Thread 0x0000000014fdd000 nmethod 2527 0x000000000311c6d0 code [0x000000000311c820, 0x000000000311c930]
Event: 11.272 Thread 0x0000000014fdd000 2528       3       org.apache.maven.model.InputLocation::setLocation (35 bytes)
Event: 11.272 Thread 0x0000000014f7d000 2529       4       java.util.HashSet::<init> (16 bytes)
Event: 11.272 Thread 0x0000000014fdd000 nmethod 2528 0x0000000003124f90 code [0x0000000003125120, 0x00000000031255a8]
Event: 11.273 Thread 0x0000000014fdd000 2530       3       org.apache.maven.model.IssueManagement::setLocation (35 bytes)
Event: 11.273 Thread 0x0000000014fdd000 nmethod 2530 0x0000000003124750 code [0x00000000031248e0, 0x0000000003124d68]
Event: 11.273 Thread 0x0000000014f7d000 nmethod 2529 0x0000000003122f50 code [0x00000000031230a0, 0x0000000003123198]

GC Heap History (10 events):
Event: 3.106 GC heap before
{Heap before GC invocations=2 (full 0):
 PSYoungGen      total 18944K, used 18931K [0x00000000eab00000, 0x00000000ec000000, 0x0000000100000000)
  eden space 16384K, 100% used [0x00000000eab00000,0x00000000ebb00000,0x00000000ebb00000)
  from space 2560K, 99% used [0x00000000ebb00000,0x00000000ebd7cc68,0x00000000ebd80000)
  to   space 2560K, 0% used [0x00000000ebd80000,0x00000000ebd80000,0x00000000ec000000)
 ParOldGen       total 44032K, used 684K [0x00000000c0000000, 0x00000000c2b00000, 0x00000000eab00000)
  object space 44032K, 1% used [0x00000000c0000000,0x00000000c00ab0e0,0x00000000c2b00000)
 Metaspace       used 7739K, capacity 7842K, committed 7936K, reserved 1056768K
  class space    used 977K, capacity 1017K, committed 1024K, reserved 1048576K
Event: 3.125 GC heap after
Heap after GC invocations=2 (full 0):
 PSYoungGen      total 18944K, used 2534K [0x00000000eab00000, 0x00000000ed000000, 0x0000000100000000)
  eden space 16384K, 0% used [0x00000000eab00000,0x00000000eab00000,0x00000000ebb00000)
  from space 2560K, 98% used [0x00000000ebd80000,0x00000000ebff98f0,0x00000000ec000000)
  to   space 2560K, 0% used [0x00000000ebb00000,0x00000000ebb00000,0x00000000ebd80000)
 ParOldGen       total 44032K, used 796K [0x00000000c0000000, 0x00000000c2b00000, 0x00000000eab00000)
  object space 44032K, 1% used [0x00000000c0000000,0x00000000c00c71e8,0x00000000c2b00000)
 Metaspace       used 7739K, capacity 7842K, committed 7936K, reserved 1056768K
  class space    used 977K, capacity 1017K, committed 1024K, reserved 1048576K
}
Event: 3.953 GC heap before
{Heap before GC invocations=3 (full 0):
 PSYoungGen      total 18944K, used 18918K [0x00000000eab00000, 0x00000000ed000000, 0x0000000100000000)
  eden space 16384K, 100% used [0x00000000eab00000,0x00000000ebb00000,0x00000000ebb00000)
  from space 2560K, 98% used [0x00000000ebd80000,0x00000000ebff98f0,0x00000000ec000000)
  to   space 2560K, 0% used [0x00000000ebb00000,0x00000000ebb00000,0x00000000ebd80000)
 ParOldGen       total 44032K, used 796K [0x00000000c0000000, 0x00000000c2b00000, 0x00000000eab00000)
  object space 44032K, 1% used [0x00000000c0000000,0x00000000c00c71e8,0x00000000c2b00000)
 Metaspace       used 9744K, capacity 9884K, committed 10112K, reserved 1058816K
  class space    used 1248K, capacity 1309K, committed 1408K, reserved 1048576K
Event: 3.972 GC heap after
Heap after GC invocations=3 (full 0):
 PSYoungGen      total 18944K, used 2560K [0x00000000eab00000, 0x00000000ed000000, 0x0000000100000000)
  eden space 16384K, 0% used [0x00000000eab00000,0x00000000eab00000,0x00000000ebb00000)
  from space 2560K, 100% used [0x00000000ebb00000,0x00000000ebd80000,0x00000000ebd80000)
  to   space 2560K, 0% used [0x00000000ecd80000,0x00000000ecd80000,0x00000000ed000000)
 ParOldGen       total 44032K, used 2434K [0x00000000c0000000, 0x00000000c2b00000, 0x00000000eab00000)
  object space 44032K, 5% used [0x00000000c0000000,0x00000000c0260998,0x00000000c2b00000)
 Metaspace       used 9744K, capacity 9884K, committed 10112K, reserved 1058816K
  class space    used 1248K, capacity 1309K, committed 1408K, reserved 1048576K
}
Event: 5.633 GC heap before
{Heap before GC invocations=4 (full 0):
 PSYoungGen      total 18944K, used 18944K [0x00000000eab00000, 0x00000000ed000000, 0x0000000100000000)
  eden space 16384K, 100% used [0x00000000eab00000,0x00000000ebb00000,0x00000000ebb00000)
  from space 2560K, 100% used [0x00000000ebb00000,0x00000000ebd80000,0x00000000ebd80000)
  to   space 2560K, 0% used [0x00000000ecd80000,0x00000000ecd80000,0x00000000ed000000)
 ParOldGen       total 44032K, used 2434K [0x00000000c0000000, 0x00000000c2b00000, 0x00000000eab00000)
  object space 44032K, 5% used [0x00000000c0000000,0x00000000c0260998,0x00000000c2b00000)
 Metaspace       used 12151K, capacity 12364K, committed 12672K, reserved 1060864K
  class space    used 1492K, capacity 1541K, committed 1664K, reserved 1048576K
Event: 5.697 GC heap after
Heap after GC invocations=4 (full 0):
 PSYoungGen      total 35328K, used 2544K [0x00000000eab00000, 0x00000000ed000000, 0x0000000100000000)
  eden space 32768K, 0% used [0x00000000eab00000,0x00000000eab00000,0x00000000ecb00000)
  from space 2560K, 99% used [0x00000000ecd80000,0x00000000ecffc010,0x00000000ed000000)
  to   space 2560K, 0% used [0x00000000ecb00000,0x00000000ecb00000,0x00000000ecd80000)
 ParOldGen       total 44032K, used 5207K [0x00000000c0000000, 0x00000000c2b00000, 0x00000000eab00000)
  object space 44032K, 11% used [0x00000000c0000000,0x00000000c0515fa0,0x00000000c2b00000)
 Metaspace       used 12151K, capacity 12364K, committed 12672K, reserved 1060864K
  class space    used 1492K, capacity 1541K, committed 1664K, reserved 1048576K
}
Event: 7.266 GC heap before
{Heap before GC invocations=5 (full 0):
 PSYoungGen      total 35328K, used 35312K [0x00000000eab00000, 0x00000000ed000000, 0x0000000100000000)
  eden space 32768K, 100% used [0x00000000eab00000,0x00000000ecb00000,0x00000000ecb00000)
  from space 2560K, 99% used [0x00000000ecd80000,0x00000000ecffc010,0x00000000ed000000)
  to   space 2560K, 0% used [0x00000000ecb00000,0x00000000ecb00000,0x00000000ecd80000)
 ParOldGen       total 44032K, used 5207K [0x00000000c0000000, 0x00000000c2b00000, 0x00000000eab00000)
  object space 44032K, 11% used [0x00000000c0000000,0x00000000c0515fa0,0x00000000c2b00000)
 Metaspace       used 13137K, capacity 13438K, committed 13824K, reserved 1060864K
  class space    used 1601K, capacity 1683K, committed 1792K, reserved 1048576K
Event: 7.293 GC heap after
Heap after GC invocations=5 (full 0):
 PSYoungGen      total 35328K, used 2544K [0x00000000eab00000, 0x00000000ef700000, 0x0000000100000000)
  eden space 32768K, 0% used [0x00000000eab00000,0x00000000eab00000,0x00000000ecb00000)
  from space 2560K, 99% used [0x00000000ecb00000,0x00000000ecd7c030,0x00000000ecd80000)
  to   space 6144K, 0% used [0x00000000ef100000,0x00000000ef100000,0x00000000ef700000)
 ParOldGen       total 44032K, used 7365K [0x00000000c0000000, 0x00000000c2b00000, 0x00000000eab00000)
  object space 44032K, 16% used [0x00000000c0000000,0x00000000c0731720,0x00000000c2b00000)
 Metaspace       used 13137K, capacity 13438K, committed 13824K, reserved 1060864K
  class space    used 1601K, capacity 1683K, committed 1792K, reserved 1048576K
}
Event: 10.009 GC heap before
{Heap before GC invocations=6 (full 0):
 PSYoungGen      total 35328K, used 35312K [0x00000000eab00000, 0x00000000ef700000, 0x0000000100000000)
  eden space 32768K, 100% used [0x00000000eab00000,0x00000000ecb00000,0x00000000ecb00000)
  from space 2560K, 99% used [0x00000000ecb00000,0x00000000ecd7c030,0x00000000ecd80000)
  to   space 6144K, 0% used [0x00000000ef100000,0x00000000ef100000,0x00000000ef700000)
 ParOldGen       total 44032K, used 7365K [0x00000000c0000000, 0x00000000c2b00000, 0x00000000eab00000)
  object space 44032K, 16% used [0x00000000c0000000,0x00000000c0731720,0x00000000c2b00000)
 Metaspace       used 13732K, capacity 14062K, committed 14336K, reserved 1062912K
  class space    used 1632K, capacity 1723K, committed 1792K, reserved 1048576K
Event: 10.046 GC heap after
Heap after GC invocations=6 (full 0):
 PSYoungGen      total 71680K, used 4571K [0x00000000eab00000, 0x00000000ef700000, 0x0000000100000000)
  eden space 65536K, 0% used [0x00000000eab00000,0x00000000eab00000,0x00000000eeb00000)
  from space 6144K, 74% used [0x00000000ef100000,0x00000000ef576d18,0x00000000ef700000)
  to   space 6144K, 0% used [0x00000000eeb00000,0x00000000eeb00000,0x00000000ef100000)
 ParOldGen       total 44032K, used 7373K [0x00000000c0000000, 0x00000000c2b00000, 0x00000000eab00000)
  object space 44032K, 16% used [0x00000000c0000000,0x00000000c0733720,0x00000000c2b00000)
 Metaspace       used 13732K, capacity 14062K, committed 14336K, reserved 1062912K
  class space    used 1632K, capacity 1723K, committed 1792K, reserved 1048576K
}

Deoptimization events (10 events):
Event: 7.142 Thread 0x00000000028ad800 Uncommon trap: reason=unstable_if action=reinterpret pc=0x0000000002e9abfc method=org.apache.maven.model.io.xpp3.MavenXpp3Reader.nextTag(Lorg/codehaus/plexus/util/xml/pull/XmlPullParser;)I @ 9
Event: 7.297 Thread 0x00000000028ad800 Uncommon trap: reason=unstable_if action=reinterpret pc=0x0000000002e91180 method=java.util.WeakHashMap.expungeStaleEntries()V @ 9
Event: 7.602 Thread 0x00000000028ad800 Uncommon trap: reason=class_check action=maybe_recompile pc=0x0000000002da8a7c method=org.apache.maven.model.interpolation.StringSearchModelInterpolator$InterpolateObjectAction.interpolateMapField(Ljava/lang/Object;Ljava/lang/reflect/Field;)V @ 126
Event: 8.643 Thread 0x00000000028ad800 Uncommon trap: reason=unstable_if action=reinterpret pc=0x0000000002db09dc method=java.util.LinkedHashMap.afterNodeInsertion(Z)V @ 18
Event: 8.658 Thread 0x00000000028ad800 Uncommon trap: reason=unstable_if action=reinterpret pc=0x0000000002ed23c8 method=java.util.IdentityHashMap.nextKeyIndex(II)I @ 4
Event: 10.753 Thread 0x00000000028ad800 Uncommon trap: reason=unstable_if action=reinterpret pc=0x000000000306d0d0 method=org.codehaus.plexus.classworlds.realm.Entry.matches(Ljava/lang/String;)Z @ 131
Event: 10.990 Thread 0x00000000028ad800 Uncommon trap: reason=unstable_if action=reinterpret pc=0x0000000002f1b514 method=org.apache.maven.model.ConfigurationContainer.setLocation(Ljava/lang/Object;Lorg/apache/maven/model/InputLocation;)V @ 1
Event: 11.009 Thread 0x00000000028ad800 Uncommon trap: reason=unstable_if action=reinterpret pc=0x00000000030bf8dc method=org.apache.maven.model.Contributor.clone()Lorg/apache/maven/model/Contributor; @ 65
Event: 11.042 Thread 0x00000000028ad800 Uncommon trap: reason=unstable_if action=reinterpret pc=0x00000000030b65e8 method=org.apache.maven.model.Contributor.clone()Lorg/apache/maven/model/Contributor; @ 65
Event: 11.187 Thread 0x00000000028ad800 Uncommon trap: reason=null_check action=make_not_entrant pc=0x000000000311c0ac method=org.apache.maven.model.io.xpp3.MavenXpp3ReaderEx.checkFieldWithDuplicate(Lorg/codehaus/plexus/util/xml/pull/XmlPullParser;Ljava/lang/String;Ljava/lang/String;Ljava/util/SC^UwE‘@

Internal exceptions (10 events):
Event: 3.300 Thread 0x00000000028ad800 Exception <a 'java/lang/NoClassDefFoundError': org/slf4j/LoggerFactory> (0x00000000ead37ba0) thrown at [C:\re\workspace\8-2-build-windows-amd64-cygwin\jdk8u91\6644\hotspot\src\share\vm\classfile\systemDictionary.cpp, line 199]
Event: 3.300 Thread 0x00000000028ad800 Exception <a 'java/lang/NoClassDefFoundError'> (0x00000000ead37ba0) thrown at [C:\re\workspace\8-2-build-windows-amd64-cygwin\jdk8u91\6644\hotspot\src\share\vm\oops\instanceKlass.cpp, line 948]
Event: 5.172 Thread 0x00000000028ad800 Implicit null exception at 0x0000000002c52b55 to 0x0000000002c52d2d
Event: 5.174 Thread 0x00000000028ad800 Implicit null exception at 0x0000000002bb0f2f to 0x0000000002bb0f99
Event: 5.559 Thread 0x00000000028ad800 Implicit null exception at 0x0000000002d627d7 to 0x0000000002d63745
Event: 5.907 Thread 0x00000000028ad800 Implicit null exception at 0x0000000002c343bb to 0x0000000002c3495d
Event: 6.790 Thread 0x00000000028ad800 Exception <a 'java/lang/NoClassDefFoundError': org/slf4j/Logger> (0x00000000ebe26158) thrown at [C:\re\workspace\8-2-build-windows-amd64-cygwin\jdk8u91\6644\hotspot\src\share\vm\oops\constantPool.cpp, line 235]
Event: 8.824 Thread 0x00000000028ad800 Exception <a 'java/lang/NoClassDefFoundError': org/slf4j/Logger> (0x00000000ebfb4328) thrown at [C:\re\workspace\8-2-build-windows-amd64-cygwin\jdk8u91\6644\hotspot\src\share\vm\oops\constantPool.cpp, line 235]
Event: 10.558 Thread 0x00000000028ad800 Exception <a 'java/lang/NoClassDefFoundError': org/slf4j/Logger> (0x00000000eb32cfa8) thrown at [C:\re\workspace\8-2-build-windows-amd64-cygwin\jdk8u91\6644\hotspot\src\share\vm\oops\constantPool.cpp, line 235]
Event: 11.187 Thread 0x00000000028ad800 Implicit null exception at 0x000000000311be9e to 0x000000000311c08d

Events (10 events):
Event: 11.237 loading class java/util/concurrent/locks/LockSupport
Event: 11.238 loading class java/util/concurrent/locks/LockSupport done
Event: 11.239 Executing VM operation: RevokeBias
Event: 11.239 Executing VM operation: RevokeBias done
Event: 11.240 loading class java/util/jar/JarOutputStream
Event: 11.241 loading class java/util/zip/ZipOutputStream
Event: 11.241 loading class java/util/zip/DeflaterOutputStream
Event: 11.241 loading class java/util/zip/DeflaterOutputStream done
Event: 11.241 loading class java/util/zip/ZipOutputStream done
Event: 11.241 loading class java/util/jar/JarOutputStream done


Dynamic libraries:
0x00007ff774440000 - 0x00007ff774477000 	C:\Program Files\Java\jdk1.8.0_91\bin\java.exe
0x00007ffb9f7e0000 - 0x00007ffb9f9b1000 	C:\WINDOWS\SYSTEM32\ntdll.dll
0x00007ffb9e000000 - 0x00007ffb9e0ab000 	C:\WINDOWS\System32\KERNEL32.DLL
0x00007ffb83070000 - 0x00007ffb830c4000 	C:\Program Files (x86)\AVG\Av\avghooka.dll
0x00007ffb9bf60000 - 0x00007ffb9c17d000 	C:\WINDOWS\System32\KERNELBASE.dll
0x00007ffb9cf20000 - 0x00007ffb9cfc2000 	C:\WINDOWS\System32\ADVAPI32.dll
0x00007ffb9d410000 - 0x00007ffb9d4ae000 	C:\WINDOWS\System32\msvcrt.dll
0x00007ffb9e0b0000 - 0x00007ffb9e109000 	C:\WINDOWS\System32\sechost.dll
0x00007ffb9cd90000 - 0x00007ffb9ceb1000 	C:\WINDOWS\System32\RPCRT4.dll
0x00007ffb9de90000 - 0x00007ffb9dff5000 	C:\WINDOWS\System32\USER32.dll
0x00007ffb9bcd0000 - 0x00007ffb9bcee000 	C:\WINDOWS\System32\win32u.dll
0x00007ffb9dcf0000 - 0x00007ffb9dd24000 	C:\WINDOWS\System32\GDI32.dll
0x00007ffb9cb30000 - 0x00007ffb9ccb2000 	C:\WINDOWS\System32\gdi32full.dll
0x00007ffb91540000 - 0x00007ffb917b9000 	C:\WINDOWS\WinSxS\amd64_microsoft.windows.common-controls_6595b64144ccf1df_6.0.14393.447_none_42191651c6827bb3\COMCTL32.dll
0x00007ffb9d040000 - 0x00007ffb9d308000 	C:\WINDOWS\System32\combase.dll
0x00007ffb9c2a0000 - 0x00007ffb9c395000 	C:\WINDOWS\System32\ucrtbase.dll
0x00007ffb9c180000 - 0x00007ffb9c1ea000 	C:\WINDOWS\System32\bcryptPrimitives.dll
0x00007ffb9e280000 - 0x00007ffb9e2ae000 	C:\WINDOWS\System32\IMM32.DLL
0x00000000765e0000 - 0x00000000766b2000 	C:\Program Files\Java\jdk1.8.0_91\jre\bin\msvcr100.dll
0x00000000766c0000 - 0x0000000076f53000 	C:\Program Files\Java\jdk1.8.0_91\jre\bin\server\jvm.dll
0x00007ffb9f7d0000 - 0x00007ffb9f7d8000 	C:\WINDOWS\System32\PSAPI.DLL
0x00007ffb946b0000 - 0x00007ffb946b9000 	C:\WINDOWS\SYSTEM32\WSOCK32.dll
0x00007ffb9cfd0000 - 0x00007ffb9d03a000 	C:\WINDOWS\System32\WS2_32.dll
0x00007ffb9a0a0000 - 0x00007ffb9a0c3000 	C:\WINDOWS\SYSTEM32\WINMM.dll
0x00007ffb96b90000 - 0x00007ffb96b9a000 	C:\WINDOWS\SYSTEM32\VERSION.dll
0x00007ffb9a070000 - 0x00007ffb9a09b000 	C:\WINDOWS\SYSTEM32\WINMMBASE.dll
0x00007ffb9cd20000 - 0x00007ffb9cd62000 	C:\WINDOWS\System32\cfgmgr32.dll
0x0000000076590000 - 0x000000007659f000 	C:\Program Files\Java\jdk1.8.0_91\jre\bin\verify.dll
0x0000000076560000 - 0x0000000076589000 	C:\Program Files\Java\jdk1.8.0_91\jre\bin\java.dll
0x0000000076540000 - 0x0000000076556000 	C:\Program Files\Java\jdk1.8.0_91\jre\bin\zip.dll
0x00007ffb9e2c0000 - 0x00007ffb9f7c9000 	C:\WINDOWS\System32\SHELL32.dll
0x00007ffb9c3a0000 - 0x00007ffb9ca7a000 	C:\WINDOWS\System32\windows.storage.dll
0x00007ffb9bc70000 - 0x00007ffb9bcbc000 	C:\WINDOWS\System32\powrprof.dll
0x00007ffb9d580000 - 0x00007ffb9d5d2000 	C:\WINDOWS\System32\shlwapi.dll
0x00007ffb9bc60000 - 0x00007ffb9bc6f000 	C:\WINDOWS\System32\kernel.appcore.dll
0x00007ffb9ca80000 - 0x00007ffb9cb29000 	C:\WINDOWS\System32\shcore.dll
0x00007ffb9bc40000 - 0x00007ffb9bc54000 	C:\WINDOWS\System32\profapi.dll
0x0000000076520000 - 0x000000007653a000 	C:\Program Files\Java\jdk1.8.0_91\jre\bin\net.dll
0x00007ffb9b570000 - 0x00007ffb9b5cc000 	C:\WINDOWS\system32\mswsock.dll
0x0000000076500000 - 0x0000000076511000 	C:\Program Files\Java\jdk1.8.0_91\jre\bin\nio.dll
0x00007ffb8a610000 - 0x00007ffb8a7a2000 	C:\WINDOWS\SYSTEM32\dbghelp.dll

VM Arguments:
jvm_args: -Dclassworlds.conf=C:\Program Files\NetBeans 8.2\java\maven\bin\m2.conf -Dmaven.home=C:\Program Files\NetBeans 8.2\java\maven 
java_command: org.codehaus.plexus.classworlds.launcher.Launcher -Dmaven.ext.class.path=C:\Program Files\NetBeans 8.2\java\maven-nblib\netbeans-eventspy.jar -Dfile.encoding=UTF-8 test
java_class_path (initial): C:\Program Files\NetBeans 8.2\java\maven\boot\plexus-classworlds-2.4.jar
Launcher Type: SUN_STANDARD

Environment Variables:
JAVA_HOME=C:\Program Files\Java\jdk1.8.0_91
PATH=C:\ProgramData\Oracle\Java\javapath;C:\WINDOWS\system32;C:\WINDOWS;C:\WINDOWS\System32\Wbem;C:\WINDOWS\System32\WindowsPowerShell\v1.0\;C:\Program Files (x86)\Skype\Phone\;C:\Program Files (x86)\NVIDIA Corporation\PhysX\Common;C:\WINDOWS\system32;C:\WINDOWS;C:\WINDOWS\System32\Wbem;C:\WINDOWS\System32\WindowsPowerShell\v1.0\;C:\Users\jaakk_000\AppData\Local\Microsoft\WindowsApps;
USERNAME=jaakk_000
OS=Windows_NT
PROCESSOR_IDENTIFIER=Intel64 Family 6 Model 23 Stepping 10, GenuineIntel



---------------  S Y S T E M  ---------------

OS: Windows 10.0 , 64 bit Build 14393 (10.0.14393.0)

CPU:total 4 (4 cores per cpu, 1 threads per core) family 6 model 23 stepping 10, cmov, cx8, fxsr, mmx, sse, sse2, sse3, ssse3, sse4.1, tsc

Memory: 4k page, physical 4193268k(899036k free), swap 5831668k(1235896k free)

vm_info: Java HotSpot(TM) 64-Bit Server VM (25.91-b14) for windows-amd64 JRE (1.8.0_91-b14), built on Apr  1 2016 00:58:32 by "java_re" with MS VC++ 10.0 (VS2010)

time: Sun Mar 05 13:00:38 2017
elapsed time: 11 seconds (0d 0h 0m 11s)

