#
# A fatal error has been detected by the Java Runtime Environment:
#
#  EXCEPTION_ACCESS_VIOLATION (0xc0000005) at pc=0xffffffffa3515120, pid=12832, tid=10224
#
# JRE version: Java(TM) SE Runtime Environment (8.0_91-b14) (build 1.8.0_91-b14)
# Java VM: Java HotSpot(TM) 64-Bit Server VM (25.91-b14 mixed mode windows-amd64 compressed oops)
# Problematic frame:
# C  0xffffffffa3515120
#
# Failed to write core dump. Minidumps are not enabled by default on client versions of Windows
#
# If you would like to submit a bug report, please visit:
#   http://bugreport.java.com/bugreport/crash.jsp
#

---------------  T H R E A D  ---------------

Current thread (0x00000000022cd800):  JavaThread "main" [_thread_in_Java, id=10224, stack(0x00000000022d0000,0x00000000023d0000)]

siginfo: ExceptionCode=0xc0000005, ExceptionInformation=0x0000000000000008 0xffffffffa3515120

Registers:
RAX=0x00000000143d9c68, RBX=0x00000000143d9c68, RCX=0x00000000143dfbe0, RDX=0x00000000eaf0acb8
RSP=0x00000000023cc6e8, RBP=0x00000000023cc768, RSI=0x0000000000756a42, RDI=0x00000000144b2318
R8 =0x0000000000000067, R9 =0x0000000000000000, R10=0x0000000076eb49a0, R11=0x0000000002629520
R12=0x0000000000000000, R13=0x00000000023cc700, R14=0x00000000023cc848, R15=0x00000000022cd800
RIP=0xffffffffa3515120, EFLAGS=0x0000000000010206

Top of Stack: (sp=0x00000000023cc6e8)
0x00000000023cc6e8:   000000000251809d 00000000023cc768
0x00000000023cc6f8:   000000000251809d 0000000000000000
0x00000000023cc708:   0000000000000067 00000000eaf0acb8
0x00000000023cc718:   0000000000000001 00000000eadb4ae8
0x00000000023cc728:   00000000023cc718 00000000143dd4a0
0x00000000023cc738:   00000000023cc848 00000000143dfbe0
0x00000000023cc748:   000000001457c400 00000000143dd668
0x00000000023cc758:   00000000023cc700 00000000023cc850
0x00000000023cc768:   00000000023ccd58 000000000267c96c
0x00000000023cc778:   0000000000000000 0000000000000000
0x00000000023cc788:   0000000000000000 0000000000000000
0x00000000023cc798:   0000000000000000 00000000ead48c70
0x00000000023cc7a8:   00000000ead48b20 0000000005c0f56b
0x00000000023cc7b8:   00000000eadb4ae8 00000000eadb4ae8
0x00000000023cc7c8:   0000000000000100 00000000eadb4ae8
0x00000000023cc7d8:   0000000000000000 00000000eadb4ae8 

Instructions: (pc=0xffffffffa3515120)
0xffffffffa3515100:   
[error occurred during error reporting (printing registers, top of stack, instructions near pc), id 0xc0000005]

Register to memory mapping:

RAX={method} {0x00000000143d9c70} 'setTabAt' '([Ljava/util/concurrent/ConcurrentHashMap$Node;ILjava/util/concurrent/ConcurrentHashMap$Node;)V' in 'java/util/concurrent/ConcurrentHashMap'
RBX={method} {0x00000000143d9c70} 'setTabAt' '([Ljava/util/concurrent/ConcurrentHashMap$Node;ILjava/util/concurrent/ConcurrentHashMap$Node;)V' in 'java/util/concurrent/ConcurrentHashMap'
RCX=0x00000000143dfbe0 is pointing into metadata
RDX=0x00000000eaf0acb8 is an oop
[Ljava.util.concurrent.ConcurrentHashMap$Node; 
 - klass: 'java/util/concurrent/ConcurrentHashMap$Node'[]
 - length: 512
RSP=0x00000000023cc6e8 is pointing into the stack for thread: 0x00000000022cd800
RBP=0x00000000023cc768 is pointing into the stack for thread: 0x00000000022cd800
RSI=0x0000000000756a42 is an unknown value
RDI=0x00000000144b2318 is pointing into metadata
R8 =0x0000000000000067 is an unknown value
R9 =0x0000000000000000 is an unknown value
R10=0x0000000076eb49a0 is an unknown value
R11=0x0000000002629520 is at entry_point+0 in (nmethod*)0x00000000026293d0
R12=0x0000000000000000 is an unknown value
R13=0x00000000023cc700 is pointing into the stack for thread: 0x00000000022cd800
R14=0x00000000023cc848 is pointing into the stack for thread: 0x00000000022cd800
R15=0x00000000022cd800 is a thread


Stack: [0x00000000022d0000,0x00000000023d0000],  sp=0x00000000023cc6e8,  free space=1009k
Native frames: (J=compiled Java code, j=interpreted, Vv=VM code, C=native code)
C  0xffffffffa3515120


---------------  P R O C E S S  ---------------

Java Threads: ( => current thread )
  0x0000000016551000 JavaThread "Service Thread" daemon [_thread_blocked, id=12892, stack(0x0000000016930000,0x0000000016a30000)]
  0x0000000014c22800 JavaThread "C1 CompilerThread2" daemon [_thread_blocked, id=9372, stack(0x0000000016430000,0x0000000016530000)]
  0x0000000014be4800 JavaThread "C2 CompilerThread1" daemon [_thread_blocked, id=12808, stack(0x0000000016330000,0x0000000016430000)]
  0x0000000014bdd000 JavaThread "C2 CompilerThread0" daemon [_thread_blocked, id=11752, stack(0x0000000016230000,0x0000000016330000)]
  0x0000000014bdb800 JavaThread "Attach Listener" daemon [_thread_blocked, id=9208, stack(0x0000000016130000,0x0000000016230000)]
  0x0000000014bda800 JavaThread "Signal Dispatcher" daemon [_thread_blocked, id=9728, stack(0x0000000016030000,0x0000000016130000)]
  0x0000000014bca800 JavaThread "Finalizer" daemon [_thread_blocked, id=5612, stack(0x0000000015e40000,0x0000000015f40000)]
  0x0000000014ba9000 JavaThread "Reference Handler" daemon [_thread_blocked, id=10532, stack(0x0000000015d40000,0x0000000015e40000)]
=>0x00000000022cd800 JavaThread "main" [_thread_in_Java, id=10224, stack(0x00000000022d0000,0x00000000023d0000)]

Other Threads:
  0x0000000014ba7800 VMThread [stack: 0x0000000015c40000,0x0000000015d40000] [id=9352]
  0x0000000014c3e800 WatcherThread [stack: 0x0000000016a30000,0x0000000016b30000] [id=12896]

VM state:not at safepoint (normal execution)

VM Mutex/Monitor currently owned by a thread: None

Heap:
 PSYoungGen      total 18944K, used 4306K [0x00000000eab00000, 0x00000000ec000000, 0x0000000100000000)
  eden space 16384K, 26% used [0x00000000eab00000,0x00000000eaf34870,0x00000000ebb00000)
  from space 2560K, 0% used [0x00000000ebd80000,0x00000000ebd80000,0x00000000ec000000)
  to   space 2560K, 0% used [0x00000000ebb00000,0x00000000ebb00000,0x00000000ebd80000)
 ParOldGen       total 44032K, used 0K [0x00000000c0000000, 0x00000000c2b00000, 0x00000000eab00000)
  object space 44032K, 0% used [0x00000000c0000000,0x00000000c0000000,0x00000000c2b00000)
 Metaspace       used 4410K, capacity 5132K, committed 5248K, reserved 1056768K
  class space    used 490K, capacity 568K, committed 640K, reserved 1048576K

Card table byte_map: [0x00000000118d0000,0x0000000011ae0000] byte_map_base: 0x00000000112d0000

Marking Bits: (ParMarkBitMap*) 0x0000000076ed2f70
 Begin Bits: [0x0000000012040000, 0x0000000013040000)
 End Bits:   [0x0000000013040000, 0x0000000014040000)

Polling page: 0x0000000000ad0000

CodeCache: size=245760Kb used=1579Kb max_used=1591Kb free=244180Kb
 bounds [0x0000000002510000, 0x0000000002780000, 0x0000000011510000]
 total_blobs=490 nmethods=224 adapters=181
 compilation: enabled

Compilation events (10 events):
Event: 0.705 Thread 0x0000000014c22800  219       3       java.net.URLClassLoader$1::<init> (15 bytes)
Event: 0.706 Thread 0x0000000014c22800 nmethod 219 0x0000000002699990 code [0x0000000002699ae0, 0x0000000002699cb0]
Event: 0.707 Thread 0x0000000014c22800  220   !   3       java.util.zip.Inflater::ended (32 bytes)
Event: 0.708 Thread 0x0000000014c22800 nmethod 220 0x0000000002699d50 code [0x0000000002699ec0, 0x000000000269a290]
Event: 0.708 Thread 0x0000000014c22800  221  s    3       java.lang.Throwable::fillInStackTrace (29 bytes)
Event: 0.709 Thread 0x0000000014c22800 nmethod 221 0x000000000269a3d0 code [0x000000000269a540, 0x000000000269a8e8]
Event: 0.711 Thread 0x0000000014c22800  223       3       java.util.concurrent.ConcurrentHashMap$Node::<init> (26 bytes)
Event: 0.712 Thread 0x0000000014c22800 nmethod 223 0x000000000269ad10 code [0x000000000269ae60, 0x000000000269b050]
Event: 0.712 Thread 0x0000000014bdd000  224       4       java.util.concurrent.ConcurrentHashMap::setTabAt (19 bytes)
Event: 0.713 Thread 0x0000000014bdd000 nmethod 224 0x000000000269dd90 code [0x000000000269dec0, 0x000000000269df38]

GC Heap History (0 events):
No events

Deoptimization events (0 events):
No events

Internal exceptions (6 events):
Event: 0.114 Thread 0x00000000022cd800 Exception <a 'java/lang/NoSuchMethodError': Method sun.misc.Unsafe.defineClass(Ljava/lang/String;[BII)Ljava/lang/Class; name or signature does not match> (0x00000000eab07cc0) thrown at [C:\re\workspace\8-2-build-windows-amd64-cygwin\jdk8u91\6644\hotspot\srîÙ5žÌ½?
Event: 0.114 Thread 0x00000000022cd800 Exception <a 'java/lang/NoSuchMethodError': Method sun.misc.Unsafe.prefetchRead(Ljava/lang/Object;J)V name or signature does not match> (0x00000000eab07fa8) thrown at [C:\re\workspace\8-2-build-windows-amd64-cygwin\jdk8u91\6644\hotspot\src\share\vm\prims\jˆúø®ý³à?
Event: 0.522 Thread 0x00000000022cd800 Exception <a 'java/security/PrivilegedActionException'> (0x00000000ead9b750) thrown at [C:\re\workspace\8-2-build-windows-amd64-cygwin\jdk8u91\6644\hotspot\src\share\vm\prims\jvm.cpp, line 1386]
Event: 0.522 Thread 0x00000000022cd800 Exception <a 'java/security/PrivilegedActionException'> (0x00000000ead9b960) thrown at [C:\re\workspace\8-2-build-windows-amd64-cygwin\jdk8u91\6644\hotspot\src\share\vm\prims\jvm.cpp, line 1386]
Event: 0.524 Thread 0x00000000022cd800 Exception <a 'java/security/PrivilegedActionException'> (0x00000000ead9f990) thrown at [C:\re\workspace\8-2-build-windows-amd64-cygwin\jdk8u91\6644\hotspot\src\share\vm\prims\jvm.cpp, line 1386]
Event: 0.524 Thread 0x00000000022cd800 Exception <a 'java/security/PrivilegedActionException'> (0x00000000ead9fba0) thrown at [C:\re\workspace\8-2-build-windows-amd64-cygwin\jdk8u91\6644\hotspot\src\share\vm\prims\jvm.cpp, line 1386]

Events (10 events):
Event: 0.703 loading class org/sonatype/guice/bean/reflect/MildConcurrentValues
Event: 0.703 loading class org/sonatype/guice/bean/reflect/MildConcurrentValues done
Event: 0.704 loading class org/sonatype/guice/bean/reflect/MildValues
Event: 0.704 loading class org/sonatype/guice/bean/reflect/MildValues done
Event: 0.707 loading class org/sonatype/guice/bean/reflect/MildValues$Weak
Event: 0.707 loading class org/sonatype/guice/bean/reflect/MildValues$Weak done
Event: 0.708 loading class org/sonatype/guice/bean/reflect/MildValues$InverseMapping
Event: 0.708 loading class org/sonatype/guice/bean/reflect/MildValues$InverseMapping done
Event: 0.710 loading class org/sonatype/guice/bean/reflect/MildKeys$Weak
Event: 0.710 loading class org/sonatype/guice/bean/reflect/MildKeys$Weak done


Dynamic libraries:
0x00007ff6d4560000 - 0x00007ff6d4597000 	C:\Program Files\Java\jdk1.8.0_91\bin\java.exe
0x00007ffb9f7e0000 - 0x00007ffb9f9b1000 	C:\WINDOWS\SYSTEM32\ntdll.dll
0x00007ffb9e000000 - 0x00007ffb9e0ab000 	C:\WINDOWS\System32\KERNEL32.DLL
0x00007ffb83070000 - 0x00007ffb830c4000 	C:\Program Files (x86)\AVG\Av\avghooka.dll
0x00007ffb9bf60000 - 0x00007ffb9c17d000 	C:\WINDOWS\System32\KERNELBASE.dll
0x00007ffb9cf20000 - 0x00007ffb9cfc2000 	C:\WINDOWS\System32\ADVAPI32.dll
0x00007ffb9d410000 - 0x00007ffb9d4ae000 	C:\WINDOWS\System32\msvcrt.dll
0x00007ffb9e0b0000 - 0x00007ffb9e109000 	C:\WINDOWS\System32\sechost.dll
0x00007ffb9cd90000 - 0x00007ffb9ceb1000 	C:\WINDOWS\System32\RPCRT4.dll
0x00007ffb9de90000 - 0x00007ffb9dff5000 	C:\WINDOWS\System32\USER32.dll
0x00007ffb9bcd0000 - 0x00007ffb9bcee000 	C:\WINDOWS\System32\win32u.dll
0x00007ffb9dcf0000 - 0x00007ffb9dd24000 	C:\WINDOWS\System32\GDI32.dll
0x00007ffb9cb30000 - 0x00007ffb9ccb2000 	C:\WINDOWS\System32\gdi32full.dll
0x00007ffb91540000 - 0x00007ffb917b9000 	C:\WINDOWS\WinSxS\amd64_microsoft.windows.common-controls_6595b64144ccf1df_6.0.14393.447_none_42191651c6827bb3\COMCTL32.dll
0x00007ffb9d040000 - 0x00007ffb9d308000 	C:\WINDOWS\System32\combase.dll
0x00007ffb9c2a0000 - 0x00007ffb9c395000 	C:\WINDOWS\System32\ucrtbase.dll
0x00007ffb9c180000 - 0x00007ffb9c1ea000 	C:\WINDOWS\System32\bcryptPrimitives.dll
0x00007ffb9e280000 - 0x00007ffb9e2ae000 	C:\WINDOWS\System32\IMM32.DLL
0x00000000765e0000 - 0x00000000766b2000 	C:\Program Files\Java\jdk1.8.0_91\jre\bin\msvcr100.dll
0x00000000766c0000 - 0x0000000076f53000 	C:\Program Files\Java\jdk1.8.0_91\jre\bin\server\jvm.dll
0x00007ffb9f7d0000 - 0x00007ffb9f7d8000 	C:\WINDOWS\System32\PSAPI.DLL
0x00007ffb946b0000 - 0x00007ffb946b9000 	C:\WINDOWS\SYSTEM32\WSOCK32.dll
0x00007ffb9cfd0000 - 0x00007ffb9d03a000 	C:\WINDOWS\System32\WS2_32.dll
0x00007ffb9a0a0000 - 0x00007ffb9a0c3000 	C:\WINDOWS\SYSTEM32\WINMM.dll
0x00007ffb96b90000 - 0x00007ffb96b9a000 	C:\WINDOWS\SYSTEM32\VERSION.dll
0x00007ffb9a070000 - 0x00007ffb9a09b000 	C:\WINDOWS\SYSTEM32\WINMMBASE.dll
0x00007ffb9cd20000 - 0x00007ffb9cd62000 	C:\WINDOWS\System32\cfgmgr32.dll
0x0000000076590000 - 0x000000007659f000 	C:\Program Files\Java\jdk1.8.0_91\jre\bin\verify.dll
0x0000000076560000 - 0x0000000076589000 	C:\Program Files\Java\jdk1.8.0_91\jre\bin\java.dll
0x0000000076540000 - 0x0000000076556000 	C:\Program Files\Java\jdk1.8.0_91\jre\bin\zip.dll
0x00007ffb9e2c0000 - 0x00007ffb9f7c9000 	C:\WINDOWS\System32\SHELL32.dll
0x00007ffb9c3a0000 - 0x00007ffb9ca7a000 	C:\WINDOWS\System32\windows.storage.dll
0x00007ffb9bc70000 - 0x00007ffb9bcbc000 	C:\WINDOWS\System32\powrprof.dll
0x00007ffb9d580000 - 0x00007ffb9d5d2000 	C:\WINDOWS\System32\shlwapi.dll
0x00007ffb9bc60000 - 0x00007ffb9bc6f000 	C:\WINDOWS\System32\kernel.appcore.dll
0x00007ffb9ca80000 - 0x00007ffb9cb29000 	C:\WINDOWS\System32\shcore.dll
0x00007ffb9bc40000 - 0x00007ffb9bc54000 	C:\WINDOWS\System32\profapi.dll
0x00007ffb8a610000 - 0x00007ffb8a7a2000 	C:\WINDOWS\SYSTEM32\dbghelp.dll

VM Arguments:
jvm_args: -Dclassworlds.conf=C:\Program Files\NetBeans 8.2\java\maven\bin\m2.conf -Dmaven.home=C:\Program Files\NetBeans 8.2\java\maven 
java_command: org.codehaus.plexus.classworlds.launcher.Launcher -Dmaven.ext.class.path=C:\Program Files\NetBeans 8.2\java\maven-nblib\netbeans-eventspy.jar -Dfile.encoding=UTF-8 test
java_class_path (initial): C:\Program Files\NetBeans 8.2\java\maven\boot\plexus-classworlds-2.4.jar
Launcher Type: SUN_STANDARD

Environment Variables:
JAVA_HOME=C:\Program Files\Java\jdk1.8.0_91
PATH=C:\ProgramData\Oracle\Java\javapath;C:\WINDOWS\system32;C:\WINDOWS;C:\WINDOWS\System32\Wbem;C:\WINDOWS\System32\WindowsPowerShell\v1.0\;C:\Program Files (x86)\Skype\Phone\;C:\Program Files (x86)\NVIDIA Corporation\PhysX\Common;C:\WINDOWS\system32;C:\WINDOWS;C:\WINDOWS\System32\Wbem;C:\WINDOWS\System32\WindowsPowerShell\v1.0\;C:\Users\jaakk_000\AppData\Local\Microsoft\WindowsApps;
USERNAME=jaakk_000
OS=Windows_NT
PROCESSOR_IDENTIFIER=Intel64 Family 6 Model 23 Stepping 10, GenuineIntel



---------------  S Y S T E M  ---------------

OS: Windows 10.0 , 64 bit Build 14393 (10.0.14393.0)

CPU:total 4 (4 cores per cpu, 1 threads per core) family 6 model 23 stepping 10, cmov, cx8, fxsr, mmx, sse, sse2, sse3, ssse3, sse4.1, tsc

Memory: 4k page, physical 4193268k(906668k free), swap 7319544k(1459076k free)

vm_info: Java HotSpot(TM) 64-Bit Server VM (25.91-b14) for windows-amd64 JRE (1.8.0_91-b14), built on Apr  1 2016 00:58:32 by "java_re" with MS VC++ 10.0 (VS2010)

time: Sun Mar 05 20:27:14 2017
elapsed time: 0 seconds (0d 0h 0m 0s)

