#
# A fatal error has been detected by the Java Runtime Environment:
#
#  EXCEPTION_ACCESS_VIOLATION (0xc0000005) at pc=0xffffffffa3a85120, pid=13240, tid=10296
#
# JRE version: Java(TM) SE Runtime Environment (8.0_91-b14) (build 1.8.0_91-b14)
# Java VM: Java HotSpot(TM) 64-Bit Server VM (25.91-b14 mixed mode windows-amd64 compressed oops)
# Problematic frame:
# C  0xffffffffa3a85120
#
# Failed to write core dump. Minidumps are not enabled by default on client versions of Windows
#
# If you would like to submit a bug report, please visit:
#   http://bugreport.java.com/bugreport/crash.jsp
#

---------------  T H R E A D  ---------------

Current thread (0x0000000002a7d800):  JavaThread "main" [_thread_in_Java, id=10296, stack(0x0000000002770000,0x0000000002870000)]

siginfo: ExceptionCode=0xc0000005, ExceptionInformation=0x0000000000000008 0xffffffffa3a85120

Registers:
RAX=0x000000010007f0f8, RBX=0x000000000075f48b, RCX=0x0000000018b84870, RDX=0x00000000ebe6f788
RSP=0x000000000286d8d8, RBP=0x000000000286df80, RSI=0x00000000ebe6f788, RDI=0x000000000000003c
R8 =0x00000000ebab3400, R9 =0x00000000c0146328, R10=0x000000010007f0f8, R11=0x0000000018b84870
R12=0x0000000000000000, R13=0x0000000000000028, R14=0x000000000286d830, R15=0x0000000002a7d800
RIP=0xffffffffa3a85120, EFLAGS=0x0000000000010246

Top of Stack: (sp=0x000000000286d8d8)
0x000000000286d8d8:   000000000314f264 000000000286df80
0x000000000286d8e8:   00000000031576fc 0000000000000400
0x000000000286d8f8:   0000000002d548cc 0000000000038078
0x000000000286d908:   000000000286d960 00000000ebe6f7b0
0x000000000286d918:   0000000000000000 00000000eba2e918
0x000000000286d928:   0000000055794950 000000000286df80
0x000000000286d938:   000000000314baf4 000000000286df80
0x000000000286d948:   000000000313cb7c 0000000100015670
0x000000000286d958:   0000000100015670 00000000ebe6a4a8
0x000000000286d968:   00000000ebefb518 0000000000000158
0x000000000286d978:   0000000000000005 00000000ebe909a8
0x000000000286d988:   00000000ebab3400 00000000ebefa528
0x000000000286d998:   00000000eba2e918 00000000c0606198
0x000000000286d9a8:   00000000ebe909a8 00000000ebe6a4a8
0x000000000286d9b8:   0000000000000006 00000000ebefb5a0
0x000000000286d9c8:   000000005511bbc3 000000000286df80 

Instructions: (pc=0xffffffffa3a85120)
0xffffffffa3a85100:   
[error occurred during error reporting (printing registers, top of stack, instructions near pc), id 0xc0000005]

Register to memory mapping:

RAX=0x000000010007f0f8 is pointing into metadata
RBX=0x000000000075f48b is an unknown value
RCX=0x0000000018b84870 is pointing into metadata
RDX=0x00000000ebe6f788 is an oop
java.util.IdentityHashMap 
 - klass: 'java/util/IdentityHashMap'
RSP=0x000000000286d8d8 is pointing into the stack for thread: 0x0000000002a7d800
RBP=0x000000000286df80 is pointing into the stack for thread: 0x0000000002a7d800
RSI=0x00000000ebe6f788 is an oop
java.util.IdentityHashMap 
 - klass: 'java/util/IdentityHashMap'
RDI=0x000000000000003c is an unknown value
R8 =0x00000000ebab3400 is an oop
org.sonatype.aether.impl.internal.GraphEdge 
 - klass: 'org/sonatype/aether/impl/internal/GraphEdge'
R9 =0x00000000c0146328 is an oop
java.lang.Integer 
 - klass: 'java/lang/Integer'
R10=0x000000010007f0f8 is pointing into metadata
R11=0x0000000018b84870 is pointing into metadata
R12=0x0000000000000000 is an unknown value
R13=0x0000000000000028 is an unknown value
R14=0x000000000286d830 is pointing into the stack for thread: 0x0000000002a7d800
R15=0x0000000002a7d800 is a thread


Stack: [0x0000000002770000,0x0000000002870000],  sp=0x000000000286d8d8,  free space=1014k
Native frames: (J=compiled Java code, j=interpreted, Vv=VM code, C=native code)
C  0xffffffffa3a85120


---------------  P R O C E S S  ---------------

Java Threads: ( => current thread )
  0x00000000151ac000 JavaThread "Service Thread" daemon [_thread_blocked, id=13828, stack(0x0000000016e90000,0x0000000016f90000)]
  0x0000000015178000 JavaThread "C1 CompilerThread2" daemon [_thread_blocked, id=9140, stack(0x0000000016990000,0x0000000016a90000)]
  0x0000000015151000 JavaThread "C2 CompilerThread1" daemon [_thread_in_native, id=12208, stack(0x0000000016890000,0x0000000016990000)]
  0x000000001514e800 JavaThread "C2 CompilerThread0" daemon [_thread_in_native, id=2772, stack(0x0000000016790000,0x0000000016890000)]
  0x000000001514d000 JavaThread "Attach Listener" daemon [_thread_blocked, id=8188, stack(0x0000000016690000,0x0000000016790000)]
  0x000000001514b800 JavaThread "Signal Dispatcher" daemon [_thread_blocked, id=5308, stack(0x0000000016590000,0x0000000016690000)]
  0x000000000298c000 JavaThread "Finalizer" daemon [_thread_blocked, id=11872, stack(0x00000000163a0000,0x00000000164a0000)]
  0x0000000002980000 JavaThread "Reference Handler" daemon [_thread_blocked, id=13764, stack(0x00000000162a0000,0x00000000163a0000)]
=>0x0000000002a7d800 JavaThread "main" [_thread_in_Java, id=10296, stack(0x0000000002770000,0x0000000002870000)]

Other Threads:
  0x0000000015118800 VMThread [stack: 0x00000000161a0000,0x00000000162a0000] [id=13472]
  0x0000000016aac000 WatcherThread [stack: 0x0000000016f90000,0x0000000017090000] [id=10352]

VM state:not at safepoint (normal execution)

VM Mutex/Monitor currently owned by a thread: None

Heap:
 PSYoungGen      total 68096K, used 23709K [0x00000000eab00000, 0x00000000ef000000, 0x0000000100000000)
  eden space 65536K, 32% used [0x00000000eab00000,0x00000000ebfaf758,0x00000000eeb00000)
  from space 2560K, 98% used [0x00000000eed80000,0x00000000eeff8020,0x00000000ef000000)
  to   space 2560K, 0% used [0x00000000eeb00000,0x00000000eeb00000,0x00000000eed80000)
 ParOldGen       total 44032K, used 7397K [0x00000000c0000000, 0x00000000c2b00000, 0x00000000eab00000)
  object space 44032K, 16% used [0x00000000c0000000,0x00000000c0739780,0x00000000c2b00000)
 Metaspace       used 12837K, capacity 13094K, committed 13440K, reserved 1060864K
  class space    used 1532K, capacity 1611K, committed 1664K, reserved 1048576K

Card table byte_map: [0x0000000011e40000,0x0000000012050000] byte_map_base: 0x0000000011840000

Marking Bits: (ParMarkBitMap*) 0x00000000557b2f70
 Begin Bits: [0x00000000125b0000, 0x00000000135b0000)
 End Bits:   [0x00000000135b0000, 0x00000000145b0000)

Polling page: 0x0000000000e70000

CodeCache: size=245760Kb used=6998Kb max_used=7013Kb free=238761Kb
 bounds [0x0000000002a80000, 0x0000000003160000, 0x0000000011a80000]
 total_blobs=2401 nmethods=2084 adapters=231
 compilation: enabled

Compilation events (10 events):
Event: 4.797 Thread 0x000000001514e800 2088       4       java.util.IdentityHashMap::get (60 bytes)
Event: 4.797 Thread 0x0000000015178000 nmethod 2082 0x0000000003154cd0 code [0x0000000003154e40, 0x00000000031550a8]
Event: 4.797 Thread 0x0000000015178000 2081       3       java.util.IdentityHashMap$KeyIterator::next (13 bytes)
Event: 4.797 Thread 0x0000000015178000 nmethod 2081 0x0000000003154750 code [0x00000000031548c0, 0x0000000003154ba8]
Event: 4.797 Thread 0x0000000015178000 2080       1       org.sonatype.aether.impl.internal.GraphEdge::getPremanagedScope (5 bytes)
Event: 4.797 Thread 0x0000000015178000 nmethod 2080 0x0000000003156610 code [0x0000000003156760, 0x0000000003156870]
Event: 4.798 Thread 0x0000000015178000 2089   !   3       java.util.ArrayList$Itr::remove (68 bytes)
Event: 4.799 Thread 0x0000000015178000 nmethod 2089 0x0000000003155c50 code [0x0000000003155e00, 0x0000000003156378]
Event: 4.799 Thread 0x000000001514e800 nmethod 2088 0x0000000003155750 code [0x00000000031558a0, 0x0000000003155a68]
Event: 4.799 Thread 0x000000001514e800 1873       4       org.apache.maven.model.interpolation.StringSearchModelInterpolator$InterpolateObjectAction::interpolateStringField (63 bytes)

GC Heap History (8 events):
Event: 1.173 GC heap before
{Heap before GC invocations=1 (full 0):
 PSYoungGen      total 18944K, used 16384K [0x00000000eab00000, 0x00000000ec000000, 0x0000000100000000)
  eden space 16384K, 100% used [0x00000000eab00000,0x00000000ebb00000,0x00000000ebb00000)
  from space 2560K, 0% used [0x00000000ebd80000,0x00000000ebd80000,0x00000000ec000000)
  to   space 2560K, 0% used [0x00000000ebb00000,0x00000000ebb00000,0x00000000ebd80000)
 ParOldGen       total 44032K, used 0K [0x00000000c0000000, 0x00000000c2b00000, 0x00000000eab00000)
  object space 44032K, 0% used [0x00000000c0000000,0x00000000c0000000,0x00000000c2b00000)
 Metaspace       used 6685K, capacity 6812K, committed 7040K, reserved 1056768K
  class space    used 821K, capacity 888K, committed 896K, reserved 1048576K
Event: 1.188 GC heap after
Heap after GC invocations=1 (full 0):
 PSYoungGen      total 18944K, used 2555K [0x00000000eab00000, 0x00000000ed000000, 0x0000000100000000)
  eden space 16384K, 0% used [0x00000000eab00000,0x00000000eab00000,0x00000000ebb00000)
  from space 2560K, 99% used [0x00000000ebb00000,0x00000000ebd7edf8,0x00000000ebd80000)
  to   space 2560K, 0% used [0x00000000ecd80000,0x00000000ecd80000,0x00000000ed000000)
 ParOldGen       total 44032K, used 650K [0x00000000c0000000, 0x00000000c2b00000, 0x00000000eab00000)
  object space 44032K, 1% used [0x00000000c0000000,0x00000000c00a2828,0x00000000c2b00000)
 Metaspace       used 6685K, capacity 6812K, committed 7040K, reserved 1056768K
  class space    used 821K, capacity 888K, committed 896K, reserved 1048576K
}
Event: 1.646 GC heap before
{Heap before GC invocations=2 (full 0):
 PSYoungGen      total 18944K, used 18939K [0x00000000eab00000, 0x00000000ed000000, 0x0000000100000000)
  eden space 16384K, 100% used [0x00000000eab00000,0x00000000ebb00000,0x00000000ebb00000)
  from space 2560K, 99% used [0x00000000ebb00000,0x00000000ebd7edf8,0x00000000ebd80000)
  to   space 2560K, 0% used [0x00000000ecd80000,0x00000000ecd80000,0x00000000ed000000)
 ParOldGen       total 44032K, used 650K [0x00000000c0000000, 0x00000000c2b00000, 0x00000000eab00000)
  object space 44032K, 1% used [0x00000000c0000000,0x00000000c00a2828,0x00000000c2b00000)
 Metaspace       used 7714K, capacity 7842K, committed 7936K, reserved 1056768K
  class space    used 976K, capacity 1017K, committed 1024K, reserved 1048576K
Event: 1.657 GC heap after
Heap after GC invocations=2 (full 0):
 PSYoungGen      total 35328K, used 2551K [0x00000000eab00000, 0x00000000ed000000, 0x0000000100000000)
  eden space 32768K, 0% used [0x00000000eab00000,0x00000000eab00000,0x00000000ecb00000)
  from space 2560K, 99% used [0x00000000ecd80000,0x00000000ecffdde8,0x00000000ed000000)
  to   space 2560K, 0% used [0x00000000ecb00000,0x00000000ecb00000,0x00000000ecd80000)
 ParOldGen       total 44032K, used 766K [0x00000000c0000000, 0x00000000c2b00000, 0x00000000eab00000)
  object space 44032K, 1% used [0x00000000c0000000,0x00000000c00bfaa8,0x00000000c2b00000)
 Metaspace       used 7714K, capacity 7842K, committed 7936K, reserved 1056768K
  class space    used 976K, capacity 1017K, committed 1024K, reserved 1048576K
}
Event: 3.022 GC heap before
{Heap before GC invocations=3 (full 0):
 PSYoungGen      total 35328K, used 35319K [0x00000000eab00000, 0x00000000ed000000, 0x0000000100000000)
  eden space 32768K, 100% used [0x00000000eab00000,0x00000000ecb00000,0x00000000ecb00000)
  from space 2560K, 99% used [0x00000000ecd80000,0x00000000ecffdde8,0x00000000ed000000)
  to   space 2560K, 0% used [0x00000000ecb00000,0x00000000ecb00000,0x00000000ecd80000)
 ParOldGen       total 44032K, used 766K [0x00000000c0000000, 0x00000000c2b00000, 0x00000000eab00000)
  object space 44032K, 1% used [0x00000000c0000000,0x00000000c00bfaa8,0x00000000c2b00000)
 Metaspace       used 12123K, capacity 12364K, committed 12672K, reserved 1060864K
  class space    used 1489K, capacity 1541K, committed 1664K, reserved 1048576K
Event: 3.044 GC heap after
Heap after GC invocations=3 (full 0):
 PSYoungGen      total 35328K, used 2528K [0x00000000eab00000, 0x00000000ef000000, 0x0000000100000000)
  eden space 32768K, 0% used [0x00000000eab00000,0x00000000eab00000,0x00000000ecb00000)
  from space 2560K, 98% used [0x00000000ecb00000,0x00000000ecd78020,0x00000000ecd80000)
  to   space 2560K, 0% used [0x00000000eed80000,0x00000000eed80000,0x00000000ef000000)
 ParOldGen       total 44032K, used 5207K [0x00000000c0000000, 0x00000000c2b00000, 0x00000000eab00000)
  object space 44032K, 11% used [0x00000000c0000000,0x00000000c0515dd8,0x00000000c2b00000)
 Metaspace       used 12123K, capacity 12364K, committed 12672K, reserved 1060864K
  class space    used 1489K, capacity 1541K, committed 1664K, reserved 1048576K
}
Event: 4.206 GC heap before
{Heap before GC invocations=4 (full 0):
 PSYoungGen      total 35328K, used 35296K [0x00000000eab00000, 0x00000000ef000000, 0x0000000100000000)
  eden space 32768K, 100% used [0x00000000eab00000,0x00000000ecb00000,0x00000000ecb00000)
  from space 2560K, 98% used [0x00000000ecb00000,0x00000000ecd78020,0x00000000ecd80000)
  to   space 2560K, 0% used [0x00000000eed80000,0x00000000eed80000,0x00000000ef000000)
 ParOldGen       total 44032K, used 5207K [0x00000000c0000000, 0x00000000c2b00000, 0x00000000eab00000)
  object space 44032K, 11% used [0x00000000c0000000,0x00000000c0515dd8,0x00000000c2b00000)
 Metaspace       used 12653K, capacity 12902K, committed 13184K, reserved 1060864K
  class space    used 1531K, capacity 1611K, committed 1664K, reserved 1048576K
Event: 4.234 GC heap after
Heap after GC invocations=4 (full 0):
 PSYoungGen      total 68096K, used 2528K [0x00000000eab00000, 0x00000000ef000000, 0x0000000100000000)
  eden space 65536K, 0% used [0x00000000eab00000,0x00000000eab00000,0x00000000eeb00000)
  from space 2560K, 98% used [0x00000000eed80000,0x00000000eeff8020,0x00000000ef000000)
  to   space 2560K, 0% used [0x00000000eeb00000,0x00000000eeb00000,0x00000000eed80000)
 ParOldGen       total 44032K, used 7397K [0x00000000c0000000, 0x00000000c2b00000, 0x00000000eab00000)
  object space 44032K, 16% used [0x00000000c0000000,0x00000000c0739780,0x00000000c2b00000)
 Metaspace       used 12653K, capacity 12902K, committed 13184K, reserved 1060864K
  class space    used 1531K, capacity 1611K, committed 1664K, reserved 1048576K
}

Deoptimization events (10 events):
Event: 3.629 Thread 0x0000000002a7d800 Uncommon trap: reason=bimorphic action=maybe_recompile pc=0x0000000002f32cbc method=java.util.concurrent.ConcurrentHashMap.get(Ljava/lang/Object;)Ljava/lang/Object; @ 149
Event: 3.647 Thread 0x0000000002a7d800 Uncommon trap: reason=bimorphic action=maybe_recompile pc=0x0000000002f32cbc method=java.util.concurrent.ConcurrentHashMap.get(Ljava/lang/Object;)Ljava/lang/Object; @ 149
Event: 3.713 Thread 0x0000000002a7d800 Uncommon trap: reason=bimorphic action=maybe_recompile pc=0x0000000002f32cbc method=java.util.concurrent.ConcurrentHashMap.get(Ljava/lang/Object;)Ljava/lang/Object; @ 149
Event: 4.108 Thread 0x0000000002a7d800 Uncommon trap: reason=class_check action=maybe_recompile pc=0x000000000303cfcc method=org.apache.maven.model.interpolation.StringSearchModelInterpolator$InterpolateObjectAction.interpolateMapField(Ljava/lang/Object;Ljava/lang/reflect/Field;)V @ 126
Event: 4.159 Thread 0x0000000002a7d800 Uncommon trap: reason=speculate_class_check action=maybe_recompile pc=0x000000000309bd44 method=java.nio.charset.CharsetDecoder.decode(Ljava/nio/ByteBuffer;Ljava/nio/CharBuffer;Z)Ljava/nio/charset/CoderResult; @ 57
Event: 4.160 Thread 0x0000000002a7d800 Uncommon trap: reason=speculate_class_check action=maybe_recompile pc=0x000000000309bd44 method=java.nio.charset.CharsetDecoder.decode(Ljava/nio/ByteBuffer;Ljava/nio/CharBuffer;Z)Ljava/nio/charset/CoderResult; @ 57
Event: 4.165 Thread 0x0000000002a7d800 Uncommon trap: reason=class_check action=maybe_recompile pc=0x000000000303cfcc method=org.apache.maven.model.interpolation.StringSearchModelInterpolator$InterpolateObjectAction.interpolateMapField(Ljava/lang/Object;Ljava/lang/reflect/Field;)V @ 126
Event: 4.166 Thread 0x0000000002a7d800 Uncommon trap: reason=class_check action=maybe_recompile pc=0x000000000303cfcc method=org.apache.maven.model.interpolation.StringSearchModelInterpolator$InterpolateObjectAction.interpolateMapField(Ljava/lang/Object;Ljava/lang/reflect/Field;)V @ 126
Event: 4.166 Thread 0x0000000002a7d800 Uncommon trap: reason=class_check action=maybe_recompile pc=0x000000000303cfcc method=org.apache.maven.model.interpolation.StringSearchModelInterpolator$InterpolateObjectAction.interpolateMapField(Ljava/lang/Object;Ljava/lang/reflect/Field;)V @ 126
Event: 4.354 Thread 0x0000000002a7d800 Uncommon trap: reason=unstable_if action=reinterpret pc=0x00000000030960fc method=org.apache.maven.model.io.xpp3.MavenXpp3Reader.nextTag(Lorg/codehaus/plexus/util/xml/pull/XmlPullParser;)I @ 9

Internal exceptions (10 events):
Event: 1.032 Thread 0x0000000002a7d800 Exception <a 'java/lang/ArrayIndexOutOfBoundsException'> (0x00000000eb74f8e8) thrown at [C:\re\workspace\8-2-build-windows-amd64-cygwin\jdk8u91\6644\hotspot\src\share\vm\runtime\sharedRuntime.cpp, line 605]
Event: 1.440 Thread 0x0000000002a7d800 Exception <a 'java/lang/ArrayIndexOutOfBoundsException'> (0x00000000eb5d1868) thrown at [C:\re\workspace\8-2-build-windows-amd64-cygwin\jdk8u91\6644\hotspot\src\share\vm\runtime\sharedRuntime.cpp, line 605]
Event: 1.441 Thread 0x0000000002a7d800 Exception <a 'java/lang/ArrayIndexOutOfBoundsException'> (0x00000000eb5d3510) thrown at [C:\re\workspace\8-2-build-windows-amd64-cygwin\jdk8u91\6644\hotspot\src\share\vm\runtime\sharedRuntime.cpp, line 605]
Event: 1.634 Thread 0x0000000002a7d800 Exception <a 'java/lang/NoClassDefFoundError': org/slf4j/Logger> (0x00000000eba841d0) thrown at [C:\re\workspace\8-2-build-windows-amd64-cygwin\jdk8u91\6644\hotspot\src\share\vm\classfile\systemDictionary.cpp, line 199]
Event: 1.799 Thread 0x0000000002a7d800 Exception <a 'java/lang/NoClassDefFoundError': org/slf4j/LoggerFactory> (0x00000000ead58768) thrown at [C:\re\workspace\8-2-build-windows-amd64-cygwin\jdk8u91\6644\hotspot\src\share\vm\classfile\systemDictionary.cpp, line 199]
Event: 1.799 Thread 0x0000000002a7d800 Exception <a 'java/lang/NoClassDefFoundError'> (0x00000000ead58768) thrown at [C:\re\workspace\8-2-build-windows-amd64-cygwin\jdk8u91\6644\hotspot\src\share\vm\oops\instanceKlass.cpp, line 948]
Event: 3.172 Thread 0x0000000002a7d800 Implicit null exception at 0x0000000002e14015 to 0x0000000002e141ed
Event: 3.172 Thread 0x0000000002a7d800 Implicit null exception at 0x0000000002d8bc6f to 0x0000000002d8bcd9
Event: 3.173 Thread 0x0000000002a7d800 Implicit null exception at 0x0000000002dee47b to 0x0000000002deea29
Event: 3.222 Thread 0x0000000002a7d800 Implicit null exception at 0x0000000002fa25c3 to 0x0000000002fa3601

Events (10 events):
Event: 4.337 Executing VM operation: EnableBiasedLocking done
Event: 4.354 Thread 0x0000000002a7d800 Uncommon trap: trap_request=0xffffff65 fr.pc=0x00000000030960fc
Event: 4.354 Thread 0x0000000002a7d800 DEOPT PACKING pc=0x00000000030960fc sp=0x000000000286d440
Event: 4.354 Thread 0x0000000002a7d800 DEOPT UNPACKING pc=0x0000000002ac556a sp=0x000000000286d3d8 mode 2
Event: 4.462 Thread 0x0000000002a7d800 DEOPT PACKING pc=0x0000000002f55acc sp=0x000000000286d680
Event: 4.462 Thread 0x0000000002a7d800 DEOPT UNPACKING pc=0x0000000002ac71bf sp=0x000000000286d430 mode 0
Event: 4.603 Thread 0x0000000002a7d800 DEOPT PACKING pc=0x0000000002f55acc sp=0x000000000286d670
Event: 4.603 Thread 0x0000000002a7d800 DEOPT UNPACKING pc=0x0000000002ac71bf sp=0x000000000286d420 mode 0
Event: 4.781 loading class org/apache/maven/repository/internal/RelocatedArtifact
Event: 4.781 loading class org/apache/maven/repository/internal/RelocatedArtifact done


Dynamic libraries:
0x00007ff6d21c0000 - 0x00007ff6d21f7000 	C:\Program Files\Java\jdk1.8.0_91\bin\java.exe
0x00007ffa8cfe0000 - 0x00007ffa8d1b1000 	C:\WINDOWS\SYSTEM32\ntdll.dll
0x00007ffa8c530000 - 0x00007ffa8c5db000 	C:\WINDOWS\System32\KERNEL32.DLL
0x00007ffa71e90000 - 0x00007ffa71ee4000 	C:\Program Files (x86)\AVG\Av\avghooka.dll
0x00007ffa8a350000 - 0x00007ffa8a56d000 	C:\WINDOWS\System32\KERNELBASE.dll
0x00007ffa8c890000 - 0x00007ffa8c932000 	C:\WINDOWS\System32\ADVAPI32.dll
0x00007ffa8a970000 - 0x00007ffa8aa0e000 	C:\WINDOWS\System32\msvcrt.dll
0x00007ffa8cd50000 - 0x00007ffa8cda9000 	C:\WINDOWS\System32\sechost.dll
0x00007ffa8c400000 - 0x00007ffa8c521000 	C:\WINDOWS\System32\RPCRT4.dll
0x00007ffa8c6e0000 - 0x00007ffa8c845000 	C:\WINDOWS\System32\USER32.dll
0x00007ffa89ee0000 - 0x00007ffa89efe000 	C:\WINDOWS\System32\win32u.dll
0x00007ffa8cbb0000 - 0x00007ffa8cbe4000 	C:\WINDOWS\System32\GDI32.dll
0x00007ffa89fa0000 - 0x00007ffa8a122000 	C:\WINDOWS\System32\gdi32full.dll
0x00007ffa7bf60000 - 0x00007ffa7c1d9000 	C:\WINDOWS\WinSxS\amd64_microsoft.windows.common-controls_6595b64144ccf1df_6.0.14393.447_none_42191651c6827bb3\COMCTL32.dll
0x00007ffa8a570000 - 0x00007ffa8a838000 	C:\WINDOWS\System32\combase.dll
0x00007ffa89d30000 - 0x00007ffa89e25000 	C:\WINDOWS\System32\ucrtbase.dll
0x00007ffa89530000 - 0x00007ffa8959a000 	C:\WINDOWS\System32\bcryptPrimitives.dll
0x00007ffa8c860000 - 0x00007ffa8c88e000 	C:\WINDOWS\System32\IMM32.DLL
0x0000000054ec0000 - 0x0000000054f92000 	C:\Program Files\Java\jdk1.8.0_91\jre\bin\msvcr100.dll
0x0000000054fa0000 - 0x0000000055833000 	C:\Program Files\Java\jdk1.8.0_91\jre\bin\server\jvm.dll
0x00007ffa8aa10000 - 0x00007ffa8aa18000 	C:\WINDOWS\System32\PSAPI.DLL
0x00007ffa878b0000 - 0x00007ffa878b9000 	C:\WINDOWS\SYSTEM32\WSOCK32.dll
0x00007ffa8ca80000 - 0x00007ffa8caea000 	C:\WINDOWS\System32\WS2_32.dll
0x00007ffa87450000 - 0x00007ffa87473000 	C:\WINDOWS\SYSTEM32\WINMM.dll
0x00007ffa844e0000 - 0x00007ffa844ea000 	C:\WINDOWS\SYSTEM32\VERSION.dll
0x00007ffa873f0000 - 0x00007ffa8741b000 	C:\WINDOWS\SYSTEM32\WINMMBASE.dll
0x00007ffa8a300000 - 0x00007ffa8a342000 	C:\WINDOWS\System32\cfgmgr32.dll
0x0000000054e70000 - 0x0000000054e7f000 	C:\Program Files\Java\jdk1.8.0_91\jre\bin\verify.dll
0x0000000054e40000 - 0x0000000054e69000 	C:\Program Files\Java\jdk1.8.0_91\jre\bin\java.dll
0x0000000054e20000 - 0x0000000054e36000 	C:\Program Files\Java\jdk1.8.0_91\jre\bin\zip.dll
0x00007ffa8aef0000 - 0x00007ffa8c3f9000 	C:\WINDOWS\System32\SHELL32.dll
0x00007ffa89650000 - 0x00007ffa89d2a000 	C:\WINDOWS\System32\windows.storage.dll
0x00007ffa89470000 - 0x00007ffa894bc000 	C:\WINDOWS\System32\powrprof.dll
0x00007ffa8cf50000 - 0x00007ffa8cfa2000 	C:\WINDOWS\System32\shlwapi.dll
0x00007ffa894c0000 - 0x00007ffa894cf000 	C:\WINDOWS\System32\kernel.appcore.dll
0x00007ffa89e30000 - 0x00007ffa89ed9000 	C:\WINDOWS\System32\shcore.dll
0x00007ffa89440000 - 0x00007ffa89454000 	C:\WINDOWS\System32\profapi.dll
0x0000000054e00000 - 0x0000000054e1a000 	C:\Program Files\Java\jdk1.8.0_91\jre\bin\net.dll
0x00007ffa88d70000 - 0x00007ffa88dcc000 	C:\WINDOWS\system32\mswsock.dll
0x0000000054de0000 - 0x0000000054df1000 	C:\Program Files\Java\jdk1.8.0_91\jre\bin\nio.dll
0x00007ffa7a530000 - 0x00007ffa7a6c2000 	C:\WINDOWS\SYSTEM32\dbghelp.dll

VM Arguments:
jvm_args: -Dclassworlds.conf=C:\Program Files\NetBeans 8.2\java\maven\bin\m2.conf -Dmaven.home=C:\Program Files\NetBeans 8.2\java\maven 
java_command: org.codehaus.plexus.classworlds.launcher.Launcher -Dmaven.ext.class.path=C:\Program Files\NetBeans 8.2\java\maven-nblib\netbeans-eventspy.jar -Dfile.encoding=UTF-8 jxr:jxr checkstyle:checkstyle
java_class_path (initial): C:\Program Files\NetBeans 8.2\java\maven\boot\plexus-classworlds-2.4.jar
Launcher Type: SUN_STANDARD

Environment Variables:
JAVA_HOME=C:\Program Files\Java\jdk1.8.0_91
PATH=C:\ProgramData\Oracle\Java\javapath;C:\WINDOWS\system32;C:\WINDOWS;C:\WINDOWS\System32\Wbem;C:\WINDOWS\System32\WindowsPowerShell\v1.0\;C:\Program Files (x86)\Skype\Phone\;C:\Program Files (x86)\NVIDIA Corporation\PhysX\Common;C:\WINDOWS\system32;C:\WINDOWS;C:\WINDOWS\System32\Wbem;C:\WINDOWS\System32\WindowsPowerShell\v1.0\;C:\Users\jaakk_000\AppData\Local\Microsoft\WindowsApps;
USERNAME=jaakk_000
OS=Windows_NT
PROCESSOR_IDENTIFIER=Intel64 Family 6 Model 23 Stepping 10, GenuineIntel



---------------  S Y S T E M  ---------------

OS: Windows 10.0 , 64 bit Build 14393 (10.0.14393.0)

CPU:total 4 (4 cores per cpu, 1 threads per core) family 6 model 23 stepping 10, cmov, cx8, fxsr, mmx, sse, sse2, sse3, ssse3, sse4.1, tsc

Memory: 4k page, physical 4193268k(864592k free), swap 6426504k(1041020k free)

vm_info: Java HotSpot(TM) 64-Bit Server VM (25.91-b14) for windows-amd64 JRE (1.8.0_91-b14), built on Apr  1 2016 00:58:32 by "java_re" with MS VC++ 10.0 (VS2010)

time: Fri Feb 17 22:11:05 2017
elapsed time: 4 seconds (0d 0h 0m 4s)

