#
# A fatal error has been detected by the Java Runtime Environment:
#
#  EXCEPTION_ACCESS_VIOLATION (0xc0000005) at pc=0xffffffffa40b5120, pid=8608, tid=6072
#
# JRE version: Java(TM) SE Runtime Environment (8.0_91-b14) (build 1.8.0_91-b14)
# Java VM: Java HotSpot(TM) 64-Bit Server VM (25.91-b14 mixed mode windows-amd64 compressed oops)
# Problematic frame:
# C  0xffffffffa40b5120
#
# Failed to write core dump. Minidumps are not enabled by default on client versions of Windows
#
# If you would like to submit a bug report, please visit:
#   http://bugreport.java.com/bugreport/crash.jsp
#

---------------  T H R E A D  ---------------

Current thread (0x00000000030ad800):  JavaThread "main" [_thread_in_Java, id=6072, stack(0x0000000002dc0000,0x0000000002ec0000)]

siginfo: ExceptionCode=0xc0000005, ExceptionInformation=0x0000000000000008 0xffffffffa40b5120

Registers:
RAX=0x0000000000000001, RBX=0x00000000ead49968, RCX=0x00000000ead6bce8, RDX=0x00000000ead49998
RSP=0x0000000002ebdbc8, RBP=0x0000000000000000, RSI=0x0000000000000007, RDI=0x00000000ead49998
R8 =0x00000000ead499c0, R9 =0x00000000ead6bce8, R10=0x00000000ead49998, R11=0x00000000ead499c0
R12=0x0000000000000000, R13=0x00000000ead49950, R14=0x0000000000000000, R15=0x00000000030ad800
RIP=0xffffffffa40b5120, EFLAGS=0x0000000000010246

Top of Stack: (sp=0x0000000002ebdbc8)
0x0000000002ebdbc8:   000000000331b680 0000000000000000
0x0000000002ebdbd8:   0000000054b551ad 0000000000000000
0x0000000002ebdbe8:   0000000000000000 0000000100000001
0x0000000002ebdbf8:   0000000000000000 0000000000000007
0x0000000002ebdc08:   00000000ead49950 00000000ead6bcb8
0x0000000002ebdc18:   ead49950ead49950 00000000ead49968
0x0000000002ebdc28:   00000000ead49950 00000000ead6bcd0
0x0000000002ebdc38:   00000000ead49950 00000000ead49950
0x0000000002ebdc48:   00000000ead6bce8 ead499c000000000
0x0000000002ebdc58:   00000000ead49998 00000000ead499c0
0x0000000002ebdc68:   0000000054a46be6 0000000000000001
0x0000000002ebdc78:   0000000000000000 0000000000000000
0x0000000002ebdc88:   0000000000000000 0000000000000000
0x0000000002ebdc98:   0000000002f46cd0 0000000002ebdf10
0x0000000002ebdca8:   00000000032c1804 0000000002ebdd00
0x0000000002ebdcb8:   0000000002ebdd88 0000000002ebdd98 

Instructions: (pc=0xffffffffa40b5120)
0xffffffffa40b5100:   
[error occurred during error reporting (printing registers, top of stack, instructions near pc), id 0xc0000005]

Register to memory mapping:

RAX=0x0000000000000001 is an unknown value
RBX=0x00000000ead49968 is an oop
sun.nio.cs.StreamDecoder 
 - klass: 'sun/nio/cs/StreamDecoder'
RCX=0x00000000ead6bce8 is an oop
java.nio.HeapCharBuffer 
 - klass: 'java/nio/HeapCharBuffer'
RDX=0x00000000ead49998 is an oop
sun.nio.cs.UTF_8$Decoder 
 - klass: 'sun/nio/cs/UTF_8$Decoder'
RSP=0x0000000002ebdbc8 is pointing into the stack for thread: 0x00000000030ad800
RBP=0x0000000000000000 is an unknown value
RSI=0x0000000000000007 is an unknown value
RDI=0x00000000ead49998 is an oop
sun.nio.cs.UTF_8$Decoder 
 - klass: 'sun/nio/cs/UTF_8$Decoder'
R8 =0x00000000ead499c0 is an oop
java.nio.HeapByteBuffer 
 - klass: 'java/nio/HeapByteBuffer'
R9 =0x00000000ead6bce8 is an oop
java.nio.HeapCharBuffer 
 - klass: 'java/nio/HeapCharBuffer'
R10=0x00000000ead49998 is an oop
sun.nio.cs.UTF_8$Decoder 
 - klass: 'sun/nio/cs/UTF_8$Decoder'
R11=0x00000000ead499c0 is an oop
java.nio.HeapByteBuffer 
 - klass: 'java/nio/HeapByteBuffer'
R12=0x0000000000000000 is an unknown value
R13=0x00000000ead49950 is an oop
java.io.InputStreamReader 
 - klass: 'java/io/InputStreamReader'
R14=0x0000000000000000 is an unknown value
R15=0x00000000030ad800 is a thread


Stack: [0x0000000002dc0000,0x0000000002ec0000],  sp=0x0000000002ebdbc8,  free space=1014k
Native frames: (J=compiled Java code, j=interpreted, Vv=VM code, C=native code)


---------------  P R O C E S S  ---------------

Java Threads: ( => current thread )
  0x0000000016fdc800 JavaThread "Service Thread" daemon [_thread_blocked, id=1460, stack(0x00000000174d0000,0x00000000175d0000)]
  0x00000000157dc800 JavaThread "C1 CompilerThread2" daemon [_thread_blocked, id=1192, stack(0x00000000173d0000,0x00000000174d0000)]
  0x0000000015782800 JavaThread "C2 CompilerThread1" daemon [_thread_in_native, id=5448, stack(0x0000000016ed0000,0x0000000016fd0000)]
  0x000000001577c800 JavaThread "C2 CompilerThread0" daemon [_thread_in_native, id=432, stack(0x0000000016dd0000,0x0000000016ed0000)]
  0x000000001577b800 JavaThread "Attach Listener" daemon [_thread_blocked, id=9480, stack(0x0000000016cd0000,0x0000000016dd0000)]
  0x000000001577a000 JavaThread "Signal Dispatcher" daemon [_thread_blocked, id=11132, stack(0x0000000016bd0000,0x0000000016cd0000)]
  0x0000000015769000 JavaThread "Finalizer" daemon [_thread_blocked, id=2544, stack(0x00000000169e0000,0x0000000016ae0000)]
  0x0000000003020000 JavaThread "Reference Handler" daemon [_thread_blocked, id=12280, stack(0x00000000168e0000,0x00000000169e0000)]
=>0x00000000030ad800 JavaThread "main" [_thread_in_Java, id=6072, stack(0x0000000002dc0000,0x0000000002ec0000)]

Other Threads:
  0x0000000015747000 VMThread [stack: 0x00000000167e0000,0x00000000168e0000] [id=4468]
  0x0000000016fe8800 WatcherThread [stack: 0x00000000175d0000,0x00000000176d0000] [id=7000]

VM state:not at safepoint (normal execution)

VM Mutex/Monitor currently owned by a thread: None

Heap:
 PSYoungGen      total 18944K, used 5312K [0x00000000eab00000, 0x00000000ed000000, 0x0000000100000000)
  eden space 16384K, 16% used [0x00000000eab00000,0x00000000eadb4490,0x00000000ebb00000)
  from space 2560K, 99% used [0x00000000ebb00000,0x00000000ebd7bf68,0x00000000ebd80000)
  to   space 2560K, 0% used [0x00000000ecd80000,0x00000000ecd80000,0x00000000ed000000)
 ParOldGen       total 44032K, used 716K [0x00000000c0000000, 0x00000000c2b00000, 0x00000000eab00000)
  object space 44032K, 1% used [0x00000000c0000000,0x00000000c00b3300,0x00000000c2b00000)
 Metaspace       used 6752K, capacity 6876K, committed 7040K, reserved 1056768K
  class space    used 836K, capacity 888K, committed 896K, reserved 1048576K

Card table byte_map: [0x0000000012470000,0x0000000012680000] byte_map_base: 0x0000000011e70000

Marking Bits: (ParMarkBitMap*) 0x0000000055152f70
 Begin Bits: [0x0000000012be0000, 0x0000000013be0000)
 End Bits:   [0x0000000013be0000, 0x0000000014be0000)

Polling page: 0x0000000001470000

CodeCache: size=245760Kb used=2562Kb max_used=2578Kb free=243197Kb
 bounds [0x00000000030b0000, 0x0000000003340000, 0x00000000120b0000]
 total_blobs=789 nmethods=518 adapters=186
 compilation: enabled

Compilation events (10 events):
Event: 1.171 Thread 0x00000000157dc800 nmethod 515 0x000000000331a7d0 code [0x000000000331a920, 0x000000000331aa50]
Event: 1.171 Thread 0x00000000157dc800  517       2       java.util.TreeMap$PrivateEntryIterator::hasNext (13 bytes)
Event: 1.171 Thread 0x00000000157dc800 nmethod 517 0x000000000331a490 code [0x000000000331a5e0, 0x000000000331a750]
Event: 1.171 Thread 0x00000000157dc800  518       2       java.util.TreeMap$PrivateEntryIterator::<init> (28 bytes)
Event: 1.171 Thread 0x000000001577c800 nmethod 455 0x000000000331aad0 code [0x000000000331aec0, 0x000000000331e1f8]
Event: 1.172 Thread 0x00000000157dc800 nmethod 518 0x000000000331a0d0 code [0x000000000331a220, 0x000000000331a3b0]
Event: 1.172 Thread 0x000000001577c800  500       4       sun.nio.cs.UTF_8$Decoder::decodeArrayLoop (691 bytes)
Event: 1.175 Thread 0x00000000157dc800  519       2       org.codehaus.plexus.util.xml.pull.MXParser::require (443 bytes)
Event: 1.181 Thread 0x00000000157dc800 nmethod 519 0x0000000003322a10 code [0x0000000003322fc0, 0x0000000003327af8]
Event: 1.184 Thread 0x000000001577c800 nmethod 500 0x0000000003315f50 code [0x00000000033160c0, 0x0000000003316578]

GC Heap History (2 events):
Event: 1.106 GC heap before
{Heap before GC invocations=1 (full 0):
 PSYoungGen      total 18944K, used 16384K [0x00000000eab00000, 0x00000000ec000000, 0x0000000100000000)
  eden space 16384K, 100% used [0x00000000eab00000,0x00000000ebb00000,0x00000000ebb00000)
  from space 2560K, 0% used [0x00000000ebd80000,0x00000000ebd80000,0x00000000ec000000)
  to   space 2560K, 0% used [0x00000000ebb00000,0x00000000ebb00000,0x00000000ebd80000)
 ParOldGen       total 44032K, used 0K [0x00000000c0000000, 0x00000000c2b00000, 0x00000000eab00000)
  object space 44032K, 0% used [0x00000000c0000000,0x00000000c0000000,0x00000000c2b00000)
 Metaspace       used 6680K, capacity 6812K, committed 7040K, reserved 1056768K
  class space    used 821K, capacity 888K, committed 896K, reserved 1048576K
Event: 1.121 GC heap after
Heap after GC invocations=1 (full 0):
 PSYoungGen      total 18944K, used 2543K [0x00000000eab00000, 0x00000000ed000000, 0x0000000100000000)
  eden space 16384K, 0% used [0x00000000eab00000,0x00000000eab00000,0x00000000ebb00000)
  from space 2560K, 99% used [0x00000000ebb00000,0x00000000ebd7bf68,0x00000000ebd80000)
  to   space 2560K, 0% used [0x00000000ecd80000,0x00000000ecd80000,0x00000000ed000000)
 ParOldGen       total 44032K, used 716K [0x00000000c0000000, 0x00000000c2b00000, 0x00000000eab00000)
  object space 44032K, 1% used [0x00000000c0000000,0x00000000c00b3300,0x00000000c2b00000)
 Metaspace       used 6680K, capacity 6812K, committed 7040K, reserved 1056768K
  class space    used 821K, capacity 888K, committed 896K, reserved 1048576K
}

Deoptimization events (0 events):
No events

Internal exceptions (10 events):
Event: 0.538 Thread 0x00000000030ad800 Exception <a 'java/security/PrivilegedActionException'> (0x00000000ead9ba90) thrown at [C:\re\workspace\8-2-build-windows-amd64-cygwin\jdk8u91\6644\hotspot\src\share\vm\prims\jvm.cpp, line 1386]
Event: 0.538 Thread 0x00000000030ad800 Exception <a 'java/security/PrivilegedActionException'> (0x00000000ead9bca0) thrown at [C:\re\workspace\8-2-build-windows-amd64-cygwin\jdk8u91\6644\hotspot\src\share\vm\prims\jvm.cpp, line 1386]
Event: 0.539 Thread 0x00000000030ad800 Exception <a 'java/security/PrivilegedActionException'> (0x00000000ead9fcd0) thrown at [C:\re\workspace\8-2-build-windows-amd64-cygwin\jdk8u91\6644\hotspot\src\share\vm\prims\jvm.cpp, line 1386]
Event: 0.539 Thread 0x00000000030ad800 Exception <a 'java/security/PrivilegedActionException'> (0x00000000ead9fee0) thrown at [C:\re\workspace\8-2-build-windows-amd64-cygwin\jdk8u91\6644\hotspot\src\share\vm\prims\jvm.cpp, line 1386]
Event: 0.888 Thread 0x00000000030ad800 Exception <a 'java/lang/ArrayIndexOutOfBoundsException': 18> (0x00000000eb4a5820) thrown at [C:\re\workspace\8-2-build-windows-amd64-cygwin\jdk8u91\6644\hotspot\src\share\vm\interpreter\interpreterRuntime.cpp, line 366]
Event: 0.888 Thread 0x00000000030ad800 Exception <a 'java/lang/ArrayIndexOutOfBoundsException': 43> (0x00000000eb4a66c0) thrown at [C:\re\workspace\8-2-build-windows-amd64-cygwin\jdk8u91\6644\hotspot\src\share\vm\interpreter\interpreterRuntime.cpp, line 366]
Event: 0.890 Thread 0x00000000030ad800 Exception <a 'java/lang/ArrayIndexOutOfBoundsException': 92> (0x00000000eb4a7f58) thrown at [C:\re\workspace\8-2-build-windows-amd64-cygwin\jdk8u91\6644\hotspot\src\share\vm\interpreter\interpreterRuntime.cpp, line 366]
Event: 0.953 Thread 0x00000000030ad800 Exception <a 'java/lang/ArrayIndexOutOfBoundsException'> (0x00000000eb6edff8) thrown at [C:\re\workspace\8-2-build-windows-amd64-cygwin\jdk8u91\6644\hotspot\src\share\vm\runtime\sharedRuntime.cpp, line 605]
Event: 0.953 Thread 0x00000000030ad800 Exception <a 'java/lang/ArrayIndexOutOfBoundsException'> (0x00000000eb6ef720) thrown at [C:\re\workspace\8-2-build-windows-amd64-cygwin\jdk8u91\6644\hotspot\src\share\vm\runtime\sharedRuntime.cpp, line 605]
Event: 0.967 Thread 0x00000000030ad800 Exception <a 'java/lang/ArrayIndexOutOfBoundsException'> (0x00000000eb74e8a0) thrown at [C:\re\workspace\8-2-build-windows-amd64-cygwin\jdk8u91\6644\hotspot\src\share\vm\runtime\sharedRuntime.cpp, line 605]

Events (10 events):
Event: 1.174 loading class org/codehaus/plexus/component/annotations/Configuration
Event: 1.174 loading class org/codehaus/plexus/component/annotations/Configuration done
Event: 1.175 loading class org/apache/maven/repository/metadata/GraphConflictResolutionPolicy
Event: 1.175 loading class org/apache/maven/repository/metadata/GraphConflictResolutionPolicy done
Event: 1.175 loading class org/apache/maven/repository/metadata/GraphConflictResolutionPolicy
Event: 1.175 loading class org/apache/maven/repository/metadata/GraphConflictResolutionPolicy done
Event: 1.181 loading class org/apache/maven/repository/metadata/GraphConflictResolver
Event: 1.181 loading class org/apache/maven/repository/metadata/GraphConflictResolver done
Event: 1.182 loading class org/apache/maven/repository/metadata/GraphConflictResolver
Event: 1.182 loading class org/apache/maven/repository/metadata/GraphConflictResolver done


Dynamic libraries:
0x00007ff6253d0000 - 0x00007ff625407000 	C:\Program Files\Java\jdk1.8.0_91\bin\java.exe
0x00007ffa8cfe0000 - 0x00007ffa8d1b1000 	C:\WINDOWS\SYSTEM32\ntdll.dll
0x00007ffa8c530000 - 0x00007ffa8c5db000 	C:\WINDOWS\System32\KERNEL32.DLL
0x00007ffa71e90000 - 0x00007ffa71ee4000 	C:\Program Files (x86)\AVG\Av\avghooka.dll
0x00007ffa8a350000 - 0x00007ffa8a56d000 	C:\WINDOWS\System32\KERNELBASE.dll
0x00007ffa8c890000 - 0x00007ffa8c932000 	C:\WINDOWS\System32\ADVAPI32.dll
0x00007ffa8a970000 - 0x00007ffa8aa0e000 	C:\WINDOWS\System32\msvcrt.dll
0x00007ffa8cd50000 - 0x00007ffa8cda9000 	C:\WINDOWS\System32\sechost.dll
0x00007ffa8c400000 - 0x00007ffa8c521000 	C:\WINDOWS\System32\RPCRT4.dll
0x00007ffa8c6e0000 - 0x00007ffa8c845000 	C:\WINDOWS\System32\USER32.dll
0x00007ffa89ee0000 - 0x00007ffa89efe000 	C:\WINDOWS\System32\win32u.dll
0x00007ffa8cbb0000 - 0x00007ffa8cbe4000 	C:\WINDOWS\System32\GDI32.dll
0x00007ffa89fa0000 - 0x00007ffa8a122000 	C:\WINDOWS\System32\gdi32full.dll
0x00007ffa7bf60000 - 0x00007ffa7c1d9000 	C:\WINDOWS\WinSxS\amd64_microsoft.windows.common-controls_6595b64144ccf1df_6.0.14393.447_none_42191651c6827bb3\COMCTL32.dll
0x00007ffa8a570000 - 0x00007ffa8a838000 	C:\WINDOWS\System32\combase.dll
0x00007ffa89d30000 - 0x00007ffa89e25000 	C:\WINDOWS\System32\ucrtbase.dll
0x00007ffa89530000 - 0x00007ffa8959a000 	C:\WINDOWS\System32\bcryptPrimitives.dll
0x00007ffa8c860000 - 0x00007ffa8c88e000 	C:\WINDOWS\System32\IMM32.DLL
0x0000000054860000 - 0x0000000054932000 	C:\Program Files\Java\jdk1.8.0_91\jre\bin\msvcr100.dll
0x0000000054940000 - 0x00000000551d3000 	C:\Program Files\Java\jdk1.8.0_91\jre\bin\server\jvm.dll
0x00007ffa8aa10000 - 0x00007ffa8aa18000 	C:\WINDOWS\System32\PSAPI.DLL
0x00007ffa84fb0000 - 0x00007ffa84fb9000 	C:\WINDOWS\SYSTEM32\WSOCK32.dll
0x00007ffa8ca80000 - 0x00007ffa8caea000 	C:\WINDOWS\System32\WS2_32.dll
0x00007ffa87450000 - 0x00007ffa87473000 	C:\WINDOWS\SYSTEM32\WINMM.dll
0x00007ffa844e0000 - 0x00007ffa844ea000 	C:\WINDOWS\SYSTEM32\VERSION.dll
0x00007ffa873f0000 - 0x00007ffa8741b000 	C:\WINDOWS\SYSTEM32\WINMMBASE.dll
0x00007ffa8a300000 - 0x00007ffa8a342000 	C:\WINDOWS\System32\cfgmgr32.dll
0x0000000054810000 - 0x000000005481f000 	C:\Program Files\Java\jdk1.8.0_91\jre\bin\verify.dll
0x00000000547e0000 - 0x0000000054809000 	C:\Program Files\Java\jdk1.8.0_91\jre\bin\java.dll
0x00000000547c0000 - 0x00000000547d6000 	C:\Program Files\Java\jdk1.8.0_91\jre\bin\zip.dll
0x00007ffa8aef0000 - 0x00007ffa8c3f9000 	C:\WINDOWS\System32\SHELL32.dll
0x00007ffa89650000 - 0x00007ffa89d2a000 	C:\WINDOWS\System32\windows.storage.dll
0x00007ffa89470000 - 0x00007ffa894bc000 	C:\WINDOWS\System32\powrprof.dll
0x00007ffa8cf50000 - 0x00007ffa8cfa2000 	C:\WINDOWS\System32\shlwapi.dll
0x00007ffa894c0000 - 0x00007ffa894cf000 	C:\WINDOWS\System32\kernel.appcore.dll
0x00007ffa89e30000 - 0x00007ffa89ed9000 	C:\WINDOWS\System32\shcore.dll
0x00007ffa89440000 - 0x00007ffa89454000 	C:\WINDOWS\System32\profapi.dll
0x00007ffa7a530000 - 0x00007ffa7a6c2000 	C:\WINDOWS\SYSTEM32\dbghelp.dll

VM Arguments:
jvm_args: -Dclassworlds.conf=C:\Program Files\NetBeans 8.2\java\maven\bin\m2.conf -Dmaven.home=C:\Program Files\NetBeans 8.2\java\maven 
java_command: org.codehaus.plexus.classworlds.launcher.Launcher -Dmaven.ext.class.path=C:\Program Files\NetBeans 8.2\java\maven-nblib\netbeans-eventspy.jar -Dfile.encoding=UTF-8 test
java_class_path (initial): C:\Program Files\NetBeans 8.2\java\maven\boot\plexus-classworlds-2.4.jar
Launcher Type: SUN_STANDARD

Environment Variables:
JAVA_HOME=C:\Program Files\Java\jdk1.8.0_91
PATH=C:\ProgramData\Oracle\Java\javapath;C:\WINDOWS\system32;C:\WINDOWS;C:\WINDOWS\System32\Wbem;C:\WINDOWS\System32\WindowsPowerShell\v1.0\;C:\Program Files (x86)\Skype\Phone\;C:\Program Files (x86)\NVIDIA Corporation\PhysX\Common;C:\WINDOWS\system32;C:\WINDOWS;C:\WINDOWS\System32\Wbem;C:\WINDOWS\System32\WindowsPowerShell\v1.0\;C:\Users\jaakk_000\AppData\Local\Microsoft\WindowsApps;
USERNAME=jaakk_000
OS=Windows_NT
PROCESSOR_IDENTIFIER=Intel64 Family 6 Model 23 Stepping 10, GenuineIntel



---------------  S Y S T E M  ---------------

OS: Windows 10.0 , 64 bit Build 14393 (10.0.14393.0)

CPU:total 4 (4 cores per cpu, 1 threads per core) family 6 model 23 stepping 10, cmov, cx8, fxsr, mmx, sse, sse2, sse3, ssse3, sse4.1, tsc

Memory: 4k page, physical 4193268k(980732k free), swap 7119984k(1366748k free)

vm_info: Java HotSpot(TM) 64-Bit Server VM (25.91-b14) for windows-amd64 JRE (1.8.0_91-b14), built on Apr  1 2016 00:58:32 by "java_re" with MS VC++ 10.0 (VS2010)

time: Sun Feb 05 19:27:40 2017
elapsed time: 1 seconds (0d 0h 0m 1s)

