#
# A fatal error has been detected by the Java Runtime Environment:
#
#  EXCEPTION_ACCESS_VIOLATION (0xc0000005) at pc=0xffffffffa3465120, pid=6428, tid=6716
#
# JRE version: Java(TM) SE Runtime Environment (8.0_91-b14) (build 1.8.0_91-b14)
# Java VM: Java HotSpot(TM) 64-Bit Server VM (25.91-b14 mixed mode windows-amd64 compressed oops)
# Problematic frame:
# C  0xffffffffa3465120
#
# Failed to write core dump. Minidumps are not enabled by default on client versions of Windows
#
# If you would like to submit a bug report, please visit:
#   http://bugreport.java.com/bugreport/crash.jsp
#

---------------  T H R E A D  ---------------

Current thread (0x0000000002361000):  JavaThread "main" [_thread_in_Java, id=6716, stack(0x0000000002190000,0x0000000002290000)]

siginfo: ExceptionCode=0xc0000005, ExceptionInformation=0x0000000000000008 0xffffffffa3465120

Registers:
RAX=0x0000000014193d68, RBX=0x0000000014193d68, RCX=0x00000000eab65d28, RDX=0x00000000eab65d28
RSP=0x000000000228d698, RBP=0x000000000228d700, RSI=0x0000000000000001, RDI=0x00000000eab65d60
R8 =0x0000000000000028, R9 =0x1fffffffffffffff, R10=0x00000000557749a0, R11=0x000000000256be20
R12=0x0000000000000000, R13=0x000000000228d6b0, R14=0x000000000228d750, R15=0x0000000002361000
RIP=0xffffffffa3465120, EFLAGS=0x0000000000010206

Top of Stack: (sp=0x000000000228d698)
0x000000000228d698:   0000000002467940 0000000002467940
0x000000000228d6a8:   0000000002467940 0000000000000028
0x000000000228d6b8:   00000000eab65d28 000000000228d6c0
0x000000000228d6c8:   00000000142e8b61 000000000228d750
0x000000000228d6d8:   00000000142ec278 0000000000000000
0x000000000228d6e8:   00000000142e8c28 000000000228d6b0
0x000000000228d6f8:   000000000228d738 000000000228d798
0x000000000228d708:   0000000002467e20 0000000000000000
0x000000000228d718:   0000000000000072 00000000eab65d60
0x000000000228d728:   000000000000005c 0000000000000029
0x000000000228d738:   0000000000000000 0000000000000050
0x000000000228d748:   00000000eab65d28 00000000eab2b680
0x000000000228d758:   000000000228d758 00000000142e8a57
0x000000000228d768:   000000000228d7e0 00000000142ec278
0x000000000228d778:   0000000000000000 00000000142e8a90
0x000000000228d788:   000000000228d738 000000000228d7d8 

Instructions: (pc=0xffffffffa3465120)
0xffffffffa3465100:   
[error occurred during error reporting (printing registers, top of stack, instructions near pc), id 0xc0000005]

Register to memory mapping:

RAX={method} {0x0000000014193d70} 'charAt' '(I)C' in 'java/lang/String'
RBX={method} {0x0000000014193d70} 'charAt' '(I)C' in 'java/lang/String'
RCX=0x00000000eab65d28 is an oop
java.lang.String 
 - klass: 'java/lang/String'
RDX=0x00000000eab65d28 is an oop
java.lang.String 
 - klass: 'java/lang/String'
RSP=0x000000000228d698 is pointing into the stack for thread: 0x0000000002361000
RBP=0x000000000228d700 is pointing into the stack for thread: 0x0000000002361000
RSI=0x0000000000000001 is an unknown value
RDI=0x00000000eab65d60 is an oop
java.lang.StringBuffer 
 - klass: 'java/lang/StringBuffer'
R8 =0x0000000000000028 is an unknown value
R9 =0x1fffffffffffffff is an unknown value
R10=0x00000000557749a0 is an unknown value
R11=0x000000000256be20 is at entry_point+32 in (nmethod*)0x000000000256bc90
R12=0x0000000000000000 is an unknown value
R13=0x000000000228d6b0 is pointing into the stack for thread: 0x0000000002361000
R14=0x000000000228d750 is pointing into the stack for thread: 0x0000000002361000
R15=0x0000000002361000 is a thread


Stack: [0x0000000002190000,0x0000000002290000],  sp=0x000000000228d698,  free space=1013k
Native frames: (J=compiled Java code, j=interpreted, Vv=VM code, C=native code)
C  0xffffffffa3465120


---------------  P R O C E S S  ---------------

Java Threads: ( => current thread )
  0x0000000016489800 JavaThread "Service Thread" daemon [_thread_blocked, id=10588, stack(0x0000000016880000,0x0000000016980000)]
  0x0000000014b42000 JavaThread "C1 CompilerThread2" daemon [_thread_blocked, id=5284, stack(0x0000000016380000,0x0000000016480000)]
  0x0000000014b30800 JavaThread "C2 CompilerThread1" daemon [_thread_blocked, id=12388, stack(0x0000000016280000,0x0000000016380000)]
  0x0000000014b2d000 JavaThread "C2 CompilerThread0" daemon [_thread_blocked, id=4892, stack(0x0000000016180000,0x0000000016280000)]
  0x0000000014b2b800 JavaThread "Attach Listener" daemon [_thread_blocked, id=11112, stack(0x0000000016080000,0x0000000016180000)]
  0x0000000014b2a000 JavaThread "Signal Dispatcher" daemon [_thread_blocked, id=8140, stack(0x0000000015f80000,0x0000000016080000)]
  0x0000000014b19800 JavaThread "Finalizer" daemon [_thread_blocked, id=6880, stack(0x0000000015d90000,0x0000000015e90000)]
  0x0000000002450000 JavaThread "Reference Handler" daemon [_thread_blocked, id=6232, stack(0x0000000015c90000,0x0000000015d90000)]
=>0x0000000002361000 JavaThread "main" [_thread_in_Java, id=6716, stack(0x0000000002190000,0x0000000002290000)]

Other Threads:
  0x0000000014af7800 VMThread [stack: 0x0000000015b90000,0x0000000015c90000] [id=6456]
  0x000000001648c800 WatcherThread [stack: 0x0000000016980000,0x0000000016a80000] [id=9980]

VM state:not at safepoint (normal execution)

VM Mutex/Monitor currently owned by a thread: None

Heap:
 PSYoungGen      total 18944K, used 655K [0x00000000eab00000, 0x00000000ec000000, 0x0000000100000000)
  eden space 16384K, 4% used [0x00000000eab00000,0x00000000eaba3e08,0x00000000ebb00000)
  from space 2560K, 0% used [0x00000000ebd80000,0x00000000ebd80000,0x00000000ec000000)
  to   space 2560K, 0% used [0x00000000ebb00000,0x00000000ebb00000,0x00000000ebd80000)
 ParOldGen       total 44032K, used 0K [0x00000000c0000000, 0x00000000c2b00000, 0x00000000eab00000)
  object space 44032K, 0% used [0x00000000c0000000,0x00000000c0000000,0x00000000c2b00000)
 Metaspace       used 2406K, capacity 4480K, committed 4480K, reserved 1056768K
  class space    used 264K, capacity 384K, committed 384K, reserved 1048576K

Card table byte_map: [0x0000000011820000,0x0000000011a30000] byte_map_base: 0x0000000011220000

Marking Bits: (ParMarkBitMap*) 0x0000000055792f70
 Begin Bits: [0x0000000011f90000, 0x0000000012f90000)
 End Bits:   [0x0000000012f90000, 0x0000000013f90000)

Polling page: 0x0000000000a30000

CodeCache: size=245760Kb used=1095Kb max_used=1106Kb free=244664Kb
 bounds [0x0000000002460000, 0x00000000026d0000, 0x0000000011460000]
 total_blobs=251 nmethods=26 adapters=141
 compilation: enabled

Compilation events (10 events):
Event: 0.156 Thread 0x0000000014b42000   22       3       java.lang.String::getChars (62 bytes)
Event: 0.157 Thread 0x0000000014b42000 nmethod 22 0x000000000256ff50 code [0x0000000002570100, 0x0000000002570538]
Event: 0.157 Thread 0x0000000014b42000   23       3       java.lang.String::equals (81 bytes)
Event: 0.157 Thread 0x0000000014b42000 nmethod 23 0x0000000002570750 code [0x00000000025708e0, 0x0000000002570e30]
Event: 0.157 Thread 0x0000000014b42000   24       3       java.lang.String::indexOf (7 bytes)
Event: 0.157 Thread 0x0000000014b2d000   25       4       java.lang.String::charAt (29 bytes)
Event: 0.158 Thread 0x0000000014b42000 nmethod 24 0x0000000002571010 code [0x0000000002571180, 0x0000000002571388]
Event: 0.158 Thread 0x0000000014b42000   26       3       java.lang.AbstractStringBuilder::append (50 bytes)
Event: 0.159 Thread 0x0000000014b42000 nmethod 26 0x0000000002571410 code [0x00000000025715a0, 0x0000000002571aa8]
Event: 0.159 Thread 0x0000000014b2d000 nmethod 25 0x0000000002574950 code [0x0000000002574aa0, 0x0000000002574b58]

GC Heap History (0 events):
No events

Deoptimization events (0 events):
No events

Internal exceptions (2 events):
Event: 0.068 Thread 0x0000000002361000 Exception <a 'java/lang/NoSuchMethodError': Method sun.misc.Unsafe.defineClass(Ljava/lang/String;[BII)Ljava/lang/Class; name or signature does not match> (0x00000000eab07cc0) thrown at [C:\re\workspace\8-2-build-windows-amd64-cygwin\jdk8u91\6644\hotspot\sr:Ò6]ê‡±?
Event: 0.068 Thread 0x0000000002361000 Exception <a 'java/lang/NoSuchMethodError': Method sun.misc.Unsafe.prefetchRead(Ljava/lang/Object;J)V name or signature does not match> (0x00000000eab07fa8) thrown at [C:\re\workspace\8-2-build-windows-amd64-cygwin\jdk8u91\6644\hotspot\src\share\vm\prims\j

Events (10 events):
Event: 0.152 loading class sun/nio/cs/ThreadLocalCoders$1
Event: 0.152 loading class sun/nio/cs/ThreadLocalCoders$Cache
Event: 0.152 loading class sun/nio/cs/ThreadLocalCoders$Cache done
Event: 0.152 loading class sun/nio/cs/ThreadLocalCoders$1 done
Event: 0.152 loading class sun/nio/cs/ThreadLocalCoders$2
Event: 0.152 loading class sun/nio/cs/ThreadLocalCoders$2 done
Event: 0.152 loading class sun/nio/cs/UTF_8$Decoder
Event: 0.152 loading class sun/nio/cs/UTF_8$Decoder done
Event: 0.159 loading class sun/misc/URLClassPath$FileLoader
Event: 0.159 loading class sun/misc/URLClassPath$FileLoader done


Dynamic libraries:
0x00007ff714740000 - 0x00007ff714777000 	C:\Program Files\Java\jdk1.8.0_91\bin\java.exe
0x00007ffa8cfe0000 - 0x00007ffa8d1b1000 	C:\WINDOWS\SYSTEM32\ntdll.dll
0x00007ffa8c530000 - 0x00007ffa8c5db000 	C:\WINDOWS\System32\KERNEL32.DLL
0x00007ffa71e90000 - 0x00007ffa71ee4000 	C:\Program Files (x86)\AVG\Av\avghooka.dll
0x00007ffa8a350000 - 0x00007ffa8a56d000 	C:\WINDOWS\System32\KERNELBASE.dll
0x00007ffa8c890000 - 0x00007ffa8c932000 	C:\WINDOWS\System32\ADVAPI32.dll
0x00007ffa8a970000 - 0x00007ffa8aa0e000 	C:\WINDOWS\System32\msvcrt.dll
0x00007ffa8cd50000 - 0x00007ffa8cda9000 	C:\WINDOWS\System32\sechost.dll
0x00007ffa8c400000 - 0x00007ffa8c521000 	C:\WINDOWS\System32\RPCRT4.dll
0x00007ffa8c6e0000 - 0x00007ffa8c845000 	C:\WINDOWS\System32\USER32.dll
0x00007ffa89ee0000 - 0x00007ffa89efe000 	C:\WINDOWS\System32\win32u.dll
0x00007ffa8cbb0000 - 0x00007ffa8cbe4000 	C:\WINDOWS\System32\GDI32.dll
0x00007ffa89fa0000 - 0x00007ffa8a122000 	C:\WINDOWS\System32\gdi32full.dll
0x00007ffa7bf60000 - 0x00007ffa7c1d9000 	C:\WINDOWS\WinSxS\amd64_microsoft.windows.common-controls_6595b64144ccf1df_6.0.14393.447_none_42191651c6827bb3\COMCTL32.dll
0x00007ffa8a570000 - 0x00007ffa8a838000 	C:\WINDOWS\System32\combase.dll
0x00007ffa89d30000 - 0x00007ffa89e25000 	C:\WINDOWS\System32\ucrtbase.dll
0x00007ffa89530000 - 0x00007ffa8959a000 	C:\WINDOWS\System32\bcryptPrimitives.dll
0x00007ffa8c860000 - 0x00007ffa8c88e000 	C:\WINDOWS\System32\IMM32.DLL
0x0000000054ea0000 - 0x0000000054f72000 	C:\Program Files\Java\jdk1.8.0_91\jre\bin\msvcr100.dll
0x0000000054f80000 - 0x0000000055813000 	C:\Program Files\Java\jdk1.8.0_91\jre\bin\server\jvm.dll
0x00007ffa8aa10000 - 0x00007ffa8aa18000 	C:\WINDOWS\System32\PSAPI.DLL
0x00007ffa872d0000 - 0x00007ffa872d9000 	C:\WINDOWS\SYSTEM32\WSOCK32.dll
0x00007ffa8ca80000 - 0x00007ffa8caea000 	C:\WINDOWS\System32\WS2_32.dll
0x00007ffa87450000 - 0x00007ffa87473000 	C:\WINDOWS\SYSTEM32\WINMM.dll
0x00007ffa844e0000 - 0x00007ffa844ea000 	C:\WINDOWS\SYSTEM32\VERSION.dll
0x00007ffa873f0000 - 0x00007ffa8741b000 	C:\WINDOWS\SYSTEM32\WINMMBASE.dll
0x00007ffa8a300000 - 0x00007ffa8a342000 	C:\WINDOWS\System32\cfgmgr32.dll
0x0000000054e50000 - 0x0000000054e5f000 	C:\Program Files\Java\jdk1.8.0_91\jre\bin\verify.dll
0x0000000054e20000 - 0x0000000054e49000 	C:\Program Files\Java\jdk1.8.0_91\jre\bin\java.dll
0x0000000054e00000 - 0x0000000054e16000 	C:\Program Files\Java\jdk1.8.0_91\jre\bin\zip.dll
0x00007ffa8aef0000 - 0x00007ffa8c3f9000 	C:\WINDOWS\System32\SHELL32.dll
0x00007ffa89650000 - 0x00007ffa89d2a000 	C:\WINDOWS\System32\windows.storage.dll
0x00007ffa89470000 - 0x00007ffa894bc000 	C:\WINDOWS\System32\powrprof.dll
0x00007ffa8cf50000 - 0x00007ffa8cfa2000 	C:\WINDOWS\System32\shlwapi.dll
0x00007ffa894c0000 - 0x00007ffa894cf000 	C:\WINDOWS\System32\kernel.appcore.dll
0x00007ffa89e30000 - 0x00007ffa89ed9000 	C:\WINDOWS\System32\shcore.dll
0x00007ffa89440000 - 0x00007ffa89454000 	C:\WINDOWS\System32\profapi.dll
0x00007ffa7a530000 - 0x00007ffa7a6c2000 	C:\WINDOWS\SYSTEM32\dbghelp.dll

VM Arguments:
java_command: virpi.virpigame.Main
java_class_path (initial): C:\Users\jaakk_000\Documents\GitHub\Virpi-and-friends\VirpiGame\target\classes
Launcher Type: SUN_STANDARD

Environment Variables:
JAVA_HOME=C:\Program Files\Java\jdk1.8.0_91
PATH=C:\ProgramData\Oracle\Java\javapath;C:\WINDOWS\system32;C:\WINDOWS;C:\WINDOWS\System32\Wbem;C:\WINDOWS\System32\WindowsPowerShell\v1.0\;C:\Program Files (x86)\Skype\Phone\;C:\Program Files (x86)\NVIDIA Corporation\PhysX\Common;C:\WINDOWS\system32;C:\WINDOWS;C:\WINDOWS\System32\Wbem;C:\WINDOWS\System32\WindowsPowerShell\v1.0\;C:\Users\jaakk_000\AppData\Local\Microsoft\WindowsApps;
USERNAME=jaakk_000
OS=Windows_NT
PROCESSOR_IDENTIFIER=Intel64 Family 6 Model 23 Stepping 10, GenuineIntel



---------------  S Y S T E M  ---------------

OS: Windows 10.0 , 64 bit Build 14393 (10.0.14393.0)

CPU:total 4 (4 cores per cpu, 1 threads per core) family 6 model 23 stepping 10, cmov, cx8, fxsr, mmx, sse, sse2, sse3, ssse3, sse4.1, tsc

Memory: 4k page, physical 4193268k(1461980k free), swap 6421492k(2780836k free)

vm_info: Java HotSpot(TM) 64-Bit Server VM (25.91-b14) for windows-amd64 JRE (1.8.0_91-b14), built on Apr  1 2016 00:58:32 by "java_re" with MS VC++ 10.0 (VS2010)

time: Wed Feb 15 18:45:49 2017
elapsed time: 0 seconds (0d 0h 0m 0s)

